[ 2019-11-12T08:50:04+08:00 ] 222.204.218.201 /audit/index.php/Home/Login/login.html
INFO: [ app_init ] --START--
INFO: Run Behavior\BuildLiteBehavior [ RunTime:0.000011s ]
INFO: [ app_init ] --END-- [ RunTime:0.000334s ]
INFO: [ app_begin ] --START--
INFO: Run Behavior\ReadHtmlCacheBehavior [ RunTime:0.000472s ]
INFO: [ app_begin ] --END-- [ RunTime:0.000511s ]
INFO: [ view_parse ] --START--
INFO: [ template_filter ] --START--
INFO: Run Behavior\ContentReplaceBehavior [ RunTime:0.000046s ]
INFO: [ template_filter ] --END-- [ RunTime:0.000083s ]
INFO: Run Behavior\ParseTemplateBehavior [ RunTime:0.005098s ]
INFO: [ view_parse ] --END-- [ RunTime:0.005140s ]
INFO: [ view_filter ] --START--
INFO: Run Behavior\WriteHtmlCacheBehavior [ RunTime:0.000218s ]
INFO: [ view_filter ] --END-- [ RunTime:0.000250s ]
INFO: [ app_end ] --START--
INFO: Run Behavior\ShowPageTraceBehavior [ RunTime:0.000573s ]
INFO: [ app_end ] --END-- [ RunTime:0.000610s ]

[ 2019-11-12T08:50:04+08:00 ] 222.204.218.201 /audit/index.php/Home/Login/verify
INFO: [ app_init ] --START--
INFO: Run Behavior\BuildLiteBehavior [ RunTime:0.000010s ]
INFO: [ app_init ] --END-- [ RunTime:0.000334s ]
INFO: [ app_begin ] --START--
INFO: Run Behavior\ReadHtmlCacheBehavior [ RunTime:0.000446s ]
INFO: [ app_begin ] --END-- [ RunTime:0.000486s ]
INFO: [ app_end ] --START--
INFO: Run Behavior\ShowPageTraceBehavior [ RunTime:0.000549s ]
INFO: [ app_end ] --END-- [ RunTime:0.000593s ]

[ 2019-11-12T08:50:14+08:00 ] 222.204.218.201 /audit/index.php/Home/Login/login_val
INFO: [ app_init ] --START--
INFO: Run Behavior\BuildLiteBehavior [ RunTime:0.000010s ]
INFO: [ app_init ] --END-- [ RunTime:0.000322s ]
INFO: [ app_begin ] --START--
INFO: Run Behavior\ReadHtmlCacheBehavior [ RunTime:0.000495s ]
INFO: [ app_begin ] --END-- [ RunTime:0.000534s ]
SQL: SHOW COLUMNS FROM `admin` [ RunTime:0.0006s ]
SQL: SELECT * FROM `admin` WHERE `user_name` = 'admin' AND `password` = 'ae6c87fe' LIMIT 1   [ RunTime:0.0001s ]

[ 2019-11-12T08:50:15+08:00 ] 222.204.218.201 /audit/index.php/Home/Index/index
INFO: [ app_init ] --START--
INFO: Run Behavior\BuildLiteBehavior [ RunTime:0.000009s ]
INFO: [ app_init ] --END-- [ RunTime:0.000301s ]
INFO: [ app_begin ] --START--
INFO: Run Behavior\ReadHtmlCacheBehavior [ RunTime:0.000402s ]
INFO: [ app_begin ] --END-- [ RunTime:0.000454s ]
SQL: SHOW COLUMNS FROM `contract` [ RunTime:0.0007s ]
SQL: SELECT * FROM `contract` WHERE `belong_year` = '2019'  [ RunTime:0.0004s ]
SQL: SHOW COLUMNS FROM `item` [ RunTime:0.0004s ]
SQL: SELECT `item_supervisor`,`item_name`,`su_company` FROM `item` WHERE ( 1=1 AND item_id='12' ) LIMIT 1   [ RunTime:0.0001s ]
SQL: SELECT `item_supervisor`,`item_name`,`su_company` FROM `item` WHERE ( 1=1 AND item_id='12' ) LIMIT 1   [ RunTime:0.0001s ]
SQL: SELECT `item_supervisor`,`item_name`,`su_company` FROM `item` WHERE ( 1=1 AND item_id='12' ) LIMIT 1   [ RunTime:0.0001s ]
SQL: SELECT `item_supervisor`,`item_name`,`su_company` FROM `item` WHERE ( 1=1 AND item_id='12' ) LIMIT 1   [ RunTime:0.0001s ]
SQL: SELECT `item_supervisor`,`item_name`,`su_company` FROM `item` WHERE ( 1=1 AND item_id='12' ) LIMIT 1   [ RunTime:0.0001s ]
SQL: SELECT `item_supervisor`,`item_name`,`su_company` FROM `item` WHERE ( 1=1 AND item_id='13' ) LIMIT 1   [ RunTime:0.0001s ]
SQL: SELECT `item_supervisor`,`item_name`,`su_company` FROM `item` WHERE ( 1=1 AND item_id='13' ) LIMIT 1   [ RunTime:0.0001s ]
SQL: SELECT `item_supervisor`,`item_name`,`su_company` FROM `item` WHERE ( 1=1 AND item_id='13' ) LIMIT 1   [ RunTime:0.0001s ]
SQL: SELECT `item_supervisor`,`item_name`,`su_company` FROM `item` WHERE ( 1=1 AND item_id='25' ) LIMIT 1   [ RunTime:0.0001s ]
SQL: SELECT `item_supervisor`,`item_name`,`su_company` FROM `item` WHERE ( 1=1 AND item_id='8' ) LIMIT 1   [ RunTime:0.0001s ]
SQL: SELECT `item_supervisor`,`item_name`,`su_company` FROM `item` WHERE ( 1=1 AND item_id='13' ) LIMIT 1   [ RunTime:0.0001s ]
SQL: SELECT `item_supervisor`,`item_name`,`su_company` FROM `item` WHERE ( 1=1 AND item_id='12' ) LIMIT 1   [ RunTime:0.0001s ]
SQL: SELECT `item_supervisor`,`item_name`,`su_company` FROM `item` WHERE ( 1=1 AND item_id='8' ) LIMIT 1   [ RunTime:0.0001s ]
SQL: SELECT `item_supervisor`,`item_name`,`su_company` FROM `item` WHERE ( 1=1 AND item_id='6' ) LIMIT 1   [ RunTime:0.0001s ]
SQL: SELECT `item_supervisor`,`item_name`,`su_company` FROM `item` WHERE ( 1=1 AND item_id='8' ) LIMIT 1   [ RunTime:0.0000s ]
SQL: SELECT `item_supervisor`,`item_name`,`su_company` FROM `item` WHERE ( 1=1 AND item_id='7' ) LIMIT 1   [ RunTime:0.0001s ]
SQL: SELECT `item_supervisor`,`item_name`,`su_company` FROM `item` WHERE ( 1=1 AND item_id='7' ) LIMIT 1   [ RunTime:0.0001s ]
SQL: SELECT `item_supervisor`,`item_name`,`su_company` FROM `item` WHERE ( 1=1 AND item_id='6' ) LIMIT 1   [ RunTime:0.0001s ]
SQL: SELECT `item_supervisor`,`item_name`,`su_company` FROM `item` WHERE ( 1=1 AND item_id='6' ) LIMIT 1   [ RunTime:0.0000s ]
SQL: SELECT `item_supervisor`,`item_name`,`su_company` FROM `item` WHERE ( 1=1 AND item_id='6' ) LIMIT 1   [ RunTime:0.0001s ]
SQL: SELECT `item_supervisor`,`item_name`,`su_company` FROM `item` WHERE ( 1=1 AND item_id='12' ) LIMIT 1   [ RunTime:0.0000s ]
SQL: SELECT `item_supervisor`,`item_name`,`su_company` FROM `item` WHERE ( 1=1 AND item_id='8' ) LIMIT 1   [ RunTime:0.0001s ]
SQL: SELECT `item_supervisor`,`item_name`,`su_company` FROM `item` WHERE ( 1=1 AND item_id='8' ) LIMIT 1   [ RunTime:0.0000s ]
SQL: SELECT `item_supervisor`,`item_name`,`su_company` FROM `item` WHERE ( 1=1 AND item_id='9' ) LIMIT 1   [ RunTime:0.0001s ]
SQL: SELECT `item_supervisor`,`item_name`,`su_company` FROM `item` WHERE ( 1=1 AND item_id='9' ) LIMIT 1   [ RunTime:0.0001s ]
SQL: SELECT `item_supervisor`,`item_name`,`su_company` FROM `item` WHERE ( 1=1 AND item_id='11' ) LIMIT 1   [ RunTime:0.0001s ]
SQL: SELECT `item_supervisor`,`item_name`,`su_company` FROM `item` WHERE ( 1=1 AND item_id='19' ) LIMIT 1   [ RunTime:0.0001s ]
SQL: SELECT `item_supervisor`,`item_name`,`su_company` FROM `item` WHERE ( 1=1 AND item_id='6' ) LIMIT 1   [ RunTime:0.0000s ]
SQL: SELECT `item_supervisor`,`item_name`,`su_company` FROM `item` WHERE ( 1=1 AND item_id='12' ) LIMIT 1   [ RunTime:0.0001s ]
SQL: SELECT `item_supervisor`,`item_name`,`su_company` FROM `item` WHERE ( 1=1 AND item_id='11' ) LIMIT 1   [ RunTime:0.0001s ]
SQL: SELECT `item_supervisor`,`item_name`,`su_company` FROM `item` WHERE ( 1=1 AND item_id='19' ) LIMIT 1   [ RunTime:0.0001s ]
SQL: SELECT `item_supervisor`,`item_name`,`su_company` FROM `item` WHERE ( 1=1 AND item_id='19' ) LIMIT 1   [ RunTime:0.0001s ]
SQL: SELECT `item_supervisor`,`item_name`,`su_company` FROM `item` WHERE ( 1=1 AND item_id='7' ) LIMIT 1   [ RunTime:0.0000s ]
SQL: SELECT `item_supervisor`,`item_name`,`su_company` FROM `item` WHERE ( 1=1 AND item_id='24' ) LIMIT 1   [ RunTime:0.0001s ]
SQL: SELECT `item_supervisor`,`item_name`,`su_company` FROM `item` WHERE ( 1=1 AND item_id='11' ) LIMIT 1   [ RunTime:0.0001s ]
SQL: SELECT `item_supervisor`,`item_name`,`su_company` FROM `item` WHERE ( 1=1 AND item_id='27' ) LIMIT 1   [ RunTime:0.0001s ]
SQL: SELECT `item_supervisor`,`item_name`,`su_company` FROM `item` WHERE ( 1=1 AND item_id='7' ) LIMIT 1   [ RunTime:0.0000s ]
SQL: SELECT `item_supervisor`,`item_name`,`su_company` FROM `item` WHERE ( 1=1 AND item_id='12' ) LIMIT 1   [ RunTime:0.0000s ]
SQL: SELECT `item_supervisor`,`item_name`,`su_company` FROM `item` WHERE ( 1=1 AND item_id='6' ) LIMIT 1   [ RunTime:0.0001s ]
SQL: SELECT `item_supervisor`,`item_name`,`su_company` FROM `item` WHERE ( 1=1 AND item_id='19' ) LIMIT 1   [ RunTime:0.0001s ]
SQL: SELECT `item_supervisor`,`item_name`,`su_company` FROM `item` WHERE ( 1=1 AND item_id='11' ) LIMIT 1   [ RunTime:0.0000s ]
SQL: SELECT `item_supervisor`,`item_name`,`su_company` FROM `item` WHERE ( 1=1 AND item_id='7' ) LIMIT 1   [ RunTime:0.0001s ]
SQL: SELECT `item_supervisor`,`item_name`,`su_company` FROM `item` WHERE ( 1=1 AND item_id='7' ) LIMIT 1   [ RunTime:0.0001s ]
SQL: SELECT `item_supervisor`,`item_name`,`su_company` FROM `item` WHERE ( 1=1 AND item_id='7' ) LIMIT 1   [ RunTime:0.0001s ]
SQL: SELECT `item_supervisor`,`item_name`,`su_company` FROM `item` WHERE ( 1=1 AND item_id='21' ) LIMIT 1   [ RunTime:0.0001s ]
SQL: SELECT `item_supervisor`,`item_name`,`su_company` FROM `item` WHERE ( 1=1 AND item_id='22' ) LIMIT 1   [ RunTime:0.0001s ]
SQL: SELECT `item_supervisor`,`item_name`,`su_company` FROM `item` WHERE ( 1=1 AND item_id='6' ) LIMIT 1   [ RunTime:0.0000s ]
SQL: SELECT `item_supervisor`,`item_name`,`su_company` FROM `item` WHERE ( 1=1 AND item_id='23' ) LIMIT 1   [ RunTime:0.0001s ]
SQL: SELECT `item_supervisor`,`item_name`,`su_company` FROM `item` WHERE ( 1=1 AND item_id='9' ) LIMIT 1   [ RunTime:0.0000s ]
SQL: SELECT `item_supervisor`,`item_name`,`su_company` FROM `item` WHERE ( 1=1 AND item_id='9' ) LIMIT 1   [ RunTime:0.0001s ]
SQL: SELECT `item_supervisor`,`item_name`,`su_company` FROM `item` WHERE ( 1=1 AND item_id='24' ) LIMIT 1   [ RunTime:0.0001s ]
SQL: SELECT `item_supervisor`,`item_name`,`su_company` FROM `item` WHERE ( 1=1 AND item_id='24' ) LIMIT 1   [ RunTime:0.0001s ]
SQL: SELECT `item_supervisor`,`item_name`,`su_company` FROM `item` WHERE ( 1=1 AND item_id='9' ) LIMIT 1   [ RunTime:0.0001s ]
SQL: SELECT `item_supervisor`,`item_name`,`su_company` FROM `item` WHERE ( 1=1 AND item_id='9' ) LIMIT 1   [ RunTime:0.0001s ]
SQL: SELECT `item_supervisor`,`item_name`,`su_company` FROM `item` WHERE ( 1=1 AND item_id='21' ) LIMIT 1   [ RunTime:0.0001s ]
SQL: SELECT `item_supervisor`,`item_name`,`su_company` FROM `item` WHERE ( 1=1 AND item_id='11' ) LIMIT 1   [ RunTime:0.0001s ]
SQL: SELECT `item_supervisor`,`item_name`,`su_company` FROM `item` WHERE ( 1=1 AND item_id='7' ) LIMIT 1   [ RunTime:0.0000s ]
SQL: SELECT `item_supervisor`,`item_name`,`su_company` FROM `item` WHERE ( 1=1 AND item_id='22' ) LIMIT 1   [ RunTime:0.0001s ]
SQL: SELECT `item_supervisor`,`item_name`,`su_company` FROM `item` WHERE ( 1=1 AND item_id='24' ) LIMIT 1   [ RunTime:0.0001s ]
SQL: SELECT `item_supervisor`,`item_name`,`su_company` FROM `item` WHERE ( 1=1 AND item_id='9' ) LIMIT 1   [ RunTime:0.0001s ]
SQL: SELECT `item_supervisor`,`item_name`,`su_company` FROM `item` WHERE ( 1=1 AND item_id='24' ) LIMIT 1   [ RunTime:0.0001s ]
SQL: SELECT `item_supervisor`,`item_name`,`su_company` FROM `item` WHERE ( 1=1 AND item_id='21' ) LIMIT 1   [ RunTime:0.0000s ]
SQL: SELECT `item_supervisor`,`item_name`,`su_company` FROM `item` WHERE ( 1=1 AND item_id='21' ) LIMIT 1   [ RunTime:0.0001s ]
SQL: SELECT `item_supervisor`,`item_name`,`su_company` FROM `item` WHERE ( 1=1 AND item_id='23' ) LIMIT 1   [ RunTime:0.0000s ]
SQL: SELECT `item_supervisor`,`item_name`,`su_company` FROM `item` WHERE ( 1=1 AND item_id='23' ) LIMIT 1   [ RunTime:0.0000s ]
SQL: SELECT `item_supervisor`,`item_name`,`su_company` FROM `item` WHERE ( 1=1 AND item_id='22' ) LIMIT 1   [ RunTime:0.0001s ]
SQL: SELECT `item_supervisor`,`item_name`,`su_company` FROM `item` WHERE ( 1=1 AND item_id='20' ) LIMIT 1   [ RunTime:0.0000s ]
SQL: SELECT `item_supervisor`,`item_name`,`su_company` FROM `item` WHERE ( 1=1 AND item_id='20' ) LIMIT 1   [ RunTime:0.0000s ]
SQL: SELECT `item_supervisor`,`item_name`,`su_company` FROM `item` WHERE ( 1=1 AND item_id='20' ) LIMIT 1   [ RunTime:0.0001s ]
SQL: SELECT `item_supervisor`,`item_name`,`su_company` FROM `item` WHERE ( 1=1 AND item_id='20' ) LIMIT 1   [ RunTime:0.0001s ]
SQL: SELECT `item_supervisor`,`item_name`,`su_company` FROM `item` WHERE ( 1=1 AND item_id='20' ) LIMIT 1   [ RunTime:0.0000s ]
SQL: SELECT `item_supervisor`,`item_name`,`su_company` FROM `item` WHERE ( 1=1 AND item_id='20' ) LIMIT 1   [ RunTime:0.0000s ]
SQL: SELECT `item_supervisor`,`item_name`,`su_company` FROM `item` WHERE ( 1=1 AND item_id='19' ) LIMIT 1   [ RunTime:0.0001s ]
SQL: SELECT `item_supervisor`,`item_name`,`su_company` FROM `item` WHERE ( 1=1 AND item_id='19' ) LIMIT 1   [ RunTime:0.0001s ]
SQL: SELECT `item_supervisor`,`item_name`,`su_company` FROM `item` WHERE ( 1=1 AND item_id='7' ) LIMIT 1   [ RunTime:0.0000s ]
SQL: SELECT `item_supervisor`,`item_name`,`su_company` FROM `item` WHERE ( 1=1 AND item_id='6' ) LIMIT 1   [ RunTime:0.0001s ]
SQL: SELECT `item_supervisor`,`item_name`,`su_company` FROM `item` WHERE ( 1=1 AND item_id='22' ) LIMIT 1   [ RunTime:0.0001s ]
SQL: SELECT `item_supervisor`,`item_name`,`su_company` FROM `item` WHERE ( 1=1 AND item_id='23' ) LIMIT 1   [ RunTime:0.0001s ]
SQL: SELECT `item_supervisor`,`item_name`,`su_company` FROM `item` WHERE ( 1=1 AND item_id='19' ) LIMIT 1   [ RunTime:0.0001s ]
SQL: SELECT `item_supervisor`,`item_name`,`su_company` FROM `item` WHERE ( 1=1 AND item_id='11' ) LIMIT 1   [ RunTime:0.0001s ]
SQL: SELECT `item_supervisor`,`item_name`,`su_company` FROM `item` WHERE ( 1=1 AND item_id='11' ) LIMIT 1   [ RunTime:0.0000s ]
SQL: SELECT `item_supervisor`,`item_name`,`su_company` FROM `item` WHERE ( 1=1 AND item_id='19' ) LIMIT 1   [ RunTime:0.0001s ]
SQL: SELECT `item_supervisor`,`item_name`,`su_company` FROM `item` WHERE ( 1=1 AND item_id='11' ) LIMIT 1   [ RunTime:0.0001s ]
SQL: SELECT `item_supervisor`,`item_name`,`su_company` FROM `item` WHERE ( 1=1 AND item_id='19' ) LIMIT 1   [ RunTime:0.0001s ]
SQL: SELECT `item_supervisor`,`item_name`,`su_company` FROM `item` WHERE ( 1=1 AND item_id='6' ) LIMIT 1   [ RunTime:0.0000s ]
SQL: SELECT `item_supervisor`,`item_name`,`su_company` FROM `item` WHERE ( 1=1 AND item_id='9' ) LIMIT 1   [ RunTime:0.0001s ]
SQL: SELECT `item_supervisor`,`item_name`,`su_company` FROM `item` WHERE ( 1=1 AND item_id='7' ) LIMIT 1   [ RunTime:0.0001s ]
SQL: SELECT `item_supervisor`,`item_name`,`su_company` FROM `item` WHERE ( 1=1 AND item_id='6' ) LIMIT 1   [ RunTime:0.0001s ]
SQL: SELECT `item_supervisor`,`item_name`,`su_company` FROM `item` WHERE ( 1=1 AND item_id='11' ) LIMIT 1   [ RunTime:0.0001s ]
SQL: SELECT `item_supervisor`,`item_name`,`su_company` FROM `item` WHERE ( 1=1 AND item_id='24' ) LIMIT 1   [ RunTime:0.0000s ]
SQL: SELECT `item_supervisor`,`item_name`,`su_company` FROM `item` WHERE ( 1=1 AND item_id='9' ) LIMIT 1   [ RunTime:0.0000s ]
SQL: SELECT `item_supervisor`,`item_name`,`su_company` FROM `item` WHERE ( 1=1 AND item_id='32' ) LIMIT 1   [ RunTime:0.0001s ]
SQL: SELECT `item_supervisor`,`item_name`,`su_company` FROM `item` WHERE ( 1=1 AND item_id='11' ) LIMIT 1   [ RunTime:0.0001s ]
SQL: SELECT `item_supervisor`,`item_name`,`su_company` FROM `item` WHERE ( 1=1 AND item_id='19' ) LIMIT 1   [ RunTime:0.0000s ]
SQL: SELECT `item_supervisor`,`item_name`,`su_company` FROM `item` WHERE ( 1=1 AND item_id='20' ) LIMIT 1   [ RunTime:0.0001s ]
SQL: SELECT `item_supervisor`,`item_name`,`su_company` FROM `item` WHERE ( 1=1 AND item_id='32' ) LIMIT 1   [ RunTime:0.0001s ]
SQL: SELECT `item_supervisor`,`item_name`,`su_company` FROM `item` WHERE ( 1=1 AND item_id='20' ) LIMIT 1   [ RunTime:0.0001s ]
SQL: SELECT `item_supervisor`,`item_name`,`su_company` FROM `item` WHERE ( 1=1 AND item_id='20' ) LIMIT 1   [ RunTime:0.0000s ]
SQL: SELECT `item_supervisor`,`item_name`,`su_company` FROM `item` WHERE ( 1=1 AND item_id='33' ) LIMIT 1   [ RunTime:0.0001s ]
SQL: SELECT `item_supervisor`,`item_name`,`su_company` FROM `item` WHERE ( 1=1 AND item_id='33' ) LIMIT 1   [ RunTime:0.0000s ]
SQL: SELECT `item_supervisor`,`item_name`,`su_company` FROM `item` WHERE ( 1=1 AND item_id='19' ) LIMIT 1   [ RunTime:0.0001s ]
SQL: SELECT `item_supervisor`,`item_name`,`su_company` FROM `item` WHERE ( 1=1 AND item_id='33' ) LIMIT 1   [ RunTime:0.0001s ]
SQL: SELECT `item_supervisor`,`item_name`,`su_company` FROM `item` WHERE ( 1=1 AND item_id='32' ) LIMIT 1   [ RunTime:0.0000s ]
SQL: SELECT `item_supervisor`,`item_name`,`su_company` FROM `item` WHERE ( 1=1 AND item_id='33' ) LIMIT 1   [ RunTime:0.0000s ]
SQL: SHOW COLUMNS FROM `item` [ RunTime:0.0005s ]
SQL: SELECT `item_id`,`item_name` FROM `item` WHERE `item_state` = 0  [ RunTime:0.0001s ]
INFO: [ view_parse ] --START--
INFO: [ template_filter ] --START--
INFO: Run Behavior\ContentReplaceBehavior [ RunTime:0.000078s ]
INFO: [ template_filter ] --END-- [ RunTime:0.000116s ]
NOTIC: [2] number_format() expects parameter 1 to be double, string given /www/wwwroot/dhuyb.cn/audit/Application/Runtime/Cache/Home/2a94b8bda04ff446dcedd42276fc99ee.php 第 149 行.
NOTIC: [2] number_format() expects parameter 1 to be double, string given /www/wwwroot/dhuyb.cn/audit/Application/Runtime/Cache/Home/2a94b8bda04ff446dcedd42276fc99ee.php 第 149 行.
NOTIC: [2] number_format() expects parameter 1 to be double, string given /www/wwwroot/dhuyb.cn/audit/Application/Runtime/Cache/Home/2a94b8bda04ff446dcedd42276fc99ee.php 第 149 行.
NOTIC: [2] number_format() expects parameter 1 to be double, string given /www/wwwroot/dhuyb.cn/audit/Application/Runtime/Cache/Home/2a94b8bda04ff446dcedd42276fc99ee.php 第 149 行.
INFO: Run Behavior\ParseTemplateBehavior [ RunTime:0.010387s ]
INFO: [ view_parse ] --END-- [ RunTime:0.010417s ]
INFO: [ view_filter ] --START--
INFO: Run Behavior\WriteHtmlCacheBehavior [ RunTime:0.000247s ]
INFO: [ view_filter ] --END-- [ RunTime:0.000275s ]
INFO: [ app_end ] --START--
INFO: Run Behavior\ShowPageTraceBehavior [ RunTime:0.000498s ]
INFO: [ app_end ] --END-- [ RunTime:0.000539s ]

[ 2019-11-12T08:52:18+08:00 ] 222.204.218.201 /audit/index.php/Home/Index/list_show?item_id=23
INFO: [ app_init ] --START--
INFO: Run Behavior\BuildLiteBehavior [ RunTime:0.000015s ]
INFO: [ app_init ] --END-- [ RunTime:0.000482s ]
INFO: [ app_begin ] --START--
INFO: Run Behavior\ReadHtmlCacheBehavior [ RunTime:0.000574s ]
INFO: [ app_begin ] --END-- [ RunTime:0.000617s ]
SQL: SHOW COLUMNS FROM `contract` [ RunTime:0.0010s ]
SQL: SELECT * FROM `contract` WHERE `item_id` = '23' ORDER BY belong_year asc,id  [ RunTime:0.0010s ]
SQL: SHOW COLUMNS FROM `paylist` [ RunTime:0.0005s ]
SQL: SELECT `vote_time`,`pay_amount`,`id`,`pay_time`,`ratio` FROM `paylist` WHERE ( 1=1 AND contract_id='2018-34' )  [ RunTime:0.0004s ]
SQL: SHOW COLUMNS FROM `item` [ RunTime:0.0004s ]
SQL: SELECT `item_supervisor`,`item_name`,`su_company` FROM `item` WHERE ( 1=1 AND item_id='23' ) LIMIT 1   [ RunTime:0.0001s ]
SQL: SELECT `vote_time`,`pay_amount`,`id`,`pay_time`,`ratio` FROM `paylist` WHERE ( 1=1 AND contract_id='2019-48' )  [ RunTime:0.0005s ]
SQL: SELECT `item_supervisor`,`item_name`,`su_company` FROM `item` WHERE ( 1=1 AND item_id='23' ) LIMIT 1   [ RunTime:0.0001s ]
SQL: SELECT `vote_time`,`pay_amount`,`id`,`pay_time`,`ratio` FROM `paylist` WHERE ( 1=1 AND contract_id='2019-64' )  [ RunTime:0.0004s ]
SQL: SELECT `item_supervisor`,`item_name`,`su_company` FROM `item` WHERE ( 1=1 AND item_id='23' ) LIMIT 1   [ RunTime:0.0001s ]
SQL: SELECT `vote_time`,`pay_amount`,`id`,`pay_time`,`ratio` FROM `paylist` WHERE ( 1=1 AND contract_id='2019-65' )  [ RunTime:0.0004s ]
SQL: SELECT `item_supervisor`,`item_name`,`su_company` FROM `item` WHERE ( 1=1 AND item_id='23' ) LIMIT 1   [ RunTime:0.0001s ]
SQL: SELECT `vote_time`,`pay_amount`,`id`,`pay_time`,`ratio` FROM `paylist` WHERE ( 1=1 AND contract_id='2019-78' )  [ RunTime:0.0004s ]
SQL: SELECT `item_supervisor`,`item_name`,`su_company` FROM `item` WHERE ( 1=1 AND item_id='23' ) LIMIT 1   [ RunTime:0.0001s ]
SQL: SHOW COLUMNS FROM `item` [ RunTime:0.0004s ]
SQL: SELECT `item_id`,`item_name` FROM `item` WHERE `item_state` = 0  [ RunTime:0.0002s ]
SQL: SELECT `item_id`,`item_supervisor`,`item_name`,`su_company` FROM `item` WHERE `item_id` = '23' LIMIT 1   [ RunTime:0.0002s ]
INFO: [ view_parse ] --START--
INFO: [ template_filter ] --START--
INFO: Run Behavior\ContentReplaceBehavior [ RunTime:0.000230s ]
INFO: [ template_filter ] --END-- [ RunTime:0.000307s ]
NOTIC: [8] Undefined variable: count_year /www/wwwroot/dhuyb.cn/audit/Application/Runtime/Cache/Home/953824c20aef53ae2750e20ed86d0cd1.php 第 105 行.
NOTIC: [8] Undefined variable: count_year /www/wwwroot/dhuyb.cn/audit/Application/Runtime/Cache/Home/953824c20aef53ae2750e20ed86d0cd1.php 第 105 行.
NOTIC: [8] Undefined variable: count_year /www/wwwroot/dhuyb.cn/audit/Application/Runtime/Cache/Home/953824c20aef53ae2750e20ed86d0cd1.php 第 105 行.
NOTIC: [8] Undefined variable: count_year /www/wwwroot/dhuyb.cn/audit/Application/Runtime/Cache/Home/953824c20aef53ae2750e20ed86d0cd1.php 第 105 行.
NOTIC: [8] Undefined variable: count_year /www/wwwroot/dhuyb.cn/audit/Application/Runtime/Cache/Home/953824c20aef53ae2750e20ed86d0cd1.php 第 105 行.
INFO: Run Behavior\ParseTemplateBehavior [ RunTime:0.035001s ]
INFO: [ view_parse ] --END-- [ RunTime:0.035049s ]
INFO: [ view_filter ] --START--
INFO: Run Behavior\WriteHtmlCacheBehavior [ RunTime:0.000258s ]
INFO: [ view_filter ] --END-- [ RunTime:0.000290s ]
INFO: [ app_end ] --START--
INFO: Run Behavior\ShowPageTraceBehavior [ RunTime:0.000619s ]
INFO: [ app_end ] --END-- [ RunTime:0.000671s ]

[ 2019-11-12T08:54:15+08:00 ] 222.204.218.201 /audit/index.php/Home/Index/list_edit?contract_id=2019-48
INFO: [ app_init ] --START--
INFO: Run Behavior\BuildLiteBehavior [ RunTime:0.000010s ]
INFO: [ app_init ] --END-- [ RunTime:0.000371s ]
INFO: [ app_begin ] --START--
INFO: Run Behavior\ReadHtmlCacheBehavior [ RunTime:0.000458s ]
INFO: [ app_begin ] --END-- [ RunTime:0.000497s ]
SQL: SHOW COLUMNS FROM `contract` [ RunTime:0.0008s ]
SQL: SELECT * FROM `contract` WHERE `contract_id` = '2019-48' LIMIT 1   [ RunTime:0.0004s ]
SQL: SHOW COLUMNS FROM `paylist` [ RunTime:0.0004s ]
SQL: SELECT `vote_time`,`pay_amount`,`id`,`pay_time`,`ratio` FROM `paylist` WHERE ( 1=1 AND contract_id='2019-48' )  [ RunTime:0.0001s ]
INFO: [ view_parse ] --START--
INFO: [ template_filter ] --START--
INFO: Run Behavior\ContentReplaceBehavior [ RunTime:0.000087s ]
INFO: [ template_filter ] --END-- [ RunTime:0.000126s ]
NOTIC: [8] Undefined offset: 0 /www/wwwroot/dhuyb.cn/audit/Application/Runtime/Cache/Home/70cdc971b96f4f21a57bb29e584e50ba.php 第 49 行.
NOTIC: [8] Undefined offset: 0 /www/wwwroot/dhuyb.cn/audit/Application/Runtime/Cache/Home/70cdc971b96f4f21a57bb29e584e50ba.php 第 50 行.
NOTIC: [8] Undefined offset: 1 /www/wwwroot/dhuyb.cn/audit/Application/Runtime/Cache/Home/70cdc971b96f4f21a57bb29e584e50ba.php 第 60 行.
NOTIC: [8] Undefined offset: 1 /www/wwwroot/dhuyb.cn/audit/Application/Runtime/Cache/Home/70cdc971b96f4f21a57bb29e584e50ba.php 第 61 行.
NOTIC: [8] Undefined offset: 2 /www/wwwroot/dhuyb.cn/audit/Application/Runtime/Cache/Home/70cdc971b96f4f21a57bb29e584e50ba.php 第 71 行.
NOTIC: [8] Undefined offset: 2 /www/wwwroot/dhuyb.cn/audit/Application/Runtime/Cache/Home/70cdc971b96f4f21a57bb29e584e50ba.php 第 72 行.
INFO: Run Behavior\ParseTemplateBehavior [ RunTime:0.010213s ]
INFO: [ view_parse ] --END-- [ RunTime:0.010247s ]
INFO: [ view_filter ] --START--
INFO: Run Behavior\WriteHtmlCacheBehavior [ RunTime:0.000216s ]
INFO: [ view_filter ] --END-- [ RunTime:0.000246s ]
INFO: [ app_end ] --START--
INFO: Run Behavior\ShowPageTraceBehavior [ RunTime:0.000487s ]
INFO: [ app_end ] --END-- [ RunTime:0.000525s ]

[ 2019-11-12T08:54:30+08:00 ] 222.204.218.201 /audit/index.php/Home/Index/list_edit1
INFO: [ app_init ] --START--
INFO: Run Behavior\BuildLiteBehavior [ RunTime:0.000009s ]
INFO: [ app_init ] --END-- [ RunTime:0.000341s ]
INFO: [ app_begin ] --START--
INFO: Run Behavior\ReadHtmlCacheBehavior [ RunTime:0.000439s ]
INFO: [ app_begin ] --END-- [ RunTime:0.000477s ]
SQL: SHOW COLUMNS FROM `contract` [ RunTime:0.0008s ]
SQL: SELECT `contract_amount`,`contract_exact_amount` FROM `contract` WHERE `contract_id` = '2019-48' LIMIT 1   [ RunTime:0.0002s ]
SQL: UPDATE `contract` SET `contract_amount`='128704',`contract_exact_amount`='',`contract_add_money`='102900.00',`contract_balance`='25804.00',`ratio`='20.05%' WHERE `contract_id` = '2019-48' [ RunTime:0.0154s ]
SQL: SHOW COLUMNS FROM `paylist` [ RunTime:0.0007s ]
SQL: INSERT INTO `paylist` (`contract_id`,`pay_amount`,`pay_time`,`vote_time`,`ratio`) VALUES ('2019-48','102900.00','2019.11.12','2019-11-12  08:54:30','79.95%') [ RunTime:0.0162s ]

[ 2019-11-12T08:54:30+08:00 ] 222.204.218.201 /audit/index.php/Home/Index/list_show?item_id=23
INFO: [ app_init ] --START--
INFO: Run Behavior\BuildLiteBehavior [ RunTime:0.000010s ]
INFO: [ app_init ] --END-- [ RunTime:0.000342s ]
INFO: [ app_begin ] --START--
INFO: Run Behavior\ReadHtmlCacheBehavior [ RunTime:0.000452s ]
INFO: [ app_begin ] --END-- [ RunTime:0.000490s ]
SQL: SHOW COLUMNS FROM `contract` [ RunTime:0.0008s ]
SQL: SELECT * FROM `contract` WHERE `item_id` = '23' ORDER BY belong_year asc,id  [ RunTime:0.0008s ]
SQL: SHOW COLUMNS FROM `paylist` [ RunTime:0.0004s ]
SQL: SELECT `vote_time`,`pay_amount`,`id`,`pay_time`,`ratio` FROM `paylist` WHERE ( 1=1 AND contract_id='2018-34' )  [ RunTime:0.0004s ]
SQL: SHOW COLUMNS FROM `item` [ RunTime:0.0003s ]
SQL: SELECT `item_supervisor`,`item_name`,`su_company` FROM `item` WHERE ( 1=1 AND item_id='23' ) LIMIT 1   [ RunTime:0.0001s ]
SQL: SELECT `vote_time`,`pay_amount`,`id`,`pay_time`,`ratio` FROM `paylist` WHERE ( 1=1 AND contract_id='2019-48' )  [ RunTime:0.0003s ]
SQL: SELECT `item_supervisor`,`item_name`,`su_company` FROM `item` WHERE ( 1=1 AND item_id='23' ) LIMIT 1   [ RunTime:0.0001s ]
SQL: SELECT `vote_time`,`pay_amount`,`id`,`pay_time`,`ratio` FROM `paylist` WHERE ( 1=1 AND contract_id='2019-64' )  [ RunTime:0.0003s ]
SQL: SELECT `item_supervisor`,`item_name`,`su_company` FROM `item` WHERE ( 1=1 AND item_id='23' ) LIMIT 1   [ RunTime:0.0001s ]
SQL: SELECT `vote_time`,`pay_amount`,`id`,`pay_time`,`ratio` FROM `paylist` WHERE ( 1=1 AND contract_id='2019-65' )  [ RunTime:0.0003s ]
SQL: SELECT `item_supervisor`,`item_name`,`su_company` FROM `item` WHERE ( 1=1 AND item_id='23' ) LIMIT 1   [ RunTime:0.0001s ]
SQL: SELECT `vote_time`,`pay_amount`,`id`,`pay_time`,`ratio` FROM `paylist` WHERE ( 1=1 AND contract_id='2019-78' )  [ RunTime:0.0004s ]
SQL: SELECT `item_supervisor`,`item_name`,`su_company` FROM `item` WHERE ( 1=1 AND item_id='23' ) LIMIT 1   [ RunTime:0.0001s ]
SQL: SHOW COLUMNS FROM `item` [ RunTime:0.0003s ]
SQL: SELECT `item_id`,`item_name` FROM `item` WHERE `item_state` = 0  [ RunTime:0.0001s ]
SQL: SELECT `item_id`,`item_supervisor`,`item_name`,`su_company` FROM `item` WHERE `item_id` = '23' LIMIT 1   [ RunTime:0.0001s ]
INFO: [ view_parse ] --START--
INFO: [ template_filter ] --START--
INFO: Run Behavior\ContentReplaceBehavior [ RunTime:0.000188s ]
INFO: [ template_filter ] --END-- [ RunTime:0.000235s ]
NOTIC: [8] Undefined variable: count_year /www/wwwroot/dhuyb.cn/audit/Application/Runtime/Cache/Home/953824c20aef53ae2750e20ed86d0cd1.php 第 105 行.
NOTIC: [8] Undefined variable: count_year /www/wwwroot/dhuyb.cn/audit/Application/Runtime/Cache/Home/953824c20aef53ae2750e20ed86d0cd1.php 第 105 行.
NOTIC: [8] Undefined variable: count_year /www/wwwroot/dhuyb.cn/audit/Application/Runtime/Cache/Home/953824c20aef53ae2750e20ed86d0cd1.php 第 105 行.
NOTIC: [8] Undefined variable: count_year /www/wwwroot/dhuyb.cn/audit/Application/Runtime/Cache/Home/953824c20aef53ae2750e20ed86d0cd1.php 第 105 行.
NOTIC: [8] Undefined variable: count_year /www/wwwroot/dhuyb.cn/audit/Application/Runtime/Cache/Home/953824c20aef53ae2750e20ed86d0cd1.php 第 105 行.
NOTIC: [2] number_format() expects parameter 1 to be double, string given /www/wwwroot/dhuyb.cn/audit/Application/Runtime/Cache/Home/953824c20aef53ae2750e20ed86d0cd1.php 第 154 行.
INFO: Run Behavior\ParseTemplateBehavior [ RunTime:0.027387s ]
INFO: [ view_parse ] --END-- [ RunTime:0.027424s ]
INFO: [ view_filter ] --START--
INFO: Run Behavior\WriteHtmlCacheBehavior [ RunTime:0.000268s ]
INFO: [ view_filter ] --END-- [ RunTime:0.000300s ]
INFO: [ app_end ] --START--
INFO: Run Behavior\ShowPageTraceBehavior [ RunTime:0.000471s ]
INFO: [ app_end ] --END-- [ RunTime:0.000508s ]

[ 2019-11-12T09:07:13+08:00 ] 180.163.220.66 /audit/index.php/Home/Index/index
INFO: [ app_init ] --START--
INFO: Run Behavior\BuildLiteBehavior [ RunTime:0.000010s ]
INFO: [ app_init ] --END-- [ RunTime:0.000355s ]
INFO: [ app_begin ] --START--
INFO: Run Behavior\ReadHtmlCacheBehavior [ RunTime:0.000473s ]
INFO: [ app_begin ] --END-- [ RunTime:0.000513s ]

[ 2019-11-12T09:07:13+08:00 ] 180.163.220.66 /audit/index.php/Home/Login/login.html
INFO: [ app_init ] --START--
INFO: Run Behavior\BuildLiteBehavior [ RunTime:0.000010s ]
INFO: [ app_init ] --END-- [ RunTime:0.000350s ]
INFO: [ app_begin ] --START--
INFO: Run Behavior\ReadHtmlCacheBehavior [ RunTime:0.000436s ]
INFO: [ app_begin ] --END-- [ RunTime:0.000476s ]
INFO: [ view_parse ] --START--
INFO: [ template_filter ] --START--
INFO: Run Behavior\ContentReplaceBehavior [ RunTime:0.000058s ]
INFO: [ template_filter ] --END-- [ RunTime:0.000110s ]
INFO: Run Behavior\ParseTemplateBehavior [ RunTime:0.005048s ]
INFO: [ view_parse ] --END-- [ RunTime:0.005107s ]
INFO: [ view_filter ] --START--
INFO: Run Behavior\WriteHtmlCacheBehavior [ RunTime:0.000498s ]
INFO: [ view_filter ] --END-- [ RunTime:0.000538s ]
INFO: [ app_end ] --START--
INFO: Run Behavior\ShowPageTraceBehavior [ RunTime:0.000591s ]
INFO: [ app_end ] --END-- [ RunTime:0.000635s ]

[ 2019-11-12T09:07:13+08:00 ] 180.163.220.66 /audit/index.php/Home/Login/verify
INFO: [ app_init ] --START--
INFO: Run Behavior\BuildLiteBehavior [ RunTime:0.000010s ]
INFO: [ app_init ] --END-- [ RunTime:0.000323s ]
INFO: [ app_begin ] --START--
INFO: Run Behavior\ReadHtmlCacheBehavior [ RunTime:0.000443s ]
INFO: [ app_begin ] --END-- [ RunTime:0.000483s ]
INFO: [ app_end ] --START--
INFO: Run Behavior\ShowPageTraceBehavior [ RunTime:0.000458s ]
INFO: [ app_end ] --END-- [ RunTime:0.000501s ]

[ 2019-11-12T09:12:57+08:00 ] 42.236.10.75 /audit/index.php/Home/Index/list_show
INFO: [ app_init ] --START--
INFO: Run Behavior\BuildLiteBehavior [ RunTime:0.000013s ]
INFO: [ app_init ] --END-- [ RunTime:0.000444s ]
INFO: [ app_begin ] --START--
INFO: Run Behavior\ReadHtmlCacheBehavior [ RunTime:0.000538s ]
INFO: [ app_begin ] --END-- [ RunTime:0.000579s ]

[ 2019-11-12T09:12:59+08:00 ] 42.236.10.75 /audit/index.php/Home/Login/login.html
INFO: [ app_init ] --START--
INFO: Run Behavior\BuildLiteBehavior [ RunTime:0.000010s ]
INFO: [ app_init ] --END-- [ RunTime:0.000318s ]
INFO: [ app_begin ] --START--
INFO: Run Behavior\ReadHtmlCacheBehavior [ RunTime:0.000454s ]
INFO: [ app_begin ] --END-- [ RunTime:0.000495s ]
INFO: [ view_parse ] --START--
INFO: [ template_filter ] --START--
INFO: Run Behavior\ContentReplaceBehavior [ RunTime:0.000047s ]
INFO: [ template_filter ] --END-- [ RunTime:0.000085s ]
INFO: Run Behavior\ParseTemplateBehavior [ RunTime:0.005260s ]
INFO: [ view_parse ] --END-- [ RunTime:0.005302s ]
INFO: [ view_filter ] --START--
INFO: Run Behavior\WriteHtmlCacheBehavior [ RunTime:0.000210s ]
INFO: [ view_filter ] --END-- [ RunTime:0.000252s ]
INFO: [ app_end ] --START--
INFO: Run Behavior\ShowPageTraceBehavior [ RunTime:0.000438s ]
INFO: [ app_end ] --END-- [ RunTime:0.000472s ]

[ 2019-11-12T09:13:02+08:00 ] 42.236.10.75 /audit/index.php/Home/Login/verify
INFO: [ app_init ] --START--
INFO: Run Behavior\BuildLiteBehavior [ RunTime:0.000010s ]
INFO: [ app_init ] --END-- [ RunTime:0.000327s ]
INFO: [ app_begin ] --START--
INFO: Run Behavior\ReadHtmlCacheBehavior [ RunTime:0.000451s ]
INFO: [ app_begin ] --END-- [ RunTime:0.000490s ]
INFO: [ app_end ] --START--
INFO: Run Behavior\ShowPageTraceBehavior [ RunTime:0.000474s ]
INFO: [ app_end ] --END-- [ RunTime:0.000515s ]

[ 2019-11-12T09:24:15+08:00 ] 180.167.231.142 /audit/index.php/Home/Program/index
INFO: [ app_init ] --START--
INFO: Run Behavior\BuildLiteBehavior [ RunTime:0.000010s ]
INFO: [ app_init ] --END-- [ RunTime:0.000366s ]
INFO: [ app_begin ] --START--
INFO: Run Behavior\ReadHtmlCacheBehavior [ RunTime:0.000520s ]
INFO: [ app_begin ] --END-- [ RunTime:0.000561s ]
SQL: SHOW COLUMNS FROM `auditing` [ RunTime:0.0007s ]
SQL: SELECT * FROM `auditing` WHERE `bel_year` = '2019'  [ RunTime:0.0009s ]
INFO: [ view_parse ] --START--
INFO: [ template_filter ] --START--
INFO: Run Behavior\ContentReplaceBehavior [ RunTime:0.000102s ]
INFO: [ template_filter ] --END-- [ RunTime:0.000144s ]
INFO: Run Behavior\ParseTemplateBehavior [ RunTime:0.015951s ]
INFO: [ view_parse ] --END-- [ RunTime:0.016022s ]
INFO: [ view_filter ] --START--
INFO: Run Behavior\WriteHtmlCacheBehavior [ RunTime:0.000222s ]
INFO: [ view_filter ] --END-- [ RunTime:0.000276s ]
INFO: [ app_end ] --START--
INFO: Run Behavior\ShowPageTraceBehavior [ RunTime:0.000509s ]
INFO: [ app_end ] --END-- [ RunTime:0.000555s ]

[ 2019-11-12T09:24:37+08:00 ] 180.167.231.142 /audit/index.php/Home/program/audit_out_2?idstr=2068,2069,2070,2071,2072,2073,2074,2075,2076,2077,2078,2079,2080,2081,2082,2083,2084,2085,2086,2087,2088,2089,2090,2091,2092,2093,2094,2095,2096,2097,2098,2099,2100,2101,2102,2103,2104,2105,2106,2107,2108,2109
INFO: [ app_init ] --START--
INFO: Run Behavior\BuildLiteBehavior [ RunTime:0.000010s ]
INFO: [ app_init ] --END-- [ RunTime:0.000399s ]
INFO: [ app_begin ] --START--
INFO: Run Behavior\ReadHtmlCacheBehavior [ RunTime:0.000445s ]
INFO: [ app_begin ] --END-- [ RunTime:0.000495s ]
SQL: SHOW COLUMNS FROM `auditing` [ RunTime:0.0006s ]
SQL: SELECT * FROM `auditing` WHERE `id` = 2068 ORDER BY id LIMIT 1   [ RunTime:0.0004s ]
SQL: SELECT * FROM `auditing` WHERE `id` = 2069 ORDER BY id LIMIT 1   [ RunTime:0.0002s ]
SQL: SELECT * FROM `auditing` WHERE `id` = 2070 ORDER BY id LIMIT 1   [ RunTime:0.0002s ]
SQL: SELECT * FROM `auditing` WHERE `id` = 2071 ORDER BY id LIMIT 1   [ RunTime:0.0002s ]
SQL: SELECT * FROM `auditing` WHERE `id` = 2072 ORDER BY id LIMIT 1   [ RunTime:0.0002s ]
SQL: SELECT * FROM `auditing` WHERE `id` = 2073 ORDER BY id LIMIT 1   [ RunTime:0.0002s ]
SQL: SELECT * FROM `auditing` WHERE `id` = 2074 ORDER BY id LIMIT 1   [ RunTime:0.0002s ]
SQL: SELECT * FROM `auditing` WHERE `id` = 2075 ORDER BY id LIMIT 1   [ RunTime:0.0002s ]
SQL: SELECT * FROM `auditing` WHERE `id` = 2076 ORDER BY id LIMIT 1   [ RunTime:0.0002s ]
SQL: SELECT * FROM `auditing` WHERE `id` = 2077 ORDER BY id LIMIT 1   [ RunTime:0.0002s ]
SQL: SELECT * FROM `auditing` WHERE `id` = 2078 ORDER BY id LIMIT 1   [ RunTime:0.0002s ]
SQL: SELECT * FROM `auditing` WHERE `id` = 2079 ORDER BY id LIMIT 1   [ RunTime:0.0002s ]
SQL: SELECT * FROM `auditing` WHERE `id` = 2080 ORDER BY id LIMIT 1   [ RunTime:0.0002s ]
SQL: SELECT * FROM `auditing` WHERE `id` = 2081 ORDER BY id LIMIT 1   [ RunTime:0.0002s ]
SQL: SELECT * FROM `auditing` WHERE `id` = 2082 ORDER BY id LIMIT 1   [ RunTime:0.0002s ]
SQL: SELECT * FROM `auditing` WHERE `id` = 2083 ORDER BY id LIMIT 1   [ RunTime:0.0002s ]
SQL: SELECT * FROM `auditing` WHERE `id` = 2084 ORDER BY id LIMIT 1   [ RunTime:0.0002s ]
SQL: SELECT * FROM `auditing` WHERE `id` = 2085 ORDER BY id LIMIT 1   [ RunTime:0.0002s ]
SQL: SELECT * FROM `auditing` WHERE `id` = 2086 ORDER BY id LIMIT 1   [ RunTime:0.0002s ]
SQL: SELECT * FROM `auditing` WHERE `id` = 2087 ORDER BY id LIMIT 1   [ RunTime:0.0002s ]
SQL: SELECT * FROM `auditing` WHERE `id` = 2088 ORDER BY id LIMIT 1   [ RunTime:0.0002s ]
SQL: SELECT * FROM `auditing` WHERE `id` = 2089 ORDER BY id LIMIT 1   [ RunTime:0.0002s ]
SQL: SELECT * FROM `auditing` WHERE `id` = 2090 ORDER BY id LIMIT 1   [ RunTime:0.0002s ]
SQL: SELECT * FROM `auditing` WHERE `id` = 2091 ORDER BY id LIMIT 1   [ RunTime:0.0002s ]
SQL: SELECT * FROM `auditing` WHERE `id` = 2092 ORDER BY id LIMIT 1   [ RunTime:0.0002s ]
SQL: SELECT * FROM `auditing` WHERE `id` = 2093 ORDER BY id LIMIT 1   [ RunTime:0.0002s ]
SQL: SELECT * FROM `auditing` WHERE `id` = 2094 ORDER BY id LIMIT 1   [ RunTime:0.0002s ]
SQL: SELECT * FROM `auditing` WHERE `id` = 2095 ORDER BY id LIMIT 1   [ RunTime:0.0002s ]
SQL: SELECT * FROM `auditing` WHERE `id` = 2096 ORDER BY id LIMIT 1   [ RunTime:0.0002s ]
SQL: SELECT * FROM `auditing` WHERE `id` = 2097 ORDER BY id LIMIT 1   [ RunTime:0.0002s ]
SQL: SELECT * FROM `auditing` WHERE `id` = 2098 ORDER BY id LIMIT 1   [ RunTime:0.0002s ]
SQL: SELECT * FROM `auditing` WHERE `id` = 2099 ORDER BY id LIMIT 1   [ RunTime:0.0002s ]
SQL: SELECT * FROM `auditing` WHERE `id` = 2100 ORDER BY id LIMIT 1   [ RunTime:0.0002s ]
SQL: SELECT * FROM `auditing` WHERE `id` = 2101 ORDER BY id LIMIT 1   [ RunTime:0.0002s ]
SQL: SELECT * FROM `auditing` WHERE `id` = 2102 ORDER BY id LIMIT 1   [ RunTime:0.0002s ]
SQL: SELECT * FROM `auditing` WHERE `id` = 2103 ORDER BY id LIMIT 1   [ RunTime:0.0002s ]
SQL: SELECT * FROM `auditing` WHERE `id` = 2104 ORDER BY id LIMIT 1   [ RunTime:0.0002s ]
SQL: SELECT * FROM `auditing` WHERE `id` = 2105 ORDER BY id LIMIT 1   [ RunTime:0.0002s ]
SQL: SELECT * FROM `auditing` WHERE `id` = 2106 ORDER BY id LIMIT 1   [ RunTime:0.0002s ]
SQL: SELECT * FROM `auditing` WHERE `id` = 2107 ORDER BY id LIMIT 1   [ RunTime:0.0002s ]
SQL: SELECT * FROM `auditing` WHERE `id` = 2108 ORDER BY id LIMIT 1   [ RunTime:0.0002s ]
SQL: SELECT * FROM `auditing` WHERE `id` = 2109 ORDER BY id LIMIT 1   [ RunTime:0.0002s ]
NOTIC: [8] Undefined offset: 5 /www/wwwroot/dhuyb.cn/audit/Application/Common/Common/function.php 第 471 行.
NOTIC: [8] Undefined offset: 5 /www/wwwroot/dhuyb.cn/audit/Application/Common/Common/function.php 第 471 行.
NOTIC: [8] Undefined offset: 5 /www/wwwroot/dhuyb.cn/audit/Application/Common/Common/function.php 第 471 行.
NOTIC: [8] Undefined offset: 5 /www/wwwroot/dhuyb.cn/audit/Application/Common/Common/function.php 第 495 行.
NOTIC: [8] Undefined offset: 5 /www/wwwroot/dhuyb.cn/audit/Application/Common/Common/function.php 第 500 行.
NOTIC: [8] Undefined offset: 5 /www/wwwroot/dhuyb.cn/audit/Application/Common/Common/function.php 第 503 行.
NOTIC: [8] Undefined offset: 5 /www/wwwroot/dhuyb.cn/audit/Application/Common/Common/function.php 第 495 行.
NOTIC: [8] Undefined offset: 5 /www/wwwroot/dhuyb.cn/audit/Application/Common/Common/function.php 第 500 行.
NOTIC: [8] Undefined offset: 5 /www/wwwroot/dhuyb.cn/audit/Application/Common/Common/function.php 第 503 行.
NOTIC: [8] Undefined offset: 5 /www/wwwroot/dhuyb.cn/audit/Application/Common/Common/function.php 第 495 行.
NOTIC: [8] Undefined index: write /www/wwwroot/dhuyb.cn/audit/Application/Common/Common/function.php 第 498 行.
NOTIC: [8] Undefined offset: 5 /www/wwwroot/dhuyb.cn/audit/Application/Common/Common/function.php 第 500 行.
NOTIC: [8] Undefined offset: 5 /www/wwwroot/dhuyb.cn/audit/Application/Common/Common/function.php 第 503 行.
NOTIC: [8] Undefined offset: 5 /www/wwwroot/dhuyb.cn/audit/Application/Common/Common/function.php 第 495 行.
NOTIC: [8] Undefined offset: 5 /www/wwwroot/dhuyb.cn/audit/Application/Common/Common/function.php 第 500 行.
NOTIC: [8] Undefined offset: 5 /www/wwwroot/dhuyb.cn/audit/Application/Common/Common/function.php 第 503 行.
NOTIC: [8] Undefined offset: 5 /www/wwwroot/dhuyb.cn/audit/Application/Common/Common/function.php 第 495 行.
NOTIC: [8] Undefined offset: 5 /www/wwwroot/dhuyb.cn/audit/Application/Common/Common/function.php 第 500 行.
NOTIC: [8] Undefined offset: 5 /www/wwwroot/dhuyb.cn/audit/Application/Common/Common/function.php 第 503 行.
NOTIC: [8] Undefined offset: 5 /www/wwwroot/dhuyb.cn/audit/Application/Common/Common/function.php 第 495 行.
NOTIC: [8] Undefined index: write /www/wwwroot/dhuyb.cn/audit/Application/Common/Common/function.php 第 498 行.
NOTIC: [8] Undefined offset: 5 /www/wwwroot/dhuyb.cn/audit/Application/Common/Common/function.php 第 500 行.
NOTIC: [8] Undefined offset: 5 /www/wwwroot/dhuyb.cn/audit/Application/Common/Common/function.php 第 503 行.
NOTIC: [8] Undefined offset: 5 /www/wwwroot/dhuyb.cn/audit/Application/Common/Common/function.php 第 495 行.
NOTIC: [8] Undefined offset: 5 /www/wwwroot/dhuyb.cn/audit/Application/Common/Common/function.php 第 500 行.
NOTIC: [8] Undefined offset: 5 /www/wwwroot/dhuyb.cn/audit/Application/Common/Common/function.php 第 503 行.
NOTIC: [8] Undefined offset: 5 /www/wwwroot/dhuyb.cn/audit/Application/Common/Common/function.php 第 495 行.
NOTIC: [8] Undefined offset: 5 /www/wwwroot/dhuyb.cn/audit/Application/Common/Common/function.php 第 500 行.
NOTIC: [8] Undefined offset: 5 /www/wwwroot/dhuyb.cn/audit/Application/Common/Common/function.php 第 503 行.
NOTIC: [8] Undefined offset: 5 /www/wwwroot/dhuyb.cn/audit/Application/Common/Common/function.php 第 495 行.
NOTIC: [8] Undefined index: write /www/wwwroot/dhuyb.cn/audit/Application/Common/Common/function.php 第 498 行.
NOTIC: [8] Undefined offset: 5 /www/wwwroot/dhuyb.cn/audit/Application/Common/Common/function.php 第 500 行.
NOTIC: [8] Undefined offset: 5 /www/wwwroot/dhuyb.cn/audit/Application/Common/Common/function.php 第 503 行.
NOTIC: [8] Undefined offset: 5 /www/wwwroot/dhuyb.cn/audit/Application/Common/Common/function.php 第 495 行.
NOTIC: [8] Undefined offset: 5 /www/wwwroot/dhuyb.cn/audit/Application/Common/Common/function.php 第 500 行.
NOTIC: [8] Undefined offset: 5 /www/wwwroot/dhuyb.cn/audit/Application/Common/Common/function.php 第 503 行.
NOTIC: [8] Undefined offset: 5 /www/wwwroot/dhuyb.cn/audit/Application/Common/Common/function.php 第 495 行.
NOTIC: [8] Undefined offset: 5 /www/wwwroot/dhuyb.cn/audit/Application/Common/Common/function.php 第 500 行.
NOTIC: [8] Undefined offset: 5 /www/wwwroot/dhuyb.cn/audit/Application/Common/Common/function.php 第 503 行.
NOTIC: [8] Undefined offset: 5 /www/wwwroot/dhuyb.cn/audit/Application/Common/Common/function.php 第 495 行.
NOTIC: [8] Undefined index: write /www/wwwroot/dhuyb.cn/audit/Application/Common/Common/function.php 第 498 行.
NOTIC: [8] Undefined offset: 5 /www/wwwroot/dhuyb.cn/audit/Application/Common/Common/function.php 第 500 行.
NOTIC: [8] Undefined offset: 5 /www/wwwroot/dhuyb.cn/audit/Application/Common/Common/function.php 第 503 行.
NOTIC: [8] Undefined offset: 5 /www/wwwroot/dhuyb.cn/audit/Application/Common/Common/function.php 第 495 行.
NOTIC: [8] Undefined offset: 5 /www/wwwroot/dhuyb.cn/audit/Application/Common/Common/function.php 第 500 行.
NOTIC: [8] Undefined offset: 5 /www/wwwroot/dhuyb.cn/audit/Application/Common/Common/function.php 第 503 行.
NOTIC: [8] Undefined offset: 5 /www/wwwroot/dhuyb.cn/audit/Application/Common/Common/function.php 第 495 行.
NOTIC: [8] Undefined offset: 5 /www/wwwroot/dhuyb.cn/audit/Application/Common/Common/function.php 第 500 行.
NOTIC: [8] Undefined offset: 5 /www/wwwroot/dhuyb.cn/audit/Application/Common/Common/function.php 第 503 行.
NOTIC: [8] Undefined offset: 5 /www/wwwroot/dhuyb.cn/audit/Application/Common/Common/function.php 第 495 行.
NOTIC: [8] Undefined index: write /www/wwwroot/dhuyb.cn/audit/Application/Common/Common/function.php 第 498 行.
NOTIC: [8] Undefined offset: 5 /www/wwwroot/dhuyb.cn/audit/Application/Common/Common/function.php 第 500 行.
NOTIC: [8] Undefined offset: 5 /www/wwwroot/dhuyb.cn/audit/Application/Common/Common/function.php 第 503 行.
NOTIC: [8] Undefined offset: 5 /www/wwwroot/dhuyb.cn/audit/Application/Common/Common/function.php 第 495 行.
NOTIC: [8] Undefined offset: 5 /www/wwwroot/dhuyb.cn/audit/Application/Common/Common/function.php 第 500 行.
NOTIC: [8] Undefined offset: 5 /www/wwwroot/dhuyb.cn/audit/Application/Common/Common/function.php 第 503 行.
NOTIC: [8] Undefined offset: 5 /www/wwwroot/dhuyb.cn/audit/Application/Common/Common/function.php 第 495 行.
NOTIC: [8] Undefined offset: 5 /www/wwwroot/dhuyb.cn/audit/Application/Common/Common/function.php 第 500 行.
NOTIC: [8] Undefined offset: 5 /www/wwwroot/dhuyb.cn/audit/Application/Common/Common/function.php 第 503 行.
NOTIC: [8] Undefined offset: 5 /www/wwwroot/dhuyb.cn/audit/Application/Common/Common/function.php 第 495 行.
NOTIC: [8] Undefined index: write /www/wwwroot/dhuyb.cn/audit/Application/Common/Common/function.php 第 498 行.
NOTIC: [8] Undefined offset: 5 /www/wwwroot/dhuyb.cn/audit/Application/Common/Common/function.php 第 500 行.
NOTIC: [8] Undefined offset: 5 /www/wwwroot/dhuyb.cn/audit/Application/Common/Common/function.php 第 503 行.
NOTIC: [8] Undefined offset: 5 /www/wwwroot/dhuyb.cn/audit/Application/Common/Common/function.php 第 495 行.
NOTIC: [8] Undefined offset: 5 /www/wwwroot/dhuyb.cn/audit/Application/Common/Common/function.php 第 500 行.
NOTIC: [8] Undefined offset: 5 /www/wwwroot/dhuyb.cn/audit/Application/Common/Common/function.php 第 503 行.
NOTIC: [8] Undefined offset: 5 /www/wwwroot/dhuyb.cn/audit/Application/Common/Common/function.php 第 495 行.
NOTIC: [8] Undefined offset: 5 /www/wwwroot/dhuyb.cn/audit/Application/Common/Common/function.php 第 500 行.
NOTIC: [8] Undefined offset: 5 /www/wwwroot/dhuyb.cn/audit/Application/Common/Common/function.php 第 503 行.
NOTIC: [8] Undefined offset: 5 /www/wwwroot/dhuyb.cn/audit/Application/Common/Common/function.php 第 495 行.
NOTIC: [8] Undefined index: write /www/wwwroot/dhuyb.cn/audit/Application/Common/Common/function.php 第 498 行.
NOTIC: [8] Undefined offset: 5 /www/wwwroot/dhuyb.cn/audit/Application/Common/Common/function.php 第 500 行.
NOTIC: [8] Undefined offset: 5 /www/wwwroot/dhuyb.cn/audit/Application/Common/Common/function.php 第 503 行.
NOTIC: [8] Undefined offset: 5 /www/wwwroot/dhuyb.cn/audit/Application/Common/Common/function.php 第 495 行.
NOTIC: [8] Undefined offset: 5 /www/wwwroot/dhuyb.cn/audit/Application/Common/Common/function.php 第 500 行.
NOTIC: [8] Undefined offset: 5 /www/wwwroot/dhuyb.cn/audit/Application/Common/Common/function.php 第 503 行.
NOTIC: [8] Undefined offset: 5 /www/wwwroot/dhuyb.cn/audit/Application/Common/Common/function.php 第 495 行.
NOTIC: [8] Undefined offset: 5 /www/wwwroot/dhuyb.cn/audit/Application/Common/Common/function.php 第 500 行.
NOTIC: [8] Undefined offset: 5 /www/wwwroot/dhuyb.cn/audit/Application/Common/Common/function.php 第 503 行.
NOTIC: [8] Undefined offset: 5 /www/wwwroot/dhuyb.cn/audit/Application/Common/Common/function.php 第 495 行.
NOTIC: [8] Undefined index: write /www/wwwroot/dhuyb.cn/audit/Application/Common/Common/function.php 第 498 行.
NOTIC: [8] Undefined offset: 5 /www/wwwroot/dhuyb.cn/audit/Application/Common/Common/function.php 第 500 行.
NOTIC: [8] Undefined offset: 5 /www/wwwroot/dhuyb.cn/audit/Application/Common/Common/function.php 第 503 行.
NOTIC: [8] Undefined offset: 5 /www/wwwroot/dhuyb.cn/audit/Application/Common/Common/function.php 第 495 行.
NOTIC: [8] Undefined offset: 5 /www/wwwroot/dhuyb.cn/audit/Application/Common/Common/function.php 第 500 行.
NOTIC: [8] Undefined offset: 5 /www/wwwroot/dhuyb.cn/audit/Application/Common/Common/function.php 第 503 行.
NOTIC: [8] Undefined offset: 5 /www/wwwroot/dhuyb.cn/audit/Application/Common/Common/function.php 第 495 行.
NOTIC: [8] Undefined offset: 5 /www/wwwroot/dhuyb.cn/audit/Application/Common/Common/function.php 第 500 行.
NOTIC: [8] Undefined offset: 5 /www/wwwroot/dhuyb.cn/audit/Application/Common/Common/function.php 第 503 行.
NOTIC: [8] Undefined offset: 5 /www/wwwroot/dhuyb.cn/audit/Application/Common/Common/function.php 第 495 行.
NOTIC: [8] Undefined index: write /www/wwwroot/dhuyb.cn/audit/Application/Common/Common/function.php 第 498 行.
NOTIC: [8] Undefined offset: 5 /www/wwwroot/dhuyb.cn/audit/Application/Common/Common/function.php 第 500 行.
NOTIC: [8] Undefined offset: 5 /www/wwwroot/dhuyb.cn/audit/Application/Common/Common/function.php 第 503 行.
NOTIC: [8] Undefined offset: 5 /www/wwwroot/dhuyb.cn/audit/Application/Common/Common/function.php 第 495 行.
NOTIC: [8] Undefined offset: 5 /www/wwwroot/dhuyb.cn/audit/Application/Common/Common/function.php 第 500 行.
NOTIC: [8] Undefined offset: 5 /www/wwwroot/dhuyb.cn/audit/Application/Common/Common/function.php 第 503 行.
NOTIC: [8] Undefined offset: 5 /www/wwwroot/dhuyb.cn/audit/Application/Common/Common/function.php 第 495 行.
NOTIC: [8] Undefined offset: 5 /www/wwwroot/dhuyb.cn/audit/Application/Common/Common/function.php 第 500 行.
NOTIC: [8] Undefined offset: 5 /www/wwwroot/dhuyb.cn/audit/Application/Common/Common/function.php 第 503 行.
NOTIC: [8] Undefined offset: 5 /www/wwwroot/dhuyb.cn/audit/Application/Common/Common/function.php 第 495 行.
NOTIC: [8] Undefined index: write /www/wwwroot/dhuyb.cn/audit/Application/Common/Common/function.php 第 498 行.
NOTIC: [8] Undefined offset: 5 /www/wwwroot/dhuyb.cn/audit/Application/Common/Common/function.php 第 500 行.
NOTIC: [8] Undefined offset: 5 /www/wwwroot/dhuyb.cn/audit/Application/Common/Common/function.php 第 503 行.
NOTIC: [8] Undefined offset: 5 /www/wwwroot/dhuyb.cn/audit/Application/Common/Common/function.php 第 495 行.
NOTIC: [8] Undefined offset: 5 /www/wwwroot/dhuyb.cn/audit/Application/Common/Common/function.php 第 500 行.
NOTIC: [8] Undefined offset: 5 /www/wwwroot/dhuyb.cn/audit/Application/Common/Common/function.php 第 503 行.
NOTIC: [8] Undefined offset: 5 /www/wwwroot/dhuyb.cn/audit/Application/Common/Common/function.php 第 495 行.
NOTIC: [8] Undefined offset: 5 /www/wwwroot/dhuyb.cn/audit/Application/Common/Common/function.php 第 500 行.
NOTIC: [8] Undefined offset: 5 /www/wwwroot/dhuyb.cn/audit/Application/Common/Common/function.php 第 503 行.
NOTIC: [8] Undefined offset: 5 /www/wwwroot/dhuyb.cn/audit/Application/Common/Common/function.php 第 495 行.
NOTIC: [8] Undefined index: write /www/wwwroot/dhuyb.cn/audit/Application/Common/Common/function.php 第 498 行.
NOTIC: [8] Undefined offset: 5 /www/wwwroot/dhuyb.cn/audit/Application/Common/Common/function.php 第 500 行.
NOTIC: [8] Undefined offset: 5 /www/wwwroot/dhuyb.cn/audit/Application/Common/Common/function.php 第 503 行.
NOTIC: [8] Undefined offset: 5 /www/wwwroot/dhuyb.cn/audit/Application/Common/Common/function.php 第 495 行.
NOTIC: [8] Undefined offset: 5 /www/wwwroot/dhuyb.cn/audit/Application/Common/Common/function.php 第 500 行.
NOTIC: [8] Undefined offset: 5 /www/wwwroot/dhuyb.cn/audit/Application/Common/Common/function.php 第 503 行.
NOTIC: [8] Undefined offset: 5 /www/wwwroot/dhuyb.cn/audit/Application/Common/Common/function.php 第 495 行.
NOTIC: [8] Undefined offset: 5 /www/wwwroot/dhuyb.cn/audit/Application/Common/Common/function.php 第 500 行.
NOTIC: [8] Undefined offset: 5 /www/wwwroot/dhuyb.cn/audit/Application/Common/Common/function.php 第 503 行.
NOTIC: [8] Undefined offset: 5 /www/wwwroot/dhuyb.cn/audit/Application/Common/Common/function.php 第 495 行.
NOTIC: [8] Undefined index: write /www/wwwroot/dhuyb.cn/audit/Application/Common/Common/function.php 第 498 行.
NOTIC: [8] Undefined offset: 5 /www/wwwroot/dhuyb.cn/audit/Application/Common/Common/function.php 第 500 行.
NOTIC: [8] Undefined offset: 5 /www/wwwroot/dhuyb.cn/audit/Application/Common/Common/function.php 第 503 行.
NOTIC: [8] Undefined offset: 5 /www/wwwroot/dhuyb.cn/audit/Application/Common/Common/function.php 第 495 行.
NOTIC: [8] Undefined offset: 5 /www/wwwroot/dhuyb.cn/audit/Application/Common/Common/function.php 第 500 行.
NOTIC: [8] Undefined offset: 5 /www/wwwroot/dhuyb.cn/audit/Application/Common/Common/function.php 第 503 行.
NOTIC: [8] Undefined offset: 5 /www/wwwroot/dhuyb.cn/audit/Application/Common/Common/function.php 第 495 行.
NOTIC: [8] Undefined offset: 5 /www/wwwroot/dhuyb.cn/audit/Application/Common/Common/function.php 第 500 行.
NOTIC: [8] Undefined offset: 5 /www/wwwroot/dhuyb.cn/audit/Application/Common/Common/function.php 第 503 行.
NOTIC: [8] Undefined offset: 5 /www/wwwroot/dhuyb.cn/audit/Application/Common/Common/function.php 第 495 行.
NOTIC: [8] Undefined index: write /www/wwwroot/dhuyb.cn/audit/Application/Common/Common/function.php 第 498 行.
NOTIC: [8] Undefined offset: 5 /www/wwwroot/dhuyb.cn/audit/Application/Common/Common/function.php 第 500 行.
NOTIC: [8] Undefined offset: 5 /www/wwwroot/dhuyb.cn/audit/Application/Common/Common/function.php 第 503 行.
NOTIC: [8] Undefined offset: 5 /www/wwwroot/dhuyb.cn/audit/Application/Common/Common/function.php 第 495 行.
NOTIC: [8] Undefined offset: 5 /www/wwwroot/dhuyb.cn/audit/Application/Common/Common/function.php 第 500 行.
NOTIC: [8] Undefined offset: 5 /www/wwwroot/dhuyb.cn/audit/Application/Common/Common/function.php 第 503 行.
NOTIC: [8] Undefined offset: 5 /www/wwwroot/dhuyb.cn/audit/Application/Common/Common/function.php 第 495 行.
NOTIC: [8] Undefined offset: 5 /www/wwwroot/dhuyb.cn/audit/Application/Common/Common/function.php 第 500 行.
NOTIC: [8] Undefined offset: 5 /www/wwwroot/dhuyb.cn/audit/Application/Common/Common/function.php 第 503 行.
NOTIC: [8] Undefined offset: 5 /www/wwwroot/dhuyb.cn/audit/Application/Common/Common/function.php 第 495 行.
NOTIC: [8] Undefined index: write /www/wwwroot/dhuyb.cn/audit/Application/Common/Common/function.php 第 498 行.
NOTIC: [8] Undefined offset: 5 /www/wwwroot/dhuyb.cn/audit/Application/Common/Common/function.php 第 500 行.
NOTIC: [8] Undefined offset: 5 /www/wwwroot/dhuyb.cn/audit/Application/Common/Common/function.php 第 503 行.
NOTIC: [8] Undefined offset: 5 /www/wwwroot/dhuyb.cn/audit/Application/Common/Common/function.php 第 495 行.
NOTIC: [8] Undefined offset: 5 /www/wwwroot/dhuyb.cn/audit/Application/Common/Common/function.php 第 500 行.
NOTIC: [8] Undefined offset: 5 /www/wwwroot/dhuyb.cn/audit/Application/Common/Common/function.php 第 503 行.
NOTIC: [8] Undefined offset: 5 /www/wwwroot/dhuyb.cn/audit/Application/Common/Common/function.php 第 495 行.
NOTIC: [8] Undefined offset: 5 /www/wwwroot/dhuyb.cn/audit/Application/Common/Common/function.php 第 500 行.
NOTIC: [8] Undefined offset: 5 /www/wwwroot/dhuyb.cn/audit/Application/Common/Common/function.php 第 503 行.
NOTIC: [8] Undefined offset: 5 /www/wwwroot/dhuyb.cn/audit/Application/Common/Common/function.php 第 495 行.
NOTIC: [8] Undefined index: write /www/wwwroot/dhuyb.cn/audit/Application/Common/Common/function.php 第 498 行.
NOTIC: [8] Undefined offset: 5 /www/wwwroot/dhuyb.cn/audit/Application/Common/Common/function.php 第 500 行.
NOTIC: [8] Undefined offset: 5 /www/wwwroot/dhuyb.cn/audit/Application/Common/Common/function.php 第 503 行.
NOTIC: [8] Undefined offset: 5 /www/wwwroot/dhuyb.cn/audit/Application/Common/Common/function.php 第 495 行.
NOTIC: [8] Undefined offset: 5 /www/wwwroot/dhuyb.cn/audit/Application/Common/Common/function.php 第 500 行.
NOTIC: [8] Undefined offset: 5 /www/wwwroot/dhuyb.cn/audit/Application/Common/Common/function.php 第 503 行.
NOTIC: [8] Undefined offset: 5 /www/wwwroot/dhuyb.cn/audit/Application/Common/Common/function.php 第 495 行.
NOTIC: [8] Undefined offset: 5 /www/wwwroot/dhuyb.cn/audit/Application/Common/Common/function.php 第 500 行.
NOTIC: [8] Undefined offset: 5 /www/wwwroot/dhuyb.cn/audit/Application/Common/Common/function.php 第 503 行.
NOTIC: [8] Undefined offset: 5 /www/wwwroot/dhuyb.cn/audit/Application/Common/Common/function.php 第 495 行.
NOTIC: [8] Undefined index: write /www/wwwroot/dhuyb.cn/audit/Application/Common/Common/function.php 第 498 行.
NOTIC: [8] Undefined offset: 5 /www/wwwroot/dhuyb.cn/audit/Application/Common/Common/function.php 第 500 行.
NOTIC: [8] Undefined offset: 5 /www/wwwroot/dhuyb.cn/audit/Application/Common/Common/function.php 第 503 行.
NOTIC: [8] Undefined offset: 5 /www/wwwroot/dhuyb.cn/audit/Application/Common/Common/function.php 第 495 行.
NOTIC: [8] Undefined offset: 5 /www/wwwroot/dhuyb.cn/audit/Application/Common/Common/function.php 第 500 行.
NOTIC: [8] Undefined offset: 5 /www/wwwroot/dhuyb.cn/audit/Application/Common/Common/function.php 第 503 行.
NOTIC: [8] Undefined offset: 5 /www/wwwroot/dhuyb.cn/audit/Application/Common/Common/function.php 第 495 行.
NOTIC: [8] Undefined offset: 5 /www/wwwroot/dhuyb.cn/audit/Application/Common/Common/function.php 第 500 行.
NOTIC: [8] Undefined offset: 5 /www/wwwroot/dhuyb.cn/audit/Application/Common/Common/function.php 第 503 行.
NOTIC: [8] Undefined offset: 5 /www/wwwroot/dhuyb.cn/audit/Application/Common/Common/function.php 第 495 行.
NOTIC: [8] Undefined index: write /www/wwwroot/dhuyb.cn/audit/Application/Common/Common/function.php 第 498 行.
NOTIC: [8] Undefined offset: 5 /www/wwwroot/dhuyb.cn/audit/Application/Common/Common/function.php 第 500 行.
NOTIC: [8] Undefined offset: 5 /www/wwwroot/dhuyb.cn/audit/Application/Common/Common/function.php 第 503 行.
NOTIC: [8] Undefined offset: 5 /www/wwwroot/dhuyb.cn/audit/Application/Common/Common/function.php 第 495 行.
NOTIC: [8] Undefined offset: 5 /www/wwwroot/dhuyb.cn/audit/Application/Common/Common/function.php 第 500 行.
NOTIC: [8] Undefined offset: 5 /www/wwwroot/dhuyb.cn/audit/Application/Common/Common/function.php 第 503 行.
NOTIC: [8] Undefined offset: 5 /www/wwwroot/dhuyb.cn/audit/Application/Common/Common/function.php 第 495 行.
NOTIC: [8] Undefined offset: 5 /www/wwwroot/dhuyb.cn/audit/Application/Common/Common/function.php 第 500 行.
NOTIC: [8] Undefined offset: 5 /www/wwwroot/dhuyb.cn/audit/Application/Common/Common/function.php 第 503 行.
NOTIC: [8] Undefined offset: 5 /www/wwwroot/dhuyb.cn/audit/Application/Common/Common/function.php 第 495 行.
NOTIC: [8] Undefined index: write /www/wwwroot/dhuyb.cn/audit/Application/Common/Common/function.php 第 498 行.
NOTIC: [8] Undefined offset: 5 /www/wwwroot/dhuyb.cn/audit/Application/Common/Common/function.php 第 500 行.
NOTIC: [8] Undefined offset: 5 /www/wwwroot/dhuyb.cn/audit/Application/Common/Common/function.php 第 503 行.
NOTIC: [8] Undefined offset: 5 /www/wwwroot/dhuyb.cn/audit/Application/Common/Common/function.php 第 495 行.
NOTIC: [8] Undefined offset: 5 /www/wwwroot/dhuyb.cn/audit/Application/Common/Common/function.php 第 500 行.
NOTIC: [8] Undefined offset: 5 /www/wwwroot/dhuyb.cn/audit/Application/Common/Common/function.php 第 503 行.
NOTIC: [8] Undefined offset: 5 /www/wwwroot/dhuyb.cn/audit/Application/Common/Common/function.php 第 495 行.
NOTIC: [8] Undefined offset: 5 /www/wwwroot/dhuyb.cn/audit/Application/Common/Common/function.php 第 500 行.
NOTIC: [8] Undefined offset: 5 /www/wwwroot/dhuyb.cn/audit/Application/Common/Common/function.php 第 503 行.
NOTIC: [8] Undefined offset: 5 /www/wwwroot/dhuyb.cn/audit/Application/Common/Common/function.php 第 495 行.
NOTIC: [8] Undefined index: write /www/wwwroot/dhuyb.cn/audit/Application/Common/Common/function.php 第 498 行.
NOTIC: [8] Undefined offset: 5 /www/wwwroot/dhuyb.cn/audit/Application/Common/Common/function.php 第 500 行.
NOTIC: [8] Undefined offset: 5 /www/wwwroot/dhuyb.cn/audit/Application/Common/Common/function.php 第 503 行.
NOTIC: [8] Undefined offset: 5 /www/wwwroot/dhuyb.cn/audit/Application/Common/Common/function.php 第 495 行.
NOTIC: [8] Undefined offset: 5 /www/wwwroot/dhuyb.cn/audit/Application/Common/Common/function.php 第 500 行.
NOTIC: [8] Undefined offset: 5 /www/wwwroot/dhuyb.cn/audit/Application/Common/Common/function.php 第 503 行.
NOTIC: [8] Undefined offset: 5 /www/wwwroot/dhuyb.cn/audit/Application/Common/Common/function.php 第 495 行.
NOTIC: [8] Undefined offset: 5 /www/wwwroot/dhuyb.cn/audit/Application/Common/Common/function.php 第 500 行.
NOTIC: [8] Undefined offset: 5 /www/wwwroot/dhuyb.cn/audit/Application/Common/Common/function.php 第 503 行.
NOTIC: [8] Undefined offset: 5 /www/wwwroot/dhuyb.cn/audit/Application/Common/Common/function.php 第 495 行.
NOTIC: [8] Undefined index: write /www/wwwroot/dhuyb.cn/audit/Application/Common/Common/function.php 第 498 行.
NOTIC: [8] Undefined offset: 5 /www/wwwroot/dhuyb.cn/audit/Application/Common/Common/function.php 第 500 行.
NOTIC: [8] Undefined offset: 5 /www/wwwroot/dhuyb.cn/audit/Application/Common/Common/function.php 第 503 行.
NOTIC: [8] Undefined offset: 5 /www/wwwroot/dhuyb.cn/audit/Application/Common/Common/function.php 第 495 行.
NOTIC: [8] Undefined offset: 5 /www/wwwroot/dhuyb.cn/audit/Application/Common/Common/function.php 第 500 行.
NOTIC: [8] Undefined offset: 5 /www/wwwroot/dhuyb.cn/audit/Application/Common/Common/function.php 第 503 行.
NOTIC: [8] Undefined offset: 5 /www/wwwroot/dhuyb.cn/audit/Application/Common/Common/function.php 第 495 行.
NOTIC: [8] Undefined offset: 5 /www/wwwroot/dhuyb.cn/audit/Application/Common/Common/function.php 第 500 行.
NOTIC: [8] Undefined offset: 5 /www/wwwroot/dhuyb.cn/audit/Application/Common/Common/function.php 第 503 行.
NOTIC: [8] Undefined offset: 5 /www/wwwroot/dhuyb.cn/audit/Application/Common/Common/function.php 第 495 行.
NOTIC: [8] Undefined index: write /www/wwwroot/dhuyb.cn/audit/Application/Common/Common/function.php 第 498 行.
NOTIC: [8] Undefined offset: 5 /www/wwwroot/dhuyb.cn/audit/Application/Common/Common/function.php 第 500 行.
NOTIC: [8] Undefined offset: 5 /www/wwwroot/dhuyb.cn/audit/Application/Common/Common/function.php 第 503 行.
NOTIC: [8] Undefined offset: 5 /www/wwwroot/dhuyb.cn/audit/Application/Common/Common/function.php 第 495 行.
NOTIC: [8] Undefined offset: 5 /www/wwwroot/dhuyb.cn/audit/Application/Common/Common/function.php 第 500 行.
NOTIC: [8] Undefined offset: 5 /www/wwwroot/dhuyb.cn/audit/Application/Common/Common/function.php 第 503 行.
NOTIC: [8] Undefined offset: 5 /www/wwwroot/dhuyb.cn/audit/Application/Common/Common/function.php 第 495 行.
NOTIC: [8] Undefined offset: 5 /www/wwwroot/dhuyb.cn/audit/Application/Common/Common/function.php 第 500 行.
NOTIC: [8] Undefined offset: 5 /www/wwwroot/dhuyb.cn/audit/Application/Common/Common/function.php 第 503 行.
NOTIC: [8] Undefined offset: 5 /www/wwwroot/dhuyb.cn/audit/Application/Common/Common/function.php 第 495 行.
NOTIC: [8] Undefined index: write /www/wwwroot/dhuyb.cn/audit/Application/Common/Common/function.php 第 498 行.
NOTIC: [8] Undefined offset: 5 /www/wwwroot/dhuyb.cn/audit/Application/Common/Common/function.php 第 500 行.
NOTIC: [8] Undefined offset: 5 /www/wwwroot/dhuyb.cn/audit/Application/Common/Common/function.php 第 503 行.
NOTIC: [8] Undefined offset: 5 /www/wwwroot/dhuyb.cn/audit/Application/Common/Common/function.php 第 495 行.
NOTIC: [8] Undefined offset: 5 /www/wwwroot/dhuyb.cn/audit/Application/Common/Common/function.php 第 500 行.
NOTIC: [8] Undefined offset: 5 /www/wwwroot/dhuyb.cn/audit/Application/Common/Common/function.php 第 503 行.
NOTIC: [8] Undefined offset: 5 /www/wwwroot/dhuyb.cn/audit/Application/Common/Common/function.php 第 495 行.
NOTIC: [8] Undefined offset: 5 /www/wwwroot/dhuyb.cn/audit/Application/Common/Common/function.php 第 500 行.
NOTIC: [8] Undefined offset: 5 /www/wwwroot/dhuyb.cn/audit/Application/Common/Common/function.php 第 503 行.
NOTIC: [8] Undefined offset: 5 /www/wwwroot/dhuyb.cn/audit/Application/Common/Common/function.php 第 495 行.
NOTIC: [8] Undefined index: write /www/wwwroot/dhuyb.cn/audit/Application/Common/Common/function.php 第 498 行.
NOTIC: [8] Undefined offset: 5 /www/wwwroot/dhuyb.cn/audit/Application/Common/Common/function.php 第 500 行.
NOTIC: [8] Undefined offset: 5 /www/wwwroot/dhuyb.cn/audit/Application/Common/Common/function.php 第 503 行.
NOTIC: [8] Undefined offset: 5 /www/wwwroot/dhuyb.cn/audit/Application/Common/Common/function.php 第 495 行.
NOTIC: [8] Undefined offset: 5 /www/wwwroot/dhuyb.cn/audit/Application/Common/Common/function.php 第 500 行.
NOTIC: [8] Undefined offset: 5 /www/wwwroot/dhuyb.cn/audit/Application/Common/Common/function.php 第 503 行.
NOTIC: [8] Undefined offset: 5 /www/wwwroot/dhuyb.cn/audit/Application/Common/Common/function.php 第 495 行.
NOTIC: [8] Undefined offset: 5 /www/wwwroot/dhuyb.cn/audit/Application/Common/Common/function.php 第 500 行.
NOTIC: [8] Undefined offset: 5 /www/wwwroot/dhuyb.cn/audit/Application/Common/Common/function.php 第 503 行.
NOTIC: [8] Undefined offset: 5 /www/wwwroot/dhuyb.cn/audit/Application/Common/Common/function.php 第 495 行.
NOTIC: [8] Undefined index: write /www/wwwroot/dhuyb.cn/audit/Application/Common/Common/function.php 第 498 行.
NOTIC: [8] Undefined offset: 5 /www/wwwroot/dhuyb.cn/audit/Application/Common/Common/function.php 第 500 行.
NOTIC: [8] Undefined offset: 5 /www/wwwroot/dhuyb.cn/audit/Application/Common/Common/function.php 第 503 行.
NOTIC: [8] Undefined offset: 5 /www/wwwroot/dhuyb.cn/audit/Application/Common/Common/function.php 第 495 行.
NOTIC: [8] Undefined offset: 5 /www/wwwroot/dhuyb.cn/audit/Application/Common/Common/function.php 第 500 行.
NOTIC: [8] Undefined offset: 5 /www/wwwroot/dhuyb.cn/audit/Application/Common/Common/function.php 第 503 行.
NOTIC: [8] Undefined offset: 5 /www/wwwroot/dhuyb.cn/audit/Application/Common/Common/function.php 第 495 行.
NOTIC: [8] Undefined offset: 5 /www/wwwroot/dhuyb.cn/audit/Application/Common/Common/function.php 第 500 行.
NOTIC: [8] Undefined offset: 5 /www/wwwroot/dhuyb.cn/audit/Application/Common/Common/function.php 第 503 行.
NOTIC: [8] Undefined offset: 5 /www/wwwroot/dhuyb.cn/audit/Application/Common/Common/function.php 第 495 行.
NOTIC: [8] Undefined index: write /www/wwwroot/dhuyb.cn/audit/Application/Common/Common/function.php 第 498 行.
NOTIC: [8] Undefined offset: 5 /www/wwwroot/dhuyb.cn/audit/Application/Common/Common/function.php 第 500 行.
NOTIC: [8] Undefined offset: 5 /www/wwwroot/dhuyb.cn/audit/Application/Common/Common/function.php 第 503 行.
NOTIC: [8] Undefined offset: 5 /www/wwwroot/dhuyb.cn/audit/Application/Common/Common/function.php 第 495 行.
NOTIC: [8] Undefined offset: 5 /www/wwwroot/dhuyb.cn/audit/Application/Common/Common/function.php 第 500 行.
NOTIC: [8] Undefined offset: 5 /www/wwwroot/dhuyb.cn/audit/Application/Common/Common/function.php 第 503 行.
NOTIC: [8] Undefined offset: 5 /www/wwwroot/dhuyb.cn/audit/Application/Common/Common/function.php 第 495 行.
NOTIC: [8] Undefined offset: 5 /www/wwwroot/dhuyb.cn/audit/Application/Common/Common/function.php 第 500 行.
NOTIC: [8] Undefined offset: 5 /www/wwwroot/dhuyb.cn/audit/Application/Common/Common/function.php 第 503 行.
NOTIC: [8] Undefined offset: 5 /www/wwwroot/dhuyb.cn/audit/Application/Common/Common/function.php 第 495 行.
NOTIC: [8] Undefined index: write /www/wwwroot/dhuyb.cn/audit/Application/Common/Common/function.php 第 498 行.
NOTIC: [8] Undefined offset: 5 /www/wwwroot/dhuyb.cn/audit/Application/Common/Common/function.php 第 500 行.
NOTIC: [8] Undefined offset: 5 /www/wwwroot/dhuyb.cn/audit/Application/Common/Common/function.php 第 503 行.
NOTIC: [8] Undefined offset: 5 /www/wwwroot/dhuyb.cn/audit/Application/Common/Common/function.php 第 495 行.
NOTIC: [8] Undefined offset: 5 /www/wwwroot/dhuyb.cn/audit/Application/Common/Common/function.php 第 500 行.
NOTIC: [8] Undefined offset: 5 /www/wwwroot/dhuyb.cn/audit/Application/Common/Common/function.php 第 503 行.
NOTIC: [8] Undefined offset: 5 /www/wwwroot/dhuyb.cn/audit/Application/Common/Common/function.php 第 495 行.
NOTIC: [8] Undefined offset: 5 /www/wwwroot/dhuyb.cn/audit/Application/Common/Common/function.php 第 500 行.
NOTIC: [8] Undefined offset: 5 /www/wwwroot/dhuyb.cn/audit/Application/Common/Common/function.php 第 503 行.
NOTIC: [8] Undefined offset: 5 /www/wwwroot/dhuyb.cn/audit/Application/Common/Common/function.php 第 495 行.
NOTIC: [8] Undefined index: write /www/wwwroot/dhuyb.cn/audit/Application/Common/Common/function.php 第 498 行.
NOTIC: [8] Undefined offset: 5 /www/wwwroot/dhuyb.cn/audit/Application/Common/Common/function.php 第 500 行.
NOTIC: [8] Undefined offset: 5 /www/wwwroot/dhuyb.cn/audit/Application/Common/Common/function.php 第 503 行.
NOTIC: [8] Undefined offset: 5 /www/wwwroot/dhuyb.cn/audit/Application/Common/Common/function.php 第 495 行.
NOTIC: [8] Undefined offset: 5 /www/wwwroot/dhuyb.cn/audit/Application/Common/Common/function.php 第 500 行.
NOTIC: [8] Undefined offset: 5 /www/wwwroot/dhuyb.cn/audit/Application/Common/Common/function.php 第 503 行.
NOTIC: [8] Undefined offset: 5 /www/wwwroot/dhuyb.cn/audit/Application/Common/Common/function.php 第 495 行.
NOTIC: [8] Undefined offset: 5 /www/wwwroot/dhuyb.cn/audit/Application/Common/Common/function.php 第 500 行.
NOTIC: [8] Undefined offset: 5 /www/wwwroot/dhuyb.cn/audit/Application/Common/Common/function.php 第 503 行.
NOTIC: [8] Undefined offset: 5 /www/wwwroot/dhuyb.cn/audit/Application/Common/Common/function.php 第 495 行.
NOTIC: [8] Undefined index: write /www/wwwroot/dhuyb.cn/audit/Application/Common/Common/function.php 第 498 行.
NOTIC: [8] Undefined offset: 5 /www/wwwroot/dhuyb.cn/audit/Application/Common/Common/function.php 第 500 行.
NOTIC: [8] Undefined offset: 5 /www/wwwroot/dhuyb.cn/audit/Application/Common/Common/function.php 第 503 行.
NOTIC: [8] Undefined offset: 5 /www/wwwroot/dhuyb.cn/audit/Application/Common/Common/function.php 第 495 行.
NOTIC: [8] Undefined offset: 5 /www/wwwroot/dhuyb.cn/audit/Application/Common/Common/function.php 第 500 行.
NOTIC: [8] Undefined offset: 5 /www/wwwroot/dhuyb.cn/audit/Application/Common/Common/function.php 第 503 行.
NOTIC: [8] Undefined offset: 5 /www/wwwroot/dhuyb.cn/audit/Application/Common/Common/function.php 第 495 行.
NOTIC: [8] Undefined offset: 5 /www/wwwroot/dhuyb.cn/audit/Application/Common/Common/function.php 第 500 行.
NOTIC: [8] Undefined offset: 5 /www/wwwroot/dhuyb.cn/audit/Application/Common/Common/function.php 第 503 行.
NOTIC: [8] Undefined offset: 5 /www/wwwroot/dhuyb.cn/audit/Application/Common/Common/function.php 第 495 行.
NOTIC: [8] Undefined index: write /www/wwwroot/dhuyb.cn/audit/Application/Common/Common/function.php 第 498 行.
NOTIC: [8] Undefined offset: 5 /www/wwwroot/dhuyb.cn/audit/Application/Common/Common/function.php 第 500 行.
NOTIC: [8] Undefined offset: 5 /www/wwwroot/dhuyb.cn/audit/Application/Common/Common/function.php 第 503 行.
NOTIC: [8] Undefined offset: 5 /www/wwwroot/dhuyb.cn/audit/Application/Common/Common/function.php 第 495 行.
NOTIC: [8] Undefined offset: 5 /www/wwwroot/dhuyb.cn/audit/Application/Common/Common/function.php 第 500 行.
NOTIC: [8] Undefined offset: 5 /www/wwwroot/dhuyb.cn/audit/Application/Common/Common/function.php 第 503 行.
NOTIC: [8] Undefined offset: 5 /www/wwwroot/dhuyb.cn/audit/Application/Common/Common/function.php 第 495 行.
NOTIC: [8] Undefined offset: 5 /www/wwwroot/dhuyb.cn/audit/Application/Common/Common/function.php 第 500 行.
NOTIC: [8] Undefined offset: 5 /www/wwwroot/dhuyb.cn/audit/Application/Common/Common/function.php 第 503 行.
NOTIC: [8] Undefined offset: 5 /www/wwwroot/dhuyb.cn/audit/Application/Common/Common/function.php 第 495 行.
NOTIC: [8] Undefined index: write /www/wwwroot/dhuyb.cn/audit/Application/Common/Common/function.php 第 498 行.
NOTIC: [8] Undefined offset: 5 /www/wwwroot/dhuyb.cn/audit/Application/Common/Common/function.php 第 500 行.
NOTIC: [8] Undefined offset: 5 /www/wwwroot/dhuyb.cn/audit/Application/Common/Common/function.php 第 503 行.
NOTIC: [8] Undefined offset: 5 /www/wwwroot/dhuyb.cn/audit/Application/Common/Common/function.php 第 495 行.
NOTIC: [8] Undefined offset: 5 /www/wwwroot/dhuyb.cn/audit/Application/Common/Common/function.php 第 500 行.
NOTIC: [8] Undefined offset: 5 /www/wwwroot/dhuyb.cn/audit/Application/Common/Common/function.php 第 503 行.
NOTIC: [8] Undefined offset: 5 /www/wwwroot/dhuyb.cn/audit/Application/Common/Common/function.php 第 495 行.
NOTIC: [8] Undefined offset: 5 /www/wwwroot/dhuyb.cn/audit/Application/Common/Common/function.php 第 500 行.
NOTIC: [8] Undefined offset: 5 /www/wwwroot/dhuyb.cn/audit/Application/Common/Common/function.php 第 503 行.
NOTIC: [8] Undefined offset: 5 /www/wwwroot/dhuyb.cn/audit/Application/Common/Common/function.php 第 495 行.
NOTIC: [8] Undefined index: write /www/wwwroot/dhuyb.cn/audit/Application/Common/Common/function.php 第 498 行.
NOTIC: [8] Undefined offset: 5 /www/wwwroot/dhuyb.cn/audit/Application/Common/Common/function.php 第 500 行.
NOTIC: [8] Undefined offset: 5 /www/wwwroot/dhuyb.cn/audit/Application/Common/Common/function.php 第 503 行.
NOTIC: [8] Undefined offset: 5 /www/wwwroot/dhuyb.cn/audit/Application/Common/Common/function.php 第 495 行.
NOTIC: [8] Undefined offset: 5 /www/wwwroot/dhuyb.cn/audit/Application/Common/Common/function.php 第 500 行.
NOTIC: [8] Undefined offset: 5 /www/wwwroot/dhuyb.cn/audit/Application/Common/Common/function.php 第 503 行.
NOTIC: [8] Undefined offset: 5 /www/wwwroot/dhuyb.cn/audit/Application/Common/Common/function.php 第 495 行.
NOTIC: [8] Undefined offset: 5 /www/wwwroot/dhuyb.cn/audit/Application/Common/Common/function.php 第 500 行.
NOTIC: [8] Undefined offset: 5 /www/wwwroot/dhuyb.cn/audit/Application/Common/Common/function.php 第 503 行.
NOTIC: [8] Undefined offset: 5 /www/wwwroot/dhuyb.cn/audit/Application/Common/Common/function.php 第 495 行.
NOTIC: [8] Undefined index: write /www/wwwroot/dhuyb.cn/audit/Application/Common/Common/function.php 第 498 行.
NOTIC: [8] Undefined offset: 5 /www/wwwroot/dhuyb.cn/audit/Application/Common/Common/function.php 第 500 行.
NOTIC: [8] Undefined offset: 5 /www/wwwroot/dhuyb.cn/audit/Application/Common/Common/function.php 第 503 行.
NOTIC: [8] Undefined offset: 5 /www/wwwroot/dhuyb.cn/audit/Application/Common/Common/function.php 第 495 行.
NOTIC: [8] Undefined offset: 5 /www/wwwroot/dhuyb.cn/audit/Application/Common/Common/function.php 第 500 行.
NOTIC: [8] Undefined offset: 5 /www/wwwroot/dhuyb.cn/audit/Application/Common/Common/function.php 第 503 行.
NOTIC: [8] Undefined offset: 5 /www/wwwroot/dhuyb.cn/audit/Application/Common/Common/function.php 第 495 行.
NOTIC: [8] Undefined offset: 5 /www/wwwroot/dhuyb.cn/audit/Application/Common/Common/function.php 第 500 行.
NOTIC: [8] Undefined offset: 5 /www/wwwroot/dhuyb.cn/audit/Application/Common/Common/function.php 第 503 行.
NOTIC: [8] Undefined offset: 5 /www/wwwroot/dhuyb.cn/audit/Application/Common/Common/function.php 第 495 行.
NOTIC: [8] Undefined index: write /www/wwwroot/dhuyb.cn/audit/Application/Common/Common/function.php 第 498 行.
NOTIC: [8] Undefined offset: 5 /www/wwwroot/dhuyb.cn/audit/Application/Common/Common/function.php 第 500 行.
NOTIC: [8] Undefined offset: 5 /www/wwwroot/dhuyb.cn/audit/Application/Common/Common/function.php 第 503 行.
NOTIC: [8] Undefined offset: 5 /www/wwwroot/dhuyb.cn/audit/Application/Common/Common/function.php 第 495 行.
NOTIC: [8] Undefined offset: 5 /www/wwwroot/dhuyb.cn/audit/Application/Common/Common/function.php 第 500 行.
NOTIC: [8] Undefined offset: 5 /www/wwwroot/dhuyb.cn/audit/Application/Common/Common/function.php 第 503 行.
NOTIC: [8] Undefined offset: 5 /www/wwwroot/dhuyb.cn/audit/Application/Common/Common/function.php 第 495 行.
NOTIC: [8] Undefined offset: 5 /www/wwwroot/dhuyb.cn/audit/Application/Common/Common/function.php 第 500 行.
NOTIC: [8] Undefined offset: 5 /www/wwwroot/dhuyb.cn/audit/Application/Common/Common/function.php 第 503 行.
NOTIC: [8] Undefined offset: 5 /www/wwwroot/dhuyb.cn/audit/Application/Common/Common/function.php 第 495 行.
NOTIC: [8] Undefined index: write /www/wwwroot/dhuyb.cn/audit/Application/Common/Common/function.php 第 498 行.
NOTIC: [8] Undefined offset: 5 /www/wwwroot/dhuyb.cn/audit/Application/Common/Common/function.php 第 500 行.
NOTIC: [8] Undefined offset: 5 /www/wwwroot/dhuyb.cn/audit/Application/Common/Common/function.php 第 503 行.
NOTIC: [8] Undefined offset: 5 /www/wwwroot/dhuyb.cn/audit/Application/Common/Common/function.php 第 495 行.
NOTIC: [8] Undefined offset: 5 /www/wwwroot/dhuyb.cn/audit/Application/Common/Common/function.php 第 500 行.
NOTIC: [8] Undefined offset: 5 /www/wwwroot/dhuyb.cn/audit/Application/Common/Common/function.php 第 503 行.
NOTIC: [8] Undefined offset: 5 /www/wwwroot/dhuyb.cn/audit/Application/Common/Common/function.php 第 495 行.
NOTIC: [8] Undefined offset: 5 /www/wwwroot/dhuyb.cn/audit/Application/Common/Common/function.php 第 500 行.
NOTIC: [8] Undefined offset: 5 /www/wwwroot/dhuyb.cn/audit/Application/Common/Common/function.php 第 503 行.
NOTIC: [8] Undefined offset: 5 /www/wwwroot/dhuyb.cn/audit/Application/Common/Common/function.php 第 495 行.
NOTIC: [8] Undefined index: write /www/wwwroot/dhuyb.cn/audit/Application/Common/Common/function.php 第 498 行.
NOTIC: [8] Undefined offset: 5 /www/wwwroot/dhuyb.cn/audit/Application/Common/Common/function.php 第 500 行.
NOTIC: [8] Undefined offset: 5 /www/wwwroot/dhuyb.cn/audit/Application/Common/Common/function.php 第 503 行.
NOTIC: [8] Undefined offset: 5 /www/wwwroot/dhuyb.cn/audit/Application/Common/Common/function.php 第 495 行.
NOTIC: [8] Undefined offset: 5 /www/wwwroot/dhuyb.cn/audit/Application/Common/Common/function.php 第 500 行.
NOTIC: [8] Undefined offset: 5 /www/wwwroot/dhuyb.cn/audit/Application/Common/Common/function.php 第 503 行.
NOTIC: [8] Undefined offset: 5 /www/wwwroot/dhuyb.cn/audit/Application/Common/Common/function.php 第 495 行.
NOTIC: [8] Undefined offset: 5 /www/wwwroot/dhuyb.cn/audit/Application/Common/Common/function.php 第 500 行.
NOTIC: [8] Undefined offset: 5 /www/wwwroot/dhuyb.cn/audit/Application/Common/Common/function.php 第 503 行.
NOTIC: [8] Undefined offset: 5 /www/wwwroot/dhuyb.cn/audit/Application/Common/Common/function.php 第 495 行.
NOTIC: [8] Undefined index: write /www/wwwroot/dhuyb.cn/audit/Application/Common/Common/function.php 第 498 行.
NOTIC: [8] Undefined offset: 5 /www/wwwroot/dhuyb.cn/audit/Application/Common/Common/function.php 第 500 行.
NOTIC: [8] Undefined offset: 5 /www/wwwroot/dhuyb.cn/audit/Application/Common/Common/function.php 第 503 行.
NOTIC: [8] Undefined offset: 5 /www/wwwroot/dhuyb.cn/audit/Application/Common/Common/function.php 第 495 行.
NOTIC: [8] Undefined offset: 5 /www/wwwroot/dhuyb.cn/audit/Application/Common/Common/function.php 第 500 行.
NOTIC: [8] Undefined offset: 5 /www/wwwroot/dhuyb.cn/audit/Application/Common/Common/function.php 第 503 行.
NOTIC: [8] Undefined offset: 5 /www/wwwroot/dhuyb.cn/audit/Application/Common/Common/function.php 第 495 行.
NOTIC: [8] Undefined offset: 5 /www/wwwroot/dhuyb.cn/audit/Application/Common/Common/function.php 第 500 行.
NOTIC: [8] Undefined offset: 5 /www/wwwroot/dhuyb.cn/audit/Application/Common/Common/function.php 第 503 行.
NOTIC: [8] Undefined offset: 5 /www/wwwroot/dhuyb.cn/audit/Application/Common/Common/function.php 第 495 行.
NOTIC: [8] Undefined index: write /www/wwwroot/dhuyb.cn/audit/Application/Common/Common/function.php 第 498 行.
NOTIC: [8] Undefined offset: 5 /www/wwwroot/dhuyb.cn/audit/Application/Common/Common/function.php 第 500 行.
NOTIC: [8] Undefined offset: 5 /www/wwwroot/dhuyb.cn/audit/Application/Common/Common/function.php 第 503 行.
NOTIC: [8] Undefined offset: 5 /www/wwwroot/dhuyb.cn/audit/Application/Common/Common/function.php 第 495 行.
NOTIC: [8] Undefined offset: 5 /www/wwwroot/dhuyb.cn/audit/Application/Common/Common/function.php 第 500 行.
NOTIC: [8] Undefined offset: 5 /www/wwwroot/dhuyb.cn/audit/Application/Common/Common/function.php 第 503 行.
NOTIC: [8] Undefined offset: 5 /www/wwwroot/dhuyb.cn/audit/Application/Common/Common/function.php 第 495 行.
NOTIC: [8] Undefined offset: 5 /www/wwwroot/dhuyb.cn/audit/Application/Common/Common/function.php 第 500 行.
NOTIC: [8] Undefined offset: 5 /www/wwwroot/dhuyb.cn/audit/Application/Common/Common/function.php 第 503 行.
NOTIC: [8] Undefined offset: 5 /www/wwwroot/dhuyb.cn/audit/Application/Common/Common/function.php 第 495 行.
NOTIC: [8] Undefined index: write /www/wwwroot/dhuyb.cn/audit/Application/Common/Common/function.php 第 498 行.
NOTIC: [8] Undefined offset: 5 /www/wwwroot/dhuyb.cn/audit/Application/Common/Common/function.php 第 500 行.
NOTIC: [8] Undefined offset: 5 /www/wwwroot/dhuyb.cn/audit/Application/Common/Common/function.php 第 503 行.
NOTIC: [8] Undefined offset: 5 /www/wwwroot/dhuyb.cn/audit/Application/Common/Common/function.php 第 495 行.
NOTIC: [8] Undefined offset: 5 /www/wwwroot/dhuyb.cn/audit/Application/Common/Common/function.php 第 500 行.
NOTIC: [8] Undefined offset: 5 /www/wwwroot/dhuyb.cn/audit/Application/Common/Common/function.php 第 503 行.
NOTIC: [8] Undefined offset: 5 /www/wwwroot/dhuyb.cn/audit/Application/Common/Common/function.php 第 495 行.
NOTIC: [8] Undefined offset: 5 /www/wwwroot/dhuyb.cn/audit/Application/Common/Common/function.php 第 500 行.
NOTIC: [8] Undefined offset: 5 /www/wwwroot/dhuyb.cn/audit/Application/Common/Common/function.php 第 503 行.
NOTIC: [8] Undefined offset: 5 /www/wwwroot/dhuyb.cn/audit/Application/Common/Common/function.php 第 495 行.
NOTIC: [8] Undefined index: write /www/wwwroot/dhuyb.cn/audit/Application/Common/Common/function.php 第 498 行.
NOTIC: [8] Undefined offset: 5 /www/wwwroot/dhuyb.cn/audit/Application/Common/Common/function.php 第 500 行.
NOTIC: [8] Undefined offset: 5 /www/wwwroot/dhuyb.cn/audit/Application/Common/Common/function.php 第 503 行.
NOTIC: [8] Undefined offset: 5 /www/wwwroot/dhuyb.cn/audit/Application/Common/Common/function.php 第 495 行.
NOTIC: [8] Undefined offset: 5 /www/wwwroot/dhuyb.cn/audit/Application/Common/Common/function.php 第 500 行.
NOTIC: [8] Undefined offset: 5 /www/wwwroot/dhuyb.cn/audit/Application/Common/Common/function.php 第 503 行.
NOTIC: [8] Undefined offset: 5 /www/wwwroot/dhuyb.cn/audit/Application/Common/Common/function.php 第 495 行.
NOTIC: [8] Undefined offset: 5 /www/wwwroot/dhuyb.cn/audit/Application/Common/Common/function.php 第 500 行.
NOTIC: [8] Undefined offset: 5 /www/wwwroot/dhuyb.cn/audit/Application/Common/Common/function.php 第 503 行.
NOTIC: [8] Undefined offset: 5 /www/wwwroot/dhuyb.cn/audit/Application/Common/Common/function.php 第 495 行.
NOTIC: [8] Undefined index: write /www/wwwroot/dhuyb.cn/audit/Application/Common/Common/function.php 第 498 行.
NOTIC: [8] Undefined offset: 5 /www/wwwroot/dhuyb.cn/audit/Application/Common/Common/function.php 第 500 行.
NOTIC: [8] Undefined offset: 5 /www/wwwroot/dhuyb.cn/audit/Application/Common/Common/function.php 第 503 行.
NOTIC: [8] Undefined offset: 5 /www/wwwroot/dhuyb.cn/audit/Application/Common/Common/function.php 第 495 行.
NOTIC: [8] Undefined offset: 5 /www/wwwroot/dhuyb.cn/audit/Application/Common/Common/function.php 第 500 行.
NOTIC: [8] Undefined offset: 5 /www/wwwroot/dhuyb.cn/audit/Application/Common/Common/function.php 第 503 行.
NOTIC: [8] Undefined offset: 5 /www/wwwroot/dhuyb.cn/audit/Application/Common/Common/function.php 第 495 行.
NOTIC: [8] Undefined offset: 5 /www/wwwroot/dhuyb.cn/audit/Application/Common/Common/function.php 第 500 行.
NOTIC: [8] Undefined offset: 5 /www/wwwroot/dhuyb.cn/audit/Application/Common/Common/function.php 第 503 行.
NOTIC: [8] Undefined offset: 5 /www/wwwroot/dhuyb.cn/audit/Application/Common/Common/function.php 第 495 行.
NOTIC: [8] Undefined index: write /www/wwwroot/dhuyb.cn/audit/Application/Common/Common/function.php 第 498 行.
NOTIC: [8] Undefined offset: 5 /www/wwwroot/dhuyb.cn/audit/Application/Common/Common/function.php 第 500 行.
NOTIC: [8] Undefined offset: 5 /www/wwwroot/dhuyb.cn/audit/Application/Common/Common/function.php 第 503 行.
NOTIC: [8] Undefined offset: 5 /www/wwwroot/dhuyb.cn/audit/Application/Common/Common/function.php 第 495 行.
NOTIC: [8] Undefined offset: 5 /www/wwwroot/dhuyb.cn/audit/Application/Common/Common/function.php 第 500 行.
NOTIC: [8] Undefined offset: 5 /www/wwwroot/dhuyb.cn/audit/Application/Common/Common/function.php 第 503 行.
NOTIC: [8] Undefined offset: 5 /www/wwwroot/dhuyb.cn/audit/Application/Common/Common/function.php 第 495 行.
NOTIC: [8] Undefined offset: 5 /www/wwwroot/dhuyb.cn/audit/Application/Common/Common/function.php 第 500 行.
NOTIC: [8] Undefined offset: 5 /www/wwwroot/dhuyb.cn/audit/Application/Common/Common/function.php 第 503 行.
NOTIC: [8] Undefined offset: 5 /www/wwwroot/dhuyb.cn/audit/Application/Common/Common/function.php 第 495 行.
NOTIC: [8] Undefined index: write /www/wwwroot/dhuyb.cn/audit/Application/Common/Common/function.php 第 498 行.
NOTIC: [8] Undefined offset: 5 /www/wwwroot/dhuyb.cn/audit/Application/Common/Common/function.php 第 500 行.
NOTIC: [8] Undefined offset: 5 /www/wwwroot/dhuyb.cn/audit/Application/Common/Common/function.php 第 503 行.

[ 2019-11-12T10:00:21+08:00 ] 222.204.218.201 /audit/index.php/Home/Index/pp
INFO: [ app_init ] --START--
INFO: Run Behavior\BuildLiteBehavior [ RunTime:0.000011s ]
INFO: [ app_init ] --END-- [ RunTime:0.000366s ]
INFO: [ app_begin ] --START--
INFO: Run Behavior\ReadHtmlCacheBehavior [ RunTime:0.000469s ]
INFO: [ app_begin ] --END-- [ RunTime:0.000509s ]

[ 2019-11-12T10:00:21+08:00 ] 222.204.218.201 /audit/index.php/Home/Login/login.html
INFO: [ app_init ] --START--
INFO: Run Behavior\BuildLiteBehavior [ RunTime:0.000009s ]
INFO: [ app_init ] --END-- [ RunTime:0.000346s ]
INFO: [ app_begin ] --START--
INFO: Run Behavior\ReadHtmlCacheBehavior [ RunTime:0.000510s ]
INFO: [ app_begin ] --END-- [ RunTime:0.000555s ]
INFO: [ view_parse ] --START--
INFO: [ template_filter ] --START--
INFO: Run Behavior\ContentReplaceBehavior [ RunTime:0.000047s ]
INFO: [ template_filter ] --END-- [ RunTime:0.000091s ]
INFO: Run Behavior\ParseTemplateBehavior [ RunTime:0.005128s ]
INFO: [ view_parse ] --END-- [ RunTime:0.005169s ]
INFO: [ view_filter ] --START--
INFO: Run Behavior\WriteHtmlCacheBehavior [ RunTime:0.000203s ]
INFO: [ view_filter ] --END-- [ RunTime:0.000234s ]
INFO: [ app_end ] --START--
INFO: Run Behavior\ShowPageTraceBehavior [ RunTime:0.000516s ]
INFO: [ app_end ] --END-- [ RunTime:0.000552s ]

[ 2019-11-12T10:00:21+08:00 ] 222.204.218.201 /audit/index.php/Home/Login/verify
INFO: [ app_init ] --START--
INFO: Run Behavior\BuildLiteBehavior [ RunTime:0.000011s ]
INFO: [ app_init ] --END-- [ RunTime:0.000386s ]
INFO: [ app_begin ] --START--
INFO: Run Behavior\ReadHtmlCacheBehavior [ RunTime:0.000504s ]
INFO: [ app_begin ] --END-- [ RunTime:0.000543s ]
INFO: [ app_end ] --START--
INFO: Run Behavior\ShowPageTraceBehavior [ RunTime:0.000510s ]
INFO: [ app_end ] --END-- [ RunTime:0.000555s ]

[ 2019-11-12T12:20:25+08:00 ] 180.163.220.68 /audit/index.php/Home/program/audit_out_2
INFO: [ app_init ] --START--
INFO: Run Behavior\BuildLiteBehavior [ RunTime:0.000008s ]
INFO: [ app_init ] --END-- [ RunTime:0.000331s ]
INFO: [ app_begin ] --START--
INFO: Run Behavior\ReadHtmlCacheBehavior [ RunTime:0.000420s ]
INFO: [ app_begin ] --END-- [ RunTime:0.000455s ]

[ 2019-11-12T12:20:26+08:00 ] 180.163.220.68 /audit/index.php/Home/Login/login.html
INFO: [ app_init ] --START--
INFO: Run Behavior\BuildLiteBehavior [ RunTime:0.000021s ]
INFO: [ app_init ] --END-- [ RunTime:0.000338s ]
INFO: [ app_begin ] --START--
INFO: Run Behavior\ReadHtmlCacheBehavior [ RunTime:0.000461s ]
INFO: [ app_begin ] --END-- [ RunTime:0.000507s ]
INFO: [ view_parse ] --START--
INFO: [ template_filter ] --START--
INFO: Run Behavior\ContentReplaceBehavior [ RunTime:0.000067s ]
INFO: [ template_filter ] --END-- [ RunTime:0.000106s ]
INFO: Run Behavior\ParseTemplateBehavior [ RunTime:0.005101s ]
INFO: [ view_parse ] --END-- [ RunTime:0.005141s ]
INFO: [ view_filter ] --START--
INFO: Run Behavior\WriteHtmlCacheBehavior [ RunTime:0.000199s ]
INFO: [ view_filter ] --END-- [ RunTime:0.000228s ]
INFO: [ app_end ] --START--
INFO: Run Behavior\ShowPageTraceBehavior [ RunTime:0.000599s ]
INFO: [ app_end ] --END-- [ RunTime:0.000634s ]

[ 2019-11-12T12:20:26+08:00 ] 180.163.220.68 /audit/index.php/Home/program/audit_out_2
INFO: [ app_init ] --START--
INFO: Run Behavior\BuildLiteBehavior [ RunTime:0.000010s ]
INFO: [ app_init ] --END-- [ RunTime:0.000312s ]
INFO: [ app_begin ] --START--
INFO: Run Behavior\ReadHtmlCacheBehavior [ RunTime:0.000502s ]
INFO: [ app_begin ] --END-- [ RunTime:0.000543s ]

[ 2019-11-12T12:20:27+08:00 ] 180.163.220.68 /audit/index.php/Home/Login/login.html
INFO: [ app_init ] --START--
INFO: Run Behavior\BuildLiteBehavior [ RunTime:0.000010s ]
INFO: [ app_init ] --END-- [ RunTime:0.000324s ]
INFO: [ app_begin ] --START--
INFO: Run Behavior\ReadHtmlCacheBehavior [ RunTime:0.000451s ]
INFO: [ app_begin ] --END-- [ RunTime:0.000523s ]
INFO: [ view_parse ] --START--
INFO: [ template_filter ] --START--
INFO: Run Behavior\ContentReplaceBehavior [ RunTime:0.000042s ]
INFO: [ template_filter ] --END-- [ RunTime:0.000080s ]
INFO: Run Behavior\ParseTemplateBehavior [ RunTime:0.005226s ]
INFO: [ view_parse ] --END-- [ RunTime:0.005287s ]
INFO: [ view_filter ] --START--
INFO: Run Behavior\WriteHtmlCacheBehavior [ RunTime:0.000229s ]
INFO: [ view_filter ] --END-- [ RunTime:0.000264s ]
INFO: [ app_end ] --START--
INFO: Run Behavior\ShowPageTraceBehavior [ RunTime:0.000478s ]
INFO: [ app_end ] --END-- [ RunTime:0.000513s ]

[ 2019-11-12T12:20:40+08:00 ] 180.163.220.68 /audit/index.php/Home/Login/verify
INFO: [ app_init ] --START--
INFO: Run Behavior\BuildLiteBehavior [ RunTime:0.000009s ]
INFO: [ app_init ] --END-- [ RunTime:0.000323s ]
INFO: [ app_begin ] --START--
INFO: Run Behavior\ReadHtmlCacheBehavior [ RunTime:0.000438s ]
INFO: [ app_begin ] --END-- [ RunTime:0.000473s ]
INFO: [ app_end ] --START--
INFO: Run Behavior\ShowPageTraceBehavior [ RunTime:0.000447s ]
INFO: [ app_end ] --END-- [ RunTime:0.000497s ]

[ 2019-11-12T12:21:50+08:00 ] 42.236.10.114 /audit/index.php/Home/Program/index
INFO: [ app_init ] --START--
INFO: Run Behavior\BuildLiteBehavior [ RunTime:0.000010s ]
INFO: [ app_init ] --END-- [ RunTime:0.000346s ]
INFO: [ app_begin ] --START--
INFO: Run Behavior\ReadHtmlCacheBehavior [ RunTime:0.000466s ]
INFO: [ app_begin ] --END-- [ RunTime:0.000505s ]

[ 2019-11-12T12:21:53+08:00 ] 42.236.10.114 /audit/index.php/Home/Login/login.html
INFO: [ app_init ] --START--
INFO: Run Behavior\BuildLiteBehavior [ RunTime:0.000011s ]
INFO: [ app_init ] --END-- [ RunTime:0.000362s ]
INFO: [ app_begin ] --START--
INFO: Run Behavior\ReadHtmlCacheBehavior [ RunTime:0.000466s ]
INFO: [ app_begin ] --END-- [ RunTime:0.000522s ]
INFO: [ view_parse ] --START--
INFO: [ template_filter ] --START--
INFO: Run Behavior\ContentReplaceBehavior [ RunTime:0.000047s ]
INFO: [ template_filter ] --END-- [ RunTime:0.000088s ]
INFO: Run Behavior\ParseTemplateBehavior [ RunTime:0.005031s ]
INFO: [ view_parse ] --END-- [ RunTime:0.005073s ]
INFO: [ view_filter ] --START--
INFO: Run Behavior\WriteHtmlCacheBehavior [ RunTime:0.000225s ]
INFO: [ view_filter ] --END-- [ RunTime:0.000257s ]
INFO: [ app_end ] --START--
INFO: Run Behavior\ShowPageTraceBehavior [ RunTime:0.000605s ]
INFO: [ app_end ] --END-- [ RunTime:0.000642s ]

[ 2019-11-12T12:21:55+08:00 ] 42.236.10.114 /audit/index.php/Home/Login/verify
INFO: [ app_init ] --START--
INFO: Run Behavior\BuildLiteBehavior [ RunTime:0.000010s ]
INFO: [ app_init ] --END-- [ RunTime:0.000327s ]
INFO: [ app_begin ] --START--
INFO: Run Behavior\ReadHtmlCacheBehavior [ RunTime:0.000472s ]
INFO: [ app_begin ] --END-- [ RunTime:0.000514s ]
INFO: [ app_end ] --START--
INFO: Run Behavior\ShowPageTraceBehavior [ RunTime:0.000472s ]
INFO: [ app_end ] --END-- [ RunTime:0.000518s ]

[ 2019-11-12T13:50:51+08:00 ] 42.236.10.117 /audit/index.php/Home/Index/pp
INFO: [ app_init ] --START--
INFO: Run Behavior\BuildLiteBehavior [ RunTime:0.000009s ]
INFO: [ app_init ] --END-- [ RunTime:0.000315s ]
INFO: [ app_begin ] --START--
INFO: Run Behavior\ReadHtmlCacheBehavior [ RunTime:0.000454s ]
INFO: [ app_begin ] --END-- [ RunTime:0.000495s ]

[ 2019-11-12T13:50:56+08:00 ] 42.236.10.117 /audit/index.php/Home/Login/login.html
INFO: [ app_init ] --START--
INFO: Run Behavior\BuildLiteBehavior [ RunTime:0.000010s ]
INFO: [ app_init ] --END-- [ RunTime:0.000349s ]
INFO: [ app_begin ] --START--
INFO: Run Behavior\ReadHtmlCacheBehavior [ RunTime:0.000487s ]
INFO: [ app_begin ] --END-- [ RunTime:0.000527s ]
INFO: [ view_parse ] --START--
INFO: [ template_filter ] --START--
INFO: Run Behavior\ContentReplaceBehavior [ RunTime:0.000064s ]
INFO: [ template_filter ] --END-- [ RunTime:0.000105s ]
INFO: Run Behavior\ParseTemplateBehavior [ RunTime:0.005130s ]
INFO: [ view_parse ] --END-- [ RunTime:0.005177s ]
INFO: [ view_filter ] --START--
INFO: Run Behavior\WriteHtmlCacheBehavior [ RunTime:0.000200s ]
INFO: [ view_filter ] --END-- [ RunTime:0.000231s ]
INFO: [ app_end ] --START--
INFO: Run Behavior\ShowPageTraceBehavior [ RunTime:0.000622s ]
INFO: [ app_end ] --END-- [ RunTime:0.000658s ]

[ 2019-11-12T13:51:01+08:00 ] 42.236.10.117 /audit/index.php/Home/Login/verify
INFO: [ app_init ] --START--
INFO: Run Behavior\BuildLiteBehavior [ RunTime:0.000011s ]
INFO: [ app_init ] --END-- [ RunTime:0.000328s ]
INFO: [ app_begin ] --START--
INFO: Run Behavior\ReadHtmlCacheBehavior [ RunTime:0.000435s ]
INFO: [ app_begin ] --END-- [ RunTime:0.000475s ]
INFO: [ app_end ] --START--
INFO: Run Behavior\ShowPageTraceBehavior [ RunTime:0.000465s ]
INFO: [ app_end ] --END-- [ RunTime:0.000507s ]

