[ 2019-12-16T11:54:49+08:00 ] 180.167.231.160 /audit/index.php/Home/Login/login.html
INFO: [ app_init ] --START--
INFO: Run Behavior\BuildLiteBehavior [ RunTime:0.000010s ]
INFO: [ app_init ] --END-- [ RunTime:0.000324s ]
INFO: [ app_begin ] --START--
INFO: Run Behavior\ReadHtmlCacheBehavior [ RunTime:0.000479s ]
INFO: [ app_begin ] --END-- [ RunTime:0.000521s ]
INFO: [ view_parse ] --START--
INFO: [ template_filter ] --START--
INFO: Run Behavior\ContentReplaceBehavior [ RunTime:0.000073s ]
INFO: [ template_filter ] --END-- [ RunTime:0.000127s ]
INFO: Run Behavior\ParseTemplateBehavior [ RunTime:0.005093s ]
INFO: [ view_parse ] --END-- [ RunTime:0.005147s ]
INFO: [ view_filter ] --START--
INFO: Run Behavior\WriteHtmlCacheBehavior [ RunTime:0.000212s ]
INFO: [ view_filter ] --END-- [ RunTime:0.000243s ]
INFO: [ app_end ] --START--
INFO: Run Behavior\ShowPageTraceBehavior [ RunTime:0.000607s ]
INFO: [ app_end ] --END-- [ RunTime:0.000643s ]

[ 2019-12-16T11:54:49+08:00 ] 180.167.231.160 /audit/index.php/Home/Login/verify
INFO: [ app_init ] --START--
INFO: Run Behavior\BuildLiteBehavior [ RunTime:0.000020s ]
INFO: [ app_init ] --END-- [ RunTime:0.000335s ]
INFO: [ app_begin ] --START--
INFO: Run Behavior\ReadHtmlCacheBehavior [ RunTime:0.000478s ]
INFO: [ app_begin ] --END-- [ RunTime:0.000527s ]
INFO: [ app_end ] --START--
INFO: Run Behavior\ShowPageTraceBehavior [ RunTime:0.000523s ]
INFO: [ app_end ] --END-- [ RunTime:0.000601s ]

[ 2019-12-16T11:55:07+08:00 ] 180.167.231.160 /audit/index.php/Home/Login/login_val
INFO: [ app_init ] --START--
INFO: Run Behavior\BuildLiteBehavior [ RunTime:0.000010s ]
INFO: [ app_init ] --END-- [ RunTime:0.000339s ]
INFO: [ app_begin ] --START--
INFO: Run Behavior\ReadHtmlCacheBehavior [ RunTime:0.000495s ]
INFO: [ app_begin ] --END-- [ RunTime:0.000534s ]
SQL: SHOW COLUMNS FROM `admin` [ RunTime:0.0006s ]
SQL: SELECT * FROM `admin` WHERE `user_name` = 'admin' AND `password` = 'ae6c87fe' LIMIT 1   [ RunTime:0.0003s ]

[ 2019-12-16T11:55:07+08:00 ] 180.167.231.160 /audit/index.php/Home/Index/index
INFO: [ app_init ] --START--
INFO: Run Behavior\BuildLiteBehavior [ RunTime:0.000010s ]
INFO: [ app_init ] --END-- [ RunTime:0.000336s ]
INFO: [ app_begin ] --START--
INFO: Run Behavior\ReadHtmlCacheBehavior [ RunTime:0.000469s ]
INFO: [ app_begin ] --END-- [ RunTime:0.000508s ]
SQL: SHOW COLUMNS FROM `contract` [ RunTime:0.0008s ]
SQL: SELECT * FROM `contract` WHERE `belong_year` = '2019'  [ RunTime:0.0004s ]
SQL: SHOW COLUMNS FROM `item` [ RunTime:0.0005s ]
SQL: SELECT `item_supervisor`,`item_name`,`su_company` FROM `item` WHERE ( 1=1 AND item_id='12' ) LIMIT 1   [ RunTime:0.0001s ]
SQL: SELECT `item_supervisor`,`item_name`,`su_company` FROM `item` WHERE ( 1=1 AND item_id='12' ) LIMIT 1   [ RunTime:0.0001s ]
SQL: SELECT `item_supervisor`,`item_name`,`su_company` FROM `item` WHERE ( 1=1 AND item_id='12' ) LIMIT 1   [ RunTime:0.0001s ]
SQL: SELECT `item_supervisor`,`item_name`,`su_company` FROM `item` WHERE ( 1=1 AND item_id='12' ) LIMIT 1   [ RunTime:0.0001s ]
SQL: SELECT `item_supervisor`,`item_name`,`su_company` FROM `item` WHERE ( 1=1 AND item_id='12' ) LIMIT 1   [ RunTime:0.0001s ]
SQL: SELECT `item_supervisor`,`item_name`,`su_company` FROM `item` WHERE ( 1=1 AND item_id='13' ) LIMIT 1   [ RunTime:0.0001s ]
SQL: SELECT `item_supervisor`,`item_name`,`su_company` FROM `item` WHERE ( 1=1 AND item_id='13' ) LIMIT 1   [ RunTime:0.0001s ]
SQL: SELECT `item_supervisor`,`item_name`,`su_company` FROM `item` WHERE ( 1=1 AND item_id='13' ) LIMIT 1   [ RunTime:0.0001s ]
SQL: SELECT `item_supervisor`,`item_name`,`su_company` FROM `item` WHERE ( 1=1 AND item_id='25' ) LIMIT 1   [ RunTime:0.0001s ]
SQL: SELECT `item_supervisor`,`item_name`,`su_company` FROM `item` WHERE ( 1=1 AND item_id='8' ) LIMIT 1   [ RunTime:0.0001s ]
SQL: SELECT `item_supervisor`,`item_name`,`su_company` FROM `item` WHERE ( 1=1 AND item_id='13' ) LIMIT 1   [ RunTime:0.0001s ]
SQL: SELECT `item_supervisor`,`item_name`,`su_company` FROM `item` WHERE ( 1=1 AND item_id='12' ) LIMIT 1   [ RunTime:0.0001s ]
SQL: SELECT `item_supervisor`,`item_name`,`su_company` FROM `item` WHERE ( 1=1 AND item_id='8' ) LIMIT 1   [ RunTime:0.0001s ]
SQL: SELECT `item_supervisor`,`item_name`,`su_company` FROM `item` WHERE ( 1=1 AND item_id='6' ) LIMIT 1   [ RunTime:0.0001s ]
SQL: SELECT `item_supervisor`,`item_name`,`su_company` FROM `item` WHERE ( 1=1 AND item_id='8' ) LIMIT 1   [ RunTime:0.0001s ]
SQL: SELECT `item_supervisor`,`item_name`,`su_company` FROM `item` WHERE ( 1=1 AND item_id='7' ) LIMIT 1   [ RunTime:0.0001s ]
SQL: SELECT `item_supervisor`,`item_name`,`su_company` FROM `item` WHERE ( 1=1 AND item_id='7' ) LIMIT 1   [ RunTime:0.0000s ]
SQL: SELECT `item_supervisor`,`item_name`,`su_company` FROM `item` WHERE ( 1=1 AND item_id='6' ) LIMIT 1   [ RunTime:0.0001s ]
SQL: SELECT `item_supervisor`,`item_name`,`su_company` FROM `item` WHERE ( 1=1 AND item_id='6' ) LIMIT 1   [ RunTime:0.0001s ]
SQL: SELECT `item_supervisor`,`item_name`,`su_company` FROM `item` WHERE ( 1=1 AND item_id='6' ) LIMIT 1   [ RunTime:0.0001s ]
SQL: SELECT `item_supervisor`,`item_name`,`su_company` FROM `item` WHERE ( 1=1 AND item_id='12' ) LIMIT 1   [ RunTime:0.0001s ]
SQL: SELECT `item_supervisor`,`item_name`,`su_company` FROM `item` WHERE ( 1=1 AND item_id='8' ) LIMIT 1   [ RunTime:0.0001s ]
SQL: SELECT `item_supervisor`,`item_name`,`su_company` FROM `item` WHERE ( 1=1 AND item_id='8' ) LIMIT 1   [ RunTime:0.0000s ]
SQL: SELECT `item_supervisor`,`item_name`,`su_company` FROM `item` WHERE ( 1=1 AND item_id='9' ) LIMIT 1   [ RunTime:0.0001s ]
SQL: SELECT `item_supervisor`,`item_name`,`su_company` FROM `item` WHERE ( 1=1 AND item_id='9' ) LIMIT 1   [ RunTime:0.0001s ]
SQL: SELECT `item_supervisor`,`item_name`,`su_company` FROM `item` WHERE ( 1=1 AND item_id='11' ) LIMIT 1   [ RunTime:0.0001s ]
SQL: SELECT `item_supervisor`,`item_name`,`su_company` FROM `item` WHERE ( 1=1 AND item_id='19' ) LIMIT 1   [ RunTime:0.0001s ]
SQL: SELECT `item_supervisor`,`item_name`,`su_company` FROM `item` WHERE ( 1=1 AND item_id='6' ) LIMIT 1   [ RunTime:0.0001s ]
SQL: SELECT `item_supervisor`,`item_name`,`su_company` FROM `item` WHERE ( 1=1 AND item_id='12' ) LIMIT 1   [ RunTime:0.0001s ]
SQL: SELECT `item_supervisor`,`item_name`,`su_company` FROM `item` WHERE ( 1=1 AND item_id='11' ) LIMIT 1   [ RunTime:0.0001s ]
SQL: SELECT `item_supervisor`,`item_name`,`su_company` FROM `item` WHERE ( 1=1 AND item_id='19' ) LIMIT 1   [ RunTime:0.0001s ]
SQL: SELECT `item_supervisor`,`item_name`,`su_company` FROM `item` WHERE ( 1=1 AND item_id='19' ) LIMIT 1   [ RunTime:0.0001s ]
SQL: SELECT `item_supervisor`,`item_name`,`su_company` FROM `item` WHERE ( 1=1 AND item_id='7' ) LIMIT 1   [ RunTime:0.0001s ]
SQL: SELECT `item_supervisor`,`item_name`,`su_company` FROM `item` WHERE ( 1=1 AND item_id='24' ) LIMIT 1   [ RunTime:0.0001s ]
SQL: SELECT `item_supervisor`,`item_name`,`su_company` FROM `item` WHERE ( 1=1 AND item_id='11' ) LIMIT 1   [ RunTime:0.0001s ]
SQL: SELECT `item_supervisor`,`item_name`,`su_company` FROM `item` WHERE ( 1=1 AND item_id='27' ) LIMIT 1   [ RunTime:0.0001s ]
SQL: SELECT `item_supervisor`,`item_name`,`su_company` FROM `item` WHERE ( 1=1 AND item_id='7' ) LIMIT 1   [ RunTime:0.0001s ]
SQL: SELECT `item_supervisor`,`item_name`,`su_company` FROM `item` WHERE ( 1=1 AND item_id='12' ) LIMIT 1   [ RunTime:0.0001s ]
SQL: SELECT `item_supervisor`,`item_name`,`su_company` FROM `item` WHERE ( 1=1 AND item_id='6' ) LIMIT 1   [ RunTime:0.0001s ]
SQL: SELECT `item_supervisor`,`item_name`,`su_company` FROM `item` WHERE ( 1=1 AND item_id='19' ) LIMIT 1   [ RunTime:0.0001s ]
SQL: SELECT `item_supervisor`,`item_name`,`su_company` FROM `item` WHERE ( 1=1 AND item_id='11' ) LIMIT 1   [ RunTime:0.0001s ]
SQL: SELECT `item_supervisor`,`item_name`,`su_company` FROM `item` WHERE ( 1=1 AND item_id='7' ) LIMIT 1   [ RunTime:0.0001s ]
SQL: SELECT `item_supervisor`,`item_name`,`su_company` FROM `item` WHERE ( 1=1 AND item_id='7' ) LIMIT 1   [ RunTime:0.0001s ]
SQL: SELECT `item_supervisor`,`item_name`,`su_company` FROM `item` WHERE ( 1=1 AND item_id='7' ) LIMIT 1   [ RunTime:0.0001s ]
SQL: SELECT `item_supervisor`,`item_name`,`su_company` FROM `item` WHERE ( 1=1 AND item_id='21' ) LIMIT 1   [ RunTime:0.0001s ]
SQL: SELECT `item_supervisor`,`item_name`,`su_company` FROM `item` WHERE ( 1=1 AND item_id='22' ) LIMIT 1   [ RunTime:0.0001s ]
SQL: SELECT `item_supervisor`,`item_name`,`su_company` FROM `item` WHERE ( 1=1 AND item_id='6' ) LIMIT 1   [ RunTime:0.0001s ]
SQL: SELECT `item_supervisor`,`item_name`,`su_company` FROM `item` WHERE ( 1=1 AND item_id='23' ) LIMIT 1   [ RunTime:0.0001s ]
SQL: SELECT `item_supervisor`,`item_name`,`su_company` FROM `item` WHERE ( 1=1 AND item_id='9' ) LIMIT 1   [ RunTime:0.0001s ]
SQL: SELECT `item_supervisor`,`item_name`,`su_company` FROM `item` WHERE ( 1=1 AND item_id='9' ) LIMIT 1   [ RunTime:0.0001s ]
SQL: SELECT `item_supervisor`,`item_name`,`su_company` FROM `item` WHERE ( 1=1 AND item_id='24' ) LIMIT 1   [ RunTime:0.0001s ]
SQL: SELECT `item_supervisor`,`item_name`,`su_company` FROM `item` WHERE ( 1=1 AND item_id='24' ) LIMIT 1   [ RunTime:0.0001s ]
SQL: SELECT `item_supervisor`,`item_name`,`su_company` FROM `item` WHERE ( 1=1 AND item_id='9' ) LIMIT 1   [ RunTime:0.0001s ]
SQL: SELECT `item_supervisor`,`item_name`,`su_company` FROM `item` WHERE ( 1=1 AND item_id='9' ) LIMIT 1   [ RunTime:0.0001s ]
SQL: SELECT `item_supervisor`,`item_name`,`su_company` FROM `item` WHERE ( 1=1 AND item_id='21' ) LIMIT 1   [ RunTime:0.0001s ]
SQL: SELECT `item_supervisor`,`item_name`,`su_company` FROM `item` WHERE ( 1=1 AND item_id='11' ) LIMIT 1   [ RunTime:0.0001s ]
SQL: SELECT `item_supervisor`,`item_name`,`su_company` FROM `item` WHERE ( 1=1 AND item_id='7' ) LIMIT 1   [ RunTime:0.0000s ]
SQL: SELECT `item_supervisor`,`item_name`,`su_company` FROM `item` WHERE ( 1=1 AND item_id='22' ) LIMIT 1   [ RunTime:0.0001s ]
SQL: SELECT `item_supervisor`,`item_name`,`su_company` FROM `item` WHERE ( 1=1 AND item_id='24' ) LIMIT 1   [ RunTime:0.0001s ]
SQL: SELECT `item_supervisor`,`item_name`,`su_company` FROM `item` WHERE ( 1=1 AND item_id='9' ) LIMIT 1   [ RunTime:0.0001s ]
SQL: SELECT `item_supervisor`,`item_name`,`su_company` FROM `item` WHERE ( 1=1 AND item_id='24' ) LIMIT 1   [ RunTime:0.0002s ]
SQL: SELECT `item_supervisor`,`item_name`,`su_company` FROM `item` WHERE ( 1=1 AND item_id='21' ) LIMIT 1   [ RunTime:0.0001s ]
SQL: SELECT `item_supervisor`,`item_name`,`su_company` FROM `item` WHERE ( 1=1 AND item_id='21' ) LIMIT 1   [ RunTime:0.0001s ]
SQL: SELECT `item_supervisor`,`item_name`,`su_company` FROM `item` WHERE ( 1=1 AND item_id='23' ) LIMIT 1   [ RunTime:0.0001s ]
SQL: SELECT `item_supervisor`,`item_name`,`su_company` FROM `item` WHERE ( 1=1 AND item_id='23' ) LIMIT 1   [ RunTime:0.0001s ]
SQL: SELECT `item_supervisor`,`item_name`,`su_company` FROM `item` WHERE ( 1=1 AND item_id='22' ) LIMIT 1   [ RunTime:0.0001s ]
SQL: SELECT `item_supervisor`,`item_name`,`su_company` FROM `item` WHERE ( 1=1 AND item_id='20' ) LIMIT 1   [ RunTime:0.0001s ]
SQL: SELECT `item_supervisor`,`item_name`,`su_company` FROM `item` WHERE ( 1=1 AND item_id='20' ) LIMIT 1   [ RunTime:0.0000s ]
SQL: SELECT `item_supervisor`,`item_name`,`su_company` FROM `item` WHERE ( 1=1 AND item_id='20' ) LIMIT 1   [ RunTime:0.0001s ]
SQL: SELECT `item_supervisor`,`item_name`,`su_company` FROM `item` WHERE ( 1=1 AND item_id='20' ) LIMIT 1   [ RunTime:0.0001s ]
SQL: SELECT `item_supervisor`,`item_name`,`su_company` FROM `item` WHERE ( 1=1 AND item_id='20' ) LIMIT 1   [ RunTime:0.0001s ]
SQL: SELECT `item_supervisor`,`item_name`,`su_company` FROM `item` WHERE ( 1=1 AND item_id='20' ) LIMIT 1   [ RunTime:0.0001s ]
SQL: SELECT `item_supervisor`,`item_name`,`su_company` FROM `item` WHERE ( 1=1 AND item_id='19' ) LIMIT 1   [ RunTime:0.0001s ]
SQL: SELECT `item_supervisor`,`item_name`,`su_company` FROM `item` WHERE ( 1=1 AND item_id='19' ) LIMIT 1   [ RunTime:0.0001s ]
SQL: SELECT `item_supervisor`,`item_name`,`su_company` FROM `item` WHERE ( 1=1 AND item_id='7' ) LIMIT 1   [ RunTime:0.0001s ]
SQL: SELECT `item_supervisor`,`item_name`,`su_company` FROM `item` WHERE ( 1=1 AND item_id='6' ) LIMIT 1   [ RunTime:0.0001s ]
SQL: SELECT `item_supervisor`,`item_name`,`su_company` FROM `item` WHERE ( 1=1 AND item_id='22' ) LIMIT 1   [ RunTime:0.0001s ]
SQL: SELECT `item_supervisor`,`item_name`,`su_company` FROM `item` WHERE ( 1=1 AND item_id='23' ) LIMIT 1   [ RunTime:0.0001s ]
SQL: SELECT `item_supervisor`,`item_name`,`su_company` FROM `item` WHERE ( 1=1 AND item_id='19' ) LIMIT 1   [ RunTime:0.0001s ]
SQL: SELECT `item_supervisor`,`item_name`,`su_company` FROM `item` WHERE ( 1=1 AND item_id='11' ) LIMIT 1   [ RunTime:0.0001s ]
SQL: SELECT `item_supervisor`,`item_name`,`su_company` FROM `item` WHERE ( 1=1 AND item_id='11' ) LIMIT 1   [ RunTime:0.0001s ]
SQL: SELECT `item_supervisor`,`item_name`,`su_company` FROM `item` WHERE ( 1=1 AND item_id='19' ) LIMIT 1   [ RunTime:0.0001s ]
SQL: SELECT `item_supervisor`,`item_name`,`su_company` FROM `item` WHERE ( 1=1 AND item_id='11' ) LIMIT 1   [ RunTime:0.0001s ]
SQL: SELECT `item_supervisor`,`item_name`,`su_company` FROM `item` WHERE ( 1=1 AND item_id='19' ) LIMIT 1   [ RunTime:0.0001s ]
SQL: SELECT `item_supervisor`,`item_name`,`su_company` FROM `item` WHERE ( 1=1 AND item_id='6' ) LIMIT 1   [ RunTime:0.0001s ]
SQL: SELECT `item_supervisor`,`item_name`,`su_company` FROM `item` WHERE ( 1=1 AND item_id='9' ) LIMIT 1   [ RunTime:0.0001s ]
SQL: SELECT `item_supervisor`,`item_name`,`su_company` FROM `item` WHERE ( 1=1 AND item_id='7' ) LIMIT 1   [ RunTime:0.0001s ]
SQL: SELECT `item_supervisor`,`item_name`,`su_company` FROM `item` WHERE ( 1=1 AND item_id='6' ) LIMIT 1   [ RunTime:0.0001s ]
SQL: SELECT `item_supervisor`,`item_name`,`su_company` FROM `item` WHERE ( 1=1 AND item_id='11' ) LIMIT 1   [ RunTime:0.0001s ]
SQL: SELECT `item_supervisor`,`item_name`,`su_company` FROM `item` WHERE ( 1=1 AND item_id='24' ) LIMIT 1   [ RunTime:0.0001s ]
SQL: SELECT `item_supervisor`,`item_name`,`su_company` FROM `item` WHERE ( 1=1 AND item_id='9' ) LIMIT 1   [ RunTime:0.0001s ]
SQL: SELECT `item_supervisor`,`item_name`,`su_company` FROM `item` WHERE ( 1=1 AND item_id='32' ) LIMIT 1   [ RunTime:0.0001s ]
SQL: SELECT `item_supervisor`,`item_name`,`su_company` FROM `item` WHERE ( 1=1 AND item_id='11' ) LIMIT 1   [ RunTime:0.0001s ]
SQL: SELECT `item_supervisor`,`item_name`,`su_company` FROM `item` WHERE ( 1=1 AND item_id='19' ) LIMIT 1   [ RunTime:0.0001s ]
SQL: SELECT `item_supervisor`,`item_name`,`su_company` FROM `item` WHERE ( 1=1 AND item_id='20' ) LIMIT 1   [ RunTime:0.0001s ]
SQL: SELECT `item_supervisor`,`item_name`,`su_company` FROM `item` WHERE ( 1=1 AND item_id='32' ) LIMIT 1   [ RunTime:0.0001s ]
SQL: SELECT `item_supervisor`,`item_name`,`su_company` FROM `item` WHERE ( 1=1 AND item_id='20' ) LIMIT 1   [ RunTime:0.0001s ]
SQL: SELECT `item_supervisor`,`item_name`,`su_company` FROM `item` WHERE ( 1=1 AND item_id='20' ) LIMIT 1   [ RunTime:0.0001s ]
SQL: SELECT `item_supervisor`,`item_name`,`su_company` FROM `item` WHERE ( 1=1 AND item_id='33' ) LIMIT 1   [ RunTime:0.0001s ]
SQL: SELECT `item_supervisor`,`item_name`,`su_company` FROM `item` WHERE ( 1=1 AND item_id='33' ) LIMIT 1   [ RunTime:0.0000s ]
SQL: SELECT `item_supervisor`,`item_name`,`su_company` FROM `item` WHERE ( 1=1 AND item_id='19' ) LIMIT 1   [ RunTime:0.0001s ]
SQL: SELECT `item_supervisor`,`item_name`,`su_company` FROM `item` WHERE ( 1=1 AND item_id='33' ) LIMIT 1   [ RunTime:0.0001s ]
SQL: SELECT `item_supervisor`,`item_name`,`su_company` FROM `item` WHERE ( 1=1 AND item_id='32' ) LIMIT 1   [ RunTime:0.0001s ]
SQL: SELECT `item_supervisor`,`item_name`,`su_company` FROM `item` WHERE ( 1=1 AND item_id='33' ) LIMIT 1   [ RunTime:0.0001s ]
SQL: SELECT `item_supervisor`,`item_name`,`su_company` FROM `item` WHERE ( 1=1 AND item_id='32' ) LIMIT 1   [ RunTime:0.0001s ]
SQL: SELECT `item_supervisor`,`item_name`,`su_company` FROM `item` WHERE ( 1=1 AND item_id='33' ) LIMIT 1   [ RunTime:0.0001s ]
SQL: SELECT `item_supervisor`,`item_name`,`su_company` FROM `item` WHERE ( 1=1 AND item_id='11' ) LIMIT 1   [ RunTime:0.0001s ]
SQL: SELECT `item_supervisor`,`item_name`,`su_company` FROM `item` WHERE ( 1=1 AND item_id='19' ) LIMIT 1   [ RunTime:0.0001s ]
SQL: SELECT `item_supervisor`,`item_name`,`su_company` FROM `item` WHERE ( 1=1 AND item_id='24' ) LIMIT 1   [ RunTime:0.0001s ]
SQL: SELECT `item_supervisor`,`item_name`,`su_company` FROM `item` WHERE ( 1=1 AND item_id='20' ) LIMIT 1   [ RunTime:0.0001s ]
SQL: SELECT `item_supervisor`,`item_name`,`su_company` FROM `item` WHERE ( 1=1 AND item_id='7' ) LIMIT 1   [ RunTime:0.0000s ]
SQL: SELECT `item_supervisor`,`item_name`,`su_company` FROM `item` WHERE ( 1=1 AND item_id='9' ) LIMIT 1   [ RunTime:0.0001s ]
SQL: SELECT `item_supervisor`,`item_name`,`su_company` FROM `item` WHERE ( 1=1 AND item_id='7' ) LIMIT 1   [ RunTime:0.0000s ]
SQL: SELECT `item_supervisor`,`item_name`,`su_company` FROM `item` WHERE ( 1=1 AND item_id='22' ) LIMIT 1   [ RunTime:0.0001s ]
SQL: SELECT `item_supervisor`,`item_name`,`su_company` FROM `item` WHERE ( 1=1 AND item_id='34' ) LIMIT 1   [ RunTime:0.0001s ]
SQL: SELECT `item_supervisor`,`item_name`,`su_company` FROM `item` WHERE ( 1=1 AND item_id='23' ) LIMIT 1   [ RunTime:0.0001s ]
SQL: SELECT `item_supervisor`,`item_name`,`su_company` FROM `item` WHERE ( 1=1 AND item_id='7' ) LIMIT 1   [ RunTime:0.0000s ]
SQL: SELECT `item_supervisor`,`item_name`,`su_company` FROM `item` WHERE ( 1=1 AND item_id='7' ) LIMIT 1   [ RunTime:0.0001s ]
SQL: SELECT `item_supervisor`,`item_name`,`su_company` FROM `item` WHERE ( 1=1 AND item_id='23' ) LIMIT 1   [ RunTime:0.0001s ]
SQL: SELECT `item_supervisor`,`item_name`,`su_company` FROM `item` WHERE ( 1=1 AND item_id='6' ) LIMIT 1   [ RunTime:0.0001s ]
SQL: SELECT `item_supervisor`,`item_name`,`su_company` FROM `item` WHERE ( 1=1 AND item_id='9' ) LIMIT 1   [ RunTime:0.0001s ]
SQL: SELECT `item_supervisor`,`item_name`,`su_company` FROM `item` WHERE ( 1=1 AND item_id='19' ) LIMIT 1   [ RunTime:0.0001s ]
SQL: SHOW COLUMNS FROM `item` [ RunTime:0.0004s ]
SQL: SELECT `item_id`,`item_name` FROM `item` WHERE `item_state` = 0  [ RunTime:0.0002s ]
INFO: [ view_parse ] --START--
INFO: [ template_filter ] --START--
INFO: Run Behavior\ContentReplaceBehavior [ RunTime:0.000084s ]
INFO: [ template_filter ] --END-- [ RunTime:0.000123s ]
NOTIC: [2] number_format() expects parameter 1 to be double, string given /www/wwwroot/dhuyb.cn/audit/Application/Runtime/Cache/Home/2a94b8bda04ff446dcedd42276fc99ee.php 第 149 行.
NOTIC: [2] number_format() expects parameter 1 to be double, string given /www/wwwroot/dhuyb.cn/audit/Application/Runtime/Cache/Home/2a94b8bda04ff446dcedd42276fc99ee.php 第 149 行.
NOTIC: [2] number_format() expects parameter 1 to be double, string given /www/wwwroot/dhuyb.cn/audit/Application/Runtime/Cache/Home/2a94b8bda04ff446dcedd42276fc99ee.php 第 149 行.
NOTIC: [2] number_format() expects parameter 1 to be double, string given /www/wwwroot/dhuyb.cn/audit/Application/Runtime/Cache/Home/2a94b8bda04ff446dcedd42276fc99ee.php 第 149 行.
NOTIC: [2] number_format() expects parameter 1 to be double, string given /www/wwwroot/dhuyb.cn/audit/Application/Runtime/Cache/Home/2a94b8bda04ff446dcedd42276fc99ee.php 第 149 行.
INFO: Run Behavior\ParseTemplateBehavior [ RunTime:0.012140s ]
INFO: [ view_parse ] --END-- [ RunTime:0.012175s ]
INFO: [ view_filter ] --START--
INFO: Run Behavior\WriteHtmlCacheBehavior [ RunTime:0.000210s ]
INFO: [ view_filter ] --END-- [ RunTime:0.000242s ]
INFO: [ app_end ] --START--
INFO: Run Behavior\ShowPageTraceBehavior [ RunTime:0.000463s ]
INFO: [ app_end ] --END-- [ RunTime:0.000504s ]

[ 2019-12-16T11:55:26+08:00 ] 180.167.231.160 /audit/index.php/Home/Index/list_show?item_id=9
INFO: [ app_init ] --START--
INFO: Run Behavior\BuildLiteBehavior [ RunTime:0.000010s ]
INFO: [ app_init ] --END-- [ RunTime:0.000325s ]
INFO: [ app_begin ] --START--
INFO: Run Behavior\ReadHtmlCacheBehavior [ RunTime:0.000475s ]
INFO: [ app_begin ] --END-- [ RunTime:0.000520s ]
SQL: SHOW COLUMNS FROM `contract` [ RunTime:0.0008s ]
SQL: SELECT * FROM `contract` WHERE `item_id` = '9' ORDER BY belong_year asc,id  [ RunTime:0.0010s ]
SQL: SHOW COLUMNS FROM `paylist` [ RunTime:0.0004s ]
SQL: SELECT `vote_time`,`pay_amount`,`id`,`pay_time`,`ratio` FROM `paylist` WHERE ( 1=1 AND contract_id='2019-24' )  [ RunTime:0.0004s ]
SQL: SHOW COLUMNS FROM `item` [ RunTime:0.0005s ]
SQL: SELECT `item_supervisor`,`item_name`,`su_company` FROM `item` WHERE ( 1=1 AND item_id='9' ) LIMIT 1   [ RunTime:0.0001s ]
SQL: SELECT `vote_time`,`pay_amount`,`id`,`pay_time`,`ratio` FROM `paylist` WHERE ( 1=1 AND contract_id='2019-25' )  [ RunTime:0.0004s ]
SQL: SELECT `item_supervisor`,`item_name`,`su_company` FROM `item` WHERE ( 1=1 AND item_id='9' ) LIMIT 1   [ RunTime:0.0001s ]
SQL: SELECT `vote_time`,`pay_amount`,`id`,`pay_time`,`ratio` FROM `paylist` WHERE ( 1=1 AND contract_id='2019-49' )  [ RunTime:0.0004s ]
SQL: SELECT `item_supervisor`,`item_name`,`su_company` FROM `item` WHERE ( 1=1 AND item_id='9' ) LIMIT 1   [ RunTime:0.0001s ]
SQL: SELECT `vote_time`,`pay_amount`,`id`,`pay_time`,`ratio` FROM `paylist` WHERE ( 1=1 AND contract_id='2019-50' )  [ RunTime:0.0004s ]
SQL: SELECT `item_supervisor`,`item_name`,`su_company` FROM `item` WHERE ( 1=1 AND item_id='9' ) LIMIT 1   [ RunTime:0.0001s ]
SQL: SELECT `vote_time`,`pay_amount`,`id`,`pay_time`,`ratio` FROM `paylist` WHERE ( 1=1 AND contract_id='2019-53' )  [ RunTime:0.0004s ]
SQL: SELECT `item_supervisor`,`item_name`,`su_company` FROM `item` WHERE ( 1=1 AND item_id='9' ) LIMIT 1   [ RunTime:0.0001s ]
SQL: SELECT `vote_time`,`pay_amount`,`id`,`pay_time`,`ratio` FROM `paylist` WHERE ( 1=1 AND contract_id='2019-54' )  [ RunTime:0.0004s ]
SQL: SELECT `item_supervisor`,`item_name`,`su_company` FROM `item` WHERE ( 1=1 AND item_id='9' ) LIMIT 1   [ RunTime:0.0001s ]
SQL: SELECT `vote_time`,`pay_amount`,`id`,`pay_time`,`ratio` FROM `paylist` WHERE ( 1=1 AND contract_id='2019-60' )  [ RunTime:0.0004s ]
SQL: SELECT `item_supervisor`,`item_name`,`su_company` FROM `item` WHERE ( 1=1 AND item_id='9' ) LIMIT 1   [ RunTime:0.0001s ]
SQL: SELECT `vote_time`,`pay_amount`,`id`,`pay_time`,`ratio` FROM `paylist` WHERE ( 1=1 AND contract_id='2019-86' )  [ RunTime:0.0004s ]
SQL: SELECT `item_supervisor`,`item_name`,`su_company` FROM `item` WHERE ( 1=1 AND item_id='9' ) LIMIT 1   [ RunTime:0.0001s ]
SQL: SELECT `vote_time`,`pay_amount`,`id`,`pay_time`,`ratio` FROM `paylist` WHERE ( 1=1 AND contract_id='2019-91' )  [ RunTime:0.0004s ]
SQL: SELECT `item_supervisor`,`item_name`,`su_company` FROM `item` WHERE ( 1=1 AND item_id='9' ) LIMIT 1   [ RunTime:0.0001s ]
SQL: SELECT `vote_time`,`pay_amount`,`id`,`pay_time`,`ratio` FROM `paylist` WHERE ( 1=1 AND contract_id='2019-112' )  [ RunTime:0.0004s ]
SQL: SELECT `item_supervisor`,`item_name`,`su_company` FROM `item` WHERE ( 1=1 AND item_id='9' ) LIMIT 1   [ RunTime:0.0001s ]
SQL: SELECT `vote_time`,`pay_amount`,`id`,`pay_time`,`ratio` FROM `paylist` WHERE ( 1=1 AND contract_id='2019-121' )  [ RunTime:0.0004s ]
SQL: SELECT `item_supervisor`,`item_name`,`su_company` FROM `item` WHERE ( 1=1 AND item_id='9' ) LIMIT 1   [ RunTime:0.0001s ]
SQL: SHOW COLUMNS FROM `item` [ RunTime:0.0004s ]
SQL: SELECT `item_id`,`item_name` FROM `item` WHERE `item_state` = 0  [ RunTime:0.0001s ]
SQL: SELECT `item_id`,`item_supervisor`,`item_name`,`su_company` FROM `item` WHERE `item_id` = '9' LIMIT 1   [ RunTime:0.0001s ]
INFO: [ view_parse ] --START--
INFO: [ template_filter ] --START--
INFO: Run Behavior\ContentReplaceBehavior [ RunTime:0.000170s ]
INFO: [ template_filter ] --END-- [ RunTime:0.000212s ]
NOTIC: [8] Undefined variable: count_year /www/wwwroot/dhuyb.cn/audit/Application/Runtime/Cache/Home/953824c20aef53ae2750e20ed86d0cd1.php 第 105 行.
NOTIC: [8] Undefined variable: count_year /www/wwwroot/dhuyb.cn/audit/Application/Runtime/Cache/Home/953824c20aef53ae2750e20ed86d0cd1.php 第 105 行.
NOTIC: [8] Undefined variable: count_year /www/wwwroot/dhuyb.cn/audit/Application/Runtime/Cache/Home/953824c20aef53ae2750e20ed86d0cd1.php 第 105 行.
NOTIC: [8] Undefined variable: count_year /www/wwwroot/dhuyb.cn/audit/Application/Runtime/Cache/Home/953824c20aef53ae2750e20ed86d0cd1.php 第 105 行.
NOTIC: [8] Undefined variable: count_year /www/wwwroot/dhuyb.cn/audit/Application/Runtime/Cache/Home/953824c20aef53ae2750e20ed86d0cd1.php 第 105 行.
NOTIC: [2] number_format() expects parameter 1 to be double, string given /www/wwwroot/dhuyb.cn/audit/Application/Runtime/Cache/Home/953824c20aef53ae2750e20ed86d0cd1.php 第 251 行.
NOTIC: [2] number_format() expects parameter 1 to be double, string given /www/wwwroot/dhuyb.cn/audit/Application/Runtime/Cache/Home/953824c20aef53ae2750e20ed86d0cd1.php 第 251 行.
NOTIC: [2] number_format() expects parameter 1 to be double, string given /www/wwwroot/dhuyb.cn/audit/Application/Runtime/Cache/Home/953824c20aef53ae2750e20ed86d0cd1.php 第 251 行.
NOTIC: [2] number_format() expects parameter 1 to be double, string given /www/wwwroot/dhuyb.cn/audit/Application/Runtime/Cache/Home/953824c20aef53ae2750e20ed86d0cd1.php 第 251 行.
NOTIC: [2] number_format() expects parameter 1 to be double, string given /www/wwwroot/dhuyb.cn/audit/Application/Runtime/Cache/Home/953824c20aef53ae2750e20ed86d0cd1.php 第 264 行.
NOTIC: [2] number_format() expects parameter 1 to be double, string given /www/wwwroot/dhuyb.cn/audit/Application/Runtime/Cache/Home/953824c20aef53ae2750e20ed86d0cd1.php 第 251 行.
NOTIC: [2] number_format() expects parameter 1 to be double, string given /www/wwwroot/dhuyb.cn/audit/Application/Runtime/Cache/Home/953824c20aef53ae2750e20ed86d0cd1.php 第 251 行.
INFO: Run Behavior\ParseTemplateBehavior [ RunTime:0.027283s ]
INFO: [ view_parse ] --END-- [ RunTime:0.027316s ]
INFO: [ view_filter ] --START--
INFO: Run Behavior\WriteHtmlCacheBehavior [ RunTime:0.000242s ]
INFO: [ view_filter ] --END-- [ RunTime:0.000275s ]
INFO: [ app_end ] --START--
INFO: Run Behavior\ShowPageTraceBehavior [ RunTime:0.000461s ]
INFO: [ app_end ] --END-- [ RunTime:0.000498s ]

[ 2019-12-16T11:55:39+08:00 ] 180.167.231.160 /audit/index.php/Home/Index/list_edit?contract_id=2019-112
INFO: [ app_init ] --START--
INFO: Run Behavior\BuildLiteBehavior [ RunTime:0.000010s ]
INFO: [ app_init ] --END-- [ RunTime:0.000332s ]
INFO: [ app_begin ] --START--
INFO: Run Behavior\ReadHtmlCacheBehavior [ RunTime:0.000467s ]
INFO: [ app_begin ] --END-- [ RunTime:0.000507s ]
SQL: SHOW COLUMNS FROM `contract` [ RunTime:0.0007s ]
SQL: SELECT * FROM `contract` WHERE `contract_id` = '2019-112' LIMIT 1   [ RunTime:0.0021s ]
SQL: SHOW COLUMNS FROM `paylist` [ RunTime:0.0004s ]
SQL: SELECT `vote_time`,`pay_amount`,`id`,`pay_time`,`ratio` FROM `paylist` WHERE ( 1=1 AND contract_id='2019-112' )  [ RunTime:0.0002s ]
INFO: [ view_parse ] --START--
INFO: [ template_filter ] --START--
INFO: Run Behavior\ContentReplaceBehavior [ RunTime:0.000083s ]
INFO: [ template_filter ] --END-- [ RunTime:0.000122s ]
NOTIC: [8] Undefined offset: 1 /www/wwwroot/dhuyb.cn/audit/Application/Runtime/Cache/Home/70cdc971b96f4f21a57bb29e584e50ba.php 第 60 行.
NOTIC: [8] Undefined offset: 1 /www/wwwroot/dhuyb.cn/audit/Application/Runtime/Cache/Home/70cdc971b96f4f21a57bb29e584e50ba.php 第 61 行.
NOTIC: [8] Undefined offset: 2 /www/wwwroot/dhuyb.cn/audit/Application/Runtime/Cache/Home/70cdc971b96f4f21a57bb29e584e50ba.php 第 71 行.
NOTIC: [8] Undefined offset: 2 /www/wwwroot/dhuyb.cn/audit/Application/Runtime/Cache/Home/70cdc971b96f4f21a57bb29e584e50ba.php 第 72 行.
INFO: Run Behavior\ParseTemplateBehavior [ RunTime:0.010218s ]
INFO: [ view_parse ] --END-- [ RunTime:0.010265s ]
INFO: [ view_filter ] --START--
INFO: Run Behavior\WriteHtmlCacheBehavior [ RunTime:0.000355s ]
INFO: [ view_filter ] --END-- [ RunTime:0.000389s ]
INFO: [ app_end ] --START--
INFO: Run Behavior\ShowPageTraceBehavior [ RunTime:0.000462s ]
INFO: [ app_end ] --END-- [ RunTime:0.000524s ]

[ 2019-12-16T11:55:51+08:00 ] 180.167.231.160 /audit/index.php/Home/Index/list_show?item_id=7
INFO: [ app_init ] --START--
INFO: Run Behavior\BuildLiteBehavior [ RunTime:0.000011s ]
INFO: [ app_init ] --END-- [ RunTime:0.000374s ]
INFO: [ app_begin ] --START--
INFO: Run Behavior\ReadHtmlCacheBehavior [ RunTime:0.000445s ]
INFO: [ app_begin ] --END-- [ RunTime:0.000512s ]
SQL: SHOW COLUMNS FROM `contract` [ RunTime:0.0008s ]
SQL: SELECT * FROM `contract` WHERE `item_id` = '7' ORDER BY belong_year asc,id  [ RunTime:0.0002s ]
SQL: SHOW COLUMNS FROM `paylist` [ RunTime:0.0003s ]
SQL: SELECT `vote_time`,`pay_amount`,`id`,`pay_time`,`ratio` FROM `paylist` WHERE ( 1=1 AND contract_id='2017-5' )  [ RunTime:0.0001s ]
SQL: SHOW COLUMNS FROM `item` [ RunTime:0.0003s ]
SQL: SELECT `item_supervisor`,`item_name`,`su_company` FROM `item` WHERE ( 1=1 AND item_id='7' ) LIMIT 1   [ RunTime:0.0001s ]
SQL: SELECT `vote_time`,`pay_amount`,`id`,`pay_time`,`ratio` FROM `paylist` WHERE ( 1=1 AND contract_id='2017-12' )  [ RunTime:0.0001s ]
SQL: SELECT `item_supervisor`,`item_name`,`su_company` FROM `item` WHERE ( 1=1 AND item_id='7' ) LIMIT 1   [ RunTime:0.0001s ]
SQL: SELECT `vote_time`,`pay_amount`,`id`,`pay_time`,`ratio` FROM `paylist` WHERE ( 1=1 AND contract_id='2017-32' )  [ RunTime:0.0001s ]
SQL: SELECT `item_supervisor`,`item_name`,`su_company` FROM `item` WHERE ( 1=1 AND item_id='7' ) LIMIT 1   [ RunTime:0.0001s ]
SQL: SELECT `vote_time`,`pay_amount`,`id`,`pay_time`,`ratio` FROM `paylist` WHERE ( 1=1 AND contract_id='2017-34' )  [ RunTime:0.0001s ]
SQL: SELECT `item_supervisor`,`item_name`,`su_company` FROM `item` WHERE ( 1=1 AND item_id='7' ) LIMIT 1   [ RunTime:0.0000s ]
SQL: SELECT `vote_time`,`pay_amount`,`id`,`pay_time`,`ratio` FROM `paylist` WHERE ( 1=1 AND contract_id='2017-38' )  [ RunTime:0.0001s ]
SQL: SELECT `item_supervisor`,`item_name`,`su_company` FROM `item` WHERE ( 1=1 AND item_id='7' ) LIMIT 1   [ RunTime:0.0001s ]
SQL: SELECT `vote_time`,`pay_amount`,`id`,`pay_time`,`ratio` FROM `paylist` WHERE ( 1=1 AND contract_id='2017-39' )  [ RunTime:0.0001s ]
SQL: SELECT `item_supervisor`,`item_name`,`su_company` FROM `item` WHERE ( 1=1 AND item_id='7' ) LIMIT 1   [ RunTime:0.0001s ]
SQL: SELECT `vote_time`,`pay_amount`,`id`,`pay_time`,`ratio` FROM `paylist` WHERE ( 1=1 AND contract_id='2017-48' )  [ RunTime:0.0001s ]
SQL: SELECT `item_supervisor`,`item_name`,`su_company` FROM `item` WHERE ( 1=1 AND item_id='7' ) LIMIT 1   [ RunTime:0.0001s ]
SQL: SELECT `vote_time`,`pay_amount`,`id`,`pay_time`,`ratio` FROM `paylist` WHERE ( 1=1 AND contract_id='2017-58' )  [ RunTime:0.0001s ]
SQL: SELECT `item_supervisor`,`item_name`,`su_company` FROM `item` WHERE ( 1=1 AND item_id='7' ) LIMIT 1   [ RunTime:0.0001s ]
SQL: SELECT `vote_time`,`pay_amount`,`id`,`pay_time`,`ratio` FROM `paylist` WHERE ( 1=1 AND contract_id='2017-67' )  [ RunTime:0.0001s ]
SQL: SELECT `item_supervisor`,`item_name`,`su_company` FROM `item` WHERE ( 1=1 AND item_id='7' ) LIMIT 1   [ RunTime:0.0000s ]
SQL: SELECT `vote_time`,`pay_amount`,`id`,`pay_time`,`ratio` FROM `paylist` WHERE ( 1=1 AND contract_id='2017-85' )  [ RunTime:0.0001s ]
SQL: SELECT `item_supervisor`,`item_name`,`su_company` FROM `item` WHERE ( 1=1 AND item_id='7' ) LIMIT 1   [ RunTime:0.0000s ]
SQL: SELECT `vote_time`,`pay_amount`,`id`,`pay_time`,`ratio` FROM `paylist` WHERE ( 1=1 AND contract_id='2017-102' )  [ RunTime:0.0001s ]
SQL: SELECT `item_supervisor`,`item_name`,`su_company` FROM `item` WHERE ( 1=1 AND item_id='7' ) LIMIT 1   [ RunTime:0.0001s ]
SQL: SELECT `vote_time`,`pay_amount`,`id`,`pay_time`,`ratio` FROM `paylist` WHERE ( 1=1 AND contract_id='2017-117' )  [ RunTime:0.0001s ]
SQL: SELECT `item_supervisor`,`item_name`,`su_company` FROM `item` WHERE ( 1=1 AND item_id='7' ) LIMIT 1   [ RunTime:0.0000s ]
SQL: SELECT `vote_time`,`pay_amount`,`id`,`pay_time`,`ratio` FROM `paylist` WHERE ( 1=1 AND contract_id='2018-25' )  [ RunTime:0.0001s ]
SQL: SELECT `item_supervisor`,`item_name`,`su_company` FROM `item` WHERE ( 1=1 AND item_id='7' ) LIMIT 1   [ RunTime:0.0001s ]
SQL: SELECT `vote_time`,`pay_amount`,`id`,`pay_time`,`ratio` FROM `paylist` WHERE ( 1=1 AND contract_id='2018-31' )  [ RunTime:0.0001s ]
SQL: SELECT `item_supervisor`,`item_name`,`su_company` FROM `item` WHERE ( 1=1 AND item_id='7' ) LIMIT 1   [ RunTime:0.0001s ]
SQL: SELECT `vote_time`,`pay_amount`,`id`,`pay_time`,`ratio` FROM `paylist` WHERE ( 1=1 AND contract_id='2018-40' )  [ RunTime:0.0001s ]
SQL: SELECT `item_supervisor`,`item_name`,`su_company` FROM `item` WHERE ( 1=1 AND item_id='7' ) LIMIT 1   [ RunTime:0.0000s ]
SQL: SELECT `vote_time`,`pay_amount`,`id`,`pay_time`,`ratio` FROM `paylist` WHERE ( 1=1 AND contract_id='2018-41' )  [ RunTime:0.0001s ]
SQL: SELECT `item_supervisor`,`item_name`,`su_company` FROM `item` WHERE ( 1=1 AND item_id='7' ) LIMIT 1   [ RunTime:0.0001s ]
SQL: SELECT `vote_time`,`pay_amount`,`id`,`pay_time`,`ratio` FROM `paylist` WHERE ( 1=1 AND contract_id='2018-43' )  [ RunTime:0.0001s ]
SQL: SELECT `item_supervisor`,`item_name`,`su_company` FROM `item` WHERE ( 1=1 AND item_id='7' ) LIMIT 1   [ RunTime:0.0001s ]
SQL: SELECT `vote_time`,`pay_amount`,`id`,`pay_time`,`ratio` FROM `paylist` WHERE ( 1=1 AND contract_id='2018-155' )  [ RunTime:0.0001s ]
SQL: SELECT `item_supervisor`,`item_name`,`su_company` FROM `item` WHERE ( 1=1 AND item_id='7' ) LIMIT 1   [ RunTime:0.0001s ]
SQL: SELECT `vote_time`,`pay_amount`,`id`,`pay_time`,`ratio` FROM `paylist` WHERE ( 1=1 AND contract_id='2018-156' )  [ RunTime:0.0001s ]
SQL: SELECT `item_supervisor`,`item_name`,`su_company` FROM `item` WHERE ( 1=1 AND item_id='7' ) LIMIT 1   [ RunTime:0.0001s ]
SQL: SELECT `vote_time`,`pay_amount`,`id`,`pay_time`,`ratio` FROM `paylist` WHERE ( 1=1 AND contract_id='2018-167' )  [ RunTime:0.0001s ]
SQL: SELECT `item_supervisor`,`item_name`,`su_company` FROM `item` WHERE ( 1=1 AND item_id='7' ) LIMIT 1   [ RunTime:0.0001s ]
SQL: SELECT `vote_time`,`pay_amount`,`id`,`pay_time`,`ratio` FROM `paylist` WHERE ( 1=1 AND contract_id='2018-173' )  [ RunTime:0.0001s ]
SQL: SELECT `item_supervisor`,`item_name`,`su_company` FROM `item` WHERE ( 1=1 AND item_id='7' ) LIMIT 1   [ RunTime:0.0001s ]
SQL: SELECT `vote_time`,`pay_amount`,`id`,`pay_time`,`ratio` FROM `paylist` WHERE ( 1=1 AND contract_id='2018-174' )  [ RunTime:0.0001s ]
SQL: SELECT `item_supervisor`,`item_name`,`su_company` FROM `item` WHERE ( 1=1 AND item_id='7' ) LIMIT 1   [ RunTime:0.0000s ]
SQL: SELECT `vote_time`,`pay_amount`,`id`,`pay_time`,`ratio` FROM `paylist` WHERE ( 1=1 AND contract_id='2018-191' )  [ RunTime:0.0001s ]
SQL: SELECT `item_supervisor`,`item_name`,`su_company` FROM `item` WHERE ( 1=1 AND item_id='7' ) LIMIT 1   [ RunTime:0.0001s ]
SQL: SELECT `vote_time`,`pay_amount`,`id`,`pay_time`,`ratio` FROM `paylist` WHERE ( 1=1 AND contract_id='2018-193' )  [ RunTime:0.0001s ]
SQL: SELECT `item_supervisor`,`item_name`,`su_company` FROM `item` WHERE ( 1=1 AND item_id='7' ) LIMIT 1   [ RunTime:0.0000s ]
SQL: SELECT `vote_time`,`pay_amount`,`id`,`pay_time`,`ratio` FROM `paylist` WHERE ( 1=1 AND contract_id='2018-195' )  [ RunTime:0.0001s ]
SQL: SELECT `item_supervisor`,`item_name`,`su_company` FROM `item` WHERE ( 1=1 AND item_id='7' ) LIMIT 1   [ RunTime:0.0001s ]
SQL: SELECT `vote_time`,`pay_amount`,`id`,`pay_time`,`ratio` FROM `paylist` WHERE ( 1=1 AND contract_id='2018-196' )  [ RunTime:0.0001s ]
SQL: SELECT `item_supervisor`,`item_name`,`su_company` FROM `item` WHERE ( 1=1 AND item_id='7' ) LIMIT 1   [ RunTime:0.0001s ]
SQL: SELECT `vote_time`,`pay_amount`,`id`,`pay_time`,`ratio` FROM `paylist` WHERE ( 1=1 AND contract_id='2019-16' )  [ RunTime:0.0001s ]
SQL: SELECT `item_supervisor`,`item_name`,`su_company` FROM `item` WHERE ( 1=1 AND item_id='7' ) LIMIT 1   [ RunTime:0.0000s ]
SQL: SELECT `vote_time`,`pay_amount`,`id`,`pay_time`,`ratio` FROM `paylist` WHERE ( 1=1 AND contract_id='2019-17' )  [ RunTime:0.0001s ]
SQL: SELECT `item_supervisor`,`item_name`,`su_company` FROM `item` WHERE ( 1=1 AND item_id='7' ) LIMIT 1   [ RunTime:0.0001s ]
SQL: SELECT `vote_time`,`pay_amount`,`id`,`pay_time`,`ratio` FROM `paylist` WHERE ( 1=1 AND contract_id='2019-33' )  [ RunTime:0.0001s ]
SQL: SELECT `item_supervisor`,`item_name`,`su_company` FROM `item` WHERE ( 1=1 AND item_id='7' ) LIMIT 1   [ RunTime:0.0001s ]
SQL: SELECT `vote_time`,`pay_amount`,`id`,`pay_time`,`ratio` FROM `paylist` WHERE ( 1=1 AND contract_id='2019-37' )  [ RunTime:0.0001s ]
SQL: SELECT `item_supervisor`,`item_name`,`su_company` FROM `item` WHERE ( 1=1 AND item_id='7' ) LIMIT 1   [ RunTime:0.0000s ]
SQL: SELECT `vote_time`,`pay_amount`,`id`,`pay_time`,`ratio` FROM `paylist` WHERE ( 1=1 AND contract_id='2019-42' )  [ RunTime:0.0001s ]
SQL: SELECT `item_supervisor`,`item_name`,`su_company` FROM `item` WHERE ( 1=1 AND item_id='7' ) LIMIT 1   [ RunTime:0.0001s ]
SQL: SELECT `vote_time`,`pay_amount`,`id`,`pay_time`,`ratio` FROM `paylist` WHERE ( 1=1 AND contract_id='2019-43' )  [ RunTime:0.0001s ]
SQL: SELECT `item_supervisor`,`item_name`,`su_company` FROM `item` WHERE ( 1=1 AND item_id='7' ) LIMIT 1   [ RunTime:0.0001s ]
SQL: SELECT `vote_time`,`pay_amount`,`id`,`pay_time`,`ratio` FROM `paylist` WHERE ( 1=1 AND contract_id='2019-44' )  [ RunTime:0.0001s ]
SQL: SELECT `item_supervisor`,`item_name`,`su_company` FROM `item` WHERE ( 1=1 AND item_id='7' ) LIMIT 1   [ RunTime:0.0001s ]
SQL: SELECT `vote_time`,`pay_amount`,`id`,`pay_time`,`ratio` FROM `paylist` WHERE ( 1=1 AND contract_id='2019-57' )  [ RunTime:0.0001s ]
SQL: SELECT `item_supervisor`,`item_name`,`su_company` FROM `item` WHERE ( 1=1 AND item_id='7' ) LIMIT 1   [ RunTime:0.0001s ]
SQL: SELECT `vote_time`,`pay_amount`,`id`,`pay_time`,`ratio` FROM `paylist` WHERE ( 1=1 AND contract_id='2019-75' )  [ RunTime:0.0001s ]
SQL: SELECT `item_supervisor`,`item_name`,`su_company` FROM `item` WHERE ( 1=1 AND item_id='7' ) LIMIT 1   [ RunTime:0.0001s ]
SQL: SELECT `vote_time`,`pay_amount`,`id`,`pay_time`,`ratio` FROM `paylist` WHERE ( 1=1 AND contract_id='2019-87' )  [ RunTime:0.0001s ]
SQL: SELECT `item_supervisor`,`item_name`,`su_company` FROM `item` WHERE ( 1=1 AND item_id='7' ) LIMIT 1   [ RunTime:0.0001s ]
SQL: SELECT `vote_time`,`pay_amount`,`id`,`pay_time`,`ratio` FROM `paylist` WHERE ( 1=1 AND contract_id='2019-111' )  [ RunTime:0.0001s ]
SQL: SELECT `item_supervisor`,`item_name`,`su_company` FROM `item` WHERE ( 1=1 AND item_id='7' ) LIMIT 1   [ RunTime:0.0002s ]
SQL: SELECT `vote_time`,`pay_amount`,`id`,`pay_time`,`ratio` FROM `paylist` WHERE ( 1=1 AND contract_id='2019-113' )  [ RunTime:0.0001s ]
SQL: SELECT `item_supervisor`,`item_name`,`su_company` FROM `item` WHERE ( 1=1 AND item_id='7' ) LIMIT 1   [ RunTime:0.0000s ]
SQL: SELECT `vote_time`,`pay_amount`,`id`,`pay_time`,`ratio` FROM `paylist` WHERE ( 1=1 AND contract_id='2019-117' )  [ RunTime:0.0001s ]
SQL: SELECT `item_supervisor`,`item_name`,`su_company` FROM `item` WHERE ( 1=1 AND item_id='7' ) LIMIT 1   [ RunTime:0.0001s ]
SQL: SELECT `vote_time`,`pay_amount`,`id`,`pay_time`,`ratio` FROM `paylist` WHERE ( 1=1 AND contract_id='2019-118' )  [ RunTime:0.0001s ]
SQL: SELECT `item_supervisor`,`item_name`,`su_company` FROM `item` WHERE ( 1=1 AND item_id='7' ) LIMIT 1   [ RunTime:0.0000s ]
SQL: SHOW COLUMNS FROM `item` [ RunTime:0.0004s ]
SQL: SELECT `item_id`,`item_name` FROM `item` WHERE `item_state` = 0  [ RunTime:0.0001s ]
SQL: SELECT `item_id`,`item_supervisor`,`item_name`,`su_company` FROM `item` WHERE `item_id` = '7' LIMIT 1   [ RunTime:0.0001s ]
INFO: [ view_parse ] --START--
INFO: [ template_filter ] --START--
INFO: Run Behavior\ContentReplaceBehavior [ RunTime:0.000195s ]
INFO: [ template_filter ] --END-- [ RunTime:0.000242s ]
NOTIC: [8] Undefined variable: count_year /www/wwwroot/dhuyb.cn/audit/Application/Runtime/Cache/Home/953824c20aef53ae2750e20ed86d0cd1.php 第 105 行.
NOTIC: [8] Undefined variable: count_year /www/wwwroot/dhuyb.cn/audit/Application/Runtime/Cache/Home/953824c20aef53ae2750e20ed86d0cd1.php 第 105 行.
NOTIC: [8] Undefined variable: count_year /www/wwwroot/dhuyb.cn/audit/Application/Runtime/Cache/Home/953824c20aef53ae2750e20ed86d0cd1.php 第 105 行.
NOTIC: [8] Undefined variable: count_year /www/wwwroot/dhuyb.cn/audit/Application/Runtime/Cache/Home/953824c20aef53ae2750e20ed86d0cd1.php 第 105 行.
NOTIC: [8] Undefined variable: count_year /www/wwwroot/dhuyb.cn/audit/Application/Runtime/Cache/Home/953824c20aef53ae2750e20ed86d0cd1.php 第 105 行.
NOTIC: [2] number_format() expects parameter 1 to be double, string given /www/wwwroot/dhuyb.cn/audit/Application/Runtime/Cache/Home/953824c20aef53ae2750e20ed86d0cd1.php 第 251 行.
NOTIC: [2] number_format() expects parameter 1 to be double, string given /www/wwwroot/dhuyb.cn/audit/Application/Runtime/Cache/Home/953824c20aef53ae2750e20ed86d0cd1.php 第 251 行.
NOTIC: [2] number_format() expects parameter 1 to be double, string given /www/wwwroot/dhuyb.cn/audit/Application/Runtime/Cache/Home/953824c20aef53ae2750e20ed86d0cd1.php 第 251 行.
NOTIC: [2] number_format() expects parameter 1 to be double, string given /www/wwwroot/dhuyb.cn/audit/Application/Runtime/Cache/Home/953824c20aef53ae2750e20ed86d0cd1.php 第 251 行.
NOTIC: [2] number_format() expects parameter 1 to be double, string given /www/wwwroot/dhuyb.cn/audit/Application/Runtime/Cache/Home/953824c20aef53ae2750e20ed86d0cd1.php 第 251 行.
NOTIC: [2] number_format() expects parameter 1 to be double, string given /www/wwwroot/dhuyb.cn/audit/Application/Runtime/Cache/Home/953824c20aef53ae2750e20ed86d0cd1.php 第 251 行.
NOTIC: [2] number_format() expects parameter 1 to be double, string given /www/wwwroot/dhuyb.cn/audit/Application/Runtime/Cache/Home/953824c20aef53ae2750e20ed86d0cd1.php 第 251 行.
NOTIC: [2] number_format() expects parameter 1 to be double, string given /www/wwwroot/dhuyb.cn/audit/Application/Runtime/Cache/Home/953824c20aef53ae2750e20ed86d0cd1.php 第 251 行.
NOTIC: [2] number_format() expects parameter 1 to be double, string given /www/wwwroot/dhuyb.cn/audit/Application/Runtime/Cache/Home/953824c20aef53ae2750e20ed86d0cd1.php 第 251 行.
NOTIC: [2] number_format() expects parameter 1 to be double, string given /www/wwwroot/dhuyb.cn/audit/Application/Runtime/Cache/Home/953824c20aef53ae2750e20ed86d0cd1.php 第 251 行.
NOTIC: [2] number_format() expects parameter 1 to be double, string given /www/wwwroot/dhuyb.cn/audit/Application/Runtime/Cache/Home/953824c20aef53ae2750e20ed86d0cd1.php 第 251 行.
NOTIC: [2] number_format() expects parameter 1 to be double, string given /www/wwwroot/dhuyb.cn/audit/Application/Runtime/Cache/Home/953824c20aef53ae2750e20ed86d0cd1.php 第 251 行.
NOTIC: [2] number_format() expects parameter 1 to be double, string given /www/wwwroot/dhuyb.cn/audit/Application/Runtime/Cache/Home/953824c20aef53ae2750e20ed86d0cd1.php 第 265 行.
NOTIC: [2] number_format() expects parameter 1 to be double, string given /www/wwwroot/dhuyb.cn/audit/Application/Runtime/Cache/Home/953824c20aef53ae2750e20ed86d0cd1.php 第 251 行.
NOTIC: [2] number_format() expects parameter 1 to be double, string given /www/wwwroot/dhuyb.cn/audit/Application/Runtime/Cache/Home/953824c20aef53ae2750e20ed86d0cd1.php 第 251 行.
NOTIC: [2] number_format() expects parameter 1 to be double, string given /www/wwwroot/dhuyb.cn/audit/Application/Runtime/Cache/Home/953824c20aef53ae2750e20ed86d0cd1.php 第 251 行.
NOTIC: [2] number_format() expects parameter 1 to be double, string given /www/wwwroot/dhuyb.cn/audit/Application/Runtime/Cache/Home/953824c20aef53ae2750e20ed86d0cd1.php 第 251 行.
NOTIC: [2] number_format() expects parameter 1 to be double, string given /www/wwwroot/dhuyb.cn/audit/Application/Runtime/Cache/Home/953824c20aef53ae2750e20ed86d0cd1.php 第 251 行.
NOTIC: [2] number_format() expects parameter 1 to be double, string given /www/wwwroot/dhuyb.cn/audit/Application/Runtime/Cache/Home/953824c20aef53ae2750e20ed86d0cd1.php 第 251 行.
NOTIC: [2] number_format() expects parameter 1 to be double, string given /www/wwwroot/dhuyb.cn/audit/Application/Runtime/Cache/Home/953824c20aef53ae2750e20ed86d0cd1.php 第 251 行.
NOTIC: [2] number_format() expects parameter 1 to be double, string given /www/wwwroot/dhuyb.cn/audit/Application/Runtime/Cache/Home/953824c20aef53ae2750e20ed86d0cd1.php 第 251 行.
NOTIC: [2] number_format() expects parameter 1 to be double, string given /www/wwwroot/dhuyb.cn/audit/Application/Runtime/Cache/Home/953824c20aef53ae2750e20ed86d0cd1.php 第 251 行.
NOTIC: [2] number_format() expects parameter 1 to be double, string given /www/wwwroot/dhuyb.cn/audit/Application/Runtime/Cache/Home/953824c20aef53ae2750e20ed86d0cd1.php 第 251 行.
NOTIC: [2] number_format() expects parameter 1 to be double, string given /www/wwwroot/dhuyb.cn/audit/Application/Runtime/Cache/Home/953824c20aef53ae2750e20ed86d0cd1.php 第 154 行.
NOTIC: [2] number_format() expects parameter 1 to be double, string given /www/wwwroot/dhuyb.cn/audit/Application/Runtime/Cache/Home/953824c20aef53ae2750e20ed86d0cd1.php 第 154 行.
NOTIC: [2] number_format() expects parameter 1 to be double, string given /www/wwwroot/dhuyb.cn/audit/Application/Runtime/Cache/Home/953824c20aef53ae2750e20ed86d0cd1.php 第 251 行.
NOTIC: [2] number_format() expects parameter 1 to be double, string given /www/wwwroot/dhuyb.cn/audit/Application/Runtime/Cache/Home/953824c20aef53ae2750e20ed86d0cd1.php 第 251 行.
NOTIC: [2] number_format() expects parameter 1 to be double, string given /www/wwwroot/dhuyb.cn/audit/Application/Runtime/Cache/Home/953824c20aef53ae2750e20ed86d0cd1.php 第 251 行.
NOTIC: [2] number_format() expects parameter 1 to be double, string given /www/wwwroot/dhuyb.cn/audit/Application/Runtime/Cache/Home/953824c20aef53ae2750e20ed86d0cd1.php 第 251 行.
NOTIC: [2] number_format() expects parameter 1 to be double, string given /www/wwwroot/dhuyb.cn/audit/Application/Runtime/Cache/Home/953824c20aef53ae2750e20ed86d0cd1.php 第 251 行.
NOTIC: [2] number_format() expects parameter 1 to be double, string given /www/wwwroot/dhuyb.cn/audit/Application/Runtime/Cache/Home/953824c20aef53ae2750e20ed86d0cd1.php 第 274 行.
NOTIC: [2] number_format() expects parameter 1 to be double, string given /www/wwwroot/dhuyb.cn/audit/Application/Runtime/Cache/Home/953824c20aef53ae2750e20ed86d0cd1.php 第 251 行.
NOTIC: [2] number_format() expects parameter 1 to be double, string given /www/wwwroot/dhuyb.cn/audit/Application/Runtime/Cache/Home/953824c20aef53ae2750e20ed86d0cd1.php 第 251 行.
INFO: Run Behavior\ParseTemplateBehavior [ RunTime:0.028983s ]
INFO: [ view_parse ] --END-- [ RunTime:0.029019s ]
INFO: [ view_filter ] --START--
INFO: Run Behavior\WriteHtmlCacheBehavior [ RunTime:0.000247s ]
INFO: [ view_filter ] --END-- [ RunTime:0.000279s ]
INFO: [ app_end ] --START--
INFO: Run Behavior\ShowPageTraceBehavior [ RunTime:0.000482s ]
INFO: [ app_end ] --END-- [ RunTime:0.000521s ]

[ 2019-12-16T11:56:26+08:00 ] 180.167.231.160 /audit/index.php/Home/Index/list_edit?contract_id=2019-113
INFO: [ app_init ] --START--
INFO: Run Behavior\BuildLiteBehavior [ RunTime:0.000009s ]
INFO: [ app_init ] --END-- [ RunTime:0.000344s ]
INFO: [ app_begin ] --START--
INFO: Run Behavior\ReadHtmlCacheBehavior [ RunTime:0.000495s ]
INFO: [ app_begin ] --END-- [ RunTime:0.000534s ]
SQL: SHOW COLUMNS FROM `contract` [ RunTime:0.0007s ]
SQL: SELECT * FROM `contract` WHERE `contract_id` = '2019-113' LIMIT 1   [ RunTime:0.0020s ]
SQL: SHOW COLUMNS FROM `paylist` [ RunTime:0.0004s ]
SQL: SELECT `vote_time`,`pay_amount`,`id`,`pay_time`,`ratio` FROM `paylist` WHERE ( 1=1 AND contract_id='2019-113' )  [ RunTime:0.0003s ]
INFO: [ view_parse ] --START--
INFO: [ template_filter ] --START--
INFO: Run Behavior\ContentReplaceBehavior [ RunTime:0.000089s ]
INFO: [ template_filter ] --END-- [ RunTime:0.000127s ]
NOTIC: [8] Undefined offset: 1 /www/wwwroot/dhuyb.cn/audit/Application/Runtime/Cache/Home/70cdc971b96f4f21a57bb29e584e50ba.php 第 60 行.
NOTIC: [8] Undefined offset: 1 /www/wwwroot/dhuyb.cn/audit/Application/Runtime/Cache/Home/70cdc971b96f4f21a57bb29e584e50ba.php 第 61 行.
NOTIC: [8] Undefined offset: 2 /www/wwwroot/dhuyb.cn/audit/Application/Runtime/Cache/Home/70cdc971b96f4f21a57bb29e584e50ba.php 第 71 行.
NOTIC: [8] Undefined offset: 2 /www/wwwroot/dhuyb.cn/audit/Application/Runtime/Cache/Home/70cdc971b96f4f21a57bb29e584e50ba.php 第 72 行.
INFO: Run Behavior\ParseTemplateBehavior [ RunTime:0.009943s ]
INFO: [ view_parse ] --END-- [ RunTime:0.009977s ]
INFO: [ view_filter ] --START--
INFO: Run Behavior\WriteHtmlCacheBehavior [ RunTime:0.000219s ]
INFO: [ view_filter ] --END-- [ RunTime:0.000250s ]
INFO: [ app_end ] --START--
INFO: Run Behavior\ShowPageTraceBehavior [ RunTime:0.000471s ]
INFO: [ app_end ] --END-- [ RunTime:0.000508s ]

[ 2019-12-16T11:56:36+08:00 ] 180.167.231.160 /audit/index.php/Home/Index/list_edit1
INFO: [ app_init ] --START--
INFO: Run Behavior\BuildLiteBehavior [ RunTime:0.000012s ]
INFO: [ app_init ] --END-- [ RunTime:0.000449s ]
INFO: [ app_begin ] --START--
INFO: Run Behavior\ReadHtmlCacheBehavior [ RunTime:0.000571s ]
INFO: [ app_begin ] --END-- [ RunTime:0.000622s ]
SQL: SHOW COLUMNS FROM `contract` [ RunTime:0.0009s ]
SQL: SELECT `contract_amount`,`contract_exact_amount` FROM `contract` WHERE `contract_id` = '2019-113' LIMIT 1   [ RunTime:0.0008s ]
SQL: UPDATE `contract` SET `contract_amount`='56692',`contract_exact_amount`='',`contract_add_money`='56692.00',`contract_balance`='0.00',`ratio`='0%' WHERE `contract_id` = '2019-113' [ RunTime:0.0307s ]
SQL: SHOW COLUMNS FROM `paylist` [ RunTime:0.0009s ]
SQL: UPDATE `paylist` SET `pay_amount`='56692.00',`pay_time`='2019.12.16',`ratio`='100%',`vote_time`='2019-12-16  11:56:36' WHERE `id` = '341' [ RunTime:0.0052s ]

[ 2019-12-16T11:56:36+08:00 ] 180.167.231.160 /audit/index.php/Home/Index/list_show?item_id=7
INFO: [ app_init ] --START--
INFO: Run Behavior\BuildLiteBehavior [ RunTime:0.000010s ]
INFO: [ app_init ] --END-- [ RunTime:0.000341s ]
INFO: [ app_begin ] --START--
INFO: Run Behavior\ReadHtmlCacheBehavior [ RunTime:0.000437s ]
INFO: [ app_begin ] --END-- [ RunTime:0.000531s ]
SQL: SHOW COLUMNS FROM `contract` [ RunTime:0.0009s ]
SQL: SELECT * FROM `contract` WHERE `item_id` = '7' ORDER BY belong_year asc,id  [ RunTime:0.0013s ]
SQL: SHOW COLUMNS FROM `paylist` [ RunTime:0.0005s ]
SQL: SELECT `vote_time`,`pay_amount`,`id`,`pay_time`,`ratio` FROM `paylist` WHERE ( 1=1 AND contract_id='2017-5' )  [ RunTime:0.0004s ]
SQL: SHOW COLUMNS FROM `item` [ RunTime:0.0004s ]
SQL: SELECT `item_supervisor`,`item_name`,`su_company` FROM `item` WHERE ( 1=1 AND item_id='7' ) LIMIT 1   [ RunTime:0.0001s ]
SQL: SELECT `vote_time`,`pay_amount`,`id`,`pay_time`,`ratio` FROM `paylist` WHERE ( 1=1 AND contract_id='2017-12' )  [ RunTime:0.0004s ]
SQL: SELECT `item_supervisor`,`item_name`,`su_company` FROM `item` WHERE ( 1=1 AND item_id='7' ) LIMIT 1   [ RunTime:0.0001s ]
SQL: SELECT `vote_time`,`pay_amount`,`id`,`pay_time`,`ratio` FROM `paylist` WHERE ( 1=1 AND contract_id='2017-32' )  [ RunTime:0.0004s ]
SQL: SELECT `item_supervisor`,`item_name`,`su_company` FROM `item` WHERE ( 1=1 AND item_id='7' ) LIMIT 1   [ RunTime:0.0001s ]
SQL: SELECT `vote_time`,`pay_amount`,`id`,`pay_time`,`ratio` FROM `paylist` WHERE ( 1=1 AND contract_id='2017-34' )  [ RunTime:0.0004s ]
SQL: SELECT `item_supervisor`,`item_name`,`su_company` FROM `item` WHERE ( 1=1 AND item_id='7' ) LIMIT 1   [ RunTime:0.0001s ]
SQL: SELECT `vote_time`,`pay_amount`,`id`,`pay_time`,`ratio` FROM `paylist` WHERE ( 1=1 AND contract_id='2017-38' )  [ RunTime:0.0004s ]
SQL: SELECT `item_supervisor`,`item_name`,`su_company` FROM `item` WHERE ( 1=1 AND item_id='7' ) LIMIT 1   [ RunTime:0.0001s ]
SQL: SELECT `vote_time`,`pay_amount`,`id`,`pay_time`,`ratio` FROM `paylist` WHERE ( 1=1 AND contract_id='2017-39' )  [ RunTime:0.0004s ]
SQL: SELECT `item_supervisor`,`item_name`,`su_company` FROM `item` WHERE ( 1=1 AND item_id='7' ) LIMIT 1   [ RunTime:0.0001s ]
SQL: SELECT `vote_time`,`pay_amount`,`id`,`pay_time`,`ratio` FROM `paylist` WHERE ( 1=1 AND contract_id='2017-48' )  [ RunTime:0.0004s ]
SQL: SELECT `item_supervisor`,`item_name`,`su_company` FROM `item` WHERE ( 1=1 AND item_id='7' ) LIMIT 1   [ RunTime:0.0001s ]
SQL: SELECT `vote_time`,`pay_amount`,`id`,`pay_time`,`ratio` FROM `paylist` WHERE ( 1=1 AND contract_id='2017-58' )  [ RunTime:0.0004s ]
SQL: SELECT `item_supervisor`,`item_name`,`su_company` FROM `item` WHERE ( 1=1 AND item_id='7' ) LIMIT 1   [ RunTime:0.0001s ]
SQL: SELECT `vote_time`,`pay_amount`,`id`,`pay_time`,`ratio` FROM `paylist` WHERE ( 1=1 AND contract_id='2017-67' )  [ RunTime:0.0005s ]
SQL: SELECT `item_supervisor`,`item_name`,`su_company` FROM `item` WHERE ( 1=1 AND item_id='7' ) LIMIT 1   [ RunTime:0.0001s ]
SQL: SELECT `vote_time`,`pay_amount`,`id`,`pay_time`,`ratio` FROM `paylist` WHERE ( 1=1 AND contract_id='2017-85' )  [ RunTime:0.0004s ]
SQL: SELECT `item_supervisor`,`item_name`,`su_company` FROM `item` WHERE ( 1=1 AND item_id='7' ) LIMIT 1   [ RunTime:0.0001s ]
SQL: SELECT `vote_time`,`pay_amount`,`id`,`pay_time`,`ratio` FROM `paylist` WHERE ( 1=1 AND contract_id='2017-102' )  [ RunTime:0.0004s ]
SQL: SELECT `item_supervisor`,`item_name`,`su_company` FROM `item` WHERE ( 1=1 AND item_id='7' ) LIMIT 1   [ RunTime:0.0001s ]
SQL: SELECT `vote_time`,`pay_amount`,`id`,`pay_time`,`ratio` FROM `paylist` WHERE ( 1=1 AND contract_id='2017-117' )  [ RunTime:0.0003s ]
SQL: SELECT `item_supervisor`,`item_name`,`su_company` FROM `item` WHERE ( 1=1 AND item_id='7' ) LIMIT 1   [ RunTime:0.0001s ]
SQL: SELECT `vote_time`,`pay_amount`,`id`,`pay_time`,`ratio` FROM `paylist` WHERE ( 1=1 AND contract_id='2018-25' )  [ RunTime:0.0004s ]
SQL: SELECT `item_supervisor`,`item_name`,`su_company` FROM `item` WHERE ( 1=1 AND item_id='7' ) LIMIT 1   [ RunTime:0.0001s ]
SQL: SELECT `vote_time`,`pay_amount`,`id`,`pay_time`,`ratio` FROM `paylist` WHERE ( 1=1 AND contract_id='2018-31' )  [ RunTime:0.0004s ]
SQL: SELECT `item_supervisor`,`item_name`,`su_company` FROM `item` WHERE ( 1=1 AND item_id='7' ) LIMIT 1   [ RunTime:0.0001s ]
SQL: SELECT `vote_time`,`pay_amount`,`id`,`pay_time`,`ratio` FROM `paylist` WHERE ( 1=1 AND contract_id='2018-40' )  [ RunTime:0.0004s ]
SQL: SELECT `item_supervisor`,`item_name`,`su_company` FROM `item` WHERE ( 1=1 AND item_id='7' ) LIMIT 1   [ RunTime:0.0001s ]
SQL: SELECT `vote_time`,`pay_amount`,`id`,`pay_time`,`ratio` FROM `paylist` WHERE ( 1=1 AND contract_id='2018-41' )  [ RunTime:0.0004s ]
SQL: SELECT `item_supervisor`,`item_name`,`su_company` FROM `item` WHERE ( 1=1 AND item_id='7' ) LIMIT 1   [ RunTime:0.0001s ]
SQL: SELECT `vote_time`,`pay_amount`,`id`,`pay_time`,`ratio` FROM `paylist` WHERE ( 1=1 AND contract_id='2018-43' )  [ RunTime:0.0004s ]
SQL: SELECT `item_supervisor`,`item_name`,`su_company` FROM `item` WHERE ( 1=1 AND item_id='7' ) LIMIT 1   [ RunTime:0.0001s ]
SQL: SELECT `vote_time`,`pay_amount`,`id`,`pay_time`,`ratio` FROM `paylist` WHERE ( 1=1 AND contract_id='2018-155' )  [ RunTime:0.0004s ]
SQL: SELECT `item_supervisor`,`item_name`,`su_company` FROM `item` WHERE ( 1=1 AND item_id='7' ) LIMIT 1   [ RunTime:0.0001s ]
SQL: SELECT `vote_time`,`pay_amount`,`id`,`pay_time`,`ratio` FROM `paylist` WHERE ( 1=1 AND contract_id='2018-156' )  [ RunTime:0.0004s ]
SQL: SELECT `item_supervisor`,`item_name`,`su_company` FROM `item` WHERE ( 1=1 AND item_id='7' ) LIMIT 1   [ RunTime:0.0001s ]
SQL: SELECT `vote_time`,`pay_amount`,`id`,`pay_time`,`ratio` FROM `paylist` WHERE ( 1=1 AND contract_id='2018-167' )  [ RunTime:0.0004s ]
SQL: SELECT `item_supervisor`,`item_name`,`su_company` FROM `item` WHERE ( 1=1 AND item_id='7' ) LIMIT 1   [ RunTime:0.0001s ]
SQL: SELECT `vote_time`,`pay_amount`,`id`,`pay_time`,`ratio` FROM `paylist` WHERE ( 1=1 AND contract_id='2018-173' )  [ RunTime:0.0004s ]
SQL: SELECT `item_supervisor`,`item_name`,`su_company` FROM `item` WHERE ( 1=1 AND item_id='7' ) LIMIT 1   [ RunTime:0.0001s ]
SQL: SELECT `vote_time`,`pay_amount`,`id`,`pay_time`,`ratio` FROM `paylist` WHERE ( 1=1 AND contract_id='2018-174' )  [ RunTime:0.0004s ]
SQL: SELECT `item_supervisor`,`item_name`,`su_company` FROM `item` WHERE ( 1=1 AND item_id='7' ) LIMIT 1   [ RunTime:0.0001s ]
SQL: SELECT `vote_time`,`pay_amount`,`id`,`pay_time`,`ratio` FROM `paylist` WHERE ( 1=1 AND contract_id='2018-191' )  [ RunTime:0.0004s ]
SQL: SELECT `item_supervisor`,`item_name`,`su_company` FROM `item` WHERE ( 1=1 AND item_id='7' ) LIMIT 1   [ RunTime:0.0001s ]
SQL: SELECT `vote_time`,`pay_amount`,`id`,`pay_time`,`ratio` FROM `paylist` WHERE ( 1=1 AND contract_id='2018-193' )  [ RunTime:0.0004s ]
SQL: SELECT `item_supervisor`,`item_name`,`su_company` FROM `item` WHERE ( 1=1 AND item_id='7' ) LIMIT 1   [ RunTime:0.0001s ]
SQL: SELECT `vote_time`,`pay_amount`,`id`,`pay_time`,`ratio` FROM `paylist` WHERE ( 1=1 AND contract_id='2018-195' )  [ RunTime:0.0004s ]
SQL: SELECT `item_supervisor`,`item_name`,`su_company` FROM `item` WHERE ( 1=1 AND item_id='7' ) LIMIT 1   [ RunTime:0.0001s ]
SQL: SELECT `vote_time`,`pay_amount`,`id`,`pay_time`,`ratio` FROM `paylist` WHERE ( 1=1 AND contract_id='2018-196' )  [ RunTime:0.0004s ]
SQL: SELECT `item_supervisor`,`item_name`,`su_company` FROM `item` WHERE ( 1=1 AND item_id='7' ) LIMIT 1   [ RunTime:0.0001s ]
SQL: SELECT `vote_time`,`pay_amount`,`id`,`pay_time`,`ratio` FROM `paylist` WHERE ( 1=1 AND contract_id='2019-16' )  [ RunTime:0.0004s ]
SQL: SELECT `item_supervisor`,`item_name`,`su_company` FROM `item` WHERE ( 1=1 AND item_id='7' ) LIMIT 1   [ RunTime:0.0001s ]
SQL: SELECT `vote_time`,`pay_amount`,`id`,`pay_time`,`ratio` FROM `paylist` WHERE ( 1=1 AND contract_id='2019-17' )  [ RunTime:0.0004s ]
SQL: SELECT `item_supervisor`,`item_name`,`su_company` FROM `item` WHERE ( 1=1 AND item_id='7' ) LIMIT 1   [ RunTime:0.0001s ]
SQL: SELECT `vote_time`,`pay_amount`,`id`,`pay_time`,`ratio` FROM `paylist` WHERE ( 1=1 AND contract_id='2019-33' )  [ RunTime:0.0004s ]
SQL: SELECT `item_supervisor`,`item_name`,`su_company` FROM `item` WHERE ( 1=1 AND item_id='7' ) LIMIT 1   [ RunTime:0.0001s ]
SQL: SELECT `vote_time`,`pay_amount`,`id`,`pay_time`,`ratio` FROM `paylist` WHERE ( 1=1 AND contract_id='2019-37' )  [ RunTime:0.0004s ]
SQL: SELECT `item_supervisor`,`item_name`,`su_company` FROM `item` WHERE ( 1=1 AND item_id='7' ) LIMIT 1   [ RunTime:0.0001s ]
SQL: SELECT `vote_time`,`pay_amount`,`id`,`pay_time`,`ratio` FROM `paylist` WHERE ( 1=1 AND contract_id='2019-42' )  [ RunTime:0.0004s ]
SQL: SELECT `item_supervisor`,`item_name`,`su_company` FROM `item` WHERE ( 1=1 AND item_id='7' ) LIMIT 1   [ RunTime:0.0001s ]
SQL: SELECT `vote_time`,`pay_amount`,`id`,`pay_time`,`ratio` FROM `paylist` WHERE ( 1=1 AND contract_id='2019-43' )  [ RunTime:0.0004s ]
SQL: SELECT `item_supervisor`,`item_name`,`su_company` FROM `item` WHERE ( 1=1 AND item_id='7' ) LIMIT 1   [ RunTime:0.0001s ]
SQL: SELECT `vote_time`,`pay_amount`,`id`,`pay_time`,`ratio` FROM `paylist` WHERE ( 1=1 AND contract_id='2019-44' )  [ RunTime:0.0004s ]
SQL: SELECT `item_supervisor`,`item_name`,`su_company` FROM `item` WHERE ( 1=1 AND item_id='7' ) LIMIT 1   [ RunTime:0.0001s ]
SQL: SELECT `vote_time`,`pay_amount`,`id`,`pay_time`,`ratio` FROM `paylist` WHERE ( 1=1 AND contract_id='2019-57' )  [ RunTime:0.0004s ]
SQL: SELECT `item_supervisor`,`item_name`,`su_company` FROM `item` WHERE ( 1=1 AND item_id='7' ) LIMIT 1   [ RunTime:0.0001s ]
SQL: SELECT `vote_time`,`pay_amount`,`id`,`pay_time`,`ratio` FROM `paylist` WHERE ( 1=1 AND contract_id='2019-75' )  [ RunTime:0.0004s ]
SQL: SELECT `item_supervisor`,`item_name`,`su_company` FROM `item` WHERE ( 1=1 AND item_id='7' ) LIMIT 1   [ RunTime:0.0001s ]
SQL: SELECT `vote_time`,`pay_amount`,`id`,`pay_time`,`ratio` FROM `paylist` WHERE ( 1=1 AND contract_id='2019-87' )  [ RunTime:0.0003s ]
SQL: SELECT `item_supervisor`,`item_name`,`su_company` FROM `item` WHERE ( 1=1 AND item_id='7' ) LIMIT 1   [ RunTime:0.0001s ]
SQL: SELECT `vote_time`,`pay_amount`,`id`,`pay_time`,`ratio` FROM `paylist` WHERE ( 1=1 AND contract_id='2019-111' )  [ RunTime:0.0004s ]
SQL: SELECT `item_supervisor`,`item_name`,`su_company` FROM `item` WHERE ( 1=1 AND item_id='7' ) LIMIT 1   [ RunTime:0.0001s ]
SQL: SELECT `vote_time`,`pay_amount`,`id`,`pay_time`,`ratio` FROM `paylist` WHERE ( 1=1 AND contract_id='2019-113' )  [ RunTime:0.0004s ]
SQL: SELECT `item_supervisor`,`item_name`,`su_company` FROM `item` WHERE ( 1=1 AND item_id='7' ) LIMIT 1   [ RunTime:0.0001s ]
SQL: SELECT `vote_time`,`pay_amount`,`id`,`pay_time`,`ratio` FROM `paylist` WHERE ( 1=1 AND contract_id='2019-117' )  [ RunTime:0.0004s ]
SQL: SELECT `item_supervisor`,`item_name`,`su_company` FROM `item` WHERE ( 1=1 AND item_id='7' ) LIMIT 1   [ RunTime:0.0001s ]
SQL: SELECT `vote_time`,`pay_amount`,`id`,`pay_time`,`ratio` FROM `paylist` WHERE ( 1=1 AND contract_id='2019-118' )  [ RunTime:0.0004s ]
SQL: SELECT `item_supervisor`,`item_name`,`su_company` FROM `item` WHERE ( 1=1 AND item_id='7' ) LIMIT 1   [ RunTime:0.0001s ]
SQL: SHOW COLUMNS FROM `item` [ RunTime:0.0005s ]
SQL: SELECT `item_id`,`item_name` FROM `item` WHERE `item_state` = 0  [ RunTime:0.0002s ]
SQL: SELECT `item_id`,`item_supervisor`,`item_name`,`su_company` FROM `item` WHERE `item_id` = '7' LIMIT 1   [ RunTime:0.0001s ]
INFO: [ view_parse ] --START--
INFO: [ template_filter ] --START--
INFO: Run Behavior\ContentReplaceBehavior [ RunTime:0.000176s ]
INFO: [ template_filter ] --END-- [ RunTime:0.000233s ]
NOTIC: [8] Undefined variable: count_year /www/wwwroot/dhuyb.cn/audit/Application/Runtime/Cache/Home/953824c20aef53ae2750e20ed86d0cd1.php 第 105 行.
NOTIC: [8] Undefined variable: count_year /www/wwwroot/dhuyb.cn/audit/Application/Runtime/Cache/Home/953824c20aef53ae2750e20ed86d0cd1.php 第 105 行.
NOTIC: [8] Undefined variable: count_year /www/wwwroot/dhuyb.cn/audit/Application/Runtime/Cache/Home/953824c20aef53ae2750e20ed86d0cd1.php 第 105 行.
NOTIC: [8] Undefined variable: count_year /www/wwwroot/dhuyb.cn/audit/Application/Runtime/Cache/Home/953824c20aef53ae2750e20ed86d0cd1.php 第 105 行.
NOTIC: [8] Undefined variable: count_year /www/wwwroot/dhuyb.cn/audit/Application/Runtime/Cache/Home/953824c20aef53ae2750e20ed86d0cd1.php 第 105 行.
NOTIC: [2] number_format() expects parameter 1 to be double, string given /www/wwwroot/dhuyb.cn/audit/Application/Runtime/Cache/Home/953824c20aef53ae2750e20ed86d0cd1.php 第 251 行.
NOTIC: [2] number_format() expects parameter 1 to be double, string given /www/wwwroot/dhuyb.cn/audit/Application/Runtime/Cache/Home/953824c20aef53ae2750e20ed86d0cd1.php 第 251 行.
NOTIC: [2] number_format() expects parameter 1 to be double, string given /www/wwwroot/dhuyb.cn/audit/Application/Runtime/Cache/Home/953824c20aef53ae2750e20ed86d0cd1.php 第 251 行.
NOTIC: [2] number_format() expects parameter 1 to be double, string given /www/wwwroot/dhuyb.cn/audit/Application/Runtime/Cache/Home/953824c20aef53ae2750e20ed86d0cd1.php 第 251 行.
NOTIC: [2] number_format() expects parameter 1 to be double, string given /www/wwwroot/dhuyb.cn/audit/Application/Runtime/Cache/Home/953824c20aef53ae2750e20ed86d0cd1.php 第 251 行.
NOTIC: [2] number_format() expects parameter 1 to be double, string given /www/wwwroot/dhuyb.cn/audit/Application/Runtime/Cache/Home/953824c20aef53ae2750e20ed86d0cd1.php 第 251 行.
NOTIC: [2] number_format() expects parameter 1 to be double, string given /www/wwwroot/dhuyb.cn/audit/Application/Runtime/Cache/Home/953824c20aef53ae2750e20ed86d0cd1.php 第 251 行.
NOTIC: [2] number_format() expects parameter 1 to be double, string given /www/wwwroot/dhuyb.cn/audit/Application/Runtime/Cache/Home/953824c20aef53ae2750e20ed86d0cd1.php 第 251 行.
NOTIC: [2] number_format() expects parameter 1 to be double, string given /www/wwwroot/dhuyb.cn/audit/Application/Runtime/Cache/Home/953824c20aef53ae2750e20ed86d0cd1.php 第 251 行.
NOTIC: [2] number_format() expects parameter 1 to be double, string given /www/wwwroot/dhuyb.cn/audit/Application/Runtime/Cache/Home/953824c20aef53ae2750e20ed86d0cd1.php 第 251 行.
NOTIC: [2] number_format() expects parameter 1 to be double, string given /www/wwwroot/dhuyb.cn/audit/Application/Runtime/Cache/Home/953824c20aef53ae2750e20ed86d0cd1.php 第 251 行.
NOTIC: [2] number_format() expects parameter 1 to be double, string given /www/wwwroot/dhuyb.cn/audit/Application/Runtime/Cache/Home/953824c20aef53ae2750e20ed86d0cd1.php 第 251 行.
NOTIC: [2] number_format() expects parameter 1 to be double, string given /www/wwwroot/dhuyb.cn/audit/Application/Runtime/Cache/Home/953824c20aef53ae2750e20ed86d0cd1.php 第 265 行.
NOTIC: [2] number_format() expects parameter 1 to be double, string given /www/wwwroot/dhuyb.cn/audit/Application/Runtime/Cache/Home/953824c20aef53ae2750e20ed86d0cd1.php 第 251 行.
NOTIC: [2] number_format() expects parameter 1 to be double, string given /www/wwwroot/dhuyb.cn/audit/Application/Runtime/Cache/Home/953824c20aef53ae2750e20ed86d0cd1.php 第 251 行.
NOTIC: [2] number_format() expects parameter 1 to be double, string given /www/wwwroot/dhuyb.cn/audit/Application/Runtime/Cache/Home/953824c20aef53ae2750e20ed86d0cd1.php 第 251 行.
NOTIC: [2] number_format() expects parameter 1 to be double, string given /www/wwwroot/dhuyb.cn/audit/Application/Runtime/Cache/Home/953824c20aef53ae2750e20ed86d0cd1.php 第 251 行.
NOTIC: [2] number_format() expects parameter 1 to be double, string given /www/wwwroot/dhuyb.cn/audit/Application/Runtime/Cache/Home/953824c20aef53ae2750e20ed86d0cd1.php 第 251 行.
NOTIC: [2] number_format() expects parameter 1 to be double, string given /www/wwwroot/dhuyb.cn/audit/Application/Runtime/Cache/Home/953824c20aef53ae2750e20ed86d0cd1.php 第 251 行.
NOTIC: [2] number_format() expects parameter 1 to be double, string given /www/wwwroot/dhuyb.cn/audit/Application/Runtime/Cache/Home/953824c20aef53ae2750e20ed86d0cd1.php 第 251 行.
NOTIC: [2] number_format() expects parameter 1 to be double, string given /www/wwwroot/dhuyb.cn/audit/Application/Runtime/Cache/Home/953824c20aef53ae2750e20ed86d0cd1.php 第 251 行.
NOTIC: [2] number_format() expects parameter 1 to be double, string given /www/wwwroot/dhuyb.cn/audit/Application/Runtime/Cache/Home/953824c20aef53ae2750e20ed86d0cd1.php 第 251 行.
NOTIC: [2] number_format() expects parameter 1 to be double, string given /www/wwwroot/dhuyb.cn/audit/Application/Runtime/Cache/Home/953824c20aef53ae2750e20ed86d0cd1.php 第 251 行.
NOTIC: [2] number_format() expects parameter 1 to be double, string given /www/wwwroot/dhuyb.cn/audit/Application/Runtime/Cache/Home/953824c20aef53ae2750e20ed86d0cd1.php 第 154 行.
NOTIC: [2] number_format() expects parameter 1 to be double, string given /www/wwwroot/dhuyb.cn/audit/Application/Runtime/Cache/Home/953824c20aef53ae2750e20ed86d0cd1.php 第 154 行.
NOTIC: [2] number_format() expects parameter 1 to be double, string given /www/wwwroot/dhuyb.cn/audit/Application/Runtime/Cache/Home/953824c20aef53ae2750e20ed86d0cd1.php 第 251 行.
NOTIC: [2] number_format() expects parameter 1 to be double, string given /www/wwwroot/dhuyb.cn/audit/Application/Runtime/Cache/Home/953824c20aef53ae2750e20ed86d0cd1.php 第 251 行.
NOTIC: [2] number_format() expects parameter 1 to be double, string given /www/wwwroot/dhuyb.cn/audit/Application/Runtime/Cache/Home/953824c20aef53ae2750e20ed86d0cd1.php 第 251 行.
NOTIC: [2] number_format() expects parameter 1 to be double, string given /www/wwwroot/dhuyb.cn/audit/Application/Runtime/Cache/Home/953824c20aef53ae2750e20ed86d0cd1.php 第 251 行.
NOTIC: [2] number_format() expects parameter 1 to be double, string given /www/wwwroot/dhuyb.cn/audit/Application/Runtime/Cache/Home/953824c20aef53ae2750e20ed86d0cd1.php 第 251 行.
NOTIC: [2] number_format() expects parameter 1 to be double, string given /www/wwwroot/dhuyb.cn/audit/Application/Runtime/Cache/Home/953824c20aef53ae2750e20ed86d0cd1.php 第 251 行.
NOTIC: [2] number_format() expects parameter 1 to be double, string given /www/wwwroot/dhuyb.cn/audit/Application/Runtime/Cache/Home/953824c20aef53ae2750e20ed86d0cd1.php 第 251 行.
INFO: Run Behavior\ParseTemplateBehavior [ RunTime:0.030381s ]
INFO: [ view_parse ] --END-- [ RunTime:0.030419s ]
INFO: [ view_filter ] --START--
INFO: Run Behavior\WriteHtmlCacheBehavior [ RunTime:0.000253s ]
INFO: [ view_filter ] --END-- [ RunTime:0.000294s ]
INFO: [ app_end ] --START--
INFO: Run Behavior\ShowPageTraceBehavior [ RunTime:0.000492s ]
INFO: [ app_end ] --END-- [ RunTime:0.000530s ]

