[ 2019-10-22T08:56:27+08:00 ] 222.204.219.165 /audit/index.php/Home/Login/login.html
INFO: [ app_init ] --START--
INFO: Run Behavior\BuildLiteBehavior [ RunTime:0.000010s ]
INFO: [ app_init ] --END-- [ RunTime:0.000355s ]
INFO: [ app_begin ] --START--
INFO: Run Behavior\ReadHtmlCacheBehavior [ RunTime:0.000472s ]
INFO: [ app_begin ] --END-- [ RunTime:0.000512s ]
INFO: [ view_parse ] --START--
INFO: [ template_filter ] --START--
INFO: Run Behavior\ContentReplaceBehavior [ RunTime:0.000045s ]
INFO: [ template_filter ] --END-- [ RunTime:0.000084s ]
INFO: Run Behavior\ParseTemplateBehavior [ RunTime:0.005411s ]
INFO: [ view_parse ] --END-- [ RunTime:0.005453s ]
INFO: [ view_filter ] --START--
INFO: Run Behavior\WriteHtmlCacheBehavior [ RunTime:0.000380s ]
INFO: [ view_filter ] --END-- [ RunTime:0.000413s ]
INFO: [ app_end ] --START--
INFO: Run Behavior\ShowPageTraceBehavior [ RunTime:0.000500s ]
INFO: [ app_end ] --END-- [ RunTime:0.000537s ]

[ 2019-10-22T08:56:27+08:00 ] 222.204.219.165 /audit/index.php/Home/Login/verify
INFO: [ app_init ] --START--
INFO: Run Behavior\BuildLiteBehavior [ RunTime:0.000011s ]
INFO: [ app_init ] --END-- [ RunTime:0.000337s ]
INFO: [ app_begin ] --START--
INFO: Run Behavior\ReadHtmlCacheBehavior [ RunTime:0.000443s ]
INFO: [ app_begin ] --END-- [ RunTime:0.000483s ]
INFO: [ app_end ] --START--
INFO: Run Behavior\ShowPageTraceBehavior [ RunTime:0.000470s ]
INFO: [ app_end ] --END-- [ RunTime:0.000513s ]

[ 2019-10-22T08:56:43+08:00 ] 222.204.219.165 /audit/index.php/Home/Login/login_val
INFO: [ app_init ] --START--
INFO: Run Behavior\BuildLiteBehavior [ RunTime:0.000011s ]
INFO: [ app_init ] --END-- [ RunTime:0.000349s ]
INFO: [ app_begin ] --START--
INFO: Run Behavior\ReadHtmlCacheBehavior [ RunTime:0.000491s ]
INFO: [ app_begin ] --END-- [ RunTime:0.000539s ]
SQL: SHOW COLUMNS FROM `admin` [ RunTime:0.0005s ]
SQL: SELECT * FROM `admin` WHERE `user_name` = 'admin' AND `password` = 'ae6c87fe' LIMIT 1   [ RunTime:0.0001s ]

[ 2019-10-22T08:56:43+08:00 ] 222.204.219.165 /audit/index.php/Home/Index/index
INFO: [ app_init ] --START--
INFO: Run Behavior\BuildLiteBehavior [ RunTime:0.000010s ]
INFO: [ app_init ] --END-- [ RunTime:0.000324s ]
INFO: [ app_begin ] --START--
INFO: Run Behavior\ReadHtmlCacheBehavior [ RunTime:0.000490s ]
INFO: [ app_begin ] --END-- [ RunTime:0.000532s ]
SQL: SHOW COLUMNS FROM `contract` [ RunTime:0.0008s ]
SQL: SELECT * FROM `contract` WHERE `belong_year` = '2019'  [ RunTime:0.0023s ]
SQL: SHOW COLUMNS FROM `item` [ RunTime:0.0004s ]
SQL: SELECT `item_supervisor`,`item_name`,`su_company` FROM `item` WHERE ( 1=1 AND item_id='12' ) LIMIT 1   [ RunTime:0.0001s ]
SQL: SELECT `item_supervisor`,`item_name`,`su_company` FROM `item` WHERE ( 1=1 AND item_id='12' ) LIMIT 1   [ RunTime:0.0001s ]
SQL: SELECT `item_supervisor`,`item_name`,`su_company` FROM `item` WHERE ( 1=1 AND item_id='12' ) LIMIT 1   [ RunTime:0.0001s ]
SQL: SELECT `item_supervisor`,`item_name`,`su_company` FROM `item` WHERE ( 1=1 AND item_id='12' ) LIMIT 1   [ RunTime:0.0001s ]
SQL: SELECT `item_supervisor`,`item_name`,`su_company` FROM `item` WHERE ( 1=1 AND item_id='12' ) LIMIT 1   [ RunTime:0.0001s ]
SQL: SELECT `item_supervisor`,`item_name`,`su_company` FROM `item` WHERE ( 1=1 AND item_id='13' ) LIMIT 1   [ RunTime:0.0001s ]
SQL: SELECT `item_supervisor`,`item_name`,`su_company` FROM `item` WHERE ( 1=1 AND item_id='13' ) LIMIT 1   [ RunTime:0.0001s ]
SQL: SELECT `item_supervisor`,`item_name`,`su_company` FROM `item` WHERE ( 1=1 AND item_id='13' ) LIMIT 1   [ RunTime:0.0001s ]
SQL: SELECT `item_supervisor`,`item_name`,`su_company` FROM `item` WHERE ( 1=1 AND item_id='25' ) LIMIT 1   [ RunTime:0.0001s ]
SQL: SELECT `item_supervisor`,`item_name`,`su_company` FROM `item` WHERE ( 1=1 AND item_id='8' ) LIMIT 1   [ RunTime:0.0001s ]
SQL: SELECT `item_supervisor`,`item_name`,`su_company` FROM `item` WHERE ( 1=1 AND item_id='13' ) LIMIT 1   [ RunTime:0.0001s ]
SQL: SELECT `item_supervisor`,`item_name`,`su_company` FROM `item` WHERE ( 1=1 AND item_id='12' ) LIMIT 1   [ RunTime:0.0001s ]
SQL: SELECT `item_supervisor`,`item_name`,`su_company` FROM `item` WHERE ( 1=1 AND item_id='8' ) LIMIT 1   [ RunTime:0.0001s ]
SQL: SELECT `item_supervisor`,`item_name`,`su_company` FROM `item` WHERE ( 1=1 AND item_id='6' ) LIMIT 1   [ RunTime:0.0001s ]
SQL: SELECT `item_supervisor`,`item_name`,`su_company` FROM `item` WHERE ( 1=1 AND item_id='8' ) LIMIT 1   [ RunTime:0.0001s ]
SQL: SELECT `item_supervisor`,`item_name`,`su_company` FROM `item` WHERE ( 1=1 AND item_id='7' ) LIMIT 1   [ RunTime:0.0001s ]
SQL: SELECT `item_supervisor`,`item_name`,`su_company` FROM `item` WHERE ( 1=1 AND item_id='7' ) LIMIT 1   [ RunTime:0.0001s ]
SQL: SELECT `item_supervisor`,`item_name`,`su_company` FROM `item` WHERE ( 1=1 AND item_id='6' ) LIMIT 1   [ RunTime:0.0001s ]
SQL: SELECT `item_supervisor`,`item_name`,`su_company` FROM `item` WHERE ( 1=1 AND item_id='6' ) LIMIT 1   [ RunTime:0.0001s ]
SQL: SELECT `item_supervisor`,`item_name`,`su_company` FROM `item` WHERE ( 1=1 AND item_id='6' ) LIMIT 1   [ RunTime:0.0001s ]
SQL: SELECT `item_supervisor`,`item_name`,`su_company` FROM `item` WHERE ( 1=1 AND item_id='12' ) LIMIT 1   [ RunTime:0.0001s ]
SQL: SELECT `item_supervisor`,`item_name`,`su_company` FROM `item` WHERE ( 1=1 AND item_id='8' ) LIMIT 1   [ RunTime:0.0001s ]
SQL: SELECT `item_supervisor`,`item_name`,`su_company` FROM `item` WHERE ( 1=1 AND item_id='8' ) LIMIT 1   [ RunTime:0.0001s ]
SQL: SELECT `item_supervisor`,`item_name`,`su_company` FROM `item` WHERE ( 1=1 AND item_id='9' ) LIMIT 1   [ RunTime:0.0001s ]
SQL: SELECT `item_supervisor`,`item_name`,`su_company` FROM `item` WHERE ( 1=1 AND item_id='9' ) LIMIT 1   [ RunTime:0.0001s ]
SQL: SELECT `item_supervisor`,`item_name`,`su_company` FROM `item` WHERE ( 1=1 AND item_id='11' ) LIMIT 1   [ RunTime:0.0001s ]
SQL: SELECT `item_supervisor`,`item_name`,`su_company` FROM `item` WHERE ( 1=1 AND item_id='19' ) LIMIT 1   [ RunTime:0.0001s ]
SQL: SELECT `item_supervisor`,`item_name`,`su_company` FROM `item` WHERE ( 1=1 AND item_id='6' ) LIMIT 1   [ RunTime:0.0001s ]
SQL: SELECT `item_supervisor`,`item_name`,`su_company` FROM `item` WHERE ( 1=1 AND item_id='12' ) LIMIT 1   [ RunTime:0.0001s ]
SQL: SELECT `item_supervisor`,`item_name`,`su_company` FROM `item` WHERE ( 1=1 AND item_id='11' ) LIMIT 1   [ RunTime:0.0001s ]
SQL: SELECT `item_supervisor`,`item_name`,`su_company` FROM `item` WHERE ( 1=1 AND item_id='19' ) LIMIT 1   [ RunTime:0.0001s ]
SQL: SELECT `item_supervisor`,`item_name`,`su_company` FROM `item` WHERE ( 1=1 AND item_id='19' ) LIMIT 1   [ RunTime:0.0001s ]
SQL: SELECT `item_supervisor`,`item_name`,`su_company` FROM `item` WHERE ( 1=1 AND item_id='7' ) LIMIT 1   [ RunTime:0.0001s ]
SQL: SELECT `item_supervisor`,`item_name`,`su_company` FROM `item` WHERE ( 1=1 AND item_id='24' ) LIMIT 1   [ RunTime:0.0001s ]
SQL: SELECT `item_supervisor`,`item_name`,`su_company` FROM `item` WHERE ( 1=1 AND item_id='11' ) LIMIT 1   [ RunTime:0.0001s ]
SQL: SELECT `item_supervisor`,`item_name`,`su_company` FROM `item` WHERE ( 1=1 AND item_id='27' ) LIMIT 1   [ RunTime:0.0001s ]
SQL: SELECT `item_supervisor`,`item_name`,`su_company` FROM `item` WHERE ( 1=1 AND item_id='7' ) LIMIT 1   [ RunTime:0.0001s ]
SQL: SELECT `item_supervisor`,`item_name`,`su_company` FROM `item` WHERE ( 1=1 AND item_id='12' ) LIMIT 1   [ RunTime:0.0001s ]
SQL: SELECT `item_supervisor`,`item_name`,`su_company` FROM `item` WHERE ( 1=1 AND item_id='6' ) LIMIT 1   [ RunTime:0.0001s ]
SQL: SELECT `item_supervisor`,`item_name`,`su_company` FROM `item` WHERE ( 1=1 AND item_id='19' ) LIMIT 1   [ RunTime:0.0001s ]
SQL: SELECT `item_supervisor`,`item_name`,`su_company` FROM `item` WHERE ( 1=1 AND item_id='11' ) LIMIT 1   [ RunTime:0.0001s ]
SQL: SELECT `item_supervisor`,`item_name`,`su_company` FROM `item` WHERE ( 1=1 AND item_id='7' ) LIMIT 1   [ RunTime:0.0001s ]
SQL: SELECT `item_supervisor`,`item_name`,`su_company` FROM `item` WHERE ( 1=1 AND item_id='7' ) LIMIT 1   [ RunTime:0.0001s ]
SQL: SELECT `item_supervisor`,`item_name`,`su_company` FROM `item` WHERE ( 1=1 AND item_id='7' ) LIMIT 1   [ RunTime:0.0001s ]
SQL: SELECT `item_supervisor`,`item_name`,`su_company` FROM `item` WHERE ( 1=1 AND item_id='21' ) LIMIT 1   [ RunTime:0.0001s ]
SQL: SELECT `item_supervisor`,`item_name`,`su_company` FROM `item` WHERE ( 1=1 AND item_id='22' ) LIMIT 1   [ RunTime:0.0001s ]
SQL: SELECT `item_supervisor`,`item_name`,`su_company` FROM `item` WHERE ( 1=1 AND item_id='6' ) LIMIT 1   [ RunTime:0.0001s ]
SQL: SELECT `item_supervisor`,`item_name`,`su_company` FROM `item` WHERE ( 1=1 AND item_id='23' ) LIMIT 1   [ RunTime:0.0001s ]
SQL: SELECT `item_supervisor`,`item_name`,`su_company` FROM `item` WHERE ( 1=1 AND item_id='9' ) LIMIT 1   [ RunTime:0.0001s ]
SQL: SELECT `item_supervisor`,`item_name`,`su_company` FROM `item` WHERE ( 1=1 AND item_id='9' ) LIMIT 1   [ RunTime:0.0001s ]
SQL: SELECT `item_supervisor`,`item_name`,`su_company` FROM `item` WHERE ( 1=1 AND item_id='24' ) LIMIT 1   [ RunTime:0.0001s ]
SQL: SELECT `item_supervisor`,`item_name`,`su_company` FROM `item` WHERE ( 1=1 AND item_id='24' ) LIMIT 1   [ RunTime:0.0001s ]
SQL: SELECT `item_supervisor`,`item_name`,`su_company` FROM `item` WHERE ( 1=1 AND item_id='9' ) LIMIT 1   [ RunTime:0.0001s ]
SQL: SELECT `item_supervisor`,`item_name`,`su_company` FROM `item` WHERE ( 1=1 AND item_id='9' ) LIMIT 1   [ RunTime:0.0001s ]
SQL: SELECT `item_supervisor`,`item_name`,`su_company` FROM `item` WHERE ( 1=1 AND item_id='21' ) LIMIT 1   [ RunTime:0.0001s ]
SQL: SELECT `item_supervisor`,`item_name`,`su_company` FROM `item` WHERE ( 1=1 AND item_id='11' ) LIMIT 1   [ RunTime:0.0001s ]
SQL: SELECT `item_supervisor`,`item_name`,`su_company` FROM `item` WHERE ( 1=1 AND item_id='7' ) LIMIT 1   [ RunTime:0.0001s ]
SQL: SELECT `item_supervisor`,`item_name`,`su_company` FROM `item` WHERE ( 1=1 AND item_id='22' ) LIMIT 1   [ RunTime:0.0001s ]
SQL: SELECT `item_supervisor`,`item_name`,`su_company` FROM `item` WHERE ( 1=1 AND item_id='24' ) LIMIT 1   [ RunTime:0.0001s ]
SQL: SELECT `item_supervisor`,`item_name`,`su_company` FROM `item` WHERE ( 1=1 AND item_id='9' ) LIMIT 1   [ RunTime:0.0001s ]
SQL: SELECT `item_supervisor`,`item_name`,`su_company` FROM `item` WHERE ( 1=1 AND item_id='24' ) LIMIT 1   [ RunTime:0.0001s ]
SQL: SELECT `item_supervisor`,`item_name`,`su_company` FROM `item` WHERE ( 1=1 AND item_id='21' ) LIMIT 1   [ RunTime:0.0001s ]
SQL: SELECT `item_supervisor`,`item_name`,`su_company` FROM `item` WHERE ( 1=1 AND item_id='21' ) LIMIT 1   [ RunTime:0.0001s ]
SQL: SELECT `item_supervisor`,`item_name`,`su_company` FROM `item` WHERE ( 1=1 AND item_id='23' ) LIMIT 1   [ RunTime:0.0001s ]
SQL: SELECT `item_supervisor`,`item_name`,`su_company` FROM `item` WHERE ( 1=1 AND item_id='23' ) LIMIT 1   [ RunTime:0.0001s ]
SQL: SELECT `item_supervisor`,`item_name`,`su_company` FROM `item` WHERE ( 1=1 AND item_id='22' ) LIMIT 1   [ RunTime:0.0001s ]
SQL: SELECT `item_supervisor`,`item_name`,`su_company` FROM `item` WHERE ( 1=1 AND item_id='20' ) LIMIT 1   [ RunTime:0.0001s ]
SQL: SELECT `item_supervisor`,`item_name`,`su_company` FROM `item` WHERE ( 1=1 AND item_id='20' ) LIMIT 1   [ RunTime:0.0001s ]
SQL: SELECT `item_supervisor`,`item_name`,`su_company` FROM `item` WHERE ( 1=1 AND item_id='20' ) LIMIT 1   [ RunTime:0.0001s ]
SQL: SELECT `item_supervisor`,`item_name`,`su_company` FROM `item` WHERE ( 1=1 AND item_id='20' ) LIMIT 1   [ RunTime:0.0001s ]
SQL: SELECT `item_supervisor`,`item_name`,`su_company` FROM `item` WHERE ( 1=1 AND item_id='20' ) LIMIT 1   [ RunTime:0.0001s ]
SQL: SELECT `item_supervisor`,`item_name`,`su_company` FROM `item` WHERE ( 1=1 AND item_id='20' ) LIMIT 1   [ RunTime:0.0001s ]
SQL: SELECT `item_supervisor`,`item_name`,`su_company` FROM `item` WHERE ( 1=1 AND item_id='19' ) LIMIT 1   [ RunTime:0.0001s ]
SQL: SELECT `item_supervisor`,`item_name`,`su_company` FROM `item` WHERE ( 1=1 AND item_id='19' ) LIMIT 1   [ RunTime:0.0001s ]
SQL: SELECT `item_supervisor`,`item_name`,`su_company` FROM `item` WHERE ( 1=1 AND item_id='7' ) LIMIT 1   [ RunTime:0.0001s ]
SQL: SELECT `item_supervisor`,`item_name`,`su_company` FROM `item` WHERE ( 1=1 AND item_id='6' ) LIMIT 1   [ RunTime:0.0001s ]
SQL: SELECT `item_supervisor`,`item_name`,`su_company` FROM `item` WHERE ( 1=1 AND item_id='22' ) LIMIT 1   [ RunTime:0.0001s ]
SQL: SELECT `item_supervisor`,`item_name`,`su_company` FROM `item` WHERE ( 1=1 AND item_id='23' ) LIMIT 1   [ RunTime:0.0001s ]
SQL: SELECT `item_supervisor`,`item_name`,`su_company` FROM `item` WHERE ( 1=1 AND item_id='19' ) LIMIT 1   [ RunTime:0.0001s ]
SQL: SELECT `item_supervisor`,`item_name`,`su_company` FROM `item` WHERE ( 1=1 AND item_id='11' ) LIMIT 1   [ RunTime:0.0001s ]
SQL: SELECT `item_supervisor`,`item_name`,`su_company` FROM `item` WHERE ( 1=1 AND item_id='11' ) LIMIT 1   [ RunTime:0.0001s ]
SQL: SELECT `item_supervisor`,`item_name`,`su_company` FROM `item` WHERE ( 1=1 AND item_id='19' ) LIMIT 1   [ RunTime:0.0001s ]
SQL: SELECT `item_supervisor`,`item_name`,`su_company` FROM `item` WHERE ( 1=1 AND item_id='11' ) LIMIT 1   [ RunTime:0.0001s ]
SQL: SELECT `item_supervisor`,`item_name`,`su_company` FROM `item` WHERE ( 1=1 AND item_id='19' ) LIMIT 1   [ RunTime:0.0001s ]
SQL: SELECT `item_supervisor`,`item_name`,`su_company` FROM `item` WHERE ( 1=1 AND item_id='6' ) LIMIT 1   [ RunTime:0.0001s ]
SQL: SELECT `item_supervisor`,`item_name`,`su_company` FROM `item` WHERE ( 1=1 AND item_id='9' ) LIMIT 1   [ RunTime:0.0001s ]
SQL: SELECT `item_supervisor`,`item_name`,`su_company` FROM `item` WHERE ( 1=1 AND item_id='7' ) LIMIT 1   [ RunTime:0.0001s ]
SQL: SELECT `item_supervisor`,`item_name`,`su_company` FROM `item` WHERE ( 1=1 AND item_id='6' ) LIMIT 1   [ RunTime:0.0001s ]
SQL: SELECT `item_supervisor`,`item_name`,`su_company` FROM `item` WHERE ( 1=1 AND item_id='11' ) LIMIT 1   [ RunTime:0.0001s ]
SQL: SELECT `item_supervisor`,`item_name`,`su_company` FROM `item` WHERE ( 1=1 AND item_id='24' ) LIMIT 1   [ RunTime:0.0001s ]
SQL: SELECT `item_supervisor`,`item_name`,`su_company` FROM `item` WHERE ( 1=1 AND item_id='9' ) LIMIT 1   [ RunTime:0.0001s ]
SQL: SELECT `item_supervisor`,`item_name`,`su_company` FROM `item` WHERE ( 1=1 AND item_id='32' ) LIMIT 1   [ RunTime:0.0001s ]
SQL: SELECT `item_supervisor`,`item_name`,`su_company` FROM `item` WHERE ( 1=1 AND item_id='11' ) LIMIT 1   [ RunTime:0.0001s ]
SQL: SELECT `item_supervisor`,`item_name`,`su_company` FROM `item` WHERE ( 1=1 AND item_id='19' ) LIMIT 1   [ RunTime:0.0001s ]
SQL: SELECT `item_supervisor`,`item_name`,`su_company` FROM `item` WHERE ( 1=1 AND item_id='20' ) LIMIT 1   [ RunTime:0.0001s ]
SQL: SELECT `item_supervisor`,`item_name`,`su_company` FROM `item` WHERE ( 1=1 AND item_id='32' ) LIMIT 1   [ RunTime:0.0001s ]
SQL: SELECT `item_supervisor`,`item_name`,`su_company` FROM `item` WHERE ( 1=1 AND item_id='20' ) LIMIT 1   [ RunTime:0.0001s ]
SQL: SELECT `item_supervisor`,`item_name`,`su_company` FROM `item` WHERE ( 1=1 AND item_id='20' ) LIMIT 1   [ RunTime:0.0001s ]
SQL: SELECT `item_supervisor`,`item_name`,`su_company` FROM `item` WHERE ( 1=1 AND item_id='33' ) LIMIT 1   [ RunTime:0.0001s ]
SQL: SELECT `item_supervisor`,`item_name`,`su_company` FROM `item` WHERE ( 1=1 AND item_id='33' ) LIMIT 1   [ RunTime:0.0001s ]
SQL: SHOW COLUMNS FROM `item` [ RunTime:0.0005s ]
SQL: SELECT `item_id`,`item_name` FROM `item` WHERE `item_state` = 0  [ RunTime:0.0001s ]
INFO: [ view_parse ] --START--
INFO: [ template_filter ] --START--
INFO: Run Behavior\ContentReplaceBehavior [ RunTime:0.000090s ]
INFO: [ template_filter ] --END-- [ RunTime:0.000132s ]
NOTIC: [2] number_format() expects parameter 1 to be double, string given /www/wwwroot/dhuyb.cn/audit/Application/Runtime/Cache/Home/2a94b8bda04ff446dcedd42276fc99ee.php 第 149 行.
NOTIC: [2] number_format() expects parameter 1 to be double, string given /www/wwwroot/dhuyb.cn/audit/Application/Runtime/Cache/Home/2a94b8bda04ff446dcedd42276fc99ee.php 第 149 行.
NOTIC: [2] number_format() expects parameter 1 to be double, string given /www/wwwroot/dhuyb.cn/audit/Application/Runtime/Cache/Home/2a94b8bda04ff446dcedd42276fc99ee.php 第 149 行.
NOTIC: [2] number_format() expects parameter 1 to be double, string given /www/wwwroot/dhuyb.cn/audit/Application/Runtime/Cache/Home/2a94b8bda04ff446dcedd42276fc99ee.php 第 149 行.
INFO: Run Behavior\ParseTemplateBehavior [ RunTime:0.012443s ]
INFO: [ view_parse ] --END-- [ RunTime:0.012482s ]
INFO: [ view_filter ] --START--
INFO: Run Behavior\WriteHtmlCacheBehavior [ RunTime:0.000234s ]
INFO: [ view_filter ] --END-- [ RunTime:0.000267s ]
INFO: [ app_end ] --START--
INFO: Run Behavior\ShowPageTraceBehavior [ RunTime:0.000503s ]
INFO: [ app_end ] --END-- [ RunTime:0.000569s ]

[ 2019-10-22T08:56:51+08:00 ] 222.204.219.165 /audit/index.php/Home/Program/index
INFO: [ app_init ] --START--
INFO: Run Behavior\BuildLiteBehavior [ RunTime:0.000010s ]
INFO: [ app_init ] --END-- [ RunTime:0.000332s ]
INFO: [ app_begin ] --START--
INFO: Run Behavior\ReadHtmlCacheBehavior [ RunTime:0.000582s ]
INFO: [ app_begin ] --END-- [ RunTime:0.000629s ]
SQL: SHOW COLUMNS FROM `auditing` [ RunTime:0.0008s ]
SQL: SELECT * FROM `auditing` WHERE `bel_year` = '2019'  [ RunTime:0.0008s ]
INFO: [ view_parse ] --START--
INFO: [ template_filter ] --START--
INFO: Run Behavior\ContentReplaceBehavior [ RunTime:0.000124s ]
INFO: [ template_filter ] --END-- [ RunTime:0.000168s ]
INFO: Run Behavior\ParseTemplateBehavior [ RunTime:0.014406s ]
INFO: [ view_parse ] --END-- [ RunTime:0.014449s ]
INFO: [ view_filter ] --START--
INFO: Run Behavior\WriteHtmlCacheBehavior [ RunTime:0.000268s ]
INFO: [ view_filter ] --END-- [ RunTime:0.000304s ]
INFO: [ app_end ] --START--
INFO: Run Behavior\ShowPageTraceBehavior [ RunTime:0.000501s ]
INFO: [ app_end ] --END-- [ RunTime:0.000545s ]

[ 2019-10-22T09:09:08+08:00 ] 180.167.231.160 /audit/index.php/Home/program/audit_out_2?idstr=2058,2059,2060,2061
INFO: [ app_init ] --START--
INFO: Run Behavior\BuildLiteBehavior [ RunTime:0.000011s ]
INFO: [ app_init ] --END-- [ RunTime:0.000379s ]
INFO: [ app_begin ] --START--
INFO: Run Behavior\ReadHtmlCacheBehavior [ RunTime:0.000444s ]
INFO: [ app_begin ] --END-- [ RunTime:0.000511s ]
SQL: SHOW COLUMNS FROM `auditing` [ RunTime:0.0009s ]
SQL: SELECT * FROM `auditing` WHERE `id` = 2058 ORDER BY id LIMIT 1   [ RunTime:0.0003s ]
SQL: SELECT * FROM `auditing` WHERE `id` = 2059 ORDER BY id LIMIT 1   [ RunTime:0.0002s ]
SQL: SELECT * FROM `auditing` WHERE `id` = 2060 ORDER BY id LIMIT 1   [ RunTime:0.0002s ]
SQL: SELECT * FROM `auditing` WHERE `id` = 2061 ORDER BY id LIMIT 1   [ RunTime:0.0002s ]
NOTIC: [8] Undefined offset: 5 /www/wwwroot/dhuyb.cn/audit/Application/Common/Common/function.php 第 471 行.
NOTIC: [8] Undefined offset: 5 /www/wwwroot/dhuyb.cn/audit/Application/Common/Common/function.php 第 471 行.
NOTIC: [8] Undefined offset: 5 /www/wwwroot/dhuyb.cn/audit/Application/Common/Common/function.php 第 471 行.
NOTIC: [8] Undefined offset: 5 /www/wwwroot/dhuyb.cn/audit/Application/Common/Common/function.php 第 495 行.
NOTIC: [8] Undefined offset: 5 /www/wwwroot/dhuyb.cn/audit/Application/Common/Common/function.php 第 500 行.
NOTIC: [8] Undefined offset: 5 /www/wwwroot/dhuyb.cn/audit/Application/Common/Common/function.php 第 503 行.
NOTIC: [8] Undefined offset: 5 /www/wwwroot/dhuyb.cn/audit/Application/Common/Common/function.php 第 495 行.
NOTIC: [8] Undefined offset: 5 /www/wwwroot/dhuyb.cn/audit/Application/Common/Common/function.php 第 500 行.
NOTIC: [8] Undefined offset: 5 /www/wwwroot/dhuyb.cn/audit/Application/Common/Common/function.php 第 503 行.
NOTIC: [8] Undefined offset: 5 /www/wwwroot/dhuyb.cn/audit/Application/Common/Common/function.php 第 495 行.
NOTIC: [8] Undefined index: write /www/wwwroot/dhuyb.cn/audit/Application/Common/Common/function.php 第 498 行.
NOTIC: [8] Undefined offset: 5 /www/wwwroot/dhuyb.cn/audit/Application/Common/Common/function.php 第 500 行.
NOTIC: [8] Undefined offset: 5 /www/wwwroot/dhuyb.cn/audit/Application/Common/Common/function.php 第 503 行.
NOTIC: [8] Undefined offset: 5 /www/wwwroot/dhuyb.cn/audit/Application/Common/Common/function.php 第 495 行.
NOTIC: [8] Undefined offset: 5 /www/wwwroot/dhuyb.cn/audit/Application/Common/Common/function.php 第 500 行.
NOTIC: [8] Undefined offset: 5 /www/wwwroot/dhuyb.cn/audit/Application/Common/Common/function.php 第 503 行.
NOTIC: [8] Undefined offset: 5 /www/wwwroot/dhuyb.cn/audit/Application/Common/Common/function.php 第 495 行.
NOTIC: [8] Undefined offset: 5 /www/wwwroot/dhuyb.cn/audit/Application/Common/Common/function.php 第 500 行.
NOTIC: [8] Undefined offset: 5 /www/wwwroot/dhuyb.cn/audit/Application/Common/Common/function.php 第 503 行.
NOTIC: [8] Undefined offset: 5 /www/wwwroot/dhuyb.cn/audit/Application/Common/Common/function.php 第 495 行.
NOTIC: [8] Undefined index: write /www/wwwroot/dhuyb.cn/audit/Application/Common/Common/function.php 第 498 行.
NOTIC: [8] Undefined offset: 5 /www/wwwroot/dhuyb.cn/audit/Application/Common/Common/function.php 第 500 行.
NOTIC: [8] Undefined offset: 5 /www/wwwroot/dhuyb.cn/audit/Application/Common/Common/function.php 第 503 行.
NOTIC: [8] Undefined offset: 5 /www/wwwroot/dhuyb.cn/audit/Application/Common/Common/function.php 第 495 行.
NOTIC: [8] Undefined offset: 5 /www/wwwroot/dhuyb.cn/audit/Application/Common/Common/function.php 第 500 行.
NOTIC: [8] Undefined offset: 5 /www/wwwroot/dhuyb.cn/audit/Application/Common/Common/function.php 第 503 行.
NOTIC: [8] Undefined offset: 5 /www/wwwroot/dhuyb.cn/audit/Application/Common/Common/function.php 第 495 行.
NOTIC: [8] Undefined offset: 5 /www/wwwroot/dhuyb.cn/audit/Application/Common/Common/function.php 第 500 行.
NOTIC: [8] Undefined offset: 5 /www/wwwroot/dhuyb.cn/audit/Application/Common/Common/function.php 第 503 行.
NOTIC: [8] Undefined offset: 5 /www/wwwroot/dhuyb.cn/audit/Application/Common/Common/function.php 第 495 行.
NOTIC: [8] Undefined index: write /www/wwwroot/dhuyb.cn/audit/Application/Common/Common/function.php 第 498 行.
NOTIC: [8] Undefined offset: 5 /www/wwwroot/dhuyb.cn/audit/Application/Common/Common/function.php 第 500 行.
NOTIC: [8] Undefined offset: 5 /www/wwwroot/dhuyb.cn/audit/Application/Common/Common/function.php 第 503 行.
NOTIC: [8] Undefined offset: 5 /www/wwwroot/dhuyb.cn/audit/Application/Common/Common/function.php 第 495 行.
NOTIC: [8] Undefined offset: 5 /www/wwwroot/dhuyb.cn/audit/Application/Common/Common/function.php 第 500 行.
NOTIC: [8] Undefined offset: 5 /www/wwwroot/dhuyb.cn/audit/Application/Common/Common/function.php 第 503 行.
NOTIC: [8] Undefined offset: 5 /www/wwwroot/dhuyb.cn/audit/Application/Common/Common/function.php 第 495 行.
NOTIC: [8] Undefined offset: 5 /www/wwwroot/dhuyb.cn/audit/Application/Common/Common/function.php 第 500 行.
NOTIC: [8] Undefined offset: 5 /www/wwwroot/dhuyb.cn/audit/Application/Common/Common/function.php 第 503 行.
NOTIC: [8] Undefined offset: 5 /www/wwwroot/dhuyb.cn/audit/Application/Common/Common/function.php 第 495 行.
NOTIC: [8] Undefined index: write /www/wwwroot/dhuyb.cn/audit/Application/Common/Common/function.php 第 498 行.
NOTIC: [8] Undefined offset: 5 /www/wwwroot/dhuyb.cn/audit/Application/Common/Common/function.php 第 500 行.
NOTIC: [8] Undefined offset: 5 /www/wwwroot/dhuyb.cn/audit/Application/Common/Common/function.php 第 503 行.

[ 2019-10-22T09:10:07+08:00 ] 180.167.231.160 /audit/index.php/Home/program/audit_out_2?idstr=2054,2055,2056,2057,2058,2059,2060,2061
INFO: [ app_init ] --START--
INFO: Run Behavior\BuildLiteBehavior [ RunTime:0.000011s ]
INFO: [ app_init ] --END-- [ RunTime:0.000356s ]
INFO: [ app_begin ] --START--
INFO: Run Behavior\ReadHtmlCacheBehavior [ RunTime:0.000487s ]
INFO: [ app_begin ] --END-- [ RunTime:0.000527s ]
SQL: SHOW COLUMNS FROM `auditing` [ RunTime:0.0008s ]
SQL: SELECT * FROM `auditing` WHERE `id` = 2054 ORDER BY id LIMIT 1   [ RunTime:0.0003s ]
SQL: SELECT * FROM `auditing` WHERE `id` = 2055 ORDER BY id LIMIT 1   [ RunTime:0.0002s ]
SQL: SELECT * FROM `auditing` WHERE `id` = 2056 ORDER BY id LIMIT 1   [ RunTime:0.0002s ]
SQL: SELECT * FROM `auditing` WHERE `id` = 2057 ORDER BY id LIMIT 1   [ RunTime:0.0002s ]
SQL: SELECT * FROM `auditing` WHERE `id` = 2058 ORDER BY id LIMIT 1   [ RunTime:0.0001s ]
SQL: SELECT * FROM `auditing` WHERE `id` = 2059 ORDER BY id LIMIT 1   [ RunTime:0.0001s ]
SQL: SELECT * FROM `auditing` WHERE `id` = 2060 ORDER BY id LIMIT 1   [ RunTime:0.0001s ]
SQL: SELECT * FROM `auditing` WHERE `id` = 2061 ORDER BY id LIMIT 1   [ RunTime:0.0001s ]
NOTIC: [8] Undefined offset: 5 /www/wwwroot/dhuyb.cn/audit/Application/Common/Common/function.php 第 471 行.
NOTIC: [8] Undefined offset: 5 /www/wwwroot/dhuyb.cn/audit/Application/Common/Common/function.php 第 471 行.
NOTIC: [8] Undefined offset: 5 /www/wwwroot/dhuyb.cn/audit/Application/Common/Common/function.php 第 471 行.
NOTIC: [8] Undefined offset: 5 /www/wwwroot/dhuyb.cn/audit/Application/Common/Common/function.php 第 495 行.
NOTIC: [8] Undefined offset: 5 /www/wwwroot/dhuyb.cn/audit/Application/Common/Common/function.php 第 500 行.
NOTIC: [8] Undefined offset: 5 /www/wwwroot/dhuyb.cn/audit/Application/Common/Common/function.php 第 503 行.
NOTIC: [8] Undefined offset: 5 /www/wwwroot/dhuyb.cn/audit/Application/Common/Common/function.php 第 495 行.
NOTIC: [8] Undefined offset: 5 /www/wwwroot/dhuyb.cn/audit/Application/Common/Common/function.php 第 500 行.
NOTIC: [8] Undefined offset: 5 /www/wwwroot/dhuyb.cn/audit/Application/Common/Common/function.php 第 503 行.
NOTIC: [8] Undefined offset: 5 /www/wwwroot/dhuyb.cn/audit/Application/Common/Common/function.php 第 495 行.
NOTIC: [8] Undefined index: write /www/wwwroot/dhuyb.cn/audit/Application/Common/Common/function.php 第 498 行.
NOTIC: [8] Undefined offset: 5 /www/wwwroot/dhuyb.cn/audit/Application/Common/Common/function.php 第 500 行.
NOTIC: [8] Undefined offset: 5 /www/wwwroot/dhuyb.cn/audit/Application/Common/Common/function.php 第 503 行.
NOTIC: [8] Undefined offset: 5 /www/wwwroot/dhuyb.cn/audit/Application/Common/Common/function.php 第 495 行.
NOTIC: [8] Undefined offset: 5 /www/wwwroot/dhuyb.cn/audit/Application/Common/Common/function.php 第 500 行.
NOTIC: [8] Undefined offset: 5 /www/wwwroot/dhuyb.cn/audit/Application/Common/Common/function.php 第 503 行.
NOTIC: [8] Undefined offset: 5 /www/wwwroot/dhuyb.cn/audit/Application/Common/Common/function.php 第 495 行.
NOTIC: [8] Undefined offset: 5 /www/wwwroot/dhuyb.cn/audit/Application/Common/Common/function.php 第 500 行.
NOTIC: [8] Undefined offset: 5 /www/wwwroot/dhuyb.cn/audit/Application/Common/Common/function.php 第 503 行.
NOTIC: [8] Undefined offset: 5 /www/wwwroot/dhuyb.cn/audit/Application/Common/Common/function.php 第 495 行.
NOTIC: [8] Undefined index: write /www/wwwroot/dhuyb.cn/audit/Application/Common/Common/function.php 第 498 行.
NOTIC: [8] Undefined offset: 5 /www/wwwroot/dhuyb.cn/audit/Application/Common/Common/function.php 第 500 行.
NOTIC: [8] Undefined offset: 5 /www/wwwroot/dhuyb.cn/audit/Application/Common/Common/function.php 第 503 行.
NOTIC: [8] Undefined offset: 5 /www/wwwroot/dhuyb.cn/audit/Application/Common/Common/function.php 第 495 行.
NOTIC: [8] Undefined offset: 5 /www/wwwroot/dhuyb.cn/audit/Application/Common/Common/function.php 第 500 行.
NOTIC: [8] Undefined offset: 5 /www/wwwroot/dhuyb.cn/audit/Application/Common/Common/function.php 第 503 行.
NOTIC: [8] Undefined offset: 5 /www/wwwroot/dhuyb.cn/audit/Application/Common/Common/function.php 第 495 行.
NOTIC: [8] Undefined offset: 5 /www/wwwroot/dhuyb.cn/audit/Application/Common/Common/function.php 第 500 行.
NOTIC: [8] Undefined offset: 5 /www/wwwroot/dhuyb.cn/audit/Application/Common/Common/function.php 第 503 行.
NOTIC: [8] Undefined offset: 5 /www/wwwroot/dhuyb.cn/audit/Application/Common/Common/function.php 第 495 行.
NOTIC: [8] Undefined index: write /www/wwwroot/dhuyb.cn/audit/Application/Common/Common/function.php 第 498 行.
NOTIC: [8] Undefined offset: 5 /www/wwwroot/dhuyb.cn/audit/Application/Common/Common/function.php 第 500 行.
NOTIC: [8] Undefined offset: 5 /www/wwwroot/dhuyb.cn/audit/Application/Common/Common/function.php 第 503 行.
NOTIC: [8] Undefined offset: 5 /www/wwwroot/dhuyb.cn/audit/Application/Common/Common/function.php 第 495 行.
NOTIC: [8] Undefined offset: 5 /www/wwwroot/dhuyb.cn/audit/Application/Common/Common/function.php 第 500 行.
NOTIC: [8] Undefined offset: 5 /www/wwwroot/dhuyb.cn/audit/Application/Common/Common/function.php 第 503 行.
NOTIC: [8] Undefined offset: 5 /www/wwwroot/dhuyb.cn/audit/Application/Common/Common/function.php 第 495 行.
NOTIC: [8] Undefined offset: 5 /www/wwwroot/dhuyb.cn/audit/Application/Common/Common/function.php 第 500 行.
NOTIC: [8] Undefined offset: 5 /www/wwwroot/dhuyb.cn/audit/Application/Common/Common/function.php 第 503 行.
NOTIC: [8] Undefined offset: 5 /www/wwwroot/dhuyb.cn/audit/Application/Common/Common/function.php 第 495 行.
NOTIC: [8] Undefined index: write /www/wwwroot/dhuyb.cn/audit/Application/Common/Common/function.php 第 498 行.
NOTIC: [8] Undefined offset: 5 /www/wwwroot/dhuyb.cn/audit/Application/Common/Common/function.php 第 500 行.
NOTIC: [8] Undefined offset: 5 /www/wwwroot/dhuyb.cn/audit/Application/Common/Common/function.php 第 503 行.
NOTIC: [8] Undefined offset: 5 /www/wwwroot/dhuyb.cn/audit/Application/Common/Common/function.php 第 495 行.
NOTIC: [8] Undefined offset: 5 /www/wwwroot/dhuyb.cn/audit/Application/Common/Common/function.php 第 500 行.
NOTIC: [8] Undefined offset: 5 /www/wwwroot/dhuyb.cn/audit/Application/Common/Common/function.php 第 503 行.
NOTIC: [8] Undefined offset: 5 /www/wwwroot/dhuyb.cn/audit/Application/Common/Common/function.php 第 495 行.
NOTIC: [8] Undefined offset: 5 /www/wwwroot/dhuyb.cn/audit/Application/Common/Common/function.php 第 500 行.
NOTIC: [8] Undefined offset: 5 /www/wwwroot/dhuyb.cn/audit/Application/Common/Common/function.php 第 503 行.
NOTIC: [8] Undefined offset: 5 /www/wwwroot/dhuyb.cn/audit/Application/Common/Common/function.php 第 495 行.
NOTIC: [8] Undefined index: write /www/wwwroot/dhuyb.cn/audit/Application/Common/Common/function.php 第 498 行.
NOTIC: [8] Undefined offset: 5 /www/wwwroot/dhuyb.cn/audit/Application/Common/Common/function.php 第 500 行.
NOTIC: [8] Undefined offset: 5 /www/wwwroot/dhuyb.cn/audit/Application/Common/Common/function.php 第 503 行.
NOTIC: [8] Undefined offset: 5 /www/wwwroot/dhuyb.cn/audit/Application/Common/Common/function.php 第 495 行.
NOTIC: [8] Undefined offset: 5 /www/wwwroot/dhuyb.cn/audit/Application/Common/Common/function.php 第 500 行.
NOTIC: [8] Undefined offset: 5 /www/wwwroot/dhuyb.cn/audit/Application/Common/Common/function.php 第 503 行.
NOTIC: [8] Undefined offset: 5 /www/wwwroot/dhuyb.cn/audit/Application/Common/Common/function.php 第 495 行.
NOTIC: [8] Undefined offset: 5 /www/wwwroot/dhuyb.cn/audit/Application/Common/Common/function.php 第 500 行.
NOTIC: [8] Undefined offset: 5 /www/wwwroot/dhuyb.cn/audit/Application/Common/Common/function.php 第 503 行.
NOTIC: [8] Undefined offset: 5 /www/wwwroot/dhuyb.cn/audit/Application/Common/Common/function.php 第 495 行.
NOTIC: [8] Undefined index: write /www/wwwroot/dhuyb.cn/audit/Application/Common/Common/function.php 第 498 行.
NOTIC: [8] Undefined offset: 5 /www/wwwroot/dhuyb.cn/audit/Application/Common/Common/function.php 第 500 行.
NOTIC: [8] Undefined offset: 5 /www/wwwroot/dhuyb.cn/audit/Application/Common/Common/function.php 第 503 行.
NOTIC: [8] Undefined offset: 5 /www/wwwroot/dhuyb.cn/audit/Application/Common/Common/function.php 第 495 行.
NOTIC: [8] Undefined offset: 5 /www/wwwroot/dhuyb.cn/audit/Application/Common/Common/function.php 第 500 行.
NOTIC: [8] Undefined offset: 5 /www/wwwroot/dhuyb.cn/audit/Application/Common/Common/function.php 第 503 行.
NOTIC: [8] Undefined offset: 5 /www/wwwroot/dhuyb.cn/audit/Application/Common/Common/function.php 第 495 行.
NOTIC: [8] Undefined offset: 5 /www/wwwroot/dhuyb.cn/audit/Application/Common/Common/function.php 第 500 行.
NOTIC: [8] Undefined offset: 5 /www/wwwroot/dhuyb.cn/audit/Application/Common/Common/function.php 第 503 行.
NOTIC: [8] Undefined offset: 5 /www/wwwroot/dhuyb.cn/audit/Application/Common/Common/function.php 第 495 行.
NOTIC: [8] Undefined index: write /www/wwwroot/dhuyb.cn/audit/Application/Common/Common/function.php 第 498 行.
NOTIC: [8] Undefined offset: 5 /www/wwwroot/dhuyb.cn/audit/Application/Common/Common/function.php 第 500 行.
NOTIC: [8] Undefined offset: 5 /www/wwwroot/dhuyb.cn/audit/Application/Common/Common/function.php 第 503 行.
NOTIC: [8] Undefined offset: 5 /www/wwwroot/dhuyb.cn/audit/Application/Common/Common/function.php 第 495 行.
NOTIC: [8] Undefined offset: 5 /www/wwwroot/dhuyb.cn/audit/Application/Common/Common/function.php 第 500 行.
NOTIC: [8] Undefined offset: 5 /www/wwwroot/dhuyb.cn/audit/Application/Common/Common/function.php 第 503 行.
NOTIC: [8] Undefined offset: 5 /www/wwwroot/dhuyb.cn/audit/Application/Common/Common/function.php 第 495 行.
NOTIC: [8] Undefined offset: 5 /www/wwwroot/dhuyb.cn/audit/Application/Common/Common/function.php 第 500 行.
NOTIC: [8] Undefined offset: 5 /www/wwwroot/dhuyb.cn/audit/Application/Common/Common/function.php 第 503 行.
NOTIC: [8] Undefined offset: 5 /www/wwwroot/dhuyb.cn/audit/Application/Common/Common/function.php 第 495 行.
NOTIC: [8] Undefined index: write /www/wwwroot/dhuyb.cn/audit/Application/Common/Common/function.php 第 498 行.
NOTIC: [8] Undefined offset: 5 /www/wwwroot/dhuyb.cn/audit/Application/Common/Common/function.php 第 500 行.
NOTIC: [8] Undefined offset: 5 /www/wwwroot/dhuyb.cn/audit/Application/Common/Common/function.php 第 503 行.

[ 2019-10-22T10:15:44+08:00 ] 180.163.220.3 /audit/index.php/Home/program/audit_out_2
INFO: [ app_init ] --START--
INFO: Run Behavior\BuildLiteBehavior [ RunTime:0.000011s ]
INFO: [ app_init ] --END-- [ RunTime:0.000373s ]
INFO: [ app_begin ] --START--
INFO: Run Behavior\ReadHtmlCacheBehavior [ RunTime:0.000529s ]
INFO: [ app_begin ] --END-- [ RunTime:0.000570s ]

[ 2019-10-22T10:15:57+08:00 ] 180.163.220.3 /audit/index.php/Home/Login/login.html
INFO: [ app_init ] --START--
INFO: Run Behavior\BuildLiteBehavior [ RunTime:0.000016s ]
INFO: [ app_init ] --END-- [ RunTime:0.000493s ]
INFO: [ app_begin ] --START--
INFO: Run Behavior\ReadHtmlCacheBehavior [ RunTime:0.000714s ]
INFO: [ app_begin ] --END-- [ RunTime:0.000776s ]
INFO: [ view_parse ] --START--
INFO: [ template_filter ] --START--
INFO: Run Behavior\ContentReplaceBehavior [ RunTime:0.000064s ]
INFO: [ template_filter ] --END-- [ RunTime:0.000126s ]
INFO: Run Behavior\ParseTemplateBehavior [ RunTime:0.008079s ]
INFO: [ view_parse ] --END-- [ RunTime:0.008145s ]
INFO: [ view_filter ] --START--
INFO: Run Behavior\WriteHtmlCacheBehavior [ RunTime:0.000346s ]
INFO: [ view_filter ] --END-- [ RunTime:0.000405s ]
INFO: [ app_end ] --START--
INFO: Run Behavior\ShowPageTraceBehavior [ RunTime:0.000754s ]
INFO: [ app_end ] --END-- [ RunTime:0.000812s ]

[ 2019-10-22T10:16:04+08:00 ] 180.163.220.3 /audit/index.php/Home/Login/verify
INFO: [ app_init ] --START--
INFO: Run Behavior\BuildLiteBehavior [ RunTime:0.000011s ]
INFO: [ app_init ] --END-- [ RunTime:0.000339s ]
INFO: [ app_begin ] --START--
INFO: Run Behavior\ReadHtmlCacheBehavior [ RunTime:0.000528s ]
INFO: [ app_begin ] --END-- [ RunTime:0.000570s ]
INFO: [ app_end ] --START--
INFO: Run Behavior\ShowPageTraceBehavior [ RunTime:0.000528s ]
INFO: [ app_end ] --END-- [ RunTime:0.000572s ]

[ 2019-10-22T10:54:18+08:00 ] 222.204.219.165 /audit/index.php/Home/Program/index
INFO: [ app_init ] --START--
INFO: Run Behavior\BuildLiteBehavior [ RunTime:0.000011s ]
INFO: [ app_init ] --END-- [ RunTime:0.000397s ]
INFO: [ app_begin ] --START--
INFO: Run Behavior\ReadHtmlCacheBehavior [ RunTime:0.000575s ]
INFO: [ app_begin ] --END-- [ RunTime:0.000640s ]
SQL: SHOW COLUMNS FROM `auditing` [ RunTime:0.0008s ]
SQL: SELECT * FROM `auditing` WHERE `bel_year` = '2019'  [ RunTime:0.0007s ]
INFO: [ view_parse ] --START--
INFO: [ template_filter ] --START--
INFO: Run Behavior\ContentReplaceBehavior [ RunTime:0.000101s ]
INFO: [ template_filter ] --END-- [ RunTime:0.000143s ]
INFO: Run Behavior\ParseTemplateBehavior [ RunTime:0.016447s ]
INFO: [ view_parse ] --END-- [ RunTime:0.016497s ]
INFO: [ view_filter ] --START--
INFO: Run Behavior\WriteHtmlCacheBehavior [ RunTime:0.000305s ]
INFO: [ view_filter ] --END-- [ RunTime:0.000346s ]
INFO: [ app_end ] --START--
INFO: Run Behavior\ShowPageTraceBehavior [ RunTime:0.000572s ]
INFO: [ app_end ] --END-- [ RunTime:0.000626s ]

[ 2019-10-22T10:58:49+08:00 ] 222.204.219.165 /audit/index.php/Home/Index/pp
INFO: [ app_init ] --START--
INFO: Run Behavior\BuildLiteBehavior [ RunTime:0.000011s ]
INFO: [ app_init ] --END-- [ RunTime:0.000348s ]
INFO: [ app_begin ] --START--
INFO: Run Behavior\ReadHtmlCacheBehavior [ RunTime:0.000473s ]
INFO: [ app_begin ] --END-- [ RunTime:0.000513s ]

[ 2019-10-22T10:58:49+08:00 ] 222.204.219.165 /audit/index.php/Home/Login/login.html
INFO: [ app_init ] --START--
INFO: Run Behavior\BuildLiteBehavior [ RunTime:0.000010s ]
INFO: [ app_init ] --END-- [ RunTime:0.000324s ]
INFO: [ app_begin ] --START--
INFO: Run Behavior\ReadHtmlCacheBehavior [ RunTime:0.000546s ]
INFO: [ app_begin ] --END-- [ RunTime:0.000586s ]
INFO: [ view_parse ] --START--
INFO: [ template_filter ] --START--
INFO: Run Behavior\ContentReplaceBehavior [ RunTime:0.000044s ]
INFO: [ template_filter ] --END-- [ RunTime:0.000081s ]
INFO: Run Behavior\ParseTemplateBehavior [ RunTime:0.005161s ]
INFO: [ view_parse ] --END-- [ RunTime:0.005202s ]
INFO: [ view_filter ] --START--
INFO: Run Behavior\WriteHtmlCacheBehavior [ RunTime:0.000370s ]
INFO: [ view_filter ] --END-- [ RunTime:0.000403s ]
INFO: [ app_end ] --START--
INFO: Run Behavior\ShowPageTraceBehavior [ RunTime:0.000475s ]
INFO: [ app_end ] --END-- [ RunTime:0.000521s ]

[ 2019-10-22T10:58:49+08:00 ] 222.204.219.165 /audit/index.php/Home/Login/verify
INFO: [ app_init ] --START--
INFO: Run Behavior\BuildLiteBehavior [ RunTime:0.000010s ]
INFO: [ app_init ] --END-- [ RunTime:0.000336s ]
INFO: [ app_begin ] --START--
INFO: Run Behavior\ReadHtmlCacheBehavior [ RunTime:0.000523s ]
INFO: [ app_begin ] --END-- [ RunTime:0.000566s ]
INFO: [ app_end ] --START--
INFO: Run Behavior\ShowPageTraceBehavior [ RunTime:0.000555s ]
INFO: [ app_end ] --END-- [ RunTime:0.000600s ]

