[ 2020-05-28T08:54:12+08:00 ] 222.204.218.201 /audit/index.php/Home/Login/login.html
INFO: [ app_init ] --START--
INFO: Run Behavior\BuildLiteBehavior [ RunTime:0.000044s ]
INFO: [ app_init ] --END-- [ RunTime:0.000418s ]
INFO: [ app_begin ] --START--
INFO: Run Behavior\ReadHtmlCacheBehavior [ RunTime:0.000514s ]
INFO: [ app_begin ] --END-- [ RunTime:0.000555s ]
INFO: [ view_parse ] --START--
INFO: [ template_filter ] --START--
INFO: Run Behavior\ContentReplaceBehavior [ RunTime:0.000050s ]
INFO: [ template_filter ] --END-- [ RunTime:0.000096s ]
INFO: Run Behavior\ParseTemplateBehavior [ RunTime:0.005087s ]
INFO: [ view_parse ] --END-- [ RunTime:0.005128s ]
INFO: [ view_filter ] --START--
INFO: Run Behavior\WriteHtmlCacheBehavior [ RunTime:0.000208s ]
INFO: [ view_filter ] --END-- [ RunTime:0.000238s ]
INFO: [ app_end ] --START--
INFO: Run Behavior\ShowPageTraceBehavior [ RunTime:0.000536s ]
INFO: [ app_end ] --END-- [ RunTime:0.000571s ]

[ 2020-05-28T08:54:12+08:00 ] 222.204.218.201 /audit/index.php/Home/Login/verify
INFO: [ app_init ] --START--
INFO: Run Behavior\BuildLiteBehavior [ RunTime:0.000012s ]
INFO: [ app_init ] --END-- [ RunTime:0.000373s ]
INFO: [ app_begin ] --START--
INFO: Run Behavior\ReadHtmlCacheBehavior [ RunTime:0.000470s ]
INFO: [ app_begin ] --END-- [ RunTime:0.000517s ]
INFO: [ app_end ] --START--
INFO: Run Behavior\ShowPageTraceBehavior [ RunTime:0.000549s ]
INFO: [ app_end ] --END-- [ RunTime:0.000595s ]

[ 2020-05-28T08:54:23+08:00 ] 222.204.218.201 /audit/index.php/Home/Login/login_val
INFO: [ app_init ] --START--
INFO: Run Behavior\BuildLiteBehavior [ RunTime:0.000012s ]
INFO: [ app_init ] --END-- [ RunTime:0.000340s ]
INFO: [ app_begin ] --START--
INFO: Run Behavior\ReadHtmlCacheBehavior [ RunTime:0.000430s ]
INFO: [ app_begin ] --END-- [ RunTime:0.000466s ]
SQL: SHOW COLUMNS FROM `admin` [ RunTime:0.0005s ]
SQL: SELECT * FROM `admin` WHERE `user_name` = 'admin' AND `password` = 'ae6c87fe' LIMIT 1   [ RunTime:0.0001s ]

[ 2020-05-28T08:54:23+08:00 ] 222.204.218.201 /audit/index.php/Home/Index/index
INFO: [ app_init ] --START--
INFO: Run Behavior\BuildLiteBehavior [ RunTime:0.000012s ]
INFO: [ app_init ] --END-- [ RunTime:0.000344s ]
INFO: [ app_begin ] --START--
INFO: Run Behavior\ReadHtmlCacheBehavior [ RunTime:0.000457s ]
INFO: [ app_begin ] --END-- [ RunTime:0.000497s ]
SQL: SHOW COLUMNS FROM `contract` [ RunTime:0.0007s ]
SQL: SELECT * FROM `contract` WHERE `belong_year` = '2020'  [ RunTime:0.0002s ]
SQL: SHOW COLUMNS FROM `item` [ RunTime:0.0005s ]
SQL: SELECT `item_supervisor`,`item_name`,`su_company` FROM `item` WHERE ( 1=1 AND item_id='12' ) LIMIT 1   [ RunTime:0.0001s ]
SQL: SELECT `item_supervisor`,`item_name`,`su_company` FROM `item` WHERE ( 1=1 AND item_id='35' ) LIMIT 1   [ RunTime:0.0001s ]
SQL: SELECT `item_supervisor`,`item_name`,`su_company` FROM `item` WHERE ( 1=1 AND item_id='37' ) LIMIT 1   [ RunTime:0.0001s ]
SQL: SELECT `item_supervisor`,`item_name`,`su_company` FROM `item` WHERE ( 1=1 AND item_id='34' ) LIMIT 1   [ RunTime:0.0001s ]
SQL: SELECT `item_supervisor`,`item_name`,`su_company` FROM `item` WHERE ( 1=1 AND item_id='37' ) LIMIT 1   [ RunTime:0.0001s ]
SQL: SELECT `item_supervisor`,`item_name`,`su_company` FROM `item` WHERE ( 1=1 AND item_id='7' ) LIMIT 1   [ RunTime:0.0001s ]
SQL: SELECT `item_supervisor`,`item_name`,`su_company` FROM `item` WHERE ( 1=1 AND item_id='7' ) LIMIT 1   [ RunTime:0.0001s ]
SQL: SELECT `item_supervisor`,`item_name`,`su_company` FROM `item` WHERE ( 1=1 AND item_id='39' ) LIMIT 1   [ RunTime:0.0001s ]
SQL: SELECT `item_supervisor`,`item_name`,`su_company` FROM `item` WHERE ( 1=1 AND item_id='37' ) LIMIT 1   [ RunTime:0.0001s ]
SQL: SELECT `item_supervisor`,`item_name`,`su_company` FROM `item` WHERE ( 1=1 AND item_id='35' ) LIMIT 1   [ RunTime:0.0001s ]
SQL: SELECT `item_supervisor`,`item_name`,`su_company` FROM `item` WHERE ( 1=1 AND item_id='36' ) LIMIT 1   [ RunTime:0.0001s ]
SQL: SELECT `item_supervisor`,`item_name`,`su_company` FROM `item` WHERE ( 1=1 AND item_id='23' ) LIMIT 1   [ RunTime:0.0001s ]
SQL: SELECT `item_supervisor`,`item_name`,`su_company` FROM `item` WHERE ( 1=1 AND item_id='35' ) LIMIT 1   [ RunTime:0.0001s ]
SQL: SELECT `item_supervisor`,`item_name`,`su_company` FROM `item` WHERE ( 1=1 AND item_id='35' ) LIMIT 1   [ RunTime:0.0001s ]
SQL: SELECT `item_supervisor`,`item_name`,`su_company` FROM `item` WHERE ( 1=1 AND item_id='37' ) LIMIT 1   [ RunTime:0.0001s ]
SQL: SELECT `item_supervisor`,`item_name`,`su_company` FROM `item` WHERE ( 1=1 AND item_id='6' ) LIMIT 1   [ RunTime:0.0001s ]
SQL: SELECT `item_supervisor`,`item_name`,`su_company` FROM `item` WHERE ( 1=1 AND item_id='35' ) LIMIT 1   [ RunTime:0.0001s ]
SQL: SELECT `item_supervisor`,`item_name`,`su_company` FROM `item` WHERE ( 1=1 AND item_id='36' ) LIMIT 1   [ RunTime:0.0001s ]
SQL: SELECT `item_supervisor`,`item_name`,`su_company` FROM `item` WHERE ( 1=1 AND item_id='39' ) LIMIT 1   [ RunTime:0.0001s ]
SQL: SELECT `item_supervisor`,`item_name`,`su_company` FROM `item` WHERE ( 1=1 AND item_id='23' ) LIMIT 1   [ RunTime:0.0001s ]
SQL: SELECT `item_supervisor`,`item_name`,`su_company` FROM `item` WHERE ( 1=1 AND item_id='36' ) LIMIT 1   [ RunTime:0.0001s ]
SQL: SELECT `item_supervisor`,`item_name`,`su_company` FROM `item` WHERE ( 1=1 AND item_id='35' ) LIMIT 1   [ RunTime:0.0001s ]
SQL: SELECT `item_supervisor`,`item_name`,`su_company` FROM `item` WHERE ( 1=1 AND item_id='38' ) LIMIT 1   [ RunTime:0.0001s ]
SQL: SELECT `item_supervisor`,`item_name`,`su_company` FROM `item` WHERE ( 1=1 AND item_id='38' ) LIMIT 1   [ RunTime:0.0001s ]
SQL: SHOW COLUMNS FROM `item` [ RunTime:0.0005s ]
SQL: SELECT `item_id`,`item_name` FROM `item` WHERE `item_state` = 0  [ RunTime:0.0001s ]
INFO: [ view_parse ] --START--
INFO: [ template_filter ] --START--
INFO: Run Behavior\ContentReplaceBehavior [ RunTime:0.000115s ]
INFO: [ template_filter ] --END-- [ RunTime:0.000189s ]
INFO: Run Behavior\ParseTemplateBehavior [ RunTime:0.014144s ]
INFO: [ view_parse ] --END-- [ RunTime:0.014222s ]
INFO: [ view_filter ] --START--
INFO: Run Behavior\WriteHtmlCacheBehavior [ RunTime:0.000268s ]
INFO: [ view_filter ] --END-- [ RunTime:0.000303s ]
INFO: [ app_end ] --START--
INFO: Run Behavior\ShowPageTraceBehavior [ RunTime:0.000525s ]
INFO: [ app_end ] --END-- [ RunTime:0.000562s ]

[ 2020-05-28T08:54:28+08:00 ] 222.204.218.201 /audit/index.php/Home/Index/list_show?item_id=6
INFO: [ app_init ] --START--
INFO: Run Behavior\BuildLiteBehavior [ RunTime:0.000011s ]
INFO: [ app_init ] --END-- [ RunTime:0.000331s ]
INFO: [ app_begin ] --START--
INFO: Run Behavior\ReadHtmlCacheBehavior [ RunTime:0.000440s ]
INFO: [ app_begin ] --END-- [ RunTime:0.000479s ]
SQL: SHOW COLUMNS FROM `contract` [ RunTime:0.0008s ]
SQL: SELECT * FROM `contract` WHERE `item_id` = '6' ORDER BY belong_year asc,id  [ RunTime:0.0002s ]
SQL: SHOW COLUMNS FROM `paylist` [ RunTime:0.0004s ]
SQL: SELECT `vote_time`,`pay_amount`,`id`,`pay_time`,`ratio` FROM `paylist` WHERE ( 1=1 AND contract_id='2017-4' )  [ RunTime:0.0001s ]
SQL: SHOW COLUMNS FROM `item` [ RunTime:0.0004s ]
SQL: SELECT `item_supervisor`,`item_name`,`su_company` FROM `item` WHERE ( 1=1 AND item_id='6' ) LIMIT 1   [ RunTime:0.0001s ]
SQL: SELECT `vote_time`,`pay_amount`,`id`,`pay_time`,`ratio` FROM `paylist` WHERE ( 1=1 AND contract_id='2017-13' )  [ RunTime:0.0001s ]
SQL: SELECT `item_supervisor`,`item_name`,`su_company` FROM `item` WHERE ( 1=1 AND item_id='6' ) LIMIT 1   [ RunTime:0.0001s ]
SQL: SELECT `vote_time`,`pay_amount`,`id`,`pay_time`,`ratio` FROM `paylist` WHERE ( 1=1 AND contract_id='2017-40' )  [ RunTime:0.0001s ]
SQL: SELECT `item_supervisor`,`item_name`,`su_company` FROM `item` WHERE ( 1=1 AND item_id='6' ) LIMIT 1   [ RunTime:0.0001s ]
SQL: SELECT `vote_time`,`pay_amount`,`id`,`pay_time`,`ratio` FROM `paylist` WHERE ( 1=1 AND contract_id='2017-41' )  [ RunTime:0.0001s ]
SQL: SELECT `item_supervisor`,`item_name`,`su_company` FROM `item` WHERE ( 1=1 AND item_id='6' ) LIMIT 1   [ RunTime:0.0001s ]
SQL: SELECT `vote_time`,`pay_amount`,`id`,`pay_time`,`ratio` FROM `paylist` WHERE ( 1=1 AND contract_id='2017-42' )  [ RunTime:0.0001s ]
SQL: SELECT `item_supervisor`,`item_name`,`su_company` FROM `item` WHERE ( 1=1 AND item_id='6' ) LIMIT 1   [ RunTime:0.0001s ]
SQL: SELECT `vote_time`,`pay_amount`,`id`,`pay_time`,`ratio` FROM `paylist` WHERE ( 1=1 AND contract_id='2017-43' )  [ RunTime:0.0001s ]
SQL: SELECT `item_supervisor`,`item_name`,`su_company` FROM `item` WHERE ( 1=1 AND item_id='6' ) LIMIT 1   [ RunTime:0.0001s ]
SQL: SELECT `vote_time`,`pay_amount`,`id`,`pay_time`,`ratio` FROM `paylist` WHERE ( 1=1 AND contract_id='2017-57' )  [ RunTime:0.0001s ]
SQL: SELECT `item_supervisor`,`item_name`,`su_company` FROM `item` WHERE ( 1=1 AND item_id='6' ) LIMIT 1   [ RunTime:0.0001s ]
SQL: SELECT `vote_time`,`pay_amount`,`id`,`pay_time`,`ratio` FROM `paylist` WHERE ( 1=1 AND contract_id='2017-59' )  [ RunTime:0.0001s ]
SQL: SELECT `item_supervisor`,`item_name`,`su_company` FROM `item` WHERE ( 1=1 AND item_id='6' ) LIMIT 1   [ RunTime:0.0001s ]
SQL: SELECT `vote_time`,`pay_amount`,`id`,`pay_time`,`ratio` FROM `paylist` WHERE ( 1=1 AND contract_id='2017-84' )  [ RunTime:0.0001s ]
SQL: SELECT `item_supervisor`,`item_name`,`su_company` FROM `item` WHERE ( 1=1 AND item_id='6' ) LIMIT 1   [ RunTime:0.0001s ]
SQL: SELECT `vote_time`,`pay_amount`,`id`,`pay_time`,`ratio` FROM `paylist` WHERE ( 1=1 AND contract_id='2018-19' )  [ RunTime:0.0001s ]
SQL: SELECT `item_supervisor`,`item_name`,`su_company` FROM `item` WHERE ( 1=1 AND item_id='6' ) LIMIT 1   [ RunTime:0.0001s ]
SQL: SELECT `vote_time`,`pay_amount`,`id`,`pay_time`,`ratio` FROM `paylist` WHERE ( 1=1 AND contract_id='2018-20' )  [ RunTime:0.0001s ]
SQL: SELECT `item_supervisor`,`item_name`,`su_company` FROM `item` WHERE ( 1=1 AND item_id='6' ) LIMIT 1   [ RunTime:0.0001s ]
SQL: SELECT `vote_time`,`pay_amount`,`id`,`pay_time`,`ratio` FROM `paylist` WHERE ( 1=1 AND contract_id='2018-24' )  [ RunTime:0.0002s ]
SQL: SELECT `item_supervisor`,`item_name`,`su_company` FROM `item` WHERE ( 1=1 AND item_id='6' ) LIMIT 1   [ RunTime:0.0001s ]
SQL: SELECT `vote_time`,`pay_amount`,`id`,`pay_time`,`ratio` FROM `paylist` WHERE ( 1=1 AND contract_id='2018-30' )  [ RunTime:0.0001s ]
SQL: SELECT `item_supervisor`,`item_name`,`su_company` FROM `item` WHERE ( 1=1 AND item_id='6' ) LIMIT 1   [ RunTime:0.0001s ]
SQL: SELECT `vote_time`,`pay_amount`,`id`,`pay_time`,`ratio` FROM `paylist` WHERE ( 1=1 AND contract_id='2018-87' )  [ RunTime:0.0001s ]
SQL: SELECT `item_supervisor`,`item_name`,`su_company` FROM `item` WHERE ( 1=1 AND item_id='6' ) LIMIT 1   [ RunTime:0.0001s ]
SQL: SELECT `vote_time`,`pay_amount`,`id`,`pay_time`,`ratio` FROM `paylist` WHERE ( 1=1 AND contract_id='2018-111' )  [ RunTime:0.0001s ]
SQL: SELECT `item_supervisor`,`item_name`,`su_company` FROM `item` WHERE ( 1=1 AND item_id='6' ) LIMIT 1   [ RunTime:0.0001s ]
SQL: SELECT `vote_time`,`pay_amount`,`id`,`pay_time`,`ratio` FROM `paylist` WHERE ( 1=1 AND contract_id='2018-112' )  [ RunTime:0.0001s ]
SQL: SELECT `item_supervisor`,`item_name`,`su_company` FROM `item` WHERE ( 1=1 AND item_id='6' ) LIMIT 1   [ RunTime:0.0001s ]
SQL: SELECT `vote_time`,`pay_amount`,`id`,`pay_time`,`ratio` FROM `paylist` WHERE ( 1=1 AND contract_id='2018-139' )  [ RunTime:0.0001s ]
SQL: SELECT `item_supervisor`,`item_name`,`su_company` FROM `item` WHERE ( 1=1 AND item_id='6' ) LIMIT 1   [ RunTime:0.0001s ]
SQL: SELECT `vote_time`,`pay_amount`,`id`,`pay_time`,`ratio` FROM `paylist` WHERE ( 1=1 AND contract_id='2018-142' )  [ RunTime:0.0001s ]
SQL: SELECT `item_supervisor`,`item_name`,`su_company` FROM `item` WHERE ( 1=1 AND item_id='6' ) LIMIT 1   [ RunTime:0.0001s ]
SQL: SELECT `vote_time`,`pay_amount`,`id`,`pay_time`,`ratio` FROM `paylist` WHERE ( 1=1 AND contract_id='2018-145' )  [ RunTime:0.0001s ]
SQL: SELECT `item_supervisor`,`item_name`,`su_company` FROM `item` WHERE ( 1=1 AND item_id='6' ) LIMIT 1   [ RunTime:0.0001s ]
SQL: SELECT `vote_time`,`pay_amount`,`id`,`pay_time`,`ratio` FROM `paylist` WHERE ( 1=1 AND contract_id='2018-148' )  [ RunTime:0.0001s ]
SQL: SELECT `item_supervisor`,`item_name`,`su_company` FROM `item` WHERE ( 1=1 AND item_id='6' ) LIMIT 1   [ RunTime:0.0001s ]
SQL: SELECT `vote_time`,`pay_amount`,`id`,`pay_time`,`ratio` FROM `paylist` WHERE ( 1=1 AND contract_id='2018-149' )  [ RunTime:0.0001s ]
SQL: SELECT `item_supervisor`,`item_name`,`su_company` FROM `item` WHERE ( 1=1 AND item_id='6' ) LIMIT 1   [ RunTime:0.0001s ]
SQL: SELECT `vote_time`,`pay_amount`,`id`,`pay_time`,`ratio` FROM `paylist` WHERE ( 1=1 AND contract_id='2018-157' )  [ RunTime:0.0001s ]
SQL: SELECT `item_supervisor`,`item_name`,`su_company` FROM `item` WHERE ( 1=1 AND item_id='6' ) LIMIT 1   [ RunTime:0.0001s ]
SQL: SELECT `vote_time`,`pay_amount`,`id`,`pay_time`,`ratio` FROM `paylist` WHERE ( 1=1 AND contract_id='2018-158' )  [ RunTime:0.0001s ]
SQL: SELECT `item_supervisor`,`item_name`,`su_company` FROM `item` WHERE ( 1=1 AND item_id='6' ) LIMIT 1   [ RunTime:0.0001s ]
SQL: SELECT `vote_time`,`pay_amount`,`id`,`pay_time`,`ratio` FROM `paylist` WHERE ( 1=1 AND contract_id='2018-160' )  [ RunTime:0.0001s ]
SQL: SELECT `item_supervisor`,`item_name`,`su_company` FROM `item` WHERE ( 1=1 AND item_id='6' ) LIMIT 1   [ RunTime:0.0001s ]
SQL: SELECT `vote_time`,`pay_amount`,`id`,`pay_time`,`ratio` FROM `paylist` WHERE ( 1=1 AND contract_id='2018-165' )  [ RunTime:0.0001s ]
SQL: SELECT `item_supervisor`,`item_name`,`su_company` FROM `item` WHERE ( 1=1 AND item_id='6' ) LIMIT 1   [ RunTime:0.0001s ]
SQL: SELECT `vote_time`,`pay_amount`,`id`,`pay_time`,`ratio` FROM `paylist` WHERE ( 1=1 AND contract_id='2019-14' )  [ RunTime:0.0002s ]
SQL: SELECT `item_supervisor`,`item_name`,`su_company` FROM `item` WHERE ( 1=1 AND item_id='6' ) LIMIT 1   [ RunTime:0.0001s ]
SQL: SELECT `vote_time`,`pay_amount`,`id`,`pay_time`,`ratio` FROM `paylist` WHERE ( 1=1 AND contract_id='2019-18' )  [ RunTime:0.0001s ]
SQL: SELECT `item_supervisor`,`item_name`,`su_company` FROM `item` WHERE ( 1=1 AND item_id='6' ) LIMIT 1   [ RunTime:0.0001s ]
SQL: SELECT `vote_time`,`pay_amount`,`id`,`pay_time`,`ratio` FROM `paylist` WHERE ( 1=1 AND contract_id='2019-19' )  [ RunTime:0.0001s ]
SQL: SELECT `item_supervisor`,`item_name`,`su_company` FROM `item` WHERE ( 1=1 AND item_id='6' ) LIMIT 1   [ RunTime:0.0001s ]
SQL: SELECT `vote_time`,`pay_amount`,`id`,`pay_time`,`ratio` FROM `paylist` WHERE ( 1=1 AND contract_id='2019-20' )  [ RunTime:0.0001s ]
SQL: SELECT `item_supervisor`,`item_name`,`su_company` FROM `item` WHERE ( 1=1 AND item_id='6' ) LIMIT 1   [ RunTime:0.0001s ]
SQL: SELECT `vote_time`,`pay_amount`,`id`,`pay_time`,`ratio` FROM `paylist` WHERE ( 1=1 AND contract_id='2019-28' )  [ RunTime:0.0001s ]
SQL: SELECT `item_supervisor`,`item_name`,`su_company` FROM `item` WHERE ( 1=1 AND item_id='6' ) LIMIT 1   [ RunTime:0.0001s ]
SQL: SELECT `vote_time`,`pay_amount`,`id`,`pay_time`,`ratio` FROM `paylist` WHERE ( 1=1 AND contract_id='2019-39' )  [ RunTime:0.0001s ]
SQL: SELECT `item_supervisor`,`item_name`,`su_company` FROM `item` WHERE ( 1=1 AND item_id='6' ) LIMIT 1   [ RunTime:0.0001s ]
SQL: SELECT `vote_time`,`pay_amount`,`id`,`pay_time`,`ratio` FROM `paylist` WHERE ( 1=1 AND contract_id='2019-47' )  [ RunTime:0.0001s ]
SQL: SELECT `item_supervisor`,`item_name`,`su_company` FROM `item` WHERE ( 1=1 AND item_id='6' ) LIMIT 1   [ RunTime:0.0001s ]
SQL: SELECT `vote_time`,`pay_amount`,`id`,`pay_time`,`ratio` FROM `paylist` WHERE ( 1=1 AND contract_id='2019-76' )  [ RunTime:0.0001s ]
SQL: SELECT `item_supervisor`,`item_name`,`su_company` FROM `item` WHERE ( 1=1 AND item_id='6' ) LIMIT 1   [ RunTime:0.0001s ]
SQL: SELECT `vote_time`,`pay_amount`,`id`,`pay_time`,`ratio` FROM `paylist` WHERE ( 1=1 AND contract_id='2019-85' )  [ RunTime:0.0001s ]
SQL: SELECT `item_supervisor`,`item_name`,`su_company` FROM `item` WHERE ( 1=1 AND item_id='6' ) LIMIT 1   [ RunTime:0.0001s ]
SQL: SELECT `vote_time`,`pay_amount`,`id`,`pay_time`,`ratio` FROM `paylist` WHERE ( 1=1 AND contract_id='2019-88' )  [ RunTime:0.0001s ]
SQL: SELECT `item_supervisor`,`item_name`,`su_company` FROM `item` WHERE ( 1=1 AND item_id='6' ) LIMIT 1   [ RunTime:0.0001s ]
SQL: SELECT `vote_time`,`pay_amount`,`id`,`pay_time`,`ratio` FROM `paylist` WHERE ( 1=1 AND contract_id='2019-120' )  [ RunTime:0.0001s ]
SQL: SELECT `item_supervisor`,`item_name`,`su_company` FROM `item` WHERE ( 1=1 AND item_id='6' ) LIMIT 1   [ RunTime:0.0001s ]
SQL: SELECT `vote_time`,`pay_amount`,`id`,`pay_time`,`ratio` FROM `paylist` WHERE ( 1=1 AND contract_id='2019-125' )  [ RunTime:0.0001s ]
SQL: SELECT `item_supervisor`,`item_name`,`su_company` FROM `item` WHERE ( 1=1 AND item_id='6' ) LIMIT 1   [ RunTime:0.0001s ]
SQL: SELECT `vote_time`,`pay_amount`,`id`,`pay_time`,`ratio` FROM `paylist` WHERE ( 1=1 AND contract_id='2019-127' )  [ RunTime:0.0001s ]
SQL: SELECT `item_supervisor`,`item_name`,`su_company` FROM `item` WHERE ( 1=1 AND item_id='6' ) LIMIT 1   [ RunTime:0.0001s ]
SQL: SELECT `vote_time`,`pay_amount`,`id`,`pay_time`,`ratio` FROM `paylist` WHERE ( 1=1 AND contract_id='2020-16' )  [ RunTime:0.0001s ]
SQL: SELECT `item_supervisor`,`item_name`,`su_company` FROM `item` WHERE ( 1=1 AND item_id='6' ) LIMIT 1   [ RunTime:0.0001s ]
SQL: SHOW COLUMNS FROM `item` [ RunTime:0.0005s ]
SQL: SELECT `item_id`,`item_name` FROM `item` WHERE `item_state` = 0  [ RunTime:0.0001s ]
SQL: SELECT `item_id`,`item_supervisor`,`item_name`,`su_company` FROM `item` WHERE `item_id` = '6' LIMIT 1   [ RunTime:0.0001s ]
INFO: [ view_parse ] --START--
INFO: [ template_filter ] --START--
INFO: Run Behavior\ContentReplaceBehavior [ RunTime:0.000186s ]
INFO: [ template_filter ] --END-- [ RunTime:0.000255s ]
NOTIC: [8] Undefined variable: count_year /www/wwwroot/dhuyb.cn/audit/Application/Runtime/Cache/Home/953824c20aef53ae2750e20ed86d0cd1.php 第 105 行.
NOTIC: [8] Undefined variable: count_year /www/wwwroot/dhuyb.cn/audit/Application/Runtime/Cache/Home/953824c20aef53ae2750e20ed86d0cd1.php 第 105 行.
NOTIC: [8] Undefined variable: count_year /www/wwwroot/dhuyb.cn/audit/Application/Runtime/Cache/Home/953824c20aef53ae2750e20ed86d0cd1.php 第 105 行.
NOTIC: [8] Undefined variable: count_year /www/wwwroot/dhuyb.cn/audit/Application/Runtime/Cache/Home/953824c20aef53ae2750e20ed86d0cd1.php 第 105 行.
NOTIC: [8] Undefined variable: count_year /www/wwwroot/dhuyb.cn/audit/Application/Runtime/Cache/Home/953824c20aef53ae2750e20ed86d0cd1.php 第 105 行.
NOTIC: [8] Undefined variable: count_year /www/wwwroot/dhuyb.cn/audit/Application/Runtime/Cache/Home/953824c20aef53ae2750e20ed86d0cd1.php 第 105 行.
NOTIC: [2] number_format() expects parameter 1 to be double, string given /www/wwwroot/dhuyb.cn/audit/Application/Runtime/Cache/Home/953824c20aef53ae2750e20ed86d0cd1.php 第 154 行.
NOTIC: [2] number_format() expects parameter 1 to be double, string given /www/wwwroot/dhuyb.cn/audit/Application/Runtime/Cache/Home/953824c20aef53ae2750e20ed86d0cd1.php 第 251 行.
NOTIC: [2] number_format() expects parameter 1 to be double, string given /www/wwwroot/dhuyb.cn/audit/Application/Runtime/Cache/Home/953824c20aef53ae2750e20ed86d0cd1.php 第 251 行.
NOTIC: [2] number_format() expects parameter 1 to be double, string given /www/wwwroot/dhuyb.cn/audit/Application/Runtime/Cache/Home/953824c20aef53ae2750e20ed86d0cd1.php 第 274 行.
NOTIC: [2] number_format() expects parameter 1 to be double, string given /www/wwwroot/dhuyb.cn/audit/Application/Runtime/Cache/Home/953824c20aef53ae2750e20ed86d0cd1.php 第 251 行.
NOTIC: [2] number_format() expects parameter 1 to be double, string given /www/wwwroot/dhuyb.cn/audit/Application/Runtime/Cache/Home/953824c20aef53ae2750e20ed86d0cd1.php 第 251 行.
NOTIC: [2] number_format() expects parameter 1 to be double, string given /www/wwwroot/dhuyb.cn/audit/Application/Runtime/Cache/Home/953824c20aef53ae2750e20ed86d0cd1.php 第 251 行.
NOTIC: [2] number_format() expects parameter 1 to be double, string given /www/wwwroot/dhuyb.cn/audit/Application/Runtime/Cache/Home/953824c20aef53ae2750e20ed86d0cd1.php 第 251 行.
NOTIC: [2] number_format() expects parameter 1 to be double, string given /www/wwwroot/dhuyb.cn/audit/Application/Runtime/Cache/Home/953824c20aef53ae2750e20ed86d0cd1.php 第 251 行.
NOTIC: [2] number_format() expects parameter 1 to be double, string given /www/wwwroot/dhuyb.cn/audit/Application/Runtime/Cache/Home/953824c20aef53ae2750e20ed86d0cd1.php 第 251 行.
NOTIC: [2] number_format() expects parameter 1 to be double, string given /www/wwwroot/dhuyb.cn/audit/Application/Runtime/Cache/Home/953824c20aef53ae2750e20ed86d0cd1.php 第 251 行.
NOTIC: [2] number_format() expects parameter 1 to be double, string given /www/wwwroot/dhuyb.cn/audit/Application/Runtime/Cache/Home/953824c20aef53ae2750e20ed86d0cd1.php 第 251 行.
NOTIC: [2] number_format() expects parameter 1 to be double, string given /www/wwwroot/dhuyb.cn/audit/Application/Runtime/Cache/Home/953824c20aef53ae2750e20ed86d0cd1.php 第 251 行.
NOTIC: [2] number_format() expects parameter 1 to be double, string given /www/wwwroot/dhuyb.cn/audit/Application/Runtime/Cache/Home/953824c20aef53ae2750e20ed86d0cd1.php 第 251 行.
NOTIC: [2] number_format() expects parameter 1 to be double, string given /www/wwwroot/dhuyb.cn/audit/Application/Runtime/Cache/Home/953824c20aef53ae2750e20ed86d0cd1.php 第 251 行.
NOTIC: [2] number_format() expects parameter 1 to be double, string given /www/wwwroot/dhuyb.cn/audit/Application/Runtime/Cache/Home/953824c20aef53ae2750e20ed86d0cd1.php 第 251 行.
NOTIC: [2] number_format() expects parameter 1 to be double, string given /www/wwwroot/dhuyb.cn/audit/Application/Runtime/Cache/Home/953824c20aef53ae2750e20ed86d0cd1.php 第 251 行.
NOTIC: [2] number_format() expects parameter 1 to be double, string given /www/wwwroot/dhuyb.cn/audit/Application/Runtime/Cache/Home/953824c20aef53ae2750e20ed86d0cd1.php 第 251 行.
NOTIC: [2] number_format() expects parameter 1 to be double, string given /www/wwwroot/dhuyb.cn/audit/Application/Runtime/Cache/Home/953824c20aef53ae2750e20ed86d0cd1.php 第 251 行.
NOTIC: [2] number_format() expects parameter 1 to be double, string given /www/wwwroot/dhuyb.cn/audit/Application/Runtime/Cache/Home/953824c20aef53ae2750e20ed86d0cd1.php 第 251 行.
NOTIC: [2] number_format() expects parameter 1 to be double, string given /www/wwwroot/dhuyb.cn/audit/Application/Runtime/Cache/Home/953824c20aef53ae2750e20ed86d0cd1.php 第 251 行.
NOTIC: [2] number_format() expects parameter 1 to be double, string given /www/wwwroot/dhuyb.cn/audit/Application/Runtime/Cache/Home/953824c20aef53ae2750e20ed86d0cd1.php 第 251 行.
NOTIC: [2] number_format() expects parameter 1 to be double, string given /www/wwwroot/dhuyb.cn/audit/Application/Runtime/Cache/Home/953824c20aef53ae2750e20ed86d0cd1.php 第 154 行.
NOTIC: [2] number_format() expects parameter 1 to be double, string given /www/wwwroot/dhuyb.cn/audit/Application/Runtime/Cache/Home/953824c20aef53ae2750e20ed86d0cd1.php 第 154 行.
NOTIC: [2] number_format() expects parameter 1 to be double, string given /www/wwwroot/dhuyb.cn/audit/Application/Runtime/Cache/Home/953824c20aef53ae2750e20ed86d0cd1.php 第 251 行.
NOTIC: [2] number_format() expects parameter 1 to be double, string given /www/wwwroot/dhuyb.cn/audit/Application/Runtime/Cache/Home/953824c20aef53ae2750e20ed86d0cd1.php 第 251 行.
NOTIC: [2] number_format() expects parameter 1 to be double, string given /www/wwwroot/dhuyb.cn/audit/Application/Runtime/Cache/Home/953824c20aef53ae2750e20ed86d0cd1.php 第 251 行.
NOTIC: [2] number_format() expects parameter 1 to be double, string given /www/wwwroot/dhuyb.cn/audit/Application/Runtime/Cache/Home/953824c20aef53ae2750e20ed86d0cd1.php 第 251 行.
NOTIC: [2] number_format() expects parameter 1 to be double, string given /www/wwwroot/dhuyb.cn/audit/Application/Runtime/Cache/Home/953824c20aef53ae2750e20ed86d0cd1.php 第 251 行.
NOTIC: [2] number_format() expects parameter 1 to be double, string given /www/wwwroot/dhuyb.cn/audit/Application/Runtime/Cache/Home/953824c20aef53ae2750e20ed86d0cd1.php 第 264 行.
NOTIC: [2] number_format() expects parameter 1 to be double, string given /www/wwwroot/dhuyb.cn/audit/Application/Runtime/Cache/Home/953824c20aef53ae2750e20ed86d0cd1.php 第 251 行.
NOTIC: [2] number_format() expects parameter 1 to be double, string given /www/wwwroot/dhuyb.cn/audit/Application/Runtime/Cache/Home/953824c20aef53ae2750e20ed86d0cd1.php 第 251 行.
INFO: Run Behavior\ParseTemplateBehavior [ RunTime:0.029494s ]
INFO: [ view_parse ] --END-- [ RunTime:0.029532s ]
INFO: [ view_filter ] --START--
INFO: Run Behavior\WriteHtmlCacheBehavior [ RunTime:0.000240s ]
INFO: [ view_filter ] --END-- [ RunTime:0.000272s ]
INFO: [ app_end ] --START--
INFO: Run Behavior\ShowPageTraceBehavior [ RunTime:0.000482s ]
INFO: [ app_end ] --END-- [ RunTime:0.000521s ]

[ 2020-05-28T10:47:47+08:00 ] 180.167.231.142 /audit/index.php/Home/Index/list_show?item_id=6
INFO: [ app_init ] --START--
INFO: Run Behavior\BuildLiteBehavior [ RunTime:0.000010s ]
INFO: [ app_init ] --END-- [ RunTime:0.000307s ]
INFO: [ app_begin ] --START--
INFO: Run Behavior\ReadHtmlCacheBehavior [ RunTime:0.000396s ]
INFO: [ app_begin ] --END-- [ RunTime:0.000431s ]
SQL: SHOW COLUMNS FROM `contract` [ RunTime:0.0007s ]
SQL: SELECT * FROM `contract` WHERE `item_id` = '6' ORDER BY belong_year asc,id  [ RunTime:0.0002s ]
SQL: SHOW COLUMNS FROM `paylist` [ RunTime:0.0004s ]
SQL: SELECT `vote_time`,`pay_amount`,`id`,`pay_time`,`ratio` FROM `paylist` WHERE ( 1=1 AND contract_id='2017-4' )  [ RunTime:0.0001s ]
SQL: SHOW COLUMNS FROM `item` [ RunTime:0.0007s ]
SQL: SELECT `item_supervisor`,`item_name`,`su_company` FROM `item` WHERE ( 1=1 AND item_id='6' ) LIMIT 1   [ RunTime:0.0001s ]
SQL: SELECT `vote_time`,`pay_amount`,`id`,`pay_time`,`ratio` FROM `paylist` WHERE ( 1=1 AND contract_id='2017-13' )  [ RunTime:0.0001s ]
SQL: SELECT `item_supervisor`,`item_name`,`su_company` FROM `item` WHERE ( 1=1 AND item_id='6' ) LIMIT 1   [ RunTime:0.0001s ]
SQL: SELECT `vote_time`,`pay_amount`,`id`,`pay_time`,`ratio` FROM `paylist` WHERE ( 1=1 AND contract_id='2017-40' )  [ RunTime:0.0001s ]
SQL: SELECT `item_supervisor`,`item_name`,`su_company` FROM `item` WHERE ( 1=1 AND item_id='6' ) LIMIT 1   [ RunTime:0.0001s ]
SQL: SELECT `vote_time`,`pay_amount`,`id`,`pay_time`,`ratio` FROM `paylist` WHERE ( 1=1 AND contract_id='2017-41' )  [ RunTime:0.0001s ]
SQL: SELECT `item_supervisor`,`item_name`,`su_company` FROM `item` WHERE ( 1=1 AND item_id='6' ) LIMIT 1   [ RunTime:0.0001s ]
SQL: SELECT `vote_time`,`pay_amount`,`id`,`pay_time`,`ratio` FROM `paylist` WHERE ( 1=1 AND contract_id='2017-42' )  [ RunTime:0.0001s ]
SQL: SELECT `item_supervisor`,`item_name`,`su_company` FROM `item` WHERE ( 1=1 AND item_id='6' ) LIMIT 1   [ RunTime:0.0000s ]
SQL: SELECT `vote_time`,`pay_amount`,`id`,`pay_time`,`ratio` FROM `paylist` WHERE ( 1=1 AND contract_id='2017-43' )  [ RunTime:0.0001s ]
SQL: SELECT `item_supervisor`,`item_name`,`su_company` FROM `item` WHERE ( 1=1 AND item_id='6' ) LIMIT 1   [ RunTime:0.0001s ]
SQL: SELECT `vote_time`,`pay_amount`,`id`,`pay_time`,`ratio` FROM `paylist` WHERE ( 1=1 AND contract_id='2017-57' )  [ RunTime:0.0001s ]
SQL: SELECT `item_supervisor`,`item_name`,`su_company` FROM `item` WHERE ( 1=1 AND item_id='6' ) LIMIT 1   [ RunTime:0.0001s ]
SQL: SELECT `vote_time`,`pay_amount`,`id`,`pay_time`,`ratio` FROM `paylist` WHERE ( 1=1 AND contract_id='2017-59' )  [ RunTime:0.0001s ]
SQL: SELECT `item_supervisor`,`item_name`,`su_company` FROM `item` WHERE ( 1=1 AND item_id='6' ) LIMIT 1   [ RunTime:0.0000s ]
SQL: SELECT `vote_time`,`pay_amount`,`id`,`pay_time`,`ratio` FROM `paylist` WHERE ( 1=1 AND contract_id='2017-84' )  [ RunTime:0.0001s ]
SQL: SELECT `item_supervisor`,`item_name`,`su_company` FROM `item` WHERE ( 1=1 AND item_id='6' ) LIMIT 1   [ RunTime:0.0001s ]
SQL: SELECT `vote_time`,`pay_amount`,`id`,`pay_time`,`ratio` FROM `paylist` WHERE ( 1=1 AND contract_id='2018-19' )  [ RunTime:0.0001s ]
SQL: SELECT `item_supervisor`,`item_name`,`su_company` FROM `item` WHERE ( 1=1 AND item_id='6' ) LIMIT 1   [ RunTime:0.0001s ]
SQL: SELECT `vote_time`,`pay_amount`,`id`,`pay_time`,`ratio` FROM `paylist` WHERE ( 1=1 AND contract_id='2018-20' )  [ RunTime:0.0001s ]
SQL: SELECT `item_supervisor`,`item_name`,`su_company` FROM `item` WHERE ( 1=1 AND item_id='6' ) LIMIT 1   [ RunTime:0.0000s ]
SQL: SELECT `vote_time`,`pay_amount`,`id`,`pay_time`,`ratio` FROM `paylist` WHERE ( 1=1 AND contract_id='2018-24' )  [ RunTime:0.0001s ]
SQL: SELECT `item_supervisor`,`item_name`,`su_company` FROM `item` WHERE ( 1=1 AND item_id='6' ) LIMIT 1   [ RunTime:0.0001s ]
SQL: SELECT `vote_time`,`pay_amount`,`id`,`pay_time`,`ratio` FROM `paylist` WHERE ( 1=1 AND contract_id='2018-30' )  [ RunTime:0.0001s ]
SQL: SELECT `item_supervisor`,`item_name`,`su_company` FROM `item` WHERE ( 1=1 AND item_id='6' ) LIMIT 1   [ RunTime:0.0000s ]
SQL: SELECT `vote_time`,`pay_amount`,`id`,`pay_time`,`ratio` FROM `paylist` WHERE ( 1=1 AND contract_id='2018-87' )  [ RunTime:0.0001s ]
SQL: SELECT `item_supervisor`,`item_name`,`su_company` FROM `item` WHERE ( 1=1 AND item_id='6' ) LIMIT 1   [ RunTime:0.0001s ]
SQL: SELECT `vote_time`,`pay_amount`,`id`,`pay_time`,`ratio` FROM `paylist` WHERE ( 1=1 AND contract_id='2018-111' )  [ RunTime:0.0001s ]
SQL: SELECT `item_supervisor`,`item_name`,`su_company` FROM `item` WHERE ( 1=1 AND item_id='6' ) LIMIT 1   [ RunTime:0.0001s ]
SQL: SELECT `vote_time`,`pay_amount`,`id`,`pay_time`,`ratio` FROM `paylist` WHERE ( 1=1 AND contract_id='2018-112' )  [ RunTime:0.0001s ]
SQL: SELECT `item_supervisor`,`item_name`,`su_company` FROM `item` WHERE ( 1=1 AND item_id='6' ) LIMIT 1   [ RunTime:0.0001s ]
SQL: SELECT `vote_time`,`pay_amount`,`id`,`pay_time`,`ratio` FROM `paylist` WHERE ( 1=1 AND contract_id='2018-139' )  [ RunTime:0.0001s ]
SQL: SELECT `item_supervisor`,`item_name`,`su_company` FROM `item` WHERE ( 1=1 AND item_id='6' ) LIMIT 1   [ RunTime:0.0001s ]
SQL: SELECT `vote_time`,`pay_amount`,`id`,`pay_time`,`ratio` FROM `paylist` WHERE ( 1=1 AND contract_id='2018-142' )  [ RunTime:0.0001s ]
SQL: SELECT `item_supervisor`,`item_name`,`su_company` FROM `item` WHERE ( 1=1 AND item_id='6' ) LIMIT 1   [ RunTime:0.0000s ]
SQL: SELECT `vote_time`,`pay_amount`,`id`,`pay_time`,`ratio` FROM `paylist` WHERE ( 1=1 AND contract_id='2018-145' )  [ RunTime:0.0001s ]
SQL: SELECT `item_supervisor`,`item_name`,`su_company` FROM `item` WHERE ( 1=1 AND item_id='6' ) LIMIT 1   [ RunTime:0.0000s ]
SQL: SELECT `vote_time`,`pay_amount`,`id`,`pay_time`,`ratio` FROM `paylist` WHERE ( 1=1 AND contract_id='2018-148' )  [ RunTime:0.0001s ]
SQL: SELECT `item_supervisor`,`item_name`,`su_company` FROM `item` WHERE ( 1=1 AND item_id='6' ) LIMIT 1   [ RunTime:0.0000s ]
SQL: SELECT `vote_time`,`pay_amount`,`id`,`pay_time`,`ratio` FROM `paylist` WHERE ( 1=1 AND contract_id='2018-149' )  [ RunTime:0.0001s ]
SQL: SELECT `item_supervisor`,`item_name`,`su_company` FROM `item` WHERE ( 1=1 AND item_id='6' ) LIMIT 1   [ RunTime:0.0001s ]
SQL: SELECT `vote_time`,`pay_amount`,`id`,`pay_time`,`ratio` FROM `paylist` WHERE ( 1=1 AND contract_id='2018-157' )  [ RunTime:0.0001s ]
SQL: SELECT `item_supervisor`,`item_name`,`su_company` FROM `item` WHERE ( 1=1 AND item_id='6' ) LIMIT 1   [ RunTime:0.0001s ]
SQL: SELECT `vote_time`,`pay_amount`,`id`,`pay_time`,`ratio` FROM `paylist` WHERE ( 1=1 AND contract_id='2018-158' )  [ RunTime:0.0001s ]
SQL: SELECT `item_supervisor`,`item_name`,`su_company` FROM `item` WHERE ( 1=1 AND item_id='6' ) LIMIT 1   [ RunTime:0.0001s ]
SQL: SELECT `vote_time`,`pay_amount`,`id`,`pay_time`,`ratio` FROM `paylist` WHERE ( 1=1 AND contract_id='2018-160' )  [ RunTime:0.0001s ]
SQL: SELECT `item_supervisor`,`item_name`,`su_company` FROM `item` WHERE ( 1=1 AND item_id='6' ) LIMIT 1   [ RunTime:0.0001s ]
SQL: SELECT `vote_time`,`pay_amount`,`id`,`pay_time`,`ratio` FROM `paylist` WHERE ( 1=1 AND contract_id='2018-165' )  [ RunTime:0.0001s ]
SQL: SELECT `item_supervisor`,`item_name`,`su_company` FROM `item` WHERE ( 1=1 AND item_id='6' ) LIMIT 1   [ RunTime:0.0001s ]
SQL: SELECT `vote_time`,`pay_amount`,`id`,`pay_time`,`ratio` FROM `paylist` WHERE ( 1=1 AND contract_id='2019-14' )  [ RunTime:0.0001s ]
SQL: SELECT `item_supervisor`,`item_name`,`su_company` FROM `item` WHERE ( 1=1 AND item_id='6' ) LIMIT 1   [ RunTime:0.0000s ]
SQL: SELECT `vote_time`,`pay_amount`,`id`,`pay_time`,`ratio` FROM `paylist` WHERE ( 1=1 AND contract_id='2019-18' )  [ RunTime:0.0001s ]
SQL: SELECT `item_supervisor`,`item_name`,`su_company` FROM `item` WHERE ( 1=1 AND item_id='6' ) LIMIT 1   [ RunTime:0.0000s ]
SQL: SELECT `vote_time`,`pay_amount`,`id`,`pay_time`,`ratio` FROM `paylist` WHERE ( 1=1 AND contract_id='2019-19' )  [ RunTime:0.0001s ]
SQL: SELECT `item_supervisor`,`item_name`,`su_company` FROM `item` WHERE ( 1=1 AND item_id='6' ) LIMIT 1   [ RunTime:0.0001s ]
SQL: SELECT `vote_time`,`pay_amount`,`id`,`pay_time`,`ratio` FROM `paylist` WHERE ( 1=1 AND contract_id='2019-20' )  [ RunTime:0.0001s ]
SQL: SELECT `item_supervisor`,`item_name`,`su_company` FROM `item` WHERE ( 1=1 AND item_id='6' ) LIMIT 1   [ RunTime:0.0000s ]
SQL: SELECT `vote_time`,`pay_amount`,`id`,`pay_time`,`ratio` FROM `paylist` WHERE ( 1=1 AND contract_id='2019-28' )  [ RunTime:0.0001s ]
SQL: SELECT `item_supervisor`,`item_name`,`su_company` FROM `item` WHERE ( 1=1 AND item_id='6' ) LIMIT 1   [ RunTime:0.0001s ]
SQL: SELECT `vote_time`,`pay_amount`,`id`,`pay_time`,`ratio` FROM `paylist` WHERE ( 1=1 AND contract_id='2019-39' )  [ RunTime:0.0001s ]
SQL: SELECT `item_supervisor`,`item_name`,`su_company` FROM `item` WHERE ( 1=1 AND item_id='6' ) LIMIT 1   [ RunTime:0.0001s ]
SQL: SELECT `vote_time`,`pay_amount`,`id`,`pay_time`,`ratio` FROM `paylist` WHERE ( 1=1 AND contract_id='2019-47' )  [ RunTime:0.0001s ]
SQL: SELECT `item_supervisor`,`item_name`,`su_company` FROM `item` WHERE ( 1=1 AND item_id='6' ) LIMIT 1   [ RunTime:0.0001s ]
SQL: SELECT `vote_time`,`pay_amount`,`id`,`pay_time`,`ratio` FROM `paylist` WHERE ( 1=1 AND contract_id='2019-76' )  [ RunTime:0.0001s ]
SQL: SELECT `item_supervisor`,`item_name`,`su_company` FROM `item` WHERE ( 1=1 AND item_id='6' ) LIMIT 1   [ RunTime:0.0001s ]
SQL: SELECT `vote_time`,`pay_amount`,`id`,`pay_time`,`ratio` FROM `paylist` WHERE ( 1=1 AND contract_id='2019-85' )  [ RunTime:0.0001s ]
SQL: SELECT `item_supervisor`,`item_name`,`su_company` FROM `item` WHERE ( 1=1 AND item_id='6' ) LIMIT 1   [ RunTime:0.0001s ]
SQL: SELECT `vote_time`,`pay_amount`,`id`,`pay_time`,`ratio` FROM `paylist` WHERE ( 1=1 AND contract_id='2019-88' )  [ RunTime:0.0001s ]
SQL: SELECT `item_supervisor`,`item_name`,`su_company` FROM `item` WHERE ( 1=1 AND item_id='6' ) LIMIT 1   [ RunTime:0.0000s ]
SQL: SELECT `vote_time`,`pay_amount`,`id`,`pay_time`,`ratio` FROM `paylist` WHERE ( 1=1 AND contract_id='2019-120' )  [ RunTime:0.0001s ]
SQL: SELECT `item_supervisor`,`item_name`,`su_company` FROM `item` WHERE ( 1=1 AND item_id='6' ) LIMIT 1   [ RunTime:0.0001s ]
SQL: SELECT `vote_time`,`pay_amount`,`id`,`pay_time`,`ratio` FROM `paylist` WHERE ( 1=1 AND contract_id='2019-125' )  [ RunTime:0.0001s ]
SQL: SELECT `item_supervisor`,`item_name`,`su_company` FROM `item` WHERE ( 1=1 AND item_id='6' ) LIMIT 1   [ RunTime:0.0001s ]
SQL: SELECT `vote_time`,`pay_amount`,`id`,`pay_time`,`ratio` FROM `paylist` WHERE ( 1=1 AND contract_id='2019-127' )  [ RunTime:0.0001s ]
SQL: SELECT `item_supervisor`,`item_name`,`su_company` FROM `item` WHERE ( 1=1 AND item_id='6' ) LIMIT 1   [ RunTime:0.0000s ]
SQL: SELECT `vote_time`,`pay_amount`,`id`,`pay_time`,`ratio` FROM `paylist` WHERE ( 1=1 AND contract_id='2020-16' )  [ RunTime:0.0001s ]
SQL: SELECT `item_supervisor`,`item_name`,`su_company` FROM `item` WHERE ( 1=1 AND item_id='6' ) LIMIT 1   [ RunTime:0.0001s ]
SQL: SHOW COLUMNS FROM `item` [ RunTime:0.0005s ]
SQL: SELECT `item_id`,`item_name` FROM `item` WHERE `item_state` = 0  [ RunTime:0.0001s ]
SQL: SELECT `item_id`,`item_supervisor`,`item_name`,`su_company` FROM `item` WHERE `item_id` = '6' LIMIT 1   [ RunTime:0.0001s ]
INFO: [ view_parse ] --START--
INFO: [ template_filter ] --START--
INFO: Run Behavior\ContentReplaceBehavior [ RunTime:0.000155s ]
INFO: [ template_filter ] --END-- [ RunTime:0.000199s ]
NOTIC: [8] Undefined variable: count_year /www/wwwroot/dhuyb.cn/audit/Application/Runtime/Cache/Home/953824c20aef53ae2750e20ed86d0cd1.php 第 105 行.
NOTIC: [8] Undefined variable: count_year /www/wwwroot/dhuyb.cn/audit/Application/Runtime/Cache/Home/953824c20aef53ae2750e20ed86d0cd1.php 第 105 行.
NOTIC: [8] Undefined variable: count_year /www/wwwroot/dhuyb.cn/audit/Application/Runtime/Cache/Home/953824c20aef53ae2750e20ed86d0cd1.php 第 105 行.
NOTIC: [8] Undefined variable: count_year /www/wwwroot/dhuyb.cn/audit/Application/Runtime/Cache/Home/953824c20aef53ae2750e20ed86d0cd1.php 第 105 行.
NOTIC: [8] Undefined variable: count_year /www/wwwroot/dhuyb.cn/audit/Application/Runtime/Cache/Home/953824c20aef53ae2750e20ed86d0cd1.php 第 105 行.
NOTIC: [8] Undefined variable: count_year /www/wwwroot/dhuyb.cn/audit/Application/Runtime/Cache/Home/953824c20aef53ae2750e20ed86d0cd1.php 第 105 行.
NOTIC: [2] number_format() expects parameter 1 to be double, string given /www/wwwroot/dhuyb.cn/audit/Application/Runtime/Cache/Home/953824c20aef53ae2750e20ed86d0cd1.php 第 154 行.
NOTIC: [2] number_format() expects parameter 1 to be double, string given /www/wwwroot/dhuyb.cn/audit/Application/Runtime/Cache/Home/953824c20aef53ae2750e20ed86d0cd1.php 第 251 行.
NOTIC: [2] number_format() expects parameter 1 to be double, string given /www/wwwroot/dhuyb.cn/audit/Application/Runtime/Cache/Home/953824c20aef53ae2750e20ed86d0cd1.php 第 251 行.
NOTIC: [2] number_format() expects parameter 1 to be double, string given /www/wwwroot/dhuyb.cn/audit/Application/Runtime/Cache/Home/953824c20aef53ae2750e20ed86d0cd1.php 第 274 行.
NOTIC: [2] number_format() expects parameter 1 to be double, string given /www/wwwroot/dhuyb.cn/audit/Application/Runtime/Cache/Home/953824c20aef53ae2750e20ed86d0cd1.php 第 251 行.
NOTIC: [2] number_format() expects parameter 1 to be double, string given /www/wwwroot/dhuyb.cn/audit/Application/Runtime/Cache/Home/953824c20aef53ae2750e20ed86d0cd1.php 第 251 行.
NOTIC: [2] number_format() expects parameter 1 to be double, string given /www/wwwroot/dhuyb.cn/audit/Application/Runtime/Cache/Home/953824c20aef53ae2750e20ed86d0cd1.php 第 251 行.
NOTIC: [2] number_format() expects parameter 1 to be double, string given /www/wwwroot/dhuyb.cn/audit/Application/Runtime/Cache/Home/953824c20aef53ae2750e20ed86d0cd1.php 第 251 行.
NOTIC: [2] number_format() expects parameter 1 to be double, string given /www/wwwroot/dhuyb.cn/audit/Application/Runtime/Cache/Home/953824c20aef53ae2750e20ed86d0cd1.php 第 251 行.
NOTIC: [2] number_format() expects parameter 1 to be double, string given /www/wwwroot/dhuyb.cn/audit/Application/Runtime/Cache/Home/953824c20aef53ae2750e20ed86d0cd1.php 第 251 行.
NOTIC: [2] number_format() expects parameter 1 to be double, string given /www/wwwroot/dhuyb.cn/audit/Application/Runtime/Cache/Home/953824c20aef53ae2750e20ed86d0cd1.php 第 251 行.
NOTIC: [2] number_format() expects parameter 1 to be double, string given /www/wwwroot/dhuyb.cn/audit/Application/Runtime/Cache/Home/953824c20aef53ae2750e20ed86d0cd1.php 第 251 行.
NOTIC: [2] number_format() expects parameter 1 to be double, string given /www/wwwroot/dhuyb.cn/audit/Application/Runtime/Cache/Home/953824c20aef53ae2750e20ed86d0cd1.php 第 251 行.
NOTIC: [2] number_format() expects parameter 1 to be double, string given /www/wwwroot/dhuyb.cn/audit/Application/Runtime/Cache/Home/953824c20aef53ae2750e20ed86d0cd1.php 第 251 行.
NOTIC: [2] number_format() expects parameter 1 to be double, string given /www/wwwroot/dhuyb.cn/audit/Application/Runtime/Cache/Home/953824c20aef53ae2750e20ed86d0cd1.php 第 251 行.
NOTIC: [2] number_format() expects parameter 1 to be double, string given /www/wwwroot/dhuyb.cn/audit/Application/Runtime/Cache/Home/953824c20aef53ae2750e20ed86d0cd1.php 第 251 行.
NOTIC: [2] number_format() expects parameter 1 to be double, string given /www/wwwroot/dhuyb.cn/audit/Application/Runtime/Cache/Home/953824c20aef53ae2750e20ed86d0cd1.php 第 251 行.
NOTIC: [2] number_format() expects parameter 1 to be double, string given /www/wwwroot/dhuyb.cn/audit/Application/Runtime/Cache/Home/953824c20aef53ae2750e20ed86d0cd1.php 第 251 行.
NOTIC: [2] number_format() expects parameter 1 to be double, string given /www/wwwroot/dhuyb.cn/audit/Application/Runtime/Cache/Home/953824c20aef53ae2750e20ed86d0cd1.php 第 251 行.
NOTIC: [2] number_format() expects parameter 1 to be double, string given /www/wwwroot/dhuyb.cn/audit/Application/Runtime/Cache/Home/953824c20aef53ae2750e20ed86d0cd1.php 第 251 行.
NOTIC: [2] number_format() expects parameter 1 to be double, string given /www/wwwroot/dhuyb.cn/audit/Application/Runtime/Cache/Home/953824c20aef53ae2750e20ed86d0cd1.php 第 251 行.
NOTIC: [2] number_format() expects parameter 1 to be double, string given /www/wwwroot/dhuyb.cn/audit/Application/Runtime/Cache/Home/953824c20aef53ae2750e20ed86d0cd1.php 第 251 行.
NOTIC: [2] number_format() expects parameter 1 to be double, string given /www/wwwroot/dhuyb.cn/audit/Application/Runtime/Cache/Home/953824c20aef53ae2750e20ed86d0cd1.php 第 154 行.
NOTIC: [2] number_format() expects parameter 1 to be double, string given /www/wwwroot/dhuyb.cn/audit/Application/Runtime/Cache/Home/953824c20aef53ae2750e20ed86d0cd1.php 第 154 行.
NOTIC: [2] number_format() expects parameter 1 to be double, string given /www/wwwroot/dhuyb.cn/audit/Application/Runtime/Cache/Home/953824c20aef53ae2750e20ed86d0cd1.php 第 251 行.
NOTIC: [2] number_format() expects parameter 1 to be double, string given /www/wwwroot/dhuyb.cn/audit/Application/Runtime/Cache/Home/953824c20aef53ae2750e20ed86d0cd1.php 第 251 行.
NOTIC: [2] number_format() expects parameter 1 to be double, string given /www/wwwroot/dhuyb.cn/audit/Application/Runtime/Cache/Home/953824c20aef53ae2750e20ed86d0cd1.php 第 251 行.
NOTIC: [2] number_format() expects parameter 1 to be double, string given /www/wwwroot/dhuyb.cn/audit/Application/Runtime/Cache/Home/953824c20aef53ae2750e20ed86d0cd1.php 第 251 行.
NOTIC: [2] number_format() expects parameter 1 to be double, string given /www/wwwroot/dhuyb.cn/audit/Application/Runtime/Cache/Home/953824c20aef53ae2750e20ed86d0cd1.php 第 251 行.
NOTIC: [2] number_format() expects parameter 1 to be double, string given /www/wwwroot/dhuyb.cn/audit/Application/Runtime/Cache/Home/953824c20aef53ae2750e20ed86d0cd1.php 第 264 行.
NOTIC: [2] number_format() expects parameter 1 to be double, string given /www/wwwroot/dhuyb.cn/audit/Application/Runtime/Cache/Home/953824c20aef53ae2750e20ed86d0cd1.php 第 251 行.
NOTIC: [2] number_format() expects parameter 1 to be double, string given /www/wwwroot/dhuyb.cn/audit/Application/Runtime/Cache/Home/953824c20aef53ae2750e20ed86d0cd1.php 第 251 行.
INFO: Run Behavior\ParseTemplateBehavior [ RunTime:0.021238s ]
INFO: [ view_parse ] --END-- [ RunTime:0.021269s ]
INFO: [ view_filter ] --START--
INFO: Run Behavior\WriteHtmlCacheBehavior [ RunTime:0.000226s ]
INFO: [ view_filter ] --END-- [ RunTime:0.000251s ]
INFO: [ app_end ] --START--
INFO: Run Behavior\ShowPageTraceBehavior [ RunTime:0.000421s ]
INFO: [ app_end ] --END-- [ RunTime:0.000453s ]

[ 2020-05-28T10:47:53+08:00 ] 180.167.231.142 /audit/index.php/Home/Index/pp
INFO: [ app_init ] --START--
INFO: Run Behavior\BuildLiteBehavior [ RunTime:0.000010s ]
INFO: [ app_init ] --END-- [ RunTime:0.000348s ]
INFO: [ app_begin ] --START--
INFO: Run Behavior\ReadHtmlCacheBehavior [ RunTime:0.000421s ]
INFO: [ app_begin ] --END-- [ RunTime:0.000457s ]

[ 2020-05-28T10:47:53+08:00 ] 180.167.231.142 /audit/index.php/Home/Login/login.html
INFO: [ app_init ] --START--
INFO: Run Behavior\BuildLiteBehavior [ RunTime:0.000010s ]
INFO: [ app_init ] --END-- [ RunTime:0.000336s ]
INFO: [ app_begin ] --START--
INFO: Run Behavior\ReadHtmlCacheBehavior [ RunTime:0.000454s ]
INFO: [ app_begin ] --END-- [ RunTime:0.000520s ]
INFO: [ view_parse ] --START--
INFO: [ template_filter ] --START--
INFO: Run Behavior\ContentReplaceBehavior [ RunTime:0.000078s ]
INFO: [ template_filter ] --END-- [ RunTime:0.000136s ]
INFO: Run Behavior\ParseTemplateBehavior [ RunTime:0.007186s ]
INFO: [ view_parse ] --END-- [ RunTime:0.007242s ]
INFO: [ view_filter ] --START--
INFO: Run Behavior\WriteHtmlCacheBehavior [ RunTime:0.000328s ]
INFO: [ view_filter ] --END-- [ RunTime:0.000378s ]
INFO: [ app_end ] --START--
INFO: Run Behavior\ShowPageTraceBehavior [ RunTime:0.000668s ]
INFO: [ app_end ] --END-- [ RunTime:0.000722s ]

[ 2020-05-28T10:47:53+08:00 ] 180.167.231.142 /audit/index.php/Home/Login/verify
INFO: [ app_init ] --START--
INFO: Run Behavior\BuildLiteBehavior [ RunTime:0.000010s ]
INFO: [ app_init ] --END-- [ RunTime:0.000370s ]
INFO: [ app_begin ] --START--
INFO: Run Behavior\ReadHtmlCacheBehavior [ RunTime:0.000457s ]
INFO: [ app_begin ] --END-- [ RunTime:0.000508s ]
INFO: [ app_end ] --START--
INFO: Run Behavior\ShowPageTraceBehavior [ RunTime:0.000536s ]
INFO: [ app_end ] --END-- [ RunTime:0.000582s ]

[ 2020-05-28T13:44:21+08:00 ] 222.204.218.201 /audit/index.php/Home/Login/login.html
INFO: [ app_init ] --START--
INFO: Run Behavior\BuildLiteBehavior [ RunTime:0.000010s ]
INFO: [ app_init ] --END-- [ RunTime:0.000326s ]
INFO: [ app_begin ] --START--
INFO: Run Behavior\ReadHtmlCacheBehavior [ RunTime:0.000436s ]
INFO: [ app_begin ] --END-- [ RunTime:0.000475s ]
INFO: [ view_parse ] --START--
INFO: [ template_filter ] --START--
INFO: Run Behavior\ContentReplaceBehavior [ RunTime:0.000046s ]
INFO: [ template_filter ] --END-- [ RunTime:0.000083s ]
INFO: Run Behavior\ParseTemplateBehavior [ RunTime:0.005165s ]
INFO: [ view_parse ] --END-- [ RunTime:0.005205s ]
INFO: [ view_filter ] --START--
INFO: Run Behavior\WriteHtmlCacheBehavior [ RunTime:0.000204s ]
INFO: [ view_filter ] --END-- [ RunTime:0.000234s ]
INFO: [ app_end ] --START--
INFO: Run Behavior\ShowPageTraceBehavior [ RunTime:0.000638s ]
INFO: [ app_end ] --END-- [ RunTime:0.000674s ]

[ 2020-05-28T13:44:22+08:00 ] 222.204.218.201 /audit/index.php/Home/Login/verify
INFO: [ app_init ] --START--
INFO: Run Behavior\BuildLiteBehavior [ RunTime:0.000011s ]
INFO: [ app_init ] --END-- [ RunTime:0.000343s ]
INFO: [ app_begin ] --START--
INFO: Run Behavior\ReadHtmlCacheBehavior [ RunTime:0.000436s ]
INFO: [ app_begin ] --END-- [ RunTime:0.000475s ]
INFO: [ app_end ] --START--
INFO: Run Behavior\ShowPageTraceBehavior [ RunTime:0.000471s ]
INFO: [ app_end ] --END-- [ RunTime:0.000515s ]

[ 2020-05-28T13:44:30+08:00 ] 222.204.218.201 /audit/index.php/Home/Login/login_val
INFO: [ app_init ] --START--
INFO: Run Behavior\BuildLiteBehavior [ RunTime:0.000012s ]
INFO: [ app_init ] --END-- [ RunTime:0.000332s ]
INFO: [ app_begin ] --START--
INFO: Run Behavior\ReadHtmlCacheBehavior [ RunTime:0.000430s ]
INFO: [ app_begin ] --END-- [ RunTime:0.000466s ]
SQL: SHOW COLUMNS FROM `admin` [ RunTime:0.0006s ]
SQL: SELECT * FROM `admin` WHERE `user_name` = 'admin' AND `password` = 'ae6c87fe' LIMIT 1   [ RunTime:0.0001s ]

[ 2020-05-28T13:44:31+08:00 ] 222.204.218.201 /audit/index.php/Home/Index/index
INFO: [ app_init ] --START--
INFO: Run Behavior\BuildLiteBehavior [ RunTime:0.000012s ]
INFO: [ app_init ] --END-- [ RunTime:0.000350s ]
INFO: [ app_begin ] --START--
INFO: Run Behavior\ReadHtmlCacheBehavior [ RunTime:0.000477s ]
INFO: [ app_begin ] --END-- [ RunTime:0.000523s ]
SQL: SHOW COLUMNS FROM `contract` [ RunTime:0.0007s ]
SQL: SELECT * FROM `contract` WHERE `belong_year` = '2020'  [ RunTime:0.0002s ]
SQL: SHOW COLUMNS FROM `item` [ RunTime:0.0005s ]
SQL: SELECT `item_supervisor`,`item_name`,`su_company` FROM `item` WHERE ( 1=1 AND item_id='12' ) LIMIT 1   [ RunTime:0.0001s ]
SQL: SELECT `item_supervisor`,`item_name`,`su_company` FROM `item` WHERE ( 1=1 AND item_id='35' ) LIMIT 1   [ RunTime:0.0001s ]
SQL: SELECT `item_supervisor`,`item_name`,`su_company` FROM `item` WHERE ( 1=1 AND item_id='37' ) LIMIT 1   [ RunTime:0.0001s ]
SQL: SELECT `item_supervisor`,`item_name`,`su_company` FROM `item` WHERE ( 1=1 AND item_id='34' ) LIMIT 1   [ RunTime:0.0001s ]
SQL: SELECT `item_supervisor`,`item_name`,`su_company` FROM `item` WHERE ( 1=1 AND item_id='37' ) LIMIT 1   [ RunTime:0.0001s ]
SQL: SELECT `item_supervisor`,`item_name`,`su_company` FROM `item` WHERE ( 1=1 AND item_id='7' ) LIMIT 1   [ RunTime:0.0001s ]
SQL: SELECT `item_supervisor`,`item_name`,`su_company` FROM `item` WHERE ( 1=1 AND item_id='7' ) LIMIT 1   [ RunTime:0.0001s ]
SQL: SELECT `item_supervisor`,`item_name`,`su_company` FROM `item` WHERE ( 1=1 AND item_id='39' ) LIMIT 1   [ RunTime:0.0001s ]
SQL: SELECT `item_supervisor`,`item_name`,`su_company` FROM `item` WHERE ( 1=1 AND item_id='37' ) LIMIT 1   [ RunTime:0.0001s ]
SQL: SELECT `item_supervisor`,`item_name`,`su_company` FROM `item` WHERE ( 1=1 AND item_id='35' ) LIMIT 1   [ RunTime:0.0001s ]
SQL: SELECT `item_supervisor`,`item_name`,`su_company` FROM `item` WHERE ( 1=1 AND item_id='36' ) LIMIT 1   [ RunTime:0.0001s ]
SQL: SELECT `item_supervisor`,`item_name`,`su_company` FROM `item` WHERE ( 1=1 AND item_id='23' ) LIMIT 1   [ RunTime:0.0001s ]
SQL: SELECT `item_supervisor`,`item_name`,`su_company` FROM `item` WHERE ( 1=1 AND item_id='35' ) LIMIT 1   [ RunTime:0.0001s ]
SQL: SELECT `item_supervisor`,`item_name`,`su_company` FROM `item` WHERE ( 1=1 AND item_id='35' ) LIMIT 1   [ RunTime:0.0001s ]
SQL: SELECT `item_supervisor`,`item_name`,`su_company` FROM `item` WHERE ( 1=1 AND item_id='37' ) LIMIT 1   [ RunTime:0.0001s ]
SQL: SELECT `item_supervisor`,`item_name`,`su_company` FROM `item` WHERE ( 1=1 AND item_id='6' ) LIMIT 1   [ RunTime:0.0001s ]
SQL: SELECT `item_supervisor`,`item_name`,`su_company` FROM `item` WHERE ( 1=1 AND item_id='35' ) LIMIT 1   [ RunTime:0.0001s ]
SQL: SELECT `item_supervisor`,`item_name`,`su_company` FROM `item` WHERE ( 1=1 AND item_id='36' ) LIMIT 1   [ RunTime:0.0001s ]
SQL: SELECT `item_supervisor`,`item_name`,`su_company` FROM `item` WHERE ( 1=1 AND item_id='39' ) LIMIT 1   [ RunTime:0.0001s ]
SQL: SELECT `item_supervisor`,`item_name`,`su_company` FROM `item` WHERE ( 1=1 AND item_id='23' ) LIMIT 1   [ RunTime:0.0001s ]
SQL: SELECT `item_supervisor`,`item_name`,`su_company` FROM `item` WHERE ( 1=1 AND item_id='36' ) LIMIT 1   [ RunTime:0.0001s ]
SQL: SELECT `item_supervisor`,`item_name`,`su_company` FROM `item` WHERE ( 1=1 AND item_id='35' ) LIMIT 1   [ RunTime:0.0001s ]
SQL: SELECT `item_supervisor`,`item_name`,`su_company` FROM `item` WHERE ( 1=1 AND item_id='38' ) LIMIT 1   [ RunTime:0.0001s ]
SQL: SELECT `item_supervisor`,`item_name`,`su_company` FROM `item` WHERE ( 1=1 AND item_id='38' ) LIMIT 1   [ RunTime:0.0001s ]
SQL: SHOW COLUMNS FROM `item` [ RunTime:0.0004s ]
SQL: SELECT `item_id`,`item_name` FROM `item` WHERE `item_state` = 0  [ RunTime:0.0001s ]
INFO: [ view_parse ] --START--
INFO: [ template_filter ] --START--
INFO: Run Behavior\ContentReplaceBehavior [ RunTime:0.000119s ]
INFO: [ template_filter ] --END-- [ RunTime:0.000172s ]
INFO: Run Behavior\ParseTemplateBehavior [ RunTime:0.012399s ]
INFO: [ view_parse ] --END-- [ RunTime:0.012440s ]
INFO: [ view_filter ] --START--
INFO: Run Behavior\WriteHtmlCacheBehavior [ RunTime:0.000226s ]
INFO: [ view_filter ] --END-- [ RunTime:0.000259s ]
INFO: [ app_end ] --START--
INFO: Run Behavior\ShowPageTraceBehavior [ RunTime:0.000506s ]
INFO: [ app_end ] --END-- [ RunTime:0.000561s ]

[ 2020-05-28T13:44:36+08:00 ] 222.204.218.201 /audit/index.php/Home/Index/list_show?item_id=32
INFO: [ app_init ] --START--
INFO: Run Behavior\BuildLiteBehavior [ RunTime:0.000014s ]
INFO: [ app_init ] --END-- [ RunTime:0.000378s ]
INFO: [ app_begin ] --START--
INFO: Run Behavior\ReadHtmlCacheBehavior [ RunTime:0.000514s ]
INFO: [ app_begin ] --END-- [ RunTime:0.000557s ]
SQL: SHOW COLUMNS FROM `contract` [ RunTime:0.0008s ]
SQL: SELECT * FROM `contract` WHERE `item_id` = '32' ORDER BY belong_year asc,id  [ RunTime:0.0001s ]
SQL: SHOW COLUMNS FROM `paylist` [ RunTime:0.0015s ]
SQL: SELECT `vote_time`,`pay_amount`,`id`,`pay_time`,`ratio` FROM `paylist` WHERE ( 1=1 AND contract_id='2019-92' )  [ RunTime:0.0001s ]
SQL: SHOW COLUMNS FROM `item` [ RunTime:0.0004s ]
SQL: SELECT `item_supervisor`,`item_name`,`su_company` FROM `item` WHERE ( 1=1 AND item_id='32' ) LIMIT 1   [ RunTime:0.0001s ]
SQL: SELECT `vote_time`,`pay_amount`,`id`,`pay_time`,`ratio` FROM `paylist` WHERE ( 1=1 AND contract_id='2019-96' )  [ RunTime:0.0001s ]
SQL: SELECT `item_supervisor`,`item_name`,`su_company` FROM `item` WHERE ( 1=1 AND item_id='32' ) LIMIT 1   [ RunTime:0.0001s ]
SQL: SELECT `vote_time`,`pay_amount`,`id`,`pay_time`,`ratio` FROM `paylist` WHERE ( 1=1 AND contract_id='2019-103' )  [ RunTime:0.0001s ]
SQL: SELECT `item_supervisor`,`item_name`,`su_company` FROM `item` WHERE ( 1=1 AND item_id='32' ) LIMIT 1   [ RunTime:0.0001s ]
SQL: SELECT `vote_time`,`pay_amount`,`id`,`pay_time`,`ratio` FROM `paylist` WHERE ( 1=1 AND contract_id='2019-105' )  [ RunTime:0.0001s ]
SQL: SELECT `item_supervisor`,`item_name`,`su_company` FROM `item` WHERE ( 1=1 AND item_id='32' ) LIMIT 1   [ RunTime:0.0001s ]
SQL: SHOW COLUMNS FROM `item` [ RunTime:0.0004s ]
SQL: SELECT `item_id`,`item_name` FROM `item` WHERE `item_state` = 0  [ RunTime:0.0001s ]
SQL: SELECT `item_id`,`item_supervisor`,`item_name`,`su_company` FROM `item` WHERE `item_id` = '32' LIMIT 1   [ RunTime:0.0001s ]
INFO: [ view_parse ] --START--
INFO: [ template_filter ] --START--
INFO: Run Behavior\ContentReplaceBehavior [ RunTime:0.000198s ]
INFO: [ template_filter ] --END-- [ RunTime:0.000261s ]
NOTIC: [8] Undefined variable: count_year /www/wwwroot/dhuyb.cn/audit/Application/Runtime/Cache/Home/953824c20aef53ae2750e20ed86d0cd1.php 第 105 行.
NOTIC: [8] Undefined variable: count_year /www/wwwroot/dhuyb.cn/audit/Application/Runtime/Cache/Home/953824c20aef53ae2750e20ed86d0cd1.php 第 105 行.
NOTIC: [8] Undefined variable: count_year /www/wwwroot/dhuyb.cn/audit/Application/Runtime/Cache/Home/953824c20aef53ae2750e20ed86d0cd1.php 第 105 行.
NOTIC: [8] Undefined variable: count_year /www/wwwroot/dhuyb.cn/audit/Application/Runtime/Cache/Home/953824c20aef53ae2750e20ed86d0cd1.php 第 105 行.
NOTIC: [8] Undefined variable: count_year /www/wwwroot/dhuyb.cn/audit/Application/Runtime/Cache/Home/953824c20aef53ae2750e20ed86d0cd1.php 第 105 行.
NOTIC: [8] Undefined variable: count_year /www/wwwroot/dhuyb.cn/audit/Application/Runtime/Cache/Home/953824c20aef53ae2750e20ed86d0cd1.php 第 105 行.
NOTIC: [2] number_format() expects parameter 1 to be double, string given /www/wwwroot/dhuyb.cn/audit/Application/Runtime/Cache/Home/953824c20aef53ae2750e20ed86d0cd1.php 第 251 行.
NOTIC: [2] number_format() expects parameter 1 to be double, string given /www/wwwroot/dhuyb.cn/audit/Application/Runtime/Cache/Home/953824c20aef53ae2750e20ed86d0cd1.php 第 251 行.
NOTIC: [2] number_format() expects parameter 1 to be double, string given /www/wwwroot/dhuyb.cn/audit/Application/Runtime/Cache/Home/953824c20aef53ae2750e20ed86d0cd1.php 第 154 行.
NOTIC: [2] number_format() expects parameter 1 to be double, string given /www/wwwroot/dhuyb.cn/audit/Application/Runtime/Cache/Home/953824c20aef53ae2750e20ed86d0cd1.php 第 160 行.
NOTIC: [2] number_format() expects parameter 1 to be double, string given /www/wwwroot/dhuyb.cn/audit/Application/Runtime/Cache/Home/953824c20aef53ae2750e20ed86d0cd1.php 第 164 行.
NOTIC: [2] number_format() expects parameter 1 to be double, string given /www/wwwroot/dhuyb.cn/audit/Application/Runtime/Cache/Home/953824c20aef53ae2750e20ed86d0cd1.php 第 198 行.
NOTIC: [2] number_format() expects parameter 1 to be double, string given /www/wwwroot/dhuyb.cn/audit/Application/Runtime/Cache/Home/953824c20aef53ae2750e20ed86d0cd1.php 第 202 行.
INFO: Run Behavior\ParseTemplateBehavior [ RunTime:0.029450s ]
INFO: [ view_parse ] --END-- [ RunTime:0.029485s ]
INFO: [ view_filter ] --START--
INFO: Run Behavior\WriteHtmlCacheBehavior [ RunTime:0.000272s ]
INFO: [ view_filter ] --END-- [ RunTime:0.000330s ]
INFO: [ app_end ] --START--
INFO: Run Behavior\ShowPageTraceBehavior [ RunTime:0.000513s ]
INFO: [ app_end ] --END-- [ RunTime:0.000552s ]

[ 2020-05-28T13:44:48+08:00 ] 222.204.218.201 /audit/index.php/Home/Index/list_edit?contract_id=2019-92
INFO: [ app_init ] --START--
INFO: Run Behavior\BuildLiteBehavior [ RunTime:0.000011s ]
INFO: [ app_init ] --END-- [ RunTime:0.000335s ]
INFO: [ app_begin ] --START--
INFO: Run Behavior\ReadHtmlCacheBehavior [ RunTime:0.000432s ]
INFO: [ app_begin ] --END-- [ RunTime:0.000472s ]
SQL: SHOW COLUMNS FROM `contract` [ RunTime:0.0007s ]
SQL: SELECT * FROM `contract` WHERE `contract_id` = '2019-92' LIMIT 1   [ RunTime:0.0017s ]
SQL: SHOW COLUMNS FROM `paylist` [ RunTime:0.0004s ]
SQL: SELECT `vote_time`,`pay_amount`,`id`,`pay_time`,`ratio` FROM `paylist` WHERE ( 1=1 AND contract_id='2019-92' )  [ RunTime:0.0001s ]
INFO: [ view_parse ] --START--
INFO: [ template_filter ] --START--
INFO: Run Behavior\ContentReplaceBehavior [ RunTime:0.000145s ]
INFO: [ template_filter ] --END-- [ RunTime:0.000199s ]
NOTIC: [8] Undefined offset: 1 /www/wwwroot/dhuyb.cn/audit/Application/Runtime/Cache/Home/70cdc971b96f4f21a57bb29e584e50ba.php 第 60 行.
NOTIC: [8] Undefined offset: 1 /www/wwwroot/dhuyb.cn/audit/Application/Runtime/Cache/Home/70cdc971b96f4f21a57bb29e584e50ba.php 第 61 行.
NOTIC: [8] Undefined offset: 2 /www/wwwroot/dhuyb.cn/audit/Application/Runtime/Cache/Home/70cdc971b96f4f21a57bb29e584e50ba.php 第 71 行.
NOTIC: [8] Undefined offset: 2 /www/wwwroot/dhuyb.cn/audit/Application/Runtime/Cache/Home/70cdc971b96f4f21a57bb29e584e50ba.php 第 72 行.
INFO: Run Behavior\ParseTemplateBehavior [ RunTime:0.010719s ]
INFO: [ view_parse ] --END-- [ RunTime:0.010765s ]
INFO: [ view_filter ] --START--
INFO: Run Behavior\WriteHtmlCacheBehavior [ RunTime:0.000256s ]
INFO: [ view_filter ] --END-- [ RunTime:0.000582s ]
INFO: [ app_end ] --START--
INFO: Run Behavior\ShowPageTraceBehavior [ RunTime:0.000593s ]
INFO: [ app_end ] --END-- [ RunTime:0.000631s ]

[ 2020-05-28T13:44:57+08:00 ] 222.204.218.201 /audit/index.php/Home/Index/list_edit1
INFO: [ app_init ] --START--
INFO: Run Behavior\BuildLiteBehavior [ RunTime:0.000013s ]
INFO: [ app_init ] --END-- [ RunTime:0.000435s ]
INFO: [ app_begin ] --START--
INFO: Run Behavior\ReadHtmlCacheBehavior [ RunTime:0.000468s ]
INFO: [ app_begin ] --END-- [ RunTime:0.000521s ]
SQL: SHOW COLUMNS FROM `contract` [ RunTime:0.0009s ]
SQL: SELECT `contract_amount`,`contract_exact_amount` FROM `contract` WHERE `contract_id` = '2019-92' LIMIT 1   [ RunTime:0.0007s ]
SQL: UPDATE `contract` SET `contract_amount`='105500',`contract_exact_amount`='',`contract_add_money`='105500.00',`contract_balance`='0.00',`ratio`='0%' WHERE `contract_id` = '2019-92' [ RunTime:0.0351s ]
SQL: SHOW COLUMNS FROM `paylist` [ RunTime:0.0006s ]
SQL: UPDATE `paylist` SET `pay_amount`='42200.00',`pay_time`='2019.09.25',`ratio`='40%',`vote_time`='2020-05-28  13:44:57' WHERE `id` = '288' [ RunTime:0.0052s ]
SQL: INSERT INTO `paylist` (`contract_id`,`pay_amount`,`pay_time`,`vote_time`,`ratio`) VALUES ('2019-92','63300.00','2020.05.28','2020-05-28  13:44:57','60%') [ RunTime:0.0047s ]

[ 2020-05-28T13:44:57+08:00 ] 222.204.218.201 /audit/index.php/Home/Index/list_show?item_id=32
INFO: [ app_init ] --START--
INFO: Run Behavior\BuildLiteBehavior [ RunTime:0.000013s ]
INFO: [ app_init ] --END-- [ RunTime:0.000361s ]
INFO: [ app_begin ] --START--
INFO: Run Behavior\ReadHtmlCacheBehavior [ RunTime:0.000478s ]
INFO: [ app_begin ] --END-- [ RunTime:0.000517s ]
SQL: SHOW COLUMNS FROM `contract` [ RunTime:0.0007s ]
SQL: SELECT * FROM `contract` WHERE `item_id` = '32' ORDER BY belong_year asc,id  [ RunTime:0.0010s ]
SQL: SHOW COLUMNS FROM `paylist` [ RunTime:0.0004s ]
SQL: SELECT `vote_time`,`pay_amount`,`id`,`pay_time`,`ratio` FROM `paylist` WHERE ( 1=1 AND contract_id='2019-92' )  [ RunTime:0.0004s ]
SQL: SHOW COLUMNS FROM `item` [ RunTime:0.0004s ]
SQL: SELECT `item_supervisor`,`item_name`,`su_company` FROM `item` WHERE ( 1=1 AND item_id='32' ) LIMIT 1   [ RunTime:0.0001s ]
SQL: SELECT `vote_time`,`pay_amount`,`id`,`pay_time`,`ratio` FROM `paylist` WHERE ( 1=1 AND contract_id='2019-96' )  [ RunTime:0.0004s ]
SQL: SELECT `item_supervisor`,`item_name`,`su_company` FROM `item` WHERE ( 1=1 AND item_id='32' ) LIMIT 1   [ RunTime:0.0001s ]
SQL: SELECT `vote_time`,`pay_amount`,`id`,`pay_time`,`ratio` FROM `paylist` WHERE ( 1=1 AND contract_id='2019-103' )  [ RunTime:0.0005s ]
SQL: SELECT `item_supervisor`,`item_name`,`su_company` FROM `item` WHERE ( 1=1 AND item_id='32' ) LIMIT 1   [ RunTime:0.0001s ]
SQL: SELECT `vote_time`,`pay_amount`,`id`,`pay_time`,`ratio` FROM `paylist` WHERE ( 1=1 AND contract_id='2019-105' )  [ RunTime:0.0005s ]
SQL: SELECT `item_supervisor`,`item_name`,`su_company` FROM `item` WHERE ( 1=1 AND item_id='32' ) LIMIT 1   [ RunTime:0.0001s ]
SQL: SHOW COLUMNS FROM `item` [ RunTime:0.0004s ]
SQL: SELECT `item_id`,`item_name` FROM `item` WHERE `item_state` = 0  [ RunTime:0.0001s ]
SQL: SELECT `item_id`,`item_supervisor`,`item_name`,`su_company` FROM `item` WHERE `item_id` = '32' LIMIT 1   [ RunTime:0.0001s ]
INFO: [ view_parse ] --START--
INFO: [ template_filter ] --START--
INFO: Run Behavior\ContentReplaceBehavior [ RunTime:0.000225s ]
INFO: [ template_filter ] --END-- [ RunTime:0.000289s ]
NOTIC: [8] Undefined variable: count_year /www/wwwroot/dhuyb.cn/audit/Application/Runtime/Cache/Home/953824c20aef53ae2750e20ed86d0cd1.php 第 105 行.
NOTIC: [8] Undefined variable: count_year /www/wwwroot/dhuyb.cn/audit/Application/Runtime/Cache/Home/953824c20aef53ae2750e20ed86d0cd1.php 第 105 行.
NOTIC: [8] Undefined variable: count_year /www/wwwroot/dhuyb.cn/audit/Application/Runtime/Cache/Home/953824c20aef53ae2750e20ed86d0cd1.php 第 105 行.
NOTIC: [8] Undefined variable: count_year /www/wwwroot/dhuyb.cn/audit/Application/Runtime/Cache/Home/953824c20aef53ae2750e20ed86d0cd1.php 第 105 行.
NOTIC: [8] Undefined variable: count_year /www/wwwroot/dhuyb.cn/audit/Application/Runtime/Cache/Home/953824c20aef53ae2750e20ed86d0cd1.php 第 105 行.
NOTIC: [8] Undefined variable: count_year /www/wwwroot/dhuyb.cn/audit/Application/Runtime/Cache/Home/953824c20aef53ae2750e20ed86d0cd1.php 第 105 行.
NOTIC: [2] number_format() expects parameter 1 to be double, string given /www/wwwroot/dhuyb.cn/audit/Application/Runtime/Cache/Home/953824c20aef53ae2750e20ed86d0cd1.php 第 251 行.
NOTIC: [2] number_format() expects parameter 1 to be double, string given /www/wwwroot/dhuyb.cn/audit/Application/Runtime/Cache/Home/953824c20aef53ae2750e20ed86d0cd1.php 第 251 行.
NOTIC: [2] number_format() expects parameter 1 to be double, string given /www/wwwroot/dhuyb.cn/audit/Application/Runtime/Cache/Home/953824c20aef53ae2750e20ed86d0cd1.php 第 154 行.
NOTIC: [2] number_format() expects parameter 1 to be double, string given /www/wwwroot/dhuyb.cn/audit/Application/Runtime/Cache/Home/953824c20aef53ae2750e20ed86d0cd1.php 第 160 行.
NOTIC: [2] number_format() expects parameter 1 to be double, string given /www/wwwroot/dhuyb.cn/audit/Application/Runtime/Cache/Home/953824c20aef53ae2750e20ed86d0cd1.php 第 164 行.
NOTIC: [2] number_format() expects parameter 1 to be double, string given /www/wwwroot/dhuyb.cn/audit/Application/Runtime/Cache/Home/953824c20aef53ae2750e20ed86d0cd1.php 第 198 行.
NOTIC: [2] number_format() expects parameter 1 to be double, string given /www/wwwroot/dhuyb.cn/audit/Application/Runtime/Cache/Home/953824c20aef53ae2750e20ed86d0cd1.php 第 202 行.
INFO: Run Behavior\ParseTemplateBehavior [ RunTime:0.030773s ]
INFO: [ view_parse ] --END-- [ RunTime:0.030808s ]
INFO: [ view_filter ] --START--
INFO: Run Behavior\WriteHtmlCacheBehavior [ RunTime:0.000243s ]
INFO: [ view_filter ] --END-- [ RunTime:0.000275s ]
INFO: [ app_end ] --START--
INFO: Run Behavior\ShowPageTraceBehavior [ RunTime:0.000558s ]
INFO: [ app_end ] --END-- [ RunTime:0.000596s ]

[ 2020-05-28T16:52:45+08:00 ] 180.163.220.66 /audit/index.php/Home/Index/list_show
INFO: [ app_init ] --START--
INFO: Run Behavior\BuildLiteBehavior [ RunTime:0.000011s ]
INFO: [ app_init ] --END-- [ RunTime:0.000318s ]
INFO: [ app_begin ] --START--
INFO: Run Behavior\ReadHtmlCacheBehavior [ RunTime:0.000474s ]
INFO: [ app_begin ] --END-- [ RunTime:0.000513s ]

[ 2020-05-28T16:52:45+08:00 ] 180.163.220.66 /audit/index.php/Home/Login/login.html
INFO: [ app_init ] --START--
INFO: Run Behavior\BuildLiteBehavior [ RunTime:0.000011s ]
INFO: [ app_init ] --END-- [ RunTime:0.000359s ]
INFO: [ app_begin ] --START--
INFO: Run Behavior\ReadHtmlCacheBehavior [ RunTime:0.000446s ]
INFO: [ app_begin ] --END-- [ RunTime:0.000485s ]
INFO: [ view_parse ] --START--
INFO: [ template_filter ] --START--
INFO: Run Behavior\ContentReplaceBehavior [ RunTime:0.000046s ]
INFO: [ template_filter ] --END-- [ RunTime:0.000082s ]
INFO: Run Behavior\ParseTemplateBehavior [ RunTime:0.005045s ]
INFO: [ view_parse ] --END-- [ RunTime:0.005086s ]
INFO: [ view_filter ] --START--
INFO: Run Behavior\WriteHtmlCacheBehavior [ RunTime:0.000203s ]
INFO: [ view_filter ] --END-- [ RunTime:0.000235s ]
INFO: [ app_end ] --START--
INFO: Run Behavior\ShowPageTraceBehavior [ RunTime:0.000466s ]
INFO: [ app_end ] --END-- [ RunTime:0.000516s ]

[ 2020-05-28T16:52:46+08:00 ] 180.163.220.66 /audit/index.php/Home/Login/verify
INFO: [ app_init ] --START--
INFO: Run Behavior\BuildLiteBehavior [ RunTime:0.000011s ]
INFO: [ app_init ] --END-- [ RunTime:0.000318s ]
INFO: [ app_begin ] --START--
INFO: Run Behavior\ReadHtmlCacheBehavior [ RunTime:0.000429s ]
INFO: [ app_begin ] --END-- [ RunTime:0.000468s ]
INFO: [ app_end ] --START--
INFO: Run Behavior\ShowPageTraceBehavior [ RunTime:0.000469s ]
INFO: [ app_end ] --END-- [ RunTime:0.000544s ]

[ 2020-05-28T16:53:09+08:00 ] 42.236.10.84 /audit/index.php/Home/Index/index
INFO: [ app_init ] --START--
INFO: Run Behavior\BuildLiteBehavior [ RunTime:0.000011s ]
INFO: [ app_init ] --END-- [ RunTime:0.000390s ]
INFO: [ app_begin ] --START--
INFO: Run Behavior\ReadHtmlCacheBehavior [ RunTime:0.000460s ]
INFO: [ app_begin ] --END-- [ RunTime:0.000507s ]

[ 2020-05-28T16:53:09+08:00 ] 42.236.10.84 /audit/index.php/Home/Login/login.html
INFO: [ app_init ] --START--
INFO: Run Behavior\BuildLiteBehavior [ RunTime:0.000012s ]
INFO: [ app_init ] --END-- [ RunTime:0.000341s ]
INFO: [ app_begin ] --START--
INFO: Run Behavior\ReadHtmlCacheBehavior [ RunTime:0.000512s ]
INFO: [ app_begin ] --END-- [ RunTime:0.000554s ]
INFO: [ view_parse ] --START--
INFO: [ template_filter ] --START--
INFO: Run Behavior\ContentReplaceBehavior [ RunTime:0.000051s ]
INFO: [ template_filter ] --END-- [ RunTime:0.000093s ]
INFO: Run Behavior\ParseTemplateBehavior [ RunTime:0.005091s ]
INFO: [ view_parse ] --END-- [ RunTime:0.005133s ]
INFO: [ view_filter ] --START--
INFO: Run Behavior\WriteHtmlCacheBehavior [ RunTime:0.000227s ]
INFO: [ view_filter ] --END-- [ RunTime:0.000260s ]
INFO: [ app_end ] --START--
INFO: Run Behavior\ShowPageTraceBehavior [ RunTime:0.000456s ]
INFO: [ app_end ] --END-- [ RunTime:0.000492s ]

[ 2020-05-28T16:53:09+08:00 ] 42.236.10.84 /audit/index.php/Home/Login/verify
INFO: [ app_init ] --START--
INFO: Run Behavior\BuildLiteBehavior [ RunTime:0.000014s ]
INFO: [ app_init ] --END-- [ RunTime:0.000542s ]
INFO: [ app_begin ] --START--
INFO: Run Behavior\ReadHtmlCacheBehavior [ RunTime:0.000496s ]
INFO: [ app_begin ] --END-- [ RunTime:0.000544s ]
INFO: [ app_end ] --START--
INFO: Run Behavior\ShowPageTraceBehavior [ RunTime:0.000763s ]
INFO: [ app_end ] --END-- [ RunTime:0.000873s ]

