[ 2020-06-17T15:28:01+08:00 ] 180.167.231.160 /audit/index.php/Home/Login/login.html
INFO: [ app_init ] --START--
INFO: Run Behavior\BuildLiteBehavior [ RunTime:0.000014s ]
INFO: [ app_init ] --END-- [ RunTime:0.000464s ]
INFO: [ app_begin ] --START--
INFO: Run Behavior\ReadHtmlCacheBehavior [ RunTime:0.000501s ]
INFO: [ app_begin ] --END-- [ RunTime:0.000552s ]
INFO: [ view_parse ] --START--
INFO: [ template_filter ] --START--
INFO: Run Behavior\ContentReplaceBehavior [ RunTime:0.000050s ]
INFO: [ template_filter ] --END-- [ RunTime:0.000088s ]
INFO: Run Behavior\ParseTemplateBehavior [ RunTime:0.005343s ]
INFO: [ view_parse ] --END-- [ RunTime:0.005385s ]
INFO: [ view_filter ] --START--
INFO: Run Behavior\WriteHtmlCacheBehavior [ RunTime:0.000223s ]
INFO: [ view_filter ] --END-- [ RunTime:0.000262s ]
INFO: [ app_end ] --START--
INFO: Run Behavior\ShowPageTraceBehavior [ RunTime:0.000492s ]
INFO: [ app_end ] --END-- [ RunTime:0.000551s ]

[ 2020-06-17T15:28:01+08:00 ] 180.167.231.160 /audit/index.php/Home/Login/verify
INFO: [ app_init ] --START--
INFO: Run Behavior\BuildLiteBehavior [ RunTime:0.000009s ]
INFO: [ app_init ] --END-- [ RunTime:0.000291s ]
INFO: [ app_begin ] --START--
INFO: Run Behavior\ReadHtmlCacheBehavior [ RunTime:0.000384s ]
INFO: [ app_begin ] --END-- [ RunTime:0.000418s ]
INFO: [ app_end ] --START--
INFO: Run Behavior\ShowPageTraceBehavior [ RunTime:0.000413s ]
INFO: [ app_end ] --END-- [ RunTime:0.000453s ]

[ 2020-06-17T15:28:12+08:00 ] 180.167.231.160 /audit/index.php/Home/Login/login_val
INFO: [ app_init ] --START--
INFO: Run Behavior\BuildLiteBehavior [ RunTime:0.000010s ]
INFO: [ app_init ] --END-- [ RunTime:0.000337s ]
INFO: [ app_begin ] --START--
INFO: Run Behavior\ReadHtmlCacheBehavior [ RunTime:0.000455s ]
INFO: [ app_begin ] --END-- [ RunTime:0.000493s ]
SQL: SHOW COLUMNS FROM `admin` [ RunTime:0.0005s ]
SQL: SELECT * FROM `admin` WHERE `user_name` = 'admin' AND `password` = 'ae6c87fe' LIMIT 1   [ RunTime:0.0003s ]

[ 2020-06-17T15:28:12+08:00 ] 180.167.231.160 /audit/index.php/Home/Index/index
INFO: [ app_init ] --START--
INFO: Run Behavior\BuildLiteBehavior [ RunTime:0.000012s ]
INFO: [ app_init ] --END-- [ RunTime:0.000353s ]
INFO: [ app_begin ] --START--
INFO: Run Behavior\ReadHtmlCacheBehavior [ RunTime:0.000483s ]
INFO: [ app_begin ] --END-- [ RunTime:0.000528s ]
SQL: SHOW COLUMNS FROM `contract` [ RunTime:0.0007s ]
SQL: SELECT * FROM `contract` WHERE `belong_year` = '2020'  [ RunTime:0.0002s ]
SQL: SHOW COLUMNS FROM `item` [ RunTime:0.0004s ]
SQL: SELECT `item_supervisor`,`item_name`,`su_company` FROM `item` WHERE ( 1=1 AND item_id='12' ) LIMIT 1   [ RunTime:0.0001s ]
SQL: SELECT `item_supervisor`,`item_name`,`su_company` FROM `item` WHERE ( 1=1 AND item_id='35' ) LIMIT 1   [ RunTime:0.0001s ]
SQL: SELECT `item_supervisor`,`item_name`,`su_company` FROM `item` WHERE ( 1=1 AND item_id='37' ) LIMIT 1   [ RunTime:0.0001s ]
SQL: SELECT `item_supervisor`,`item_name`,`su_company` FROM `item` WHERE ( 1=1 AND item_id='34' ) LIMIT 1   [ RunTime:0.0001s ]
SQL: SELECT `item_supervisor`,`item_name`,`su_company` FROM `item` WHERE ( 1=1 AND item_id='37' ) LIMIT 1   [ RunTime:0.0001s ]
SQL: SELECT `item_supervisor`,`item_name`,`su_company` FROM `item` WHERE ( 1=1 AND item_id='7' ) LIMIT 1   [ RunTime:0.0001s ]
SQL: SELECT `item_supervisor`,`item_name`,`su_company` FROM `item` WHERE ( 1=1 AND item_id='7' ) LIMIT 1   [ RunTime:0.0001s ]
SQL: SELECT `item_supervisor`,`item_name`,`su_company` FROM `item` WHERE ( 1=1 AND item_id='39' ) LIMIT 1   [ RunTime:0.0001s ]
SQL: SELECT `item_supervisor`,`item_name`,`su_company` FROM `item` WHERE ( 1=1 AND item_id='37' ) LIMIT 1   [ RunTime:0.0001s ]
SQL: SELECT `item_supervisor`,`item_name`,`su_company` FROM `item` WHERE ( 1=1 AND item_id='35' ) LIMIT 1   [ RunTime:0.0001s ]
SQL: SELECT `item_supervisor`,`item_name`,`su_company` FROM `item` WHERE ( 1=1 AND item_id='36' ) LIMIT 1   [ RunTime:0.0001s ]
SQL: SELECT `item_supervisor`,`item_name`,`su_company` FROM `item` WHERE ( 1=1 AND item_id='23' ) LIMIT 1   [ RunTime:0.0001s ]
SQL: SELECT `item_supervisor`,`item_name`,`su_company` FROM `item` WHERE ( 1=1 AND item_id='35' ) LIMIT 1   [ RunTime:0.0001s ]
SQL: SELECT `item_supervisor`,`item_name`,`su_company` FROM `item` WHERE ( 1=1 AND item_id='35' ) LIMIT 1   [ RunTime:0.0001s ]
SQL: SELECT `item_supervisor`,`item_name`,`su_company` FROM `item` WHERE ( 1=1 AND item_id='37' ) LIMIT 1   [ RunTime:0.0001s ]
SQL: SELECT `item_supervisor`,`item_name`,`su_company` FROM `item` WHERE ( 1=1 AND item_id='6' ) LIMIT 1   [ RunTime:0.0001s ]
SQL: SELECT `item_supervisor`,`item_name`,`su_company` FROM `item` WHERE ( 1=1 AND item_id='35' ) LIMIT 1   [ RunTime:0.0001s ]
SQL: SELECT `item_supervisor`,`item_name`,`su_company` FROM `item` WHERE ( 1=1 AND item_id='36' ) LIMIT 1   [ RunTime:0.0001s ]
SQL: SELECT `item_supervisor`,`item_name`,`su_company` FROM `item` WHERE ( 1=1 AND item_id='39' ) LIMIT 1   [ RunTime:0.0001s ]
SQL: SELECT `item_supervisor`,`item_name`,`su_company` FROM `item` WHERE ( 1=1 AND item_id='23' ) LIMIT 1   [ RunTime:0.0001s ]
SQL: SELECT `item_supervisor`,`item_name`,`su_company` FROM `item` WHERE ( 1=1 AND item_id='36' ) LIMIT 1   [ RunTime:0.0002s ]
SQL: SELECT `item_supervisor`,`item_name`,`su_company` FROM `item` WHERE ( 1=1 AND item_id='35' ) LIMIT 1   [ RunTime:0.0001s ]
SQL: SELECT `item_supervisor`,`item_name`,`su_company` FROM `item` WHERE ( 1=1 AND item_id='38' ) LIMIT 1   [ RunTime:0.0001s ]
SQL: SELECT `item_supervisor`,`item_name`,`su_company` FROM `item` WHERE ( 1=1 AND item_id='38' ) LIMIT 1   [ RunTime:0.0001s ]
SQL: SELECT `item_supervisor`,`item_name`,`su_company` FROM `item` WHERE ( 1=1 AND item_id='38' ) LIMIT 1   [ RunTime:0.0001s ]
SQL: SELECT `item_supervisor`,`item_name`,`su_company` FROM `item` WHERE ( 1=1 AND item_id='37' ) LIMIT 1   [ RunTime:0.0001s ]
SQL: SELECT `item_supervisor`,`item_name`,`su_company` FROM `item` WHERE ( 1=1 AND item_id='37' ) LIMIT 1   [ RunTime:0.0001s ]
SQL: SELECT `item_supervisor`,`item_name`,`su_company` FROM `item` WHERE ( 1=1 AND item_id='35' ) LIMIT 1   [ RunTime:0.0001s ]
SQL: SELECT `item_supervisor`,`item_name`,`su_company` FROM `item` WHERE ( 1=1 AND item_id='39' ) LIMIT 1   [ RunTime:0.0001s ]
SQL: SELECT `item_supervisor`,`item_name`,`su_company` FROM `item` WHERE ( 1=1 AND item_id='39' ) LIMIT 1   [ RunTime:0.0001s ]
SQL: SELECT `item_supervisor`,`item_name`,`su_company` FROM `item` WHERE ( 1=1 AND item_id='39' ) LIMIT 1   [ RunTime:0.0001s ]
SQL: SELECT `item_supervisor`,`item_name`,`su_company` FROM `item` WHERE ( 1=1 AND item_id='39' ) LIMIT 1   [ RunTime:0.0001s ]
SQL: SELECT `item_supervisor`,`item_name`,`su_company` FROM `item` WHERE ( 1=1 AND item_id='39' ) LIMIT 1   [ RunTime:0.0001s ]
SQL: SELECT `item_supervisor`,`item_name`,`su_company` FROM `item` WHERE ( 1=1 AND item_id='39' ) LIMIT 1   [ RunTime:0.0001s ]
SQL: SELECT `item_supervisor`,`item_name`,`su_company` FROM `item` WHERE ( 1=1 AND item_id='23' ) LIMIT 1   [ RunTime:0.0001s ]
SQL: SELECT `item_supervisor`,`item_name`,`su_company` FROM `item` WHERE ( 1=1 AND item_id='37' ) LIMIT 1   [ RunTime:0.0001s ]
SQL: SHOW COLUMNS FROM `item` [ RunTime:0.0004s ]
SQL: SELECT `item_id`,`item_name` FROM `item` WHERE `item_state` = 0  [ RunTime:0.0001s ]
INFO: [ view_parse ] --START--
INFO: [ template_filter ] --START--
INFO: Run Behavior\ContentReplaceBehavior [ RunTime:0.000124s ]
INFO: [ template_filter ] --END-- [ RunTime:0.000204s ]
INFO: Run Behavior\ParseTemplateBehavior [ RunTime:0.012303s ]
INFO: [ view_parse ] --END-- [ RunTime:0.012343s ]
INFO: [ view_filter ] --START--
INFO: Run Behavior\WriteHtmlCacheBehavior [ RunTime:0.000222s ]
INFO: [ view_filter ] --END-- [ RunTime:0.000253s ]
INFO: [ app_end ] --START--
INFO: Run Behavior\ShowPageTraceBehavior [ RunTime:0.000472s ]
INFO: [ app_end ] --END-- [ RunTime:0.000521s ]

[ 2020-06-17T15:28:14+08:00 ] 180.167.231.160 /audit/index.php/Home/Index/context_add?year=2020
INFO: [ app_init ] --START--
INFO: Run Behavior\BuildLiteBehavior [ RunTime:0.000012s ]
INFO: [ app_init ] --END-- [ RunTime:0.000347s ]
INFO: [ app_begin ] --START--
INFO: Run Behavior\ReadHtmlCacheBehavior [ RunTime:0.000475s ]
INFO: [ app_begin ] --END-- [ RunTime:0.000514s ]
SQL: SHOW COLUMNS FROM `item` [ RunTime:0.0006s ]
SQL: SELECT `item_id`,`item_name`,`item_supervisor` FROM `item`  [ RunTime:0.0001s ]
SQL: SHOW COLUMNS FROM `contract` [ RunTime:0.0006s ]
SQL: SELECT COUNT(*) AS tp_count FROM `contract` WHERE `belong_year` = '2020' LIMIT 1   [ RunTime:0.0006s ]
INFO: [ view_parse ] --START--
INFO: [ template_filter ] --START--
INFO: Run Behavior\ContentReplaceBehavior [ RunTime:0.000082s ]
INFO: [ template_filter ] --END-- [ RunTime:0.000126s ]
INFO: Run Behavior\ParseTemplateBehavior [ RunTime:0.008590s ]
INFO: [ view_parse ] --END-- [ RunTime:0.008641s ]
INFO: [ view_filter ] --START--
INFO: Run Behavior\WriteHtmlCacheBehavior [ RunTime:0.000216s ]
INFO: [ view_filter ] --END-- [ RunTime:0.000248s ]
INFO: [ app_end ] --START--
INFO: Run Behavior\ShowPageTraceBehavior [ RunTime:0.000499s ]
INFO: [ app_end ] --END-- [ RunTime:0.000540s ]

[ 2020-06-17T15:35:53+08:00 ] 180.167.231.160 /audit/index.php/Home/Index/contract_add
INFO: [ app_init ] --START--
INFO: Run Behavior\BuildLiteBehavior [ RunTime:0.000012s ]
INFO: [ app_init ] --END-- [ RunTime:0.000375s ]
INFO: [ app_begin ] --START--
INFO: Run Behavior\ReadHtmlCacheBehavior [ RunTime:0.000437s ]
INFO: [ app_begin ] --END-- [ RunTime:0.000474s ]
SQL: SHOW COLUMNS FROM `contract` [ RunTime:0.0008s ]
SQL: INSERT INTO `contract` (`item_id`,`contract_id`,`contract_name`,`contract_unit`,`contract_nature`,`contract_amount`,`contract_date`,`contract_remarks`,`contract_remarks_extra`,`contract_creat_time`,`belong_year`,`total_invest`,`item_supervisor`,`jian_fee`,`budget_amount`,`limit_price`,`item_type`) VALUES ('39','2020-37','松江校区师生活动中心、一食堂消防泵房及管网改造工程招标代理合同','上海同济工程咨询有限公司','招标代理','8110','2020.06.17','确定中标单位7天后，一次性支付。','取费基数66.78万元，专家评审费2500元（预估）；','2020-06-17 15:35:53','2020','','郭萌','','','','') [ RunTime:0.0066s ]

[ 2020-06-17T15:35:53+08:00 ] 180.167.231.160 /audit/index.php/Home/Index/index
INFO: [ app_init ] --START--
INFO: Run Behavior\BuildLiteBehavior [ RunTime:0.000017s ]
INFO: [ app_init ] --END-- [ RunTime:0.000377s ]
INFO: [ app_begin ] --START--
INFO: Run Behavior\ReadHtmlCacheBehavior [ RunTime:0.000547s ]
INFO: [ app_begin ] --END-- [ RunTime:0.000590s ]
SQL: SHOW COLUMNS FROM `contract` [ RunTime:0.0008s ]
SQL: SELECT * FROM `contract` WHERE `belong_year` = '2020'  [ RunTime:0.0020s ]
SQL: SHOW COLUMNS FROM `item` [ RunTime:0.0005s ]
SQL: SELECT `item_supervisor`,`item_name`,`su_company` FROM `item` WHERE ( 1=1 AND item_id='12' ) LIMIT 1   [ RunTime:0.0001s ]
SQL: SELECT `item_supervisor`,`item_name`,`su_company` FROM `item` WHERE ( 1=1 AND item_id='35' ) LIMIT 1   [ RunTime:0.0001s ]
SQL: SELECT `item_supervisor`,`item_name`,`su_company` FROM `item` WHERE ( 1=1 AND item_id='37' ) LIMIT 1   [ RunTime:0.0001s ]
SQL: SELECT `item_supervisor`,`item_name`,`su_company` FROM `item` WHERE ( 1=1 AND item_id='34' ) LIMIT 1   [ RunTime:0.0001s ]
SQL: SELECT `item_supervisor`,`item_name`,`su_company` FROM `item` WHERE ( 1=1 AND item_id='37' ) LIMIT 1   [ RunTime:0.0001s ]
SQL: SELECT `item_supervisor`,`item_name`,`su_company` FROM `item` WHERE ( 1=1 AND item_id='7' ) LIMIT 1   [ RunTime:0.0001s ]
SQL: SELECT `item_supervisor`,`item_name`,`su_company` FROM `item` WHERE ( 1=1 AND item_id='7' ) LIMIT 1   [ RunTime:0.0001s ]
SQL: SELECT `item_supervisor`,`item_name`,`su_company` FROM `item` WHERE ( 1=1 AND item_id='39' ) LIMIT 1   [ RunTime:0.0001s ]
SQL: SELECT `item_supervisor`,`item_name`,`su_company` FROM `item` WHERE ( 1=1 AND item_id='37' ) LIMIT 1   [ RunTime:0.0001s ]
SQL: SELECT `item_supervisor`,`item_name`,`su_company` FROM `item` WHERE ( 1=1 AND item_id='35' ) LIMIT 1   [ RunTime:0.0001s ]
SQL: SELECT `item_supervisor`,`item_name`,`su_company` FROM `item` WHERE ( 1=1 AND item_id='36' ) LIMIT 1   [ RunTime:0.0001s ]
SQL: SELECT `item_supervisor`,`item_name`,`su_company` FROM `item` WHERE ( 1=1 AND item_id='23' ) LIMIT 1   [ RunTime:0.0001s ]
SQL: SELECT `item_supervisor`,`item_name`,`su_company` FROM `item` WHERE ( 1=1 AND item_id='35' ) LIMIT 1   [ RunTime:0.0002s ]
SQL: SELECT `item_supervisor`,`item_name`,`su_company` FROM `item` WHERE ( 1=1 AND item_id='35' ) LIMIT 1   [ RunTime:0.0001s ]
SQL: SELECT `item_supervisor`,`item_name`,`su_company` FROM `item` WHERE ( 1=1 AND item_id='37' ) LIMIT 1   [ RunTime:0.0001s ]
SQL: SELECT `item_supervisor`,`item_name`,`su_company` FROM `item` WHERE ( 1=1 AND item_id='6' ) LIMIT 1   [ RunTime:0.0001s ]
SQL: SELECT `item_supervisor`,`item_name`,`su_company` FROM `item` WHERE ( 1=1 AND item_id='35' ) LIMIT 1   [ RunTime:0.0001s ]
SQL: SELECT `item_supervisor`,`item_name`,`su_company` FROM `item` WHERE ( 1=1 AND item_id='36' ) LIMIT 1   [ RunTime:0.0001s ]
SQL: SELECT `item_supervisor`,`item_name`,`su_company` FROM `item` WHERE ( 1=1 AND item_id='39' ) LIMIT 1   [ RunTime:0.0001s ]
SQL: SELECT `item_supervisor`,`item_name`,`su_company` FROM `item` WHERE ( 1=1 AND item_id='23' ) LIMIT 1   [ RunTime:0.0001s ]
SQL: SELECT `item_supervisor`,`item_name`,`su_company` FROM `item` WHERE ( 1=1 AND item_id='36' ) LIMIT 1   [ RunTime:0.0001s ]
SQL: SELECT `item_supervisor`,`item_name`,`su_company` FROM `item` WHERE ( 1=1 AND item_id='35' ) LIMIT 1   [ RunTime:0.0001s ]
SQL: SELECT `item_supervisor`,`item_name`,`su_company` FROM `item` WHERE ( 1=1 AND item_id='38' ) LIMIT 1   [ RunTime:0.0001s ]
SQL: SELECT `item_supervisor`,`item_name`,`su_company` FROM `item` WHERE ( 1=1 AND item_id='38' ) LIMIT 1   [ RunTime:0.0001s ]
SQL: SELECT `item_supervisor`,`item_name`,`su_company` FROM `item` WHERE ( 1=1 AND item_id='38' ) LIMIT 1   [ RunTime:0.0001s ]
SQL: SELECT `item_supervisor`,`item_name`,`su_company` FROM `item` WHERE ( 1=1 AND item_id='37' ) LIMIT 1   [ RunTime:0.0001s ]
SQL: SELECT `item_supervisor`,`item_name`,`su_company` FROM `item` WHERE ( 1=1 AND item_id='37' ) LIMIT 1   [ RunTime:0.0001s ]
SQL: SELECT `item_supervisor`,`item_name`,`su_company` FROM `item` WHERE ( 1=1 AND item_id='35' ) LIMIT 1   [ RunTime:0.0001s ]
SQL: SELECT `item_supervisor`,`item_name`,`su_company` FROM `item` WHERE ( 1=1 AND item_id='39' ) LIMIT 1   [ RunTime:0.0001s ]
SQL: SELECT `item_supervisor`,`item_name`,`su_company` FROM `item` WHERE ( 1=1 AND item_id='39' ) LIMIT 1   [ RunTime:0.0001s ]
SQL: SELECT `item_supervisor`,`item_name`,`su_company` FROM `item` WHERE ( 1=1 AND item_id='39' ) LIMIT 1   [ RunTime:0.0001s ]
SQL: SELECT `item_supervisor`,`item_name`,`su_company` FROM `item` WHERE ( 1=1 AND item_id='39' ) LIMIT 1   [ RunTime:0.0001s ]
SQL: SELECT `item_supervisor`,`item_name`,`su_company` FROM `item` WHERE ( 1=1 AND item_id='39' ) LIMIT 1   [ RunTime:0.0001s ]
SQL: SELECT `item_supervisor`,`item_name`,`su_company` FROM `item` WHERE ( 1=1 AND item_id='39' ) LIMIT 1   [ RunTime:0.0001s ]
SQL: SELECT `item_supervisor`,`item_name`,`su_company` FROM `item` WHERE ( 1=1 AND item_id='23' ) LIMIT 1   [ RunTime:0.0001s ]
SQL: SELECT `item_supervisor`,`item_name`,`su_company` FROM `item` WHERE ( 1=1 AND item_id='37' ) LIMIT 1   [ RunTime:0.0001s ]
SQL: SELECT `item_supervisor`,`item_name`,`su_company` FROM `item` WHERE ( 1=1 AND item_id='39' ) LIMIT 1   [ RunTime:0.0001s ]
SQL: SHOW COLUMNS FROM `item` [ RunTime:0.0005s ]
SQL: SELECT `item_id`,`item_name` FROM `item` WHERE `item_state` = 0  [ RunTime:0.0001s ]
INFO: [ view_parse ] --START--
INFO: [ template_filter ] --START--
INFO: Run Behavior\ContentReplaceBehavior [ RunTime:0.000098s ]
INFO: [ template_filter ] --END-- [ RunTime:0.000154s ]
INFO: Run Behavior\ParseTemplateBehavior [ RunTime:0.013313s ]
INFO: [ view_parse ] --END-- [ RunTime:0.013371s ]
INFO: [ view_filter ] --START--
INFO: Run Behavior\WriteHtmlCacheBehavior [ RunTime:0.000347s ]
INFO: [ view_filter ] --END-- [ RunTime:0.000399s ]
INFO: [ app_end ] --START--
INFO: Run Behavior\ShowPageTraceBehavior [ RunTime:0.000905s ]
INFO: [ app_end ] --END-- [ RunTime:0.000959s ]

[ 2020-06-17T15:57:56+08:00 ] 222.204.219.165 /audit/index.php/Home/Login/login.html
INFO: [ app_init ] --START--
INFO: Run Behavior\BuildLiteBehavior [ RunTime:0.000012s ]
INFO: [ app_init ] --END-- [ RunTime:0.000345s ]
INFO: [ app_begin ] --START--
INFO: Run Behavior\ReadHtmlCacheBehavior [ RunTime:0.000458s ]
INFO: [ app_begin ] --END-- [ RunTime:0.000498s ]
INFO: [ view_parse ] --START--
INFO: [ template_filter ] --START--
INFO: Run Behavior\ContentReplaceBehavior [ RunTime:0.000066s ]
INFO: [ template_filter ] --END-- [ RunTime:0.000132s ]
INFO: Run Behavior\ParseTemplateBehavior [ RunTime:0.005568s ]
INFO: [ view_parse ] --END-- [ RunTime:0.005613s ]
INFO: [ view_filter ] --START--
INFO: Run Behavior\WriteHtmlCacheBehavior [ RunTime:0.000221s ]
INFO: [ view_filter ] --END-- [ RunTime:0.000254s ]
INFO: [ app_end ] --START--
INFO: Run Behavior\ShowPageTraceBehavior [ RunTime:0.000523s ]
INFO: [ app_end ] --END-- [ RunTime:0.000579s ]

[ 2020-06-17T15:57:57+08:00 ] 222.204.219.165 /audit/index.php/Home/Login/verify
INFO: [ app_init ] --START--
INFO: Run Behavior\BuildLiteBehavior [ RunTime:0.000019s ]
INFO: [ app_init ] --END-- [ RunTime:0.000537s ]
INFO: [ app_begin ] --START--
INFO: Run Behavior\ReadHtmlCacheBehavior [ RunTime:0.000707s ]
INFO: [ app_begin ] --END-- [ RunTime:0.000771s ]
INFO: [ app_end ] --START--
INFO: Run Behavior\ShowPageTraceBehavior [ RunTime:0.000743s ]
INFO: [ app_end ] --END-- [ RunTime:0.000815s ]

[ 2020-06-17T15:58:06+08:00 ] 222.204.219.165 /audit/index.php/Home/Login/login_val
INFO: [ app_init ] --START--
INFO: Run Behavior\BuildLiteBehavior [ RunTime:0.000013s ]
INFO: [ app_init ] --END-- [ RunTime:0.000375s ]
INFO: [ app_begin ] --START--
INFO: Run Behavior\ReadHtmlCacheBehavior [ RunTime:0.000462s ]
INFO: [ app_begin ] --END-- [ RunTime:0.000500s ]
SQL: SHOW COLUMNS FROM `admin` [ RunTime:0.0006s ]
SQL: SELECT * FROM `admin` WHERE `user_name` = 'admin' AND `password` = 'ae6c87fe' LIMIT 1   [ RunTime:0.0001s ]

[ 2020-06-17T15:58:06+08:00 ] 222.204.219.165 /audit/index.php/Home/Index/index
INFO: [ app_init ] --START--
INFO: Run Behavior\BuildLiteBehavior [ RunTime:0.000013s ]
INFO: [ app_init ] --END-- [ RunTime:0.000336s ]
INFO: [ app_begin ] --START--
INFO: Run Behavior\ReadHtmlCacheBehavior [ RunTime:0.000476s ]
INFO: [ app_begin ] --END-- [ RunTime:0.000524s ]
SQL: SHOW COLUMNS FROM `contract` [ RunTime:0.0007s ]
SQL: SELECT * FROM `contract` WHERE `belong_year` = '2020'  [ RunTime:0.0002s ]
SQL: SHOW COLUMNS FROM `item` [ RunTime:0.0004s ]
SQL: SELECT `item_supervisor`,`item_name`,`su_company` FROM `item` WHERE ( 1=1 AND item_id='12' ) LIMIT 1   [ RunTime:0.0001s ]
SQL: SELECT `item_supervisor`,`item_name`,`su_company` FROM `item` WHERE ( 1=1 AND item_id='35' ) LIMIT 1   [ RunTime:0.0001s ]
SQL: SELECT `item_supervisor`,`item_name`,`su_company` FROM `item` WHERE ( 1=1 AND item_id='37' ) LIMIT 1   [ RunTime:0.0001s ]
SQL: SELECT `item_supervisor`,`item_name`,`su_company` FROM `item` WHERE ( 1=1 AND item_id='34' ) LIMIT 1   [ RunTime:0.0001s ]
SQL: SELECT `item_supervisor`,`item_name`,`su_company` FROM `item` WHERE ( 1=1 AND item_id='37' ) LIMIT 1   [ RunTime:0.0001s ]
SQL: SELECT `item_supervisor`,`item_name`,`su_company` FROM `item` WHERE ( 1=1 AND item_id='7' ) LIMIT 1   [ RunTime:0.0001s ]
SQL: SELECT `item_supervisor`,`item_name`,`su_company` FROM `item` WHERE ( 1=1 AND item_id='7' ) LIMIT 1   [ RunTime:0.0001s ]
SQL: SELECT `item_supervisor`,`item_name`,`su_company` FROM `item` WHERE ( 1=1 AND item_id='39' ) LIMIT 1   [ RunTime:0.0001s ]
SQL: SELECT `item_supervisor`,`item_name`,`su_company` FROM `item` WHERE ( 1=1 AND item_id='37' ) LIMIT 1   [ RunTime:0.0001s ]
SQL: SELECT `item_supervisor`,`item_name`,`su_company` FROM `item` WHERE ( 1=1 AND item_id='35' ) LIMIT 1   [ RunTime:0.0001s ]
SQL: SELECT `item_supervisor`,`item_name`,`su_company` FROM `item` WHERE ( 1=1 AND item_id='36' ) LIMIT 1   [ RunTime:0.0001s ]
SQL: SELECT `item_supervisor`,`item_name`,`su_company` FROM `item` WHERE ( 1=1 AND item_id='23' ) LIMIT 1   [ RunTime:0.0001s ]
SQL: SELECT `item_supervisor`,`item_name`,`su_company` FROM `item` WHERE ( 1=1 AND item_id='35' ) LIMIT 1   [ RunTime:0.0001s ]
SQL: SELECT `item_supervisor`,`item_name`,`su_company` FROM `item` WHERE ( 1=1 AND item_id='35' ) LIMIT 1   [ RunTime:0.0001s ]
SQL: SELECT `item_supervisor`,`item_name`,`su_company` FROM `item` WHERE ( 1=1 AND item_id='37' ) LIMIT 1   [ RunTime:0.0001s ]
SQL: SELECT `item_supervisor`,`item_name`,`su_company` FROM `item` WHERE ( 1=1 AND item_id='6' ) LIMIT 1   [ RunTime:0.0001s ]
SQL: SELECT `item_supervisor`,`item_name`,`su_company` FROM `item` WHERE ( 1=1 AND item_id='35' ) LIMIT 1   [ RunTime:0.0001s ]
SQL: SELECT `item_supervisor`,`item_name`,`su_company` FROM `item` WHERE ( 1=1 AND item_id='36' ) LIMIT 1   [ RunTime:0.0001s ]
SQL: SELECT `item_supervisor`,`item_name`,`su_company` FROM `item` WHERE ( 1=1 AND item_id='39' ) LIMIT 1   [ RunTime:0.0001s ]
SQL: SELECT `item_supervisor`,`item_name`,`su_company` FROM `item` WHERE ( 1=1 AND item_id='23' ) LIMIT 1   [ RunTime:0.0001s ]
SQL: SELECT `item_supervisor`,`item_name`,`su_company` FROM `item` WHERE ( 1=1 AND item_id='36' ) LIMIT 1   [ RunTime:0.0001s ]
SQL: SELECT `item_supervisor`,`item_name`,`su_company` FROM `item` WHERE ( 1=1 AND item_id='35' ) LIMIT 1   [ RunTime:0.0001s ]
SQL: SELECT `item_supervisor`,`item_name`,`su_company` FROM `item` WHERE ( 1=1 AND item_id='38' ) LIMIT 1   [ RunTime:0.0001s ]
SQL: SELECT `item_supervisor`,`item_name`,`su_company` FROM `item` WHERE ( 1=1 AND item_id='38' ) LIMIT 1   [ RunTime:0.0001s ]
SQL: SELECT `item_supervisor`,`item_name`,`su_company` FROM `item` WHERE ( 1=1 AND item_id='38' ) LIMIT 1   [ RunTime:0.0001s ]
SQL: SELECT `item_supervisor`,`item_name`,`su_company` FROM `item` WHERE ( 1=1 AND item_id='37' ) LIMIT 1   [ RunTime:0.0001s ]
SQL: SELECT `item_supervisor`,`item_name`,`su_company` FROM `item` WHERE ( 1=1 AND item_id='37' ) LIMIT 1   [ RunTime:0.0001s ]
SQL: SELECT `item_supervisor`,`item_name`,`su_company` FROM `item` WHERE ( 1=1 AND item_id='35' ) LIMIT 1   [ RunTime:0.0002s ]
SQL: SELECT `item_supervisor`,`item_name`,`su_company` FROM `item` WHERE ( 1=1 AND item_id='39' ) LIMIT 1   [ RunTime:0.0001s ]
SQL: SELECT `item_supervisor`,`item_name`,`su_company` FROM `item` WHERE ( 1=1 AND item_id='39' ) LIMIT 1   [ RunTime:0.0001s ]
SQL: SELECT `item_supervisor`,`item_name`,`su_company` FROM `item` WHERE ( 1=1 AND item_id='39' ) LIMIT 1   [ RunTime:0.0001s ]
SQL: SELECT `item_supervisor`,`item_name`,`su_company` FROM `item` WHERE ( 1=1 AND item_id='39' ) LIMIT 1   [ RunTime:0.0001s ]
SQL: SELECT `item_supervisor`,`item_name`,`su_company` FROM `item` WHERE ( 1=1 AND item_id='39' ) LIMIT 1   [ RunTime:0.0001s ]
SQL: SELECT `item_supervisor`,`item_name`,`su_company` FROM `item` WHERE ( 1=1 AND item_id='39' ) LIMIT 1   [ RunTime:0.0001s ]
SQL: SELECT `item_supervisor`,`item_name`,`su_company` FROM `item` WHERE ( 1=1 AND item_id='23' ) LIMIT 1   [ RunTime:0.0001s ]
SQL: SELECT `item_supervisor`,`item_name`,`su_company` FROM `item` WHERE ( 1=1 AND item_id='37' ) LIMIT 1   [ RunTime:0.0001s ]
SQL: SELECT `item_supervisor`,`item_name`,`su_company` FROM `item` WHERE ( 1=1 AND item_id='39' ) LIMIT 1   [ RunTime:0.0001s ]
SQL: SHOW COLUMNS FROM `item` [ RunTime:0.0004s ]
SQL: SELECT `item_id`,`item_name` FROM `item` WHERE `item_state` = 0  [ RunTime:0.0001s ]
INFO: [ view_parse ] --START--
INFO: [ template_filter ] --START--
INFO: Run Behavior\ContentReplaceBehavior [ RunTime:0.000104s ]
INFO: [ template_filter ] --END-- [ RunTime:0.000150s ]
INFO: Run Behavior\ParseTemplateBehavior [ RunTime:0.012193s ]
INFO: [ view_parse ] --END-- [ RunTime:0.012229s ]
INFO: [ view_filter ] --START--
INFO: Run Behavior\WriteHtmlCacheBehavior [ RunTime:0.000222s ]
INFO: [ view_filter ] --END-- [ RunTime:0.000252s ]
INFO: [ app_end ] --START--
INFO: Run Behavior\ShowPageTraceBehavior [ RunTime:0.000493s ]
INFO: [ app_end ] --END-- [ RunTime:0.000535s ]

[ 2020-06-17T15:58:09+08:00 ] 222.204.219.165 /audit/index.php/Home/Program/index
INFO: [ app_init ] --START--
INFO: Run Behavior\BuildLiteBehavior [ RunTime:0.000012s ]
INFO: [ app_init ] --END-- [ RunTime:0.000364s ]
INFO: [ app_begin ] --START--
INFO: Run Behavior\ReadHtmlCacheBehavior [ RunTime:0.000476s ]
INFO: [ app_begin ] --END-- [ RunTime:0.000516s ]
SQL: SHOW COLUMNS FROM `auditing` [ RunTime:0.0007s ]
SQL: SELECT * FROM `auditing` WHERE `bel_year` = '2020'  [ RunTime:0.0003s ]
INFO: [ view_parse ] --START--
INFO: [ template_filter ] --START--
INFO: Run Behavior\ContentReplaceBehavior [ RunTime:0.000131s ]
INFO: [ template_filter ] --END-- [ RunTime:0.000240s ]
INFO: Run Behavior\ParseTemplateBehavior [ RunTime:0.015145s ]
INFO: [ view_parse ] --END-- [ RunTime:0.015200s ]
INFO: [ view_filter ] --START--
INFO: Run Behavior\WriteHtmlCacheBehavior [ RunTime:0.000260s ]
INFO: [ view_filter ] --END-- [ RunTime:0.000294s ]
INFO: [ app_end ] --START--
INFO: Run Behavior\ShowPageTraceBehavior [ RunTime:0.000503s ]
INFO: [ app_end ] --END-- [ RunTime:0.000549s ]

[ 2020-06-17T16:09:48+08:00 ] 180.167.231.160 /audit/index.php/Home/Index/pp
INFO: [ app_init ] --START--
INFO: Run Behavior\BuildLiteBehavior [ RunTime:0.000010s ]
INFO: [ app_init ] --END-- [ RunTime:0.000309s ]
INFO: [ app_begin ] --START--
INFO: Run Behavior\ReadHtmlCacheBehavior [ RunTime:0.000438s ]
INFO: [ app_begin ] --END-- [ RunTime:0.000477s ]

[ 2020-06-17T16:09:48+08:00 ] 180.167.231.160 /audit/index.php/Home/Login/login.html
INFO: [ app_init ] --START--
INFO: Run Behavior\BuildLiteBehavior [ RunTime:0.000009s ]
INFO: [ app_init ] --END-- [ RunTime:0.000347s ]
INFO: [ app_begin ] --START--
INFO: Run Behavior\ReadHtmlCacheBehavior [ RunTime:0.000462s ]
INFO: [ app_begin ] --END-- [ RunTime:0.000502s ]
INFO: [ view_parse ] --START--
INFO: [ template_filter ] --START--
INFO: Run Behavior\ContentReplaceBehavior [ RunTime:0.000047s ]
INFO: [ template_filter ] --END-- [ RunTime:0.000106s ]
INFO: Run Behavior\ParseTemplateBehavior [ RunTime:0.004948s ]
INFO: [ view_parse ] --END-- [ RunTime:0.004989s ]
INFO: [ view_filter ] --START--
INFO: Run Behavior\WriteHtmlCacheBehavior [ RunTime:0.000202s ]
INFO: [ view_filter ] --END-- [ RunTime:0.000233s ]
INFO: [ app_end ] --START--
INFO: Run Behavior\ShowPageTraceBehavior [ RunTime:0.000582s ]
INFO: [ app_end ] --END-- [ RunTime:0.000626s ]

[ 2020-06-17T16:09:48+08:00 ] 180.167.231.160 /audit/index.php/Home/Login/verify
INFO: [ app_init ] --START--
INFO: Run Behavior\BuildLiteBehavior [ RunTime:0.000011s ]
INFO: [ app_init ] --END-- [ RunTime:0.000336s ]
INFO: [ app_begin ] --START--
INFO: Run Behavior\ReadHtmlCacheBehavior [ RunTime:0.000438s ]
INFO: [ app_begin ] --END-- [ RunTime:0.000492s ]
INFO: [ app_end ] --START--
INFO: Run Behavior\ShowPageTraceBehavior [ RunTime:0.000464s ]
INFO: [ app_end ] --END-- [ RunTime:0.000508s ]

