[ 2020-07-13T13:33:16+08:00 ] 140.207.18.2 /audit/index.php/Home/Login/login.html
INFO: [ app_init ] --START--
INFO: Run Behavior\BuildLiteBehavior [ RunTime:0.000012s ]
INFO: [ app_init ] --END-- [ RunTime:0.000324s ]
INFO: [ app_begin ] --START--
INFO: Run Behavior\ReadHtmlCacheBehavior [ RunTime:0.000409s ]
INFO: [ app_begin ] --END-- [ RunTime:0.000446s ]
INFO: [ view_parse ] --START--
INFO: [ template_filter ] --START--
INFO: Run Behavior\ContentReplaceBehavior [ RunTime:0.000050s ]
INFO: [ template_filter ] --END-- [ RunTime:0.000103s ]
INFO: Run Behavior\ParseTemplateBehavior [ RunTime:0.004285s ]
INFO: [ view_parse ] --END-- [ RunTime:0.004324s ]
INFO: [ view_filter ] --START--
INFO: Run Behavior\WriteHtmlCacheBehavior [ RunTime:0.000207s ]
INFO: [ view_filter ] --END-- [ RunTime:0.000231s ]
INFO: [ app_end ] --START--
INFO: Run Behavior\ShowPageTraceBehavior [ RunTime:0.000454s ]
INFO: [ app_end ] --END-- [ RunTime:0.000486s ]

[ 2020-07-13T13:33:16+08:00 ] 140.207.18.2 /audit/index.php/Home/Login/verify
INFO: [ app_init ] --START--
INFO: Run Behavior\BuildLiteBehavior [ RunTime:0.000012s ]
INFO: [ app_init ] --END-- [ RunTime:0.000414s ]
INFO: [ app_begin ] --START--
INFO: Run Behavior\ReadHtmlCacheBehavior [ RunTime:0.000556s ]
INFO: [ app_begin ] --END-- [ RunTime:0.000592s ]
INFO: [ app_end ] --START--
INFO: Run Behavior\ShowPageTraceBehavior [ RunTime:0.000475s ]
INFO: [ app_end ] --END-- [ RunTime:0.000552s ]

[ 2020-07-13T13:33:27+08:00 ] 140.207.18.2 /audit/index.php/Home/Login/login_val
INFO: [ app_init ] --START--
INFO: Run Behavior\BuildLiteBehavior [ RunTime:0.000010s ]
INFO: [ app_init ] --END-- [ RunTime:0.000294s ]
INFO: [ app_begin ] --START--
INFO: Run Behavior\ReadHtmlCacheBehavior [ RunTime:0.000390s ]
INFO: [ app_begin ] --END-- [ RunTime:0.000425s ]
SQL: SHOW COLUMNS FROM `admin` [ RunTime:0.0006s ]
SQL: SELECT * FROM `admin` WHERE `user_name` = 'admin' AND `password` = 'ae6c87fe' LIMIT 1   [ RunTime:0.0001s ]

[ 2020-07-13T13:33:27+08:00 ] 140.207.18.2 /audit/index.php/Home/Index/index
INFO: [ app_init ] --START--
INFO: Run Behavior\BuildLiteBehavior [ RunTime:0.000010s ]
INFO: [ app_init ] --END-- [ RunTime:0.000295s ]
INFO: [ app_begin ] --START--
INFO: Run Behavior\ReadHtmlCacheBehavior [ RunTime:0.000420s ]
INFO: [ app_begin ] --END-- [ RunTime:0.000467s ]
SQL: SHOW COLUMNS FROM `contract` [ RunTime:0.0006s ]
SQL: SELECT * FROM `contract` WHERE `belong_year` = '2020'  [ RunTime:0.0003s ]
SQL: SHOW COLUMNS FROM `item` [ RunTime:0.0004s ]
SQL: SELECT `item_supervisor`,`item_name`,`su_company` FROM `item` WHERE ( 1=1 AND item_id='12' ) LIMIT 1   [ RunTime:0.0001s ]
SQL: SELECT `item_supervisor`,`item_name`,`su_company` FROM `item` WHERE ( 1=1 AND item_id='35' ) LIMIT 1   [ RunTime:0.0001s ]
SQL: SELECT `item_supervisor`,`item_name`,`su_company` FROM `item` WHERE ( 1=1 AND item_id='37' ) LIMIT 1   [ RunTime:0.0001s ]
SQL: SELECT `item_supervisor`,`item_name`,`su_company` FROM `item` WHERE ( 1=1 AND item_id='34' ) LIMIT 1   [ RunTime:0.0001s ]
SQL: SELECT `item_supervisor`,`item_name`,`su_company` FROM `item` WHERE ( 1=1 AND item_id='37' ) LIMIT 1   [ RunTime:0.0001s ]
SQL: SELECT `item_supervisor`,`item_name`,`su_company` FROM `item` WHERE ( 1=1 AND item_id='7' ) LIMIT 1   [ RunTime:0.0001s ]
SQL: SELECT `item_supervisor`,`item_name`,`su_company` FROM `item` WHERE ( 1=1 AND item_id='7' ) LIMIT 1   [ RunTime:0.0001s ]
SQL: SELECT `item_supervisor`,`item_name`,`su_company` FROM `item` WHERE ( 1=1 AND item_id='39' ) LIMIT 1   [ RunTime:0.0001s ]
SQL: SELECT `item_supervisor`,`item_name`,`su_company` FROM `item` WHERE ( 1=1 AND item_id='37' ) LIMIT 1   [ RunTime:0.0001s ]
SQL: SELECT `item_supervisor`,`item_name`,`su_company` FROM `item` WHERE ( 1=1 AND item_id='35' ) LIMIT 1   [ RunTime:0.0001s ]
SQL: SELECT `item_supervisor`,`item_name`,`su_company` FROM `item` WHERE ( 1=1 AND item_id='36' ) LIMIT 1   [ RunTime:0.0001s ]
SQL: SELECT `item_supervisor`,`item_name`,`su_company` FROM `item` WHERE ( 1=1 AND item_id='23' ) LIMIT 1   [ RunTime:0.0001s ]
SQL: SELECT `item_supervisor`,`item_name`,`su_company` FROM `item` WHERE ( 1=1 AND item_id='35' ) LIMIT 1   [ RunTime:0.0000s ]
SQL: SELECT `item_supervisor`,`item_name`,`su_company` FROM `item` WHERE ( 1=1 AND item_id='35' ) LIMIT 1   [ RunTime:0.0001s ]
SQL: SELECT `item_supervisor`,`item_name`,`su_company` FROM `item` WHERE ( 1=1 AND item_id='37' ) LIMIT 1   [ RunTime:0.0001s ]
SQL: SELECT `item_supervisor`,`item_name`,`su_company` FROM `item` WHERE ( 1=1 AND item_id='6' ) LIMIT 1   [ RunTime:0.0001s ]
SQL: SELECT `item_supervisor`,`item_name`,`su_company` FROM `item` WHERE ( 1=1 AND item_id='35' ) LIMIT 1   [ RunTime:0.0001s ]
SQL: SELECT `item_supervisor`,`item_name`,`su_company` FROM `item` WHERE ( 1=1 AND item_id='36' ) LIMIT 1   [ RunTime:0.0001s ]
SQL: SELECT `item_supervisor`,`item_name`,`su_company` FROM `item` WHERE ( 1=1 AND item_id='39' ) LIMIT 1   [ RunTime:0.0001s ]
SQL: SELECT `item_supervisor`,`item_name`,`su_company` FROM `item` WHERE ( 1=1 AND item_id='23' ) LIMIT 1   [ RunTime:0.0001s ]
SQL: SELECT `item_supervisor`,`item_name`,`su_company` FROM `item` WHERE ( 1=1 AND item_id='36' ) LIMIT 1   [ RunTime:0.0001s ]
SQL: SELECT `item_supervisor`,`item_name`,`su_company` FROM `item` WHERE ( 1=1 AND item_id='35' ) LIMIT 1   [ RunTime:0.0001s ]
SQL: SELECT `item_supervisor`,`item_name`,`su_company` FROM `item` WHERE ( 1=1 AND item_id='38' ) LIMIT 1   [ RunTime:0.0001s ]
SQL: SELECT `item_supervisor`,`item_name`,`su_company` FROM `item` WHERE ( 1=1 AND item_id='38' ) LIMIT 1   [ RunTime:0.0001s ]
SQL: SELECT `item_supervisor`,`item_name`,`su_company` FROM `item` WHERE ( 1=1 AND item_id='38' ) LIMIT 1   [ RunTime:0.0001s ]
SQL: SELECT `item_supervisor`,`item_name`,`su_company` FROM `item` WHERE ( 1=1 AND item_id='37' ) LIMIT 1   [ RunTime:0.0001s ]
SQL: SELECT `item_supervisor`,`item_name`,`su_company` FROM `item` WHERE ( 1=1 AND item_id='37' ) LIMIT 1   [ RunTime:0.0001s ]
SQL: SELECT `item_supervisor`,`item_name`,`su_company` FROM `item` WHERE ( 1=1 AND item_id='35' ) LIMIT 1   [ RunTime:0.0001s ]
SQL: SELECT `item_supervisor`,`item_name`,`su_company` FROM `item` WHERE ( 1=1 AND item_id='39' ) LIMIT 1   [ RunTime:0.0001s ]
SQL: SELECT `item_supervisor`,`item_name`,`su_company` FROM `item` WHERE ( 1=1 AND item_id='39' ) LIMIT 1   [ RunTime:0.0001s ]
SQL: SELECT `item_supervisor`,`item_name`,`su_company` FROM `item` WHERE ( 1=1 AND item_id='39' ) LIMIT 1   [ RunTime:0.0001s ]
SQL: SELECT `item_supervisor`,`item_name`,`su_company` FROM `item` WHERE ( 1=1 AND item_id='39' ) LIMIT 1   [ RunTime:0.0001s ]
SQL: SELECT `item_supervisor`,`item_name`,`su_company` FROM `item` WHERE ( 1=1 AND item_id='39' ) LIMIT 1   [ RunTime:0.0001s ]
SQL: SELECT `item_supervisor`,`item_name`,`su_company` FROM `item` WHERE ( 1=1 AND item_id='39' ) LIMIT 1   [ RunTime:0.0001s ]
SQL: SELECT `item_supervisor`,`item_name`,`su_company` FROM `item` WHERE ( 1=1 AND item_id='23' ) LIMIT 1   [ RunTime:0.0001s ]
SQL: SELECT `item_supervisor`,`item_name`,`su_company` FROM `item` WHERE ( 1=1 AND item_id='37' ) LIMIT 1   [ RunTime:0.0001s ]
SQL: SELECT `item_supervisor`,`item_name`,`su_company` FROM `item` WHERE ( 1=1 AND item_id='39' ) LIMIT 1   [ RunTime:0.0001s ]
SQL: SELECT `item_supervisor`,`item_name`,`su_company` FROM `item` WHERE ( 1=1 AND item_id='40' ) LIMIT 1   [ RunTime:0.0001s ]
SQL: SELECT `item_supervisor`,`item_name`,`su_company` FROM `item` WHERE ( 1=1 AND item_id='41' ) LIMIT 1   [ RunTime:0.0001s ]
SQL: SELECT `item_supervisor`,`item_name`,`su_company` FROM `item` WHERE ( 1=1 AND item_id='30' ) LIMIT 1   [ RunTime:0.0001s ]
SQL: SELECT `item_supervisor`,`item_name`,`su_company` FROM `item` WHERE ( 1=1 AND item_id='35' ) LIMIT 1   [ RunTime:0.0001s ]
SQL: SELECT `item_supervisor`,`item_name`,`su_company` FROM `item` WHERE ( 1=1 AND item_id='38' ) LIMIT 1   [ RunTime:0.0001s ]
SQL: SELECT `item_supervisor`,`item_name`,`su_company` FROM `item` WHERE ( 1=1 AND item_id='38' ) LIMIT 1   [ RunTime:0.0001s ]
SQL: SELECT `item_supervisor`,`item_name`,`su_company` FROM `item` WHERE ( 1=1 AND item_id='41' ) LIMIT 1   [ RunTime:0.0001s ]
SQL: SELECT `item_supervisor`,`item_name`,`su_company` FROM `item` WHERE ( 1=1 AND item_id='42' ) LIMIT 1   [ RunTime:0.0001s ]
SQL: SELECT `item_supervisor`,`item_name`,`su_company` FROM `item` WHERE ( 1=1 AND item_id='35' ) LIMIT 1   [ RunTime:0.0001s ]
SQL: SELECT `item_supervisor`,`item_name`,`su_company` FROM `item` WHERE ( 1=1 AND item_id='6' ) LIMIT 1   [ RunTime:0.0000s ]
SQL: SELECT `item_supervisor`,`item_name`,`su_company` FROM `item` WHERE ( 1=1 AND item_id='37' ) LIMIT 1   [ RunTime:0.0001s ]
SQL: SELECT `item_supervisor`,`item_name`,`su_company` FROM `item` WHERE ( 1=1 AND item_id='12' ) LIMIT 1   [ RunTime:0.0001s ]
SQL: SHOW COLUMNS FROM `item` [ RunTime:0.0004s ]
SQL: SELECT `item_id`,`item_name` FROM `item` WHERE `item_state` = 0  [ RunTime:0.0001s ]
INFO: [ view_parse ] --START--
INFO: [ template_filter ] --START--
INFO: Run Behavior\ContentReplaceBehavior [ RunTime:0.000083s ]
INFO: [ template_filter ] --END-- [ RunTime:0.000122s ]
NOTIC: [2] number_format() expects parameter 1 to be double, string given /www/wwwroot/dhuyb.cn/audit/Application/Runtime/Cache/Home/2a94b8bda04ff446dcedd42276fc99ee.php 第 149 行.
NOTIC: [2] number_format() expects parameter 1 to be double, string given /www/wwwroot/dhuyb.cn/audit/Application/Runtime/Cache/Home/2a94b8bda04ff446dcedd42276fc99ee.php 第 149 行.
INFO: Run Behavior\ParseTemplateBehavior [ RunTime:0.009568s ]
INFO: [ view_parse ] --END-- [ RunTime:0.009597s ]
INFO: [ view_filter ] --START--
INFO: Run Behavior\WriteHtmlCacheBehavior [ RunTime:0.000208s ]
INFO: [ view_filter ] --END-- [ RunTime:0.000234s ]
INFO: [ app_end ] --START--
INFO: Run Behavior\ShowPageTraceBehavior [ RunTime:0.000432s ]
INFO: [ app_end ] --END-- [ RunTime:0.000467s ]

[ 2020-07-13T13:36:30+08:00 ] 140.207.18.2 /audit/index.php/Home/Index/list_show?item_id=37
INFO: [ app_init ] --START--
INFO: Run Behavior\BuildLiteBehavior [ RunTime:0.000009s ]
INFO: [ app_init ] --END-- [ RunTime:0.000301s ]
INFO: [ app_begin ] --START--
INFO: Run Behavior\ReadHtmlCacheBehavior [ RunTime:0.000423s ]
INFO: [ app_begin ] --END-- [ RunTime:0.000458s ]
SQL: SHOW COLUMNS FROM `contract` [ RunTime:0.0007s ]
SQL: SELECT * FROM `contract` WHERE `item_id` = '37' ORDER BY belong_year asc,id  [ RunTime:0.0008s ]
SQL: SHOW COLUMNS FROM `paylist` [ RunTime:0.0004s ]
SQL: SELECT `vote_time`,`pay_amount`,`id`,`pay_time`,`ratio` FROM `paylist` WHERE ( 1=1 AND contract_id='2020-3' )  [ RunTime:0.0001s ]
SQL: SHOW COLUMNS FROM `item` [ RunTime:0.0003s ]
SQL: SELECT `item_supervisor`,`item_name`,`su_company` FROM `item` WHERE ( 1=1 AND item_id='37' ) LIMIT 1   [ RunTime:0.0001s ]
SQL: SELECT `vote_time`,`pay_amount`,`id`,`pay_time`,`ratio` FROM `paylist` WHERE ( 1=1 AND contract_id='2020-5' )  [ RunTime:0.0001s ]
SQL: SELECT `item_supervisor`,`item_name`,`su_company` FROM `item` WHERE ( 1=1 AND item_id='37' ) LIMIT 1   [ RunTime:0.0001s ]
SQL: SELECT `vote_time`,`pay_amount`,`id`,`pay_time`,`ratio` FROM `paylist` WHERE ( 1=1 AND contract_id='2020-9' )  [ RunTime:0.0001s ]
SQL: SELECT `item_supervisor`,`item_name`,`su_company` FROM `item` WHERE ( 1=1 AND item_id='37' ) LIMIT 1   [ RunTime:0.0001s ]
SQL: SELECT `vote_time`,`pay_amount`,`id`,`pay_time`,`ratio` FROM `paylist` WHERE ( 1=1 AND contract_id='2020-15' )  [ RunTime:0.0001s ]
SQL: SELECT `item_supervisor`,`item_name`,`su_company` FROM `item` WHERE ( 1=1 AND item_id='37' ) LIMIT 1   [ RunTime:0.0001s ]
SQL: SELECT `vote_time`,`pay_amount`,`id`,`pay_time`,`ratio` FROM `paylist` WHERE ( 1=1 AND contract_id='2020-26' )  [ RunTime:0.0001s ]
SQL: SELECT `item_supervisor`,`item_name`,`su_company` FROM `item` WHERE ( 1=1 AND item_id='37' ) LIMIT 1   [ RunTime:0.0001s ]
SQL: SELECT `vote_time`,`pay_amount`,`id`,`pay_time`,`ratio` FROM `paylist` WHERE ( 1=1 AND contract_id='2020-27' )  [ RunTime:0.0001s ]
SQL: SELECT `item_supervisor`,`item_name`,`su_company` FROM `item` WHERE ( 1=1 AND item_id='37' ) LIMIT 1   [ RunTime:0.0001s ]
SQL: SELECT `vote_time`,`pay_amount`,`id`,`pay_time`,`ratio` FROM `paylist` WHERE ( 1=1 AND contract_id='2020-36' )  [ RunTime:0.0001s ]
SQL: SELECT `item_supervisor`,`item_name`,`su_company` FROM `item` WHERE ( 1=1 AND item_id='37' ) LIMIT 1   [ RunTime:0.0001s ]
SQL: SELECT `vote_time`,`pay_amount`,`id`,`pay_time`,`ratio` FROM `paylist` WHERE ( 1=1 AND contract_id='2020-48' )  [ RunTime:0.0004s ]
SQL: SELECT `item_supervisor`,`item_name`,`su_company` FROM `item` WHERE ( 1=1 AND item_id='37' ) LIMIT 1   [ RunTime:0.0001s ]
SQL: SHOW COLUMNS FROM `item` [ RunTime:0.0004s ]
SQL: SELECT `item_id`,`item_name` FROM `item` WHERE `item_state` = 0  [ RunTime:0.0001s ]
SQL: SELECT `item_id`,`item_supervisor`,`item_name`,`su_company` FROM `item` WHERE `item_id` = '37' LIMIT 1   [ RunTime:0.0001s ]
INFO: [ view_parse ] --START--
INFO: [ template_filter ] --START--
INFO: Run Behavior\ContentReplaceBehavior [ RunTime:0.000167s ]
INFO: [ template_filter ] --END-- [ RunTime:0.000219s ]
NOTIC: [8] Undefined variable: count_year /www/wwwroot/dhuyb.cn/audit/Application/Runtime/Cache/Home/953824c20aef53ae2750e20ed86d0cd1.php 第 105 行.
NOTIC: [8] Undefined variable: count_year /www/wwwroot/dhuyb.cn/audit/Application/Runtime/Cache/Home/953824c20aef53ae2750e20ed86d0cd1.php 第 105 行.
NOTIC: [8] Undefined variable: count_year /www/wwwroot/dhuyb.cn/audit/Application/Runtime/Cache/Home/953824c20aef53ae2750e20ed86d0cd1.php 第 105 行.
NOTIC: [8] Undefined variable: count_year /www/wwwroot/dhuyb.cn/audit/Application/Runtime/Cache/Home/953824c20aef53ae2750e20ed86d0cd1.php 第 105 行.
NOTIC: [8] Undefined variable: count_year /www/wwwroot/dhuyb.cn/audit/Application/Runtime/Cache/Home/953824c20aef53ae2750e20ed86d0cd1.php 第 105 行.
NOTIC: [8] Undefined variable: count_year /www/wwwroot/dhuyb.cn/audit/Application/Runtime/Cache/Home/953824c20aef53ae2750e20ed86d0cd1.php 第 105 行.
NOTIC: [2] number_format() expects parameter 1 to be double, string given /www/wwwroot/dhuyb.cn/audit/Application/Runtime/Cache/Home/953824c20aef53ae2750e20ed86d0cd1.php 第 251 行.
NOTIC: [2] number_format() expects parameter 1 to be double, string given /www/wwwroot/dhuyb.cn/audit/Application/Runtime/Cache/Home/953824c20aef53ae2750e20ed86d0cd1.php 第 181 行.
NOTIC: [2] number_format() expects parameter 1 to be double, string given /www/wwwroot/dhuyb.cn/audit/Application/Runtime/Cache/Home/953824c20aef53ae2750e20ed86d0cd1.php 第 185 行.
NOTIC: [2] number_format() expects parameter 1 to be double, string given /www/wwwroot/dhuyb.cn/audit/Application/Runtime/Cache/Home/953824c20aef53ae2750e20ed86d0cd1.php 第 198 行.
NOTIC: [2] number_format() expects parameter 1 to be double, string given /www/wwwroot/dhuyb.cn/audit/Application/Runtime/Cache/Home/953824c20aef53ae2750e20ed86d0cd1.php 第 202 行.
NOTIC: [2] number_format() expects parameter 1 to be double, string given /www/wwwroot/dhuyb.cn/audit/Application/Runtime/Cache/Home/953824c20aef53ae2750e20ed86d0cd1.php 第 251 行.
NOTIC: [2] number_format() expects parameter 1 to be double, string given /www/wwwroot/dhuyb.cn/audit/Application/Runtime/Cache/Home/953824c20aef53ae2750e20ed86d0cd1.php 第 251 行.
NOTIC: [2] number_format() expects parameter 1 to be double, string given /www/wwwroot/dhuyb.cn/audit/Application/Runtime/Cache/Home/953824c20aef53ae2750e20ed86d0cd1.php 第 251 行.
NOTIC: [2] number_format() expects parameter 1 to be double, string given /www/wwwroot/dhuyb.cn/audit/Application/Runtime/Cache/Home/953824c20aef53ae2750e20ed86d0cd1.php 第 264 行.
INFO: Run Behavior\ParseTemplateBehavior [ RunTime:0.021069s ]
INFO: [ view_parse ] --END-- [ RunTime:0.021098s ]
INFO: [ view_filter ] --START--
INFO: Run Behavior\WriteHtmlCacheBehavior [ RunTime:0.000263s ]
INFO: [ view_filter ] --END-- [ RunTime:0.000299s ]
INFO: [ app_end ] --START--
INFO: Run Behavior\ShowPageTraceBehavior [ RunTime:0.000553s ]
INFO: [ app_end ] --END-- [ RunTime:0.000589s ]

[ 2020-07-13T13:36:47+08:00 ] 140.207.18.2 /audit/index.php/Home/Index/list_edit?contract_id=2020-3
INFO: [ app_init ] --START--
INFO: Run Behavior\BuildLiteBehavior [ RunTime:0.000010s ]
INFO: [ app_init ] --END-- [ RunTime:0.000293s ]
INFO: [ app_begin ] --START--
INFO: Run Behavior\ReadHtmlCacheBehavior [ RunTime:0.000396s ]
INFO: [ app_begin ] --END-- [ RunTime:0.000433s ]
SQL: SHOW COLUMNS FROM `contract` [ RunTime:0.0008s ]
SQL: SELECT * FROM `contract` WHERE `contract_id` = '2020-3' LIMIT 1   [ RunTime:0.0017s ]
SQL: SHOW COLUMNS FROM `paylist` [ RunTime:0.0004s ]
SQL: SELECT `vote_time`,`pay_amount`,`id`,`pay_time`,`ratio` FROM `paylist` WHERE ( 1=1 AND contract_id='2020-3' )  [ RunTime:0.0001s ]
INFO: [ view_parse ] --START--
INFO: [ template_filter ] --START--
INFO: Run Behavior\ContentReplaceBehavior [ RunTime:0.000082s ]
INFO: [ template_filter ] --END-- [ RunTime:0.000125s ]
NOTIC: [8] Undefined offset: 1 /www/wwwroot/dhuyb.cn/audit/Application/Runtime/Cache/Home/70cdc971b96f4f21a57bb29e584e50ba.php 第 60 行.
NOTIC: [8] Undefined offset: 1 /www/wwwroot/dhuyb.cn/audit/Application/Runtime/Cache/Home/70cdc971b96f4f21a57bb29e584e50ba.php 第 61 行.
NOTIC: [8] Undefined offset: 2 /www/wwwroot/dhuyb.cn/audit/Application/Runtime/Cache/Home/70cdc971b96f4f21a57bb29e584e50ba.php 第 71 行.
NOTIC: [8] Undefined offset: 2 /www/wwwroot/dhuyb.cn/audit/Application/Runtime/Cache/Home/70cdc971b96f4f21a57bb29e584e50ba.php 第 72 行.
INFO: Run Behavior\ParseTemplateBehavior [ RunTime:0.008187s ]
INFO: [ view_parse ] --END-- [ RunTime:0.008218s ]
INFO: [ view_filter ] --START--
INFO: Run Behavior\WriteHtmlCacheBehavior [ RunTime:0.000209s ]
INFO: [ view_filter ] --END-- [ RunTime:0.000234s ]
INFO: [ app_end ] --START--
INFO: Run Behavior\ShowPageTraceBehavior [ RunTime:0.000469s ]
INFO: [ app_end ] --END-- [ RunTime:0.000502s ]

[ 2020-07-13T13:37:22+08:00 ] 140.207.18.2 /audit/index.php/Home/Index/list_edit1
INFO: [ app_init ] --START--
INFO: Run Behavior\BuildLiteBehavior [ RunTime:0.000010s ]
INFO: [ app_init ] --END-- [ RunTime:0.000343s ]
INFO: [ app_begin ] --START--
INFO: Run Behavior\ReadHtmlCacheBehavior [ RunTime:0.000439s ]
INFO: [ app_begin ] --END-- [ RunTime:0.000472s ]
SQL: SHOW COLUMNS FROM `contract` [ RunTime:0.0007s ]
SQL: SELECT `contract_amount`,`contract_exact_amount` FROM `contract` WHERE `contract_id` = '2020-3' LIMIT 1   [ RunTime:0.0007s ]
SQL: UPDATE `contract` SET `contract_amount`='407490',`contract_exact_amount`='',`contract_add_money`='366741.00',`contract_balance`='40749.00',`ratio`='10%' WHERE `contract_id` = '2020-3' [ RunTime:0.0066s ]
SQL: SHOW COLUMNS FROM `paylist` [ RunTime:0.0004s ]
SQL: UPDATE `paylist` SET `pay_amount`='122247.00',`pay_time`='2020.04.22',`ratio`='30%',`vote_time`='2020-07-13  13:37:22' WHERE `id` = '488' [ RunTime:0.0055s ]
SQL: INSERT INTO `paylist` (`contract_id`,`pay_amount`,`pay_time`,`vote_time`,`ratio`) VALUES ('2020-3','244494.00','2020.07.13','2020-07-13  13:37:22','60%') [ RunTime:0.0043s ]

[ 2020-07-13T13:37:22+08:00 ] 140.207.18.2 /audit/index.php/Home/Index/list_show?item_id=37
INFO: [ app_init ] --START--
INFO: Run Behavior\BuildLiteBehavior [ RunTime:0.000012s ]
INFO: [ app_init ] --END-- [ RunTime:0.000318s ]
INFO: [ app_begin ] --START--
INFO: Run Behavior\ReadHtmlCacheBehavior [ RunTime:0.000440s ]
INFO: [ app_begin ] --END-- [ RunTime:0.000477s ]
SQL: SHOW COLUMNS FROM `contract` [ RunTime:0.0007s ]
SQL: SELECT * FROM `contract` WHERE `item_id` = '37' ORDER BY belong_year asc,id  [ RunTime:0.0008s ]
SQL: SHOW COLUMNS FROM `paylist` [ RunTime:0.0004s ]
SQL: SELECT `vote_time`,`pay_amount`,`id`,`pay_time`,`ratio` FROM `paylist` WHERE ( 1=1 AND contract_id='2020-3' )  [ RunTime:0.0004s ]
SQL: SHOW COLUMNS FROM `item` [ RunTime:0.0004s ]
SQL: SELECT `item_supervisor`,`item_name`,`su_company` FROM `item` WHERE ( 1=1 AND item_id='37' ) LIMIT 1   [ RunTime:0.0001s ]
SQL: SELECT `vote_time`,`pay_amount`,`id`,`pay_time`,`ratio` FROM `paylist` WHERE ( 1=1 AND contract_id='2020-5' )  [ RunTime:0.0004s ]
SQL: SELECT `item_supervisor`,`item_name`,`su_company` FROM `item` WHERE ( 1=1 AND item_id='37' ) LIMIT 1   [ RunTime:0.0001s ]
SQL: SELECT `vote_time`,`pay_amount`,`id`,`pay_time`,`ratio` FROM `paylist` WHERE ( 1=1 AND contract_id='2020-9' )  [ RunTime:0.0004s ]
SQL: SELECT `item_supervisor`,`item_name`,`su_company` FROM `item` WHERE ( 1=1 AND item_id='37' ) LIMIT 1   [ RunTime:0.0001s ]
SQL: SELECT `vote_time`,`pay_amount`,`id`,`pay_time`,`ratio` FROM `paylist` WHERE ( 1=1 AND contract_id='2020-15' )  [ RunTime:0.0004s ]
SQL: SELECT `item_supervisor`,`item_name`,`su_company` FROM `item` WHERE ( 1=1 AND item_id='37' ) LIMIT 1   [ RunTime:0.0001s ]
SQL: SELECT `vote_time`,`pay_amount`,`id`,`pay_time`,`ratio` FROM `paylist` WHERE ( 1=1 AND contract_id='2020-26' )  [ RunTime:0.0004s ]
SQL: SELECT `item_supervisor`,`item_name`,`su_company` FROM `item` WHERE ( 1=1 AND item_id='37' ) LIMIT 1   [ RunTime:0.0001s ]
SQL: SELECT `vote_time`,`pay_amount`,`id`,`pay_time`,`ratio` FROM `paylist` WHERE ( 1=1 AND contract_id='2020-27' )  [ RunTime:0.0004s ]
SQL: SELECT `item_supervisor`,`item_name`,`su_company` FROM `item` WHERE ( 1=1 AND item_id='37' ) LIMIT 1   [ RunTime:0.0001s ]
SQL: SELECT `vote_time`,`pay_amount`,`id`,`pay_time`,`ratio` FROM `paylist` WHERE ( 1=1 AND contract_id='2020-36' )  [ RunTime:0.0006s ]
SQL: SELECT `item_supervisor`,`item_name`,`su_company` FROM `item` WHERE ( 1=1 AND item_id='37' ) LIMIT 1   [ RunTime:0.0001s ]
SQL: SELECT `vote_time`,`pay_amount`,`id`,`pay_time`,`ratio` FROM `paylist` WHERE ( 1=1 AND contract_id='2020-48' )  [ RunTime:0.0004s ]
SQL: SELECT `item_supervisor`,`item_name`,`su_company` FROM `item` WHERE ( 1=1 AND item_id='37' ) LIMIT 1   [ RunTime:0.0001s ]
SQL: SHOW COLUMNS FROM `item` [ RunTime:0.0004s ]
SQL: SELECT `item_id`,`item_name` FROM `item` WHERE `item_state` = 0  [ RunTime:0.0001s ]
SQL: SELECT `item_id`,`item_supervisor`,`item_name`,`su_company` FROM `item` WHERE `item_id` = '37' LIMIT 1   [ RunTime:0.0001s ]
INFO: [ view_parse ] --START--
INFO: [ template_filter ] --START--
INFO: Run Behavior\ContentReplaceBehavior [ RunTime:0.000188s ]
INFO: [ template_filter ] --END-- [ RunTime:0.000243s ]
NOTIC: [8] Undefined variable: count_year /www/wwwroot/dhuyb.cn/audit/Application/Runtime/Cache/Home/953824c20aef53ae2750e20ed86d0cd1.php 第 105 行.
NOTIC: [8] Undefined variable: count_year /www/wwwroot/dhuyb.cn/audit/Application/Runtime/Cache/Home/953824c20aef53ae2750e20ed86d0cd1.php 第 105 行.
NOTIC: [8] Undefined variable: count_year /www/wwwroot/dhuyb.cn/audit/Application/Runtime/Cache/Home/953824c20aef53ae2750e20ed86d0cd1.php 第 105 行.
NOTIC: [8] Undefined variable: count_year /www/wwwroot/dhuyb.cn/audit/Application/Runtime/Cache/Home/953824c20aef53ae2750e20ed86d0cd1.php 第 105 行.
NOTIC: [8] Undefined variable: count_year /www/wwwroot/dhuyb.cn/audit/Application/Runtime/Cache/Home/953824c20aef53ae2750e20ed86d0cd1.php 第 105 行.
NOTIC: [8] Undefined variable: count_year /www/wwwroot/dhuyb.cn/audit/Application/Runtime/Cache/Home/953824c20aef53ae2750e20ed86d0cd1.php 第 105 行.
NOTIC: [2] number_format() expects parameter 1 to be double, string given /www/wwwroot/dhuyb.cn/audit/Application/Runtime/Cache/Home/953824c20aef53ae2750e20ed86d0cd1.php 第 251 行.
NOTIC: [2] number_format() expects parameter 1 to be double, string given /www/wwwroot/dhuyb.cn/audit/Application/Runtime/Cache/Home/953824c20aef53ae2750e20ed86d0cd1.php 第 181 行.
NOTIC: [2] number_format() expects parameter 1 to be double, string given /www/wwwroot/dhuyb.cn/audit/Application/Runtime/Cache/Home/953824c20aef53ae2750e20ed86d0cd1.php 第 185 行.
NOTIC: [2] number_format() expects parameter 1 to be double, string given /www/wwwroot/dhuyb.cn/audit/Application/Runtime/Cache/Home/953824c20aef53ae2750e20ed86d0cd1.php 第 198 行.
NOTIC: [2] number_format() expects parameter 1 to be double, string given /www/wwwroot/dhuyb.cn/audit/Application/Runtime/Cache/Home/953824c20aef53ae2750e20ed86d0cd1.php 第 202 行.
NOTIC: [2] number_format() expects parameter 1 to be double, string given /www/wwwroot/dhuyb.cn/audit/Application/Runtime/Cache/Home/953824c20aef53ae2750e20ed86d0cd1.php 第 251 行.
NOTIC: [2] number_format() expects parameter 1 to be double, string given /www/wwwroot/dhuyb.cn/audit/Application/Runtime/Cache/Home/953824c20aef53ae2750e20ed86d0cd1.php 第 251 行.
NOTIC: [2] number_format() expects parameter 1 to be double, string given /www/wwwroot/dhuyb.cn/audit/Application/Runtime/Cache/Home/953824c20aef53ae2750e20ed86d0cd1.php 第 251 行.
NOTIC: [2] number_format() expects parameter 1 to be double, string given /www/wwwroot/dhuyb.cn/audit/Application/Runtime/Cache/Home/953824c20aef53ae2750e20ed86d0cd1.php 第 264 行.
INFO: Run Behavior\ParseTemplateBehavior [ RunTime:0.021928s ]
INFO: [ view_parse ] --END-- [ RunTime:0.021962s ]
INFO: [ view_filter ] --START--
INFO: Run Behavior\WriteHtmlCacheBehavior [ RunTime:0.000283s ]
INFO: [ view_filter ] --END-- [ RunTime:0.000310s ]
INFO: [ app_end ] --START--
INFO: Run Behavior\ShowPageTraceBehavior [ RunTime:0.000509s ]
INFO: [ app_end ] --END-- [ RunTime:0.000542s ]

[ 2020-07-13T13:37:50+08:00 ] 140.207.18.2 /audit/index.php/Home/Index/list_show?item_id=6
INFO: [ app_init ] --START--
INFO: Run Behavior\BuildLiteBehavior [ RunTime:0.000011s ]
INFO: [ app_init ] --END-- [ RunTime:0.000312s ]
INFO: [ app_begin ] --START--
INFO: Run Behavior\ReadHtmlCacheBehavior [ RunTime:0.000409s ]
INFO: [ app_begin ] --END-- [ RunTime:0.000444s ]
SQL: SHOW COLUMNS FROM `contract` [ RunTime:0.0006s ]
SQL: SELECT * FROM `contract` WHERE `item_id` = '6' ORDER BY belong_year asc,id  [ RunTime:0.0012s ]
SQL: SHOW COLUMNS FROM `paylist` [ RunTime:0.0005s ]
SQL: SELECT `vote_time`,`pay_amount`,`id`,`pay_time`,`ratio` FROM `paylist` WHERE ( 1=1 AND contract_id='2017-4' )  [ RunTime:0.0004s ]
SQL: SHOW COLUMNS FROM `item` [ RunTime:0.0003s ]
SQL: SELECT `item_supervisor`,`item_name`,`su_company` FROM `item` WHERE ( 1=1 AND item_id='6' ) LIMIT 1   [ RunTime:0.0001s ]
SQL: SELECT `vote_time`,`pay_amount`,`id`,`pay_time`,`ratio` FROM `paylist` WHERE ( 1=1 AND contract_id='2017-13' )  [ RunTime:0.0004s ]
SQL: SELECT `item_supervisor`,`item_name`,`su_company` FROM `item` WHERE ( 1=1 AND item_id='6' ) LIMIT 1   [ RunTime:0.0001s ]
SQL: SELECT `vote_time`,`pay_amount`,`id`,`pay_time`,`ratio` FROM `paylist` WHERE ( 1=1 AND contract_id='2017-40' )  [ RunTime:0.0004s ]
SQL: SELECT `item_supervisor`,`item_name`,`su_company` FROM `item` WHERE ( 1=1 AND item_id='6' ) LIMIT 1   [ RunTime:0.0001s ]
SQL: SELECT `vote_time`,`pay_amount`,`id`,`pay_time`,`ratio` FROM `paylist` WHERE ( 1=1 AND contract_id='2017-41' )  [ RunTime:0.0004s ]
SQL: SELECT `item_supervisor`,`item_name`,`su_company` FROM `item` WHERE ( 1=1 AND item_id='6' ) LIMIT 1   [ RunTime:0.0001s ]
SQL: SELECT `vote_time`,`pay_amount`,`id`,`pay_time`,`ratio` FROM `paylist` WHERE ( 1=1 AND contract_id='2017-42' )  [ RunTime:0.0004s ]
SQL: SELECT `item_supervisor`,`item_name`,`su_company` FROM `item` WHERE ( 1=1 AND item_id='6' ) LIMIT 1   [ RunTime:0.0001s ]
SQL: SELECT `vote_time`,`pay_amount`,`id`,`pay_time`,`ratio` FROM `paylist` WHERE ( 1=1 AND contract_id='2017-43' )  [ RunTime:0.0004s ]
SQL: SELECT `item_supervisor`,`item_name`,`su_company` FROM `item` WHERE ( 1=1 AND item_id='6' ) LIMIT 1   [ RunTime:0.0003s ]
SQL: SELECT `vote_time`,`pay_amount`,`id`,`pay_time`,`ratio` FROM `paylist` WHERE ( 1=1 AND contract_id='2017-57' )  [ RunTime:0.0004s ]
SQL: SELECT `item_supervisor`,`item_name`,`su_company` FROM `item` WHERE ( 1=1 AND item_id='6' ) LIMIT 1   [ RunTime:0.0001s ]
SQL: SELECT `vote_time`,`pay_amount`,`id`,`pay_time`,`ratio` FROM `paylist` WHERE ( 1=1 AND contract_id='2017-59' )  [ RunTime:0.0004s ]
SQL: SELECT `item_supervisor`,`item_name`,`su_company` FROM `item` WHERE ( 1=1 AND item_id='6' ) LIMIT 1   [ RunTime:0.0001s ]
SQL: SELECT `vote_time`,`pay_amount`,`id`,`pay_time`,`ratio` FROM `paylist` WHERE ( 1=1 AND contract_id='2017-84' )  [ RunTime:0.0005s ]
SQL: SELECT `item_supervisor`,`item_name`,`su_company` FROM `item` WHERE ( 1=1 AND item_id='6' ) LIMIT 1   [ RunTime:0.0001s ]
SQL: SELECT `vote_time`,`pay_amount`,`id`,`pay_time`,`ratio` FROM `paylist` WHERE ( 1=1 AND contract_id='2018-19' )  [ RunTime:0.0004s ]
SQL: SELECT `item_supervisor`,`item_name`,`su_company` FROM `item` WHERE ( 1=1 AND item_id='6' ) LIMIT 1   [ RunTime:0.0001s ]
SQL: SELECT `vote_time`,`pay_amount`,`id`,`pay_time`,`ratio` FROM `paylist` WHERE ( 1=1 AND contract_id='2018-20' )  [ RunTime:0.0004s ]
SQL: SELECT `item_supervisor`,`item_name`,`su_company` FROM `item` WHERE ( 1=1 AND item_id='6' ) LIMIT 1   [ RunTime:0.0001s ]
SQL: SELECT `vote_time`,`pay_amount`,`id`,`pay_time`,`ratio` FROM `paylist` WHERE ( 1=1 AND contract_id='2018-24' )  [ RunTime:0.0004s ]
SQL: SELECT `item_supervisor`,`item_name`,`su_company` FROM `item` WHERE ( 1=1 AND item_id='6' ) LIMIT 1   [ RunTime:0.0001s ]
SQL: SELECT `vote_time`,`pay_amount`,`id`,`pay_time`,`ratio` FROM `paylist` WHERE ( 1=1 AND contract_id='2018-30' )  [ RunTime:0.0005s ]
SQL: SELECT `item_supervisor`,`item_name`,`su_company` FROM `item` WHERE ( 1=1 AND item_id='6' ) LIMIT 1   [ RunTime:0.0001s ]
SQL: SELECT `vote_time`,`pay_amount`,`id`,`pay_time`,`ratio` FROM `paylist` WHERE ( 1=1 AND contract_id='2018-87' )  [ RunTime:0.0004s ]
SQL: SELECT `item_supervisor`,`item_name`,`su_company` FROM `item` WHERE ( 1=1 AND item_id='6' ) LIMIT 1   [ RunTime:0.0001s ]
SQL: SELECT `vote_time`,`pay_amount`,`id`,`pay_time`,`ratio` FROM `paylist` WHERE ( 1=1 AND contract_id='2018-111' )  [ RunTime:0.0004s ]
SQL: SELECT `item_supervisor`,`item_name`,`su_company` FROM `item` WHERE ( 1=1 AND item_id='6' ) LIMIT 1   [ RunTime:0.0001s ]
SQL: SELECT `vote_time`,`pay_amount`,`id`,`pay_time`,`ratio` FROM `paylist` WHERE ( 1=1 AND contract_id='2018-112' )  [ RunTime:0.0004s ]
SQL: SELECT `item_supervisor`,`item_name`,`su_company` FROM `item` WHERE ( 1=1 AND item_id='6' ) LIMIT 1   [ RunTime:0.0001s ]
SQL: SELECT `vote_time`,`pay_amount`,`id`,`pay_time`,`ratio` FROM `paylist` WHERE ( 1=1 AND contract_id='2018-139' )  [ RunTime:0.0004s ]
SQL: SELECT `item_supervisor`,`item_name`,`su_company` FROM `item` WHERE ( 1=1 AND item_id='6' ) LIMIT 1   [ RunTime:0.0001s ]
SQL: SELECT `vote_time`,`pay_amount`,`id`,`pay_time`,`ratio` FROM `paylist` WHERE ( 1=1 AND contract_id='2018-142' )  [ RunTime:0.0004s ]
SQL: SELECT `item_supervisor`,`item_name`,`su_company` FROM `item` WHERE ( 1=1 AND item_id='6' ) LIMIT 1   [ RunTime:0.0001s ]
SQL: SELECT `vote_time`,`pay_amount`,`id`,`pay_time`,`ratio` FROM `paylist` WHERE ( 1=1 AND contract_id='2018-145' )  [ RunTime:0.0004s ]
SQL: SELECT `item_supervisor`,`item_name`,`su_company` FROM `item` WHERE ( 1=1 AND item_id='6' ) LIMIT 1   [ RunTime:0.0001s ]
SQL: SELECT `vote_time`,`pay_amount`,`id`,`pay_time`,`ratio` FROM `paylist` WHERE ( 1=1 AND contract_id='2018-148' )  [ RunTime:0.0004s ]
SQL: SELECT `item_supervisor`,`item_name`,`su_company` FROM `item` WHERE ( 1=1 AND item_id='6' ) LIMIT 1   [ RunTime:0.0001s ]
SQL: SELECT `vote_time`,`pay_amount`,`id`,`pay_time`,`ratio` FROM `paylist` WHERE ( 1=1 AND contract_id='2018-149' )  [ RunTime:0.0004s ]
SQL: SELECT `item_supervisor`,`item_name`,`su_company` FROM `item` WHERE ( 1=1 AND item_id='6' ) LIMIT 1   [ RunTime:0.0001s ]
SQL: SELECT `vote_time`,`pay_amount`,`id`,`pay_time`,`ratio` FROM `paylist` WHERE ( 1=1 AND contract_id='2018-157' )  [ RunTime:0.0004s ]
SQL: SELECT `item_supervisor`,`item_name`,`su_company` FROM `item` WHERE ( 1=1 AND item_id='6' ) LIMIT 1   [ RunTime:0.0001s ]
SQL: SELECT `vote_time`,`pay_amount`,`id`,`pay_time`,`ratio` FROM `paylist` WHERE ( 1=1 AND contract_id='2018-158' )  [ RunTime:0.0004s ]
SQL: SELECT `item_supervisor`,`item_name`,`su_company` FROM `item` WHERE ( 1=1 AND item_id='6' ) LIMIT 1   [ RunTime:0.0001s ]
SQL: SELECT `vote_time`,`pay_amount`,`id`,`pay_time`,`ratio` FROM `paylist` WHERE ( 1=1 AND contract_id='2018-160' )  [ RunTime:0.0004s ]
SQL: SELECT `item_supervisor`,`item_name`,`su_company` FROM `item` WHERE ( 1=1 AND item_id='6' ) LIMIT 1   [ RunTime:0.0001s ]
SQL: SELECT `vote_time`,`pay_amount`,`id`,`pay_time`,`ratio` FROM `paylist` WHERE ( 1=1 AND contract_id='2018-165' )  [ RunTime:0.0004s ]
SQL: SELECT `item_supervisor`,`item_name`,`su_company` FROM `item` WHERE ( 1=1 AND item_id='6' ) LIMIT 1   [ RunTime:0.0001s ]
SQL: SELECT `vote_time`,`pay_amount`,`id`,`pay_time`,`ratio` FROM `paylist` WHERE ( 1=1 AND contract_id='2019-14' )  [ RunTime:0.0004s ]
SQL: SELECT `item_supervisor`,`item_name`,`su_company` FROM `item` WHERE ( 1=1 AND item_id='6' ) LIMIT 1   [ RunTime:0.0001s ]
SQL: SELECT `vote_time`,`pay_amount`,`id`,`pay_time`,`ratio` FROM `paylist` WHERE ( 1=1 AND contract_id='2019-18' )  [ RunTime:0.0004s ]
SQL: SELECT `item_supervisor`,`item_name`,`su_company` FROM `item` WHERE ( 1=1 AND item_id='6' ) LIMIT 1   [ RunTime:0.0001s ]
SQL: SELECT `vote_time`,`pay_amount`,`id`,`pay_time`,`ratio` FROM `paylist` WHERE ( 1=1 AND contract_id='2019-19' )  [ RunTime:0.0006s ]
SQL: SELECT `item_supervisor`,`item_name`,`su_company` FROM `item` WHERE ( 1=1 AND item_id='6' ) LIMIT 1   [ RunTime:0.0001s ]
SQL: SELECT `vote_time`,`pay_amount`,`id`,`pay_time`,`ratio` FROM `paylist` WHERE ( 1=1 AND contract_id='2019-20' )  [ RunTime:0.0004s ]
SQL: SELECT `item_supervisor`,`item_name`,`su_company` FROM `item` WHERE ( 1=1 AND item_id='6' ) LIMIT 1   [ RunTime:0.0001s ]
SQL: SELECT `vote_time`,`pay_amount`,`id`,`pay_time`,`ratio` FROM `paylist` WHERE ( 1=1 AND contract_id='2019-28' )  [ RunTime:0.0004s ]
SQL: SELECT `item_supervisor`,`item_name`,`su_company` FROM `item` WHERE ( 1=1 AND item_id='6' ) LIMIT 1   [ RunTime:0.0001s ]
SQL: SELECT `vote_time`,`pay_amount`,`id`,`pay_time`,`ratio` FROM `paylist` WHERE ( 1=1 AND contract_id='2019-39' )  [ RunTime:0.0004s ]
SQL: SELECT `item_supervisor`,`item_name`,`su_company` FROM `item` WHERE ( 1=1 AND item_id='6' ) LIMIT 1   [ RunTime:0.0001s ]
SQL: SELECT `vote_time`,`pay_amount`,`id`,`pay_time`,`ratio` FROM `paylist` WHERE ( 1=1 AND contract_id='2019-47' )  [ RunTime:0.0005s ]
SQL: SELECT `item_supervisor`,`item_name`,`su_company` FROM `item` WHERE ( 1=1 AND item_id='6' ) LIMIT 1   [ RunTime:0.0001s ]
SQL: SELECT `vote_time`,`pay_amount`,`id`,`pay_time`,`ratio` FROM `paylist` WHERE ( 1=1 AND contract_id='2019-76' )  [ RunTime:0.0004s ]
SQL: SELECT `item_supervisor`,`item_name`,`su_company` FROM `item` WHERE ( 1=1 AND item_id='6' ) LIMIT 1   [ RunTime:0.0001s ]
SQL: SELECT `vote_time`,`pay_amount`,`id`,`pay_time`,`ratio` FROM `paylist` WHERE ( 1=1 AND contract_id='2019-85' )  [ RunTime:0.0004s ]
SQL: SELECT `item_supervisor`,`item_name`,`su_company` FROM `item` WHERE ( 1=1 AND item_id='6' ) LIMIT 1   [ RunTime:0.0001s ]
SQL: SELECT `vote_time`,`pay_amount`,`id`,`pay_time`,`ratio` FROM `paylist` WHERE ( 1=1 AND contract_id='2019-88' )  [ RunTime:0.0004s ]
SQL: SELECT `item_supervisor`,`item_name`,`su_company` FROM `item` WHERE ( 1=1 AND item_id='6' ) LIMIT 1   [ RunTime:0.0001s ]
SQL: SELECT `vote_time`,`pay_amount`,`id`,`pay_time`,`ratio` FROM `paylist` WHERE ( 1=1 AND contract_id='2019-120' )  [ RunTime:0.0004s ]
SQL: SELECT `item_supervisor`,`item_name`,`su_company` FROM `item` WHERE ( 1=1 AND item_id='6' ) LIMIT 1   [ RunTime:0.0001s ]
SQL: SELECT `vote_time`,`pay_amount`,`id`,`pay_time`,`ratio` FROM `paylist` WHERE ( 1=1 AND contract_id='2019-125' )  [ RunTime:0.0004s ]
SQL: SELECT `item_supervisor`,`item_name`,`su_company` FROM `item` WHERE ( 1=1 AND item_id='6' ) LIMIT 1   [ RunTime:0.0001s ]
SQL: SELECT `vote_time`,`pay_amount`,`id`,`pay_time`,`ratio` FROM `paylist` WHERE ( 1=1 AND contract_id='2019-127' )  [ RunTime:0.0004s ]
SQL: SELECT `item_supervisor`,`item_name`,`su_company` FROM `item` WHERE ( 1=1 AND item_id='6' ) LIMIT 1   [ RunTime:0.0001s ]
SQL: SELECT `vote_time`,`pay_amount`,`id`,`pay_time`,`ratio` FROM `paylist` WHERE ( 1=1 AND contract_id='2020-16' )  [ RunTime:0.0004s ]
SQL: SELECT `item_supervisor`,`item_name`,`su_company` FROM `item` WHERE ( 1=1 AND item_id='6' ) LIMIT 1   [ RunTime:0.0001s ]
SQL: SELECT `vote_time`,`pay_amount`,`id`,`pay_time`,`ratio` FROM `paylist` WHERE ( 1=1 AND contract_id='2020-47' )  [ RunTime:0.0004s ]
SQL: SELECT `item_supervisor`,`item_name`,`su_company` FROM `item` WHERE ( 1=1 AND item_id='6' ) LIMIT 1   [ RunTime:0.0001s ]
SQL: SHOW COLUMNS FROM `item` [ RunTime:0.0005s ]
SQL: SELECT `item_id`,`item_name` FROM `item` WHERE `item_state` = 0  [ RunTime:0.0001s ]
SQL: SELECT `item_id`,`item_supervisor`,`item_name`,`su_company` FROM `item` WHERE `item_id` = '6' LIMIT 1   [ RunTime:0.0001s ]
INFO: [ view_parse ] --START--
INFO: [ template_filter ] --START--
INFO: Run Behavior\ContentReplaceBehavior [ RunTime:0.000165s ]
INFO: [ template_filter ] --END-- [ RunTime:0.000222s ]
NOTIC: [8] Undefined variable: count_year /www/wwwroot/dhuyb.cn/audit/Application/Runtime/Cache/Home/953824c20aef53ae2750e20ed86d0cd1.php 第 105 行.
NOTIC: [8] Undefined variable: count_year /www/wwwroot/dhuyb.cn/audit/Application/Runtime/Cache/Home/953824c20aef53ae2750e20ed86d0cd1.php 第 105 行.
NOTIC: [8] Undefined variable: count_year /www/wwwroot/dhuyb.cn/audit/Application/Runtime/Cache/Home/953824c20aef53ae2750e20ed86d0cd1.php 第 105 行.
NOTIC: [8] Undefined variable: count_year /www/wwwroot/dhuyb.cn/audit/Application/Runtime/Cache/Home/953824c20aef53ae2750e20ed86d0cd1.php 第 105 行.
NOTIC: [8] Undefined variable: count_year /www/wwwroot/dhuyb.cn/audit/Application/Runtime/Cache/Home/953824c20aef53ae2750e20ed86d0cd1.php 第 105 行.
NOTIC: [8] Undefined variable: count_year /www/wwwroot/dhuyb.cn/audit/Application/Runtime/Cache/Home/953824c20aef53ae2750e20ed86d0cd1.php 第 105 行.
NOTIC: [2] number_format() expects parameter 1 to be double, string given /www/wwwroot/dhuyb.cn/audit/Application/Runtime/Cache/Home/953824c20aef53ae2750e20ed86d0cd1.php 第 154 行.
NOTIC: [2] number_format() expects parameter 1 to be double, string given /www/wwwroot/dhuyb.cn/audit/Application/Runtime/Cache/Home/953824c20aef53ae2750e20ed86d0cd1.php 第 251 行.
NOTIC: [2] number_format() expects parameter 1 to be double, string given /www/wwwroot/dhuyb.cn/audit/Application/Runtime/Cache/Home/953824c20aef53ae2750e20ed86d0cd1.php 第 251 行.
NOTIC: [2] number_format() expects parameter 1 to be double, string given /www/wwwroot/dhuyb.cn/audit/Application/Runtime/Cache/Home/953824c20aef53ae2750e20ed86d0cd1.php 第 274 行.
NOTIC: [2] number_format() expects parameter 1 to be double, string given /www/wwwroot/dhuyb.cn/audit/Application/Runtime/Cache/Home/953824c20aef53ae2750e20ed86d0cd1.php 第 251 行.
NOTIC: [2] number_format() expects parameter 1 to be double, string given /www/wwwroot/dhuyb.cn/audit/Application/Runtime/Cache/Home/953824c20aef53ae2750e20ed86d0cd1.php 第 251 行.
NOTIC: [2] number_format() expects parameter 1 to be double, string given /www/wwwroot/dhuyb.cn/audit/Application/Runtime/Cache/Home/953824c20aef53ae2750e20ed86d0cd1.php 第 251 行.
NOTIC: [2] number_format() expects parameter 1 to be double, string given /www/wwwroot/dhuyb.cn/audit/Application/Runtime/Cache/Home/953824c20aef53ae2750e20ed86d0cd1.php 第 251 行.
NOTIC: [2] number_format() expects parameter 1 to be double, string given /www/wwwroot/dhuyb.cn/audit/Application/Runtime/Cache/Home/953824c20aef53ae2750e20ed86d0cd1.php 第 251 行.
NOTIC: [2] number_format() expects parameter 1 to be double, string given /www/wwwroot/dhuyb.cn/audit/Application/Runtime/Cache/Home/953824c20aef53ae2750e20ed86d0cd1.php 第 251 行.
NOTIC: [2] number_format() expects parameter 1 to be double, string given /www/wwwroot/dhuyb.cn/audit/Application/Runtime/Cache/Home/953824c20aef53ae2750e20ed86d0cd1.php 第 251 行.
NOTIC: [2] number_format() expects parameter 1 to be double, string given /www/wwwroot/dhuyb.cn/audit/Application/Runtime/Cache/Home/953824c20aef53ae2750e20ed86d0cd1.php 第 251 行.
NOTIC: [2] number_format() expects parameter 1 to be double, string given /www/wwwroot/dhuyb.cn/audit/Application/Runtime/Cache/Home/953824c20aef53ae2750e20ed86d0cd1.php 第 251 行.
NOTIC: [2] number_format() expects parameter 1 to be double, string given /www/wwwroot/dhuyb.cn/audit/Application/Runtime/Cache/Home/953824c20aef53ae2750e20ed86d0cd1.php 第 251 行.
NOTIC: [2] number_format() expects parameter 1 to be double, string given /www/wwwroot/dhuyb.cn/audit/Application/Runtime/Cache/Home/953824c20aef53ae2750e20ed86d0cd1.php 第 251 行.
NOTIC: [2] number_format() expects parameter 1 to be double, string given /www/wwwroot/dhuyb.cn/audit/Application/Runtime/Cache/Home/953824c20aef53ae2750e20ed86d0cd1.php 第 251 行.
NOTIC: [2] number_format() expects parameter 1 to be double, string given /www/wwwroot/dhuyb.cn/audit/Application/Runtime/Cache/Home/953824c20aef53ae2750e20ed86d0cd1.php 第 251 行.
NOTIC: [2] number_format() expects parameter 1 to be double, string given /www/wwwroot/dhuyb.cn/audit/Application/Runtime/Cache/Home/953824c20aef53ae2750e20ed86d0cd1.php 第 251 行.
NOTIC: [2] number_format() expects parameter 1 to be double, string given /www/wwwroot/dhuyb.cn/audit/Application/Runtime/Cache/Home/953824c20aef53ae2750e20ed86d0cd1.php 第 251 行.
NOTIC: [2] number_format() expects parameter 1 to be double, string given /www/wwwroot/dhuyb.cn/audit/Application/Runtime/Cache/Home/953824c20aef53ae2750e20ed86d0cd1.php 第 251 行.
NOTIC: [2] number_format() expects parameter 1 to be double, string given /www/wwwroot/dhuyb.cn/audit/Application/Runtime/Cache/Home/953824c20aef53ae2750e20ed86d0cd1.php 第 251 行.
NOTIC: [2] number_format() expects parameter 1 to be double, string given /www/wwwroot/dhuyb.cn/audit/Application/Runtime/Cache/Home/953824c20aef53ae2750e20ed86d0cd1.php 第 251 行.
NOTIC: [2] number_format() expects parameter 1 to be double, string given /www/wwwroot/dhuyb.cn/audit/Application/Runtime/Cache/Home/953824c20aef53ae2750e20ed86d0cd1.php 第 154 行.
NOTIC: [2] number_format() expects parameter 1 to be double, string given /www/wwwroot/dhuyb.cn/audit/Application/Runtime/Cache/Home/953824c20aef53ae2750e20ed86d0cd1.php 第 154 行.
NOTIC: [2] number_format() expects parameter 1 to be double, string given /www/wwwroot/dhuyb.cn/audit/Application/Runtime/Cache/Home/953824c20aef53ae2750e20ed86d0cd1.php 第 251 行.
NOTIC: [2] number_format() expects parameter 1 to be double, string given /www/wwwroot/dhuyb.cn/audit/Application/Runtime/Cache/Home/953824c20aef53ae2750e20ed86d0cd1.php 第 251 行.
NOTIC: [2] number_format() expects parameter 1 to be double, string given /www/wwwroot/dhuyb.cn/audit/Application/Runtime/Cache/Home/953824c20aef53ae2750e20ed86d0cd1.php 第 251 行.
NOTIC: [2] number_format() expects parameter 1 to be double, string given /www/wwwroot/dhuyb.cn/audit/Application/Runtime/Cache/Home/953824c20aef53ae2750e20ed86d0cd1.php 第 251 行.
NOTIC: [2] number_format() expects parameter 1 to be double, string given /www/wwwroot/dhuyb.cn/audit/Application/Runtime/Cache/Home/953824c20aef53ae2750e20ed86d0cd1.php 第 251 行.
NOTIC: [2] number_format() expects parameter 1 to be double, string given /www/wwwroot/dhuyb.cn/audit/Application/Runtime/Cache/Home/953824c20aef53ae2750e20ed86d0cd1.php 第 264 行.
NOTIC: [2] number_format() expects parameter 1 to be double, string given /www/wwwroot/dhuyb.cn/audit/Application/Runtime/Cache/Home/953824c20aef53ae2750e20ed86d0cd1.php 第 251 行.
NOTIC: [2] number_format() expects parameter 1 to be double, string given /www/wwwroot/dhuyb.cn/audit/Application/Runtime/Cache/Home/953824c20aef53ae2750e20ed86d0cd1.php 第 251 行.
NOTIC: [2] number_format() expects parameter 1 to be double, string given /www/wwwroot/dhuyb.cn/audit/Application/Runtime/Cache/Home/953824c20aef53ae2750e20ed86d0cd1.php 第 251 行.
INFO: Run Behavior\ParseTemplateBehavior [ RunTime:0.022131s ]
INFO: [ view_parse ] --END-- [ RunTime:0.022164s ]
INFO: [ view_filter ] --START--
INFO: Run Behavior\WriteHtmlCacheBehavior [ RunTime:0.000240s ]
INFO: [ view_filter ] --END-- [ RunTime:0.000266s ]
INFO: [ app_end ] --START--
INFO: Run Behavior\ShowPageTraceBehavior [ RunTime:0.000426s ]
INFO: [ app_end ] --END-- [ RunTime:0.000461s ]

[ 2020-07-13T13:37:53+08:00 ] 140.207.18.2 /audit/index.php/Home/Index/list_show?item_id=6
INFO: [ app_init ] --START--
INFO: Run Behavior\BuildLiteBehavior [ RunTime:0.000011s ]
INFO: [ app_init ] --END-- [ RunTime:0.000304s ]
INFO: [ app_begin ] --START--
INFO: Run Behavior\ReadHtmlCacheBehavior [ RunTime:0.000393s ]
INFO: [ app_begin ] --END-- [ RunTime:0.000430s ]
SQL: SHOW COLUMNS FROM `contract` [ RunTime:0.0007s ]
SQL: SELECT * FROM `contract` WHERE `item_id` = '6' ORDER BY belong_year asc,id  [ RunTime:0.0002s ]
SQL: SHOW COLUMNS FROM `paylist` [ RunTime:0.0003s ]
SQL: SELECT `vote_time`,`pay_amount`,`id`,`pay_time`,`ratio` FROM `paylist` WHERE ( 1=1 AND contract_id='2017-4' )  [ RunTime:0.0001s ]
SQL: SHOW COLUMNS FROM `item` [ RunTime:0.0003s ]
SQL: SELECT `item_supervisor`,`item_name`,`su_company` FROM `item` WHERE ( 1=1 AND item_id='6' ) LIMIT 1   [ RunTime:0.0001s ]
SQL: SELECT `vote_time`,`pay_amount`,`id`,`pay_time`,`ratio` FROM `paylist` WHERE ( 1=1 AND contract_id='2017-13' )  [ RunTime:0.0001s ]
SQL: SELECT `item_supervisor`,`item_name`,`su_company` FROM `item` WHERE ( 1=1 AND item_id='6' ) LIMIT 1   [ RunTime:0.0001s ]
SQL: SELECT `vote_time`,`pay_amount`,`id`,`pay_time`,`ratio` FROM `paylist` WHERE ( 1=1 AND contract_id='2017-40' )  [ RunTime:0.0001s ]
SQL: SELECT `item_supervisor`,`item_name`,`su_company` FROM `item` WHERE ( 1=1 AND item_id='6' ) LIMIT 1   [ RunTime:0.0001s ]
SQL: SELECT `vote_time`,`pay_amount`,`id`,`pay_time`,`ratio` FROM `paylist` WHERE ( 1=1 AND contract_id='2017-41' )  [ RunTime:0.0001s ]
SQL: SELECT `item_supervisor`,`item_name`,`su_company` FROM `item` WHERE ( 1=1 AND item_id='6' ) LIMIT 1   [ RunTime:0.0001s ]
SQL: SELECT `vote_time`,`pay_amount`,`id`,`pay_time`,`ratio` FROM `paylist` WHERE ( 1=1 AND contract_id='2017-42' )  [ RunTime:0.0001s ]
SQL: SELECT `item_supervisor`,`item_name`,`su_company` FROM `item` WHERE ( 1=1 AND item_id='6' ) LIMIT 1   [ RunTime:0.0001s ]
SQL: SELECT `vote_time`,`pay_amount`,`id`,`pay_time`,`ratio` FROM `paylist` WHERE ( 1=1 AND contract_id='2017-43' )  [ RunTime:0.0001s ]
SQL: SELECT `item_supervisor`,`item_name`,`su_company` FROM `item` WHERE ( 1=1 AND item_id='6' ) LIMIT 1   [ RunTime:0.0001s ]
SQL: SELECT `vote_time`,`pay_amount`,`id`,`pay_time`,`ratio` FROM `paylist` WHERE ( 1=1 AND contract_id='2017-57' )  [ RunTime:0.0001s ]
SQL: SELECT `item_supervisor`,`item_name`,`su_company` FROM `item` WHERE ( 1=1 AND item_id='6' ) LIMIT 1   [ RunTime:0.0001s ]
SQL: SELECT `vote_time`,`pay_amount`,`id`,`pay_time`,`ratio` FROM `paylist` WHERE ( 1=1 AND contract_id='2017-59' )  [ RunTime:0.0001s ]
SQL: SELECT `item_supervisor`,`item_name`,`su_company` FROM `item` WHERE ( 1=1 AND item_id='6' ) LIMIT 1   [ RunTime:0.0001s ]
SQL: SELECT `vote_time`,`pay_amount`,`id`,`pay_time`,`ratio` FROM `paylist` WHERE ( 1=1 AND contract_id='2017-84' )  [ RunTime:0.0001s ]
SQL: SELECT `item_supervisor`,`item_name`,`su_company` FROM `item` WHERE ( 1=1 AND item_id='6' ) LIMIT 1   [ RunTime:0.0001s ]
SQL: SELECT `vote_time`,`pay_amount`,`id`,`pay_time`,`ratio` FROM `paylist` WHERE ( 1=1 AND contract_id='2018-19' )  [ RunTime:0.0001s ]
SQL: SELECT `item_supervisor`,`item_name`,`su_company` FROM `item` WHERE ( 1=1 AND item_id='6' ) LIMIT 1   [ RunTime:0.0001s ]
SQL: SELECT `vote_time`,`pay_amount`,`id`,`pay_time`,`ratio` FROM `paylist` WHERE ( 1=1 AND contract_id='2018-20' )  [ RunTime:0.0001s ]
SQL: SELECT `item_supervisor`,`item_name`,`su_company` FROM `item` WHERE ( 1=1 AND item_id='6' ) LIMIT 1   [ RunTime:0.0001s ]
SQL: SELECT `vote_time`,`pay_amount`,`id`,`pay_time`,`ratio` FROM `paylist` WHERE ( 1=1 AND contract_id='2018-24' )  [ RunTime:0.0001s ]
SQL: SELECT `item_supervisor`,`item_name`,`su_company` FROM `item` WHERE ( 1=1 AND item_id='6' ) LIMIT 1   [ RunTime:0.0001s ]
SQL: SELECT `vote_time`,`pay_amount`,`id`,`pay_time`,`ratio` FROM `paylist` WHERE ( 1=1 AND contract_id='2018-30' )  [ RunTime:0.0001s ]
SQL: SELECT `item_supervisor`,`item_name`,`su_company` FROM `item` WHERE ( 1=1 AND item_id='6' ) LIMIT 1   [ RunTime:0.0001s ]
SQL: SELECT `vote_time`,`pay_amount`,`id`,`pay_time`,`ratio` FROM `paylist` WHERE ( 1=1 AND contract_id='2018-87' )  [ RunTime:0.0001s ]
SQL: SELECT `item_supervisor`,`item_name`,`su_company` FROM `item` WHERE ( 1=1 AND item_id='6' ) LIMIT 1   [ RunTime:0.0001s ]
SQL: SELECT `vote_time`,`pay_amount`,`id`,`pay_time`,`ratio` FROM `paylist` WHERE ( 1=1 AND contract_id='2018-111' )  [ RunTime:0.0001s ]
SQL: SELECT `item_supervisor`,`item_name`,`su_company` FROM `item` WHERE ( 1=1 AND item_id='6' ) LIMIT 1   [ RunTime:0.0001s ]
SQL: SELECT `vote_time`,`pay_amount`,`id`,`pay_time`,`ratio` FROM `paylist` WHERE ( 1=1 AND contract_id='2018-112' )  [ RunTime:0.0001s ]
SQL: SELECT `item_supervisor`,`item_name`,`su_company` FROM `item` WHERE ( 1=1 AND item_id='6' ) LIMIT 1   [ RunTime:0.0001s ]
SQL: SELECT `vote_time`,`pay_amount`,`id`,`pay_time`,`ratio` FROM `paylist` WHERE ( 1=1 AND contract_id='2018-139' )  [ RunTime:0.0001s ]
SQL: SELECT `item_supervisor`,`item_name`,`su_company` FROM `item` WHERE ( 1=1 AND item_id='6' ) LIMIT 1   [ RunTime:0.0001s ]
SQL: SELECT `vote_time`,`pay_amount`,`id`,`pay_time`,`ratio` FROM `paylist` WHERE ( 1=1 AND contract_id='2018-142' )  [ RunTime:0.0001s ]
SQL: SELECT `item_supervisor`,`item_name`,`su_company` FROM `item` WHERE ( 1=1 AND item_id='6' ) LIMIT 1   [ RunTime:0.0001s ]
SQL: SELECT `vote_time`,`pay_amount`,`id`,`pay_time`,`ratio` FROM `paylist` WHERE ( 1=1 AND contract_id='2018-145' )  [ RunTime:0.0001s ]
SQL: SELECT `item_supervisor`,`item_name`,`su_company` FROM `item` WHERE ( 1=1 AND item_id='6' ) LIMIT 1   [ RunTime:0.0001s ]
SQL: SELECT `vote_time`,`pay_amount`,`id`,`pay_time`,`ratio` FROM `paylist` WHERE ( 1=1 AND contract_id='2018-148' )  [ RunTime:0.0001s ]
SQL: SELECT `item_supervisor`,`item_name`,`su_company` FROM `item` WHERE ( 1=1 AND item_id='6' ) LIMIT 1   [ RunTime:0.0001s ]
SQL: SELECT `vote_time`,`pay_amount`,`id`,`pay_time`,`ratio` FROM `paylist` WHERE ( 1=1 AND contract_id='2018-149' )  [ RunTime:0.0003s ]
SQL: SELECT `item_supervisor`,`item_name`,`su_company` FROM `item` WHERE ( 1=1 AND item_id='6' ) LIMIT 1   [ RunTime:0.0001s ]
SQL: SELECT `vote_time`,`pay_amount`,`id`,`pay_time`,`ratio` FROM `paylist` WHERE ( 1=1 AND contract_id='2018-157' )  [ RunTime:0.0001s ]
SQL: SELECT `item_supervisor`,`item_name`,`su_company` FROM `item` WHERE ( 1=1 AND item_id='6' ) LIMIT 1   [ RunTime:0.0001s ]
SQL: SELECT `vote_time`,`pay_amount`,`id`,`pay_time`,`ratio` FROM `paylist` WHERE ( 1=1 AND contract_id='2018-158' )  [ RunTime:0.0001s ]
SQL: SELECT `item_supervisor`,`item_name`,`su_company` FROM `item` WHERE ( 1=1 AND item_id='6' ) LIMIT 1   [ RunTime:0.0001s ]
SQL: SELECT `vote_time`,`pay_amount`,`id`,`pay_time`,`ratio` FROM `paylist` WHERE ( 1=1 AND contract_id='2018-160' )  [ RunTime:0.0001s ]
SQL: SELECT `item_supervisor`,`item_name`,`su_company` FROM `item` WHERE ( 1=1 AND item_id='6' ) LIMIT 1   [ RunTime:0.0001s ]
SQL: SELECT `vote_time`,`pay_amount`,`id`,`pay_time`,`ratio` FROM `paylist` WHERE ( 1=1 AND contract_id='2018-165' )  [ RunTime:0.0001s ]
SQL: SELECT `item_supervisor`,`item_name`,`su_company` FROM `item` WHERE ( 1=1 AND item_id='6' ) LIMIT 1   [ RunTime:0.0001s ]
SQL: SELECT `vote_time`,`pay_amount`,`id`,`pay_time`,`ratio` FROM `paylist` WHERE ( 1=1 AND contract_id='2019-14' )  [ RunTime:0.0001s ]
SQL: SELECT `item_supervisor`,`item_name`,`su_company` FROM `item` WHERE ( 1=1 AND item_id='6' ) LIMIT 1   [ RunTime:0.0001s ]
SQL: SELECT `vote_time`,`pay_amount`,`id`,`pay_time`,`ratio` FROM `paylist` WHERE ( 1=1 AND contract_id='2019-18' )  [ RunTime:0.0001s ]
SQL: SELECT `item_supervisor`,`item_name`,`su_company` FROM `item` WHERE ( 1=1 AND item_id='6' ) LIMIT 1   [ RunTime:0.0001s ]
SQL: SELECT `vote_time`,`pay_amount`,`id`,`pay_time`,`ratio` FROM `paylist` WHERE ( 1=1 AND contract_id='2019-19' )  [ RunTime:0.0001s ]
SQL: SELECT `item_supervisor`,`item_name`,`su_company` FROM `item` WHERE ( 1=1 AND item_id='6' ) LIMIT 1   [ RunTime:0.0001s ]
SQL: SELECT `vote_time`,`pay_amount`,`id`,`pay_time`,`ratio` FROM `paylist` WHERE ( 1=1 AND contract_id='2019-20' )  [ RunTime:0.0001s ]
SQL: SELECT `item_supervisor`,`item_name`,`su_company` FROM `item` WHERE ( 1=1 AND item_id='6' ) LIMIT 1   [ RunTime:0.0001s ]
SQL: SELECT `vote_time`,`pay_amount`,`id`,`pay_time`,`ratio` FROM `paylist` WHERE ( 1=1 AND contract_id='2019-28' )  [ RunTime:0.0001s ]
SQL: SELECT `item_supervisor`,`item_name`,`su_company` FROM `item` WHERE ( 1=1 AND item_id='6' ) LIMIT 1   [ RunTime:0.0001s ]
SQL: SELECT `vote_time`,`pay_amount`,`id`,`pay_time`,`ratio` FROM `paylist` WHERE ( 1=1 AND contract_id='2019-39' )  [ RunTime:0.0001s ]
SQL: SELECT `item_supervisor`,`item_name`,`su_company` FROM `item` WHERE ( 1=1 AND item_id='6' ) LIMIT 1   [ RunTime:0.0001s ]
SQL: SELECT `vote_time`,`pay_amount`,`id`,`pay_time`,`ratio` FROM `paylist` WHERE ( 1=1 AND contract_id='2019-47' )  [ RunTime:0.0001s ]
SQL: SELECT `item_supervisor`,`item_name`,`su_company` FROM `item` WHERE ( 1=1 AND item_id='6' ) LIMIT 1   [ RunTime:0.0001s ]
SQL: SELECT `vote_time`,`pay_amount`,`id`,`pay_time`,`ratio` FROM `paylist` WHERE ( 1=1 AND contract_id='2019-76' )  [ RunTime:0.0001s ]
SQL: SELECT `item_supervisor`,`item_name`,`su_company` FROM `item` WHERE ( 1=1 AND item_id='6' ) LIMIT 1   [ RunTime:0.0001s ]
SQL: SELECT `vote_time`,`pay_amount`,`id`,`pay_time`,`ratio` FROM `paylist` WHERE ( 1=1 AND contract_id='2019-85' )  [ RunTime:0.0001s ]
SQL: SELECT `item_supervisor`,`item_name`,`su_company` FROM `item` WHERE ( 1=1 AND item_id='6' ) LIMIT 1   [ RunTime:0.0001s ]
SQL: SELECT `vote_time`,`pay_amount`,`id`,`pay_time`,`ratio` FROM `paylist` WHERE ( 1=1 AND contract_id='2019-88' )  [ RunTime:0.0001s ]
SQL: SELECT `item_supervisor`,`item_name`,`su_company` FROM `item` WHERE ( 1=1 AND item_id='6' ) LIMIT 1   [ RunTime:0.0001s ]
SQL: SELECT `vote_time`,`pay_amount`,`id`,`pay_time`,`ratio` FROM `paylist` WHERE ( 1=1 AND contract_id='2019-120' )  [ RunTime:0.0001s ]
SQL: SELECT `item_supervisor`,`item_name`,`su_company` FROM `item` WHERE ( 1=1 AND item_id='6' ) LIMIT 1   [ RunTime:0.0001s ]
SQL: SELECT `vote_time`,`pay_amount`,`id`,`pay_time`,`ratio` FROM `paylist` WHERE ( 1=1 AND contract_id='2019-125' )  [ RunTime:0.0001s ]
SQL: SELECT `item_supervisor`,`item_name`,`su_company` FROM `item` WHERE ( 1=1 AND item_id='6' ) LIMIT 1   [ RunTime:0.0001s ]
SQL: SELECT `vote_time`,`pay_amount`,`id`,`pay_time`,`ratio` FROM `paylist` WHERE ( 1=1 AND contract_id='2019-127' )  [ RunTime:0.0001s ]
SQL: SELECT `item_supervisor`,`item_name`,`su_company` FROM `item` WHERE ( 1=1 AND item_id='6' ) LIMIT 1   [ RunTime:0.0001s ]
SQL: SELECT `vote_time`,`pay_amount`,`id`,`pay_time`,`ratio` FROM `paylist` WHERE ( 1=1 AND contract_id='2020-16' )  [ RunTime:0.0001s ]
SQL: SELECT `item_supervisor`,`item_name`,`su_company` FROM `item` WHERE ( 1=1 AND item_id='6' ) LIMIT 1   [ RunTime:0.0001s ]
SQL: SELECT `vote_time`,`pay_amount`,`id`,`pay_time`,`ratio` FROM `paylist` WHERE ( 1=1 AND contract_id='2020-47' )  [ RunTime:0.0001s ]
SQL: SELECT `item_supervisor`,`item_name`,`su_company` FROM `item` WHERE ( 1=1 AND item_id='6' ) LIMIT 1   [ RunTime:0.0001s ]
SQL: SHOW COLUMNS FROM `item` [ RunTime:0.0005s ]
SQL: SELECT `item_id`,`item_name` FROM `item` WHERE `item_state` = 0  [ RunTime:0.0001s ]
SQL: SELECT `item_id`,`item_supervisor`,`item_name`,`su_company` FROM `item` WHERE `item_id` = '6' LIMIT 1   [ RunTime:0.0001s ]
INFO: [ view_parse ] --START--
INFO: [ template_filter ] --START--
INFO: Run Behavior\ContentReplaceBehavior [ RunTime:0.000168s ]
INFO: [ template_filter ] --END-- [ RunTime:0.000225s ]
NOTIC: [8] Undefined variable: count_year /www/wwwroot/dhuyb.cn/audit/Application/Runtime/Cache/Home/953824c20aef53ae2750e20ed86d0cd1.php 第 105 行.
NOTIC: [8] Undefined variable: count_year /www/wwwroot/dhuyb.cn/audit/Application/Runtime/Cache/Home/953824c20aef53ae2750e20ed86d0cd1.php 第 105 行.
NOTIC: [8] Undefined variable: count_year /www/wwwroot/dhuyb.cn/audit/Application/Runtime/Cache/Home/953824c20aef53ae2750e20ed86d0cd1.php 第 105 行.
NOTIC: [8] Undefined variable: count_year /www/wwwroot/dhuyb.cn/audit/Application/Runtime/Cache/Home/953824c20aef53ae2750e20ed86d0cd1.php 第 105 行.
NOTIC: [8] Undefined variable: count_year /www/wwwroot/dhuyb.cn/audit/Application/Runtime/Cache/Home/953824c20aef53ae2750e20ed86d0cd1.php 第 105 行.
NOTIC: [8] Undefined variable: count_year /www/wwwroot/dhuyb.cn/audit/Application/Runtime/Cache/Home/953824c20aef53ae2750e20ed86d0cd1.php 第 105 行.
NOTIC: [2] number_format() expects parameter 1 to be double, string given /www/wwwroot/dhuyb.cn/audit/Application/Runtime/Cache/Home/953824c20aef53ae2750e20ed86d0cd1.php 第 154 行.
NOTIC: [2] number_format() expects parameter 1 to be double, string given /www/wwwroot/dhuyb.cn/audit/Application/Runtime/Cache/Home/953824c20aef53ae2750e20ed86d0cd1.php 第 251 行.
NOTIC: [2] number_format() expects parameter 1 to be double, string given /www/wwwroot/dhuyb.cn/audit/Application/Runtime/Cache/Home/953824c20aef53ae2750e20ed86d0cd1.php 第 251 行.
NOTIC: [2] number_format() expects parameter 1 to be double, string given /www/wwwroot/dhuyb.cn/audit/Application/Runtime/Cache/Home/953824c20aef53ae2750e20ed86d0cd1.php 第 274 行.
NOTIC: [2] number_format() expects parameter 1 to be double, string given /www/wwwroot/dhuyb.cn/audit/Application/Runtime/Cache/Home/953824c20aef53ae2750e20ed86d0cd1.php 第 251 行.
NOTIC: [2] number_format() expects parameter 1 to be double, string given /www/wwwroot/dhuyb.cn/audit/Application/Runtime/Cache/Home/953824c20aef53ae2750e20ed86d0cd1.php 第 251 行.
NOTIC: [2] number_format() expects parameter 1 to be double, string given /www/wwwroot/dhuyb.cn/audit/Application/Runtime/Cache/Home/953824c20aef53ae2750e20ed86d0cd1.php 第 251 行.
NOTIC: [2] number_format() expects parameter 1 to be double, string given /www/wwwroot/dhuyb.cn/audit/Application/Runtime/Cache/Home/953824c20aef53ae2750e20ed86d0cd1.php 第 251 行.
NOTIC: [2] number_format() expects parameter 1 to be double, string given /www/wwwroot/dhuyb.cn/audit/Application/Runtime/Cache/Home/953824c20aef53ae2750e20ed86d0cd1.php 第 251 行.
NOTIC: [2] number_format() expects parameter 1 to be double, string given /www/wwwroot/dhuyb.cn/audit/Application/Runtime/Cache/Home/953824c20aef53ae2750e20ed86d0cd1.php 第 251 行.
NOTIC: [2] number_format() expects parameter 1 to be double, string given /www/wwwroot/dhuyb.cn/audit/Application/Runtime/Cache/Home/953824c20aef53ae2750e20ed86d0cd1.php 第 251 行.
NOTIC: [2] number_format() expects parameter 1 to be double, string given /www/wwwroot/dhuyb.cn/audit/Application/Runtime/Cache/Home/953824c20aef53ae2750e20ed86d0cd1.php 第 251 行.
NOTIC: [2] number_format() expects parameter 1 to be double, string given /www/wwwroot/dhuyb.cn/audit/Application/Runtime/Cache/Home/953824c20aef53ae2750e20ed86d0cd1.php 第 251 行.
NOTIC: [2] number_format() expects parameter 1 to be double, string given /www/wwwroot/dhuyb.cn/audit/Application/Runtime/Cache/Home/953824c20aef53ae2750e20ed86d0cd1.php 第 251 行.
NOTIC: [2] number_format() expects parameter 1 to be double, string given /www/wwwroot/dhuyb.cn/audit/Application/Runtime/Cache/Home/953824c20aef53ae2750e20ed86d0cd1.php 第 251 行.
NOTIC: [2] number_format() expects parameter 1 to be double, string given /www/wwwroot/dhuyb.cn/audit/Application/Runtime/Cache/Home/953824c20aef53ae2750e20ed86d0cd1.php 第 251 行.
NOTIC: [2] number_format() expects parameter 1 to be double, string given /www/wwwroot/dhuyb.cn/audit/Application/Runtime/Cache/Home/953824c20aef53ae2750e20ed86d0cd1.php 第 251 行.
NOTIC: [2] number_format() expects parameter 1 to be double, string given /www/wwwroot/dhuyb.cn/audit/Application/Runtime/Cache/Home/953824c20aef53ae2750e20ed86d0cd1.php 第 251 行.
NOTIC: [2] number_format() expects parameter 1 to be double, string given /www/wwwroot/dhuyb.cn/audit/Application/Runtime/Cache/Home/953824c20aef53ae2750e20ed86d0cd1.php 第 251 行.
NOTIC: [2] number_format() expects parameter 1 to be double, string given /www/wwwroot/dhuyb.cn/audit/Application/Runtime/Cache/Home/953824c20aef53ae2750e20ed86d0cd1.php 第 251 行.
NOTIC: [2] number_format() expects parameter 1 to be double, string given /www/wwwroot/dhuyb.cn/audit/Application/Runtime/Cache/Home/953824c20aef53ae2750e20ed86d0cd1.php 第 251 行.
NOTIC: [2] number_format() expects parameter 1 to be double, string given /www/wwwroot/dhuyb.cn/audit/Application/Runtime/Cache/Home/953824c20aef53ae2750e20ed86d0cd1.php 第 251 行.
NOTIC: [2] number_format() expects parameter 1 to be double, string given /www/wwwroot/dhuyb.cn/audit/Application/Runtime/Cache/Home/953824c20aef53ae2750e20ed86d0cd1.php 第 154 行.
NOTIC: [2] number_format() expects parameter 1 to be double, string given /www/wwwroot/dhuyb.cn/audit/Application/Runtime/Cache/Home/953824c20aef53ae2750e20ed86d0cd1.php 第 154 行.
NOTIC: [2] number_format() expects parameter 1 to be double, string given /www/wwwroot/dhuyb.cn/audit/Application/Runtime/Cache/Home/953824c20aef53ae2750e20ed86d0cd1.php 第 251 行.
NOTIC: [2] number_format() expects parameter 1 to be double, string given /www/wwwroot/dhuyb.cn/audit/Application/Runtime/Cache/Home/953824c20aef53ae2750e20ed86d0cd1.php 第 251 行.
NOTIC: [2] number_format() expects parameter 1 to be double, string given /www/wwwroot/dhuyb.cn/audit/Application/Runtime/Cache/Home/953824c20aef53ae2750e20ed86d0cd1.php 第 251 行.
NOTIC: [2] number_format() expects parameter 1 to be double, string given /www/wwwroot/dhuyb.cn/audit/Application/Runtime/Cache/Home/953824c20aef53ae2750e20ed86d0cd1.php 第 251 行.
NOTIC: [2] number_format() expects parameter 1 to be double, string given /www/wwwroot/dhuyb.cn/audit/Application/Runtime/Cache/Home/953824c20aef53ae2750e20ed86d0cd1.php 第 251 行.
NOTIC: [2] number_format() expects parameter 1 to be double, string given /www/wwwroot/dhuyb.cn/audit/Application/Runtime/Cache/Home/953824c20aef53ae2750e20ed86d0cd1.php 第 264 行.
NOTIC: [2] number_format() expects parameter 1 to be double, string given /www/wwwroot/dhuyb.cn/audit/Application/Runtime/Cache/Home/953824c20aef53ae2750e20ed86d0cd1.php 第 251 行.
NOTIC: [2] number_format() expects parameter 1 to be double, string given /www/wwwroot/dhuyb.cn/audit/Application/Runtime/Cache/Home/953824c20aef53ae2750e20ed86d0cd1.php 第 251 行.
NOTIC: [2] number_format() expects parameter 1 to be double, string given /www/wwwroot/dhuyb.cn/audit/Application/Runtime/Cache/Home/953824c20aef53ae2750e20ed86d0cd1.php 第 251 行.
INFO: Run Behavior\ParseTemplateBehavior [ RunTime:0.021507s ]
INFO: [ view_parse ] --END-- [ RunTime:0.021550s ]
INFO: [ view_filter ] --START--
INFO: Run Behavior\WriteHtmlCacheBehavior [ RunTime:0.000238s ]
INFO: [ view_filter ] --END-- [ RunTime:0.000264s ]
INFO: [ app_end ] --START--
INFO: Run Behavior\ShowPageTraceBehavior [ RunTime:0.000435s ]
INFO: [ app_end ] --END-- [ RunTime:0.000482s ]

[ 2020-07-13T13:37:59+08:00 ] 140.207.18.2 /audit/index.php/Home/Index/list_edit?contract_id=2020-47
INFO: [ app_init ] --START--
INFO: Run Behavior\BuildLiteBehavior [ RunTime:0.000015s ]
INFO: [ app_init ] --END-- [ RunTime:0.000340s ]
INFO: [ app_begin ] --START--
INFO: Run Behavior\ReadHtmlCacheBehavior [ RunTime:0.000408s ]
INFO: [ app_begin ] --END-- [ RunTime:0.000445s ]
SQL: SHOW COLUMNS FROM `contract` [ RunTime:0.0006s ]
SQL: SELECT * FROM `contract` WHERE `contract_id` = '2020-47' LIMIT 1   [ RunTime:0.0016s ]
SQL: SHOW COLUMNS FROM `paylist` [ RunTime:0.0004s ]
SQL: SELECT `vote_time`,`pay_amount`,`id`,`pay_time`,`ratio` FROM `paylist` WHERE ( 1=1 AND contract_id='2020-47' )  [ RunTime:0.0001s ]
INFO: [ view_parse ] --START--
INFO: [ template_filter ] --START--
INFO: Run Behavior\ContentReplaceBehavior [ RunTime:0.000077s ]
INFO: [ template_filter ] --END-- [ RunTime:0.000119s ]
NOTIC: [8] Undefined offset: 0 /www/wwwroot/dhuyb.cn/audit/Application/Runtime/Cache/Home/70cdc971b96f4f21a57bb29e584e50ba.php 第 49 行.
NOTIC: [8] Undefined offset: 0 /www/wwwroot/dhuyb.cn/audit/Application/Runtime/Cache/Home/70cdc971b96f4f21a57bb29e584e50ba.php 第 50 行.
NOTIC: [8] Undefined offset: 1 /www/wwwroot/dhuyb.cn/audit/Application/Runtime/Cache/Home/70cdc971b96f4f21a57bb29e584e50ba.php 第 60 行.
NOTIC: [8] Undefined offset: 1 /www/wwwroot/dhuyb.cn/audit/Application/Runtime/Cache/Home/70cdc971b96f4f21a57bb29e584e50ba.php 第 61 行.
NOTIC: [8] Undefined offset: 2 /www/wwwroot/dhuyb.cn/audit/Application/Runtime/Cache/Home/70cdc971b96f4f21a57bb29e584e50ba.php 第 71 行.
NOTIC: [8] Undefined offset: 2 /www/wwwroot/dhuyb.cn/audit/Application/Runtime/Cache/Home/70cdc971b96f4f21a57bb29e584e50ba.php 第 72 行.
INFO: Run Behavior\ParseTemplateBehavior [ RunTime:0.008492s ]
INFO: [ view_parse ] --END-- [ RunTime:0.008525s ]
INFO: [ view_filter ] --START--
INFO: Run Behavior\WriteHtmlCacheBehavior [ RunTime:0.000212s ]
INFO: [ view_filter ] --END-- [ RunTime:0.000238s ]
INFO: [ app_end ] --START--
INFO: Run Behavior\ShowPageTraceBehavior [ RunTime:0.000486s ]
INFO: [ app_end ] --END-- [ RunTime:0.000518s ]

[ 2020-07-13T13:38:59+08:00 ] 140.207.18.2 /audit/index.php/Home/Index/list_edit1
INFO: [ app_init ] --START--
INFO: Run Behavior\BuildLiteBehavior [ RunTime:0.000010s ]
INFO: [ app_init ] --END-- [ RunTime:0.000294s ]
INFO: [ app_begin ] --START--
INFO: Run Behavior\ReadHtmlCacheBehavior [ RunTime:0.000429s ]
INFO: [ app_begin ] --END-- [ RunTime:0.000464s ]
SQL: SHOW COLUMNS FROM `contract` [ RunTime:0.0006s ]
SQL: SELECT `contract_amount`,`contract_exact_amount` FROM `contract` WHERE `contract_id` = '2020-47' LIMIT 1   [ RunTime:0.0007s ]
SQL: UPDATE `contract` SET `contract_amount`='272000',`contract_exact_amount`='',`contract_add_money`='136000.00',`contract_balance`='136000.00',`ratio`='50%' WHERE `contract_id` = '2020-47' [ RunTime:0.0366s ]
SQL: SHOW COLUMNS FROM `paylist` [ RunTime:0.0006s ]
SQL: INSERT INTO `paylist` (`contract_id`,`pay_amount`,`pay_time`,`vote_time`,`ratio`) VALUES ('2020-47','136000.00','2020.07.13','2020-07-13  13:38:59','50%') [ RunTime:0.0046s ]

[ 2020-07-13T13:38:59+08:00 ] 140.207.18.2 /audit/index.php/Home/Index/list_show?item_id=6
INFO: [ app_init ] --START--
INFO: Run Behavior\BuildLiteBehavior [ RunTime:0.000010s ]
INFO: [ app_init ] --END-- [ RunTime:0.000326s ]
INFO: [ app_begin ] --START--
INFO: Run Behavior\ReadHtmlCacheBehavior [ RunTime:0.000431s ]
INFO: [ app_begin ] --END-- [ RunTime:0.000483s ]
SQL: SHOW COLUMNS FROM `contract` [ RunTime:0.0007s ]
SQL: SELECT * FROM `contract` WHERE `item_id` = '6' ORDER BY belong_year asc,id  [ RunTime:0.0011s ]
SQL: SHOW COLUMNS FROM `paylist` [ RunTime:0.0004s ]
SQL: SELECT `vote_time`,`pay_amount`,`id`,`pay_time`,`ratio` FROM `paylist` WHERE ( 1=1 AND contract_id='2017-4' )  [ RunTime:0.0004s ]
SQL: SHOW COLUMNS FROM `item` [ RunTime:0.0004s ]
SQL: SELECT `item_supervisor`,`item_name`,`su_company` FROM `item` WHERE ( 1=1 AND item_id='6' ) LIMIT 1   [ RunTime:0.0001s ]
SQL: SELECT `vote_time`,`pay_amount`,`id`,`pay_time`,`ratio` FROM `paylist` WHERE ( 1=1 AND contract_id='2017-13' )  [ RunTime:0.0005s ]
SQL: SELECT `item_supervisor`,`item_name`,`su_company` FROM `item` WHERE ( 1=1 AND item_id='6' ) LIMIT 1   [ RunTime:0.0001s ]
SQL: SELECT `vote_time`,`pay_amount`,`id`,`pay_time`,`ratio` FROM `paylist` WHERE ( 1=1 AND contract_id='2017-40' )  [ RunTime:0.0004s ]
SQL: SELECT `item_supervisor`,`item_name`,`su_company` FROM `item` WHERE ( 1=1 AND item_id='6' ) LIMIT 1   [ RunTime:0.0001s ]
SQL: SELECT `vote_time`,`pay_amount`,`id`,`pay_time`,`ratio` FROM `paylist` WHERE ( 1=1 AND contract_id='2017-41' )  [ RunTime:0.0004s ]
SQL: SELECT `item_supervisor`,`item_name`,`su_company` FROM `item` WHERE ( 1=1 AND item_id='6' ) LIMIT 1   [ RunTime:0.0001s ]
SQL: SELECT `vote_time`,`pay_amount`,`id`,`pay_time`,`ratio` FROM `paylist` WHERE ( 1=1 AND contract_id='2017-42' )  [ RunTime:0.0004s ]
SQL: SELECT `item_supervisor`,`item_name`,`su_company` FROM `item` WHERE ( 1=1 AND item_id='6' ) LIMIT 1   [ RunTime:0.0001s ]
SQL: SELECT `vote_time`,`pay_amount`,`id`,`pay_time`,`ratio` FROM `paylist` WHERE ( 1=1 AND contract_id='2017-43' )  [ RunTime:0.0004s ]
SQL: SELECT `item_supervisor`,`item_name`,`su_company` FROM `item` WHERE ( 1=1 AND item_id='6' ) LIMIT 1   [ RunTime:0.0002s ]
SQL: SELECT `vote_time`,`pay_amount`,`id`,`pay_time`,`ratio` FROM `paylist` WHERE ( 1=1 AND contract_id='2017-57' )  [ RunTime:0.0004s ]
SQL: SELECT `item_supervisor`,`item_name`,`su_company` FROM `item` WHERE ( 1=1 AND item_id='6' ) LIMIT 1   [ RunTime:0.0001s ]
SQL: SELECT `vote_time`,`pay_amount`,`id`,`pay_time`,`ratio` FROM `paylist` WHERE ( 1=1 AND contract_id='2017-59' )  [ RunTime:0.0004s ]
SQL: SELECT `item_supervisor`,`item_name`,`su_company` FROM `item` WHERE ( 1=1 AND item_id='6' ) LIMIT 1   [ RunTime:0.0001s ]
SQL: SELECT `vote_time`,`pay_amount`,`id`,`pay_time`,`ratio` FROM `paylist` WHERE ( 1=1 AND contract_id='2017-84' )  [ RunTime:0.0004s ]
SQL: SELECT `item_supervisor`,`item_name`,`su_company` FROM `item` WHERE ( 1=1 AND item_id='6' ) LIMIT 1   [ RunTime:0.0001s ]
SQL: SELECT `vote_time`,`pay_amount`,`id`,`pay_time`,`ratio` FROM `paylist` WHERE ( 1=1 AND contract_id='2018-19' )  [ RunTime:0.0005s ]
SQL: SELECT `item_supervisor`,`item_name`,`su_company` FROM `item` WHERE ( 1=1 AND item_id='6' ) LIMIT 1   [ RunTime:0.0001s ]
SQL: SELECT `vote_time`,`pay_amount`,`id`,`pay_time`,`ratio` FROM `paylist` WHERE ( 1=1 AND contract_id='2018-20' )  [ RunTime:0.0004s ]
SQL: SELECT `item_supervisor`,`item_name`,`su_company` FROM `item` WHERE ( 1=1 AND item_id='6' ) LIMIT 1   [ RunTime:0.0001s ]
SQL: SELECT `vote_time`,`pay_amount`,`id`,`pay_time`,`ratio` FROM `paylist` WHERE ( 1=1 AND contract_id='2018-24' )  [ RunTime:0.0004s ]
SQL: SELECT `item_supervisor`,`item_name`,`su_company` FROM `item` WHERE ( 1=1 AND item_id='6' ) LIMIT 1   [ RunTime:0.0001s ]
SQL: SELECT `vote_time`,`pay_amount`,`id`,`pay_time`,`ratio` FROM `paylist` WHERE ( 1=1 AND contract_id='2018-30' )  [ RunTime:0.0004s ]
SQL: SELECT `item_supervisor`,`item_name`,`su_company` FROM `item` WHERE ( 1=1 AND item_id='6' ) LIMIT 1   [ RunTime:0.0001s ]
SQL: SELECT `vote_time`,`pay_amount`,`id`,`pay_time`,`ratio` FROM `paylist` WHERE ( 1=1 AND contract_id='2018-87' )  [ RunTime:0.0004s ]
SQL: SELECT `item_supervisor`,`item_name`,`su_company` FROM `item` WHERE ( 1=1 AND item_id='6' ) LIMIT 1   [ RunTime:0.0001s ]
SQL: SELECT `vote_time`,`pay_amount`,`id`,`pay_time`,`ratio` FROM `paylist` WHERE ( 1=1 AND contract_id='2018-111' )  [ RunTime:0.0004s ]
SQL: SELECT `item_supervisor`,`item_name`,`su_company` FROM `item` WHERE ( 1=1 AND item_id='6' ) LIMIT 1   [ RunTime:0.0001s ]
SQL: SELECT `vote_time`,`pay_amount`,`id`,`pay_time`,`ratio` FROM `paylist` WHERE ( 1=1 AND contract_id='2018-112' )  [ RunTime:0.0005s ]
SQL: SELECT `item_supervisor`,`item_name`,`su_company` FROM `item` WHERE ( 1=1 AND item_id='6' ) LIMIT 1   [ RunTime:0.0001s ]
SQL: SELECT `vote_time`,`pay_amount`,`id`,`pay_time`,`ratio` FROM `paylist` WHERE ( 1=1 AND contract_id='2018-139' )  [ RunTime:0.0004s ]
SQL: SELECT `item_supervisor`,`item_name`,`su_company` FROM `item` WHERE ( 1=1 AND item_id='6' ) LIMIT 1   [ RunTime:0.0001s ]
SQL: SELECT `vote_time`,`pay_amount`,`id`,`pay_time`,`ratio` FROM `paylist` WHERE ( 1=1 AND contract_id='2018-142' )  [ RunTime:0.0005s ]
SQL: SELECT `item_supervisor`,`item_name`,`su_company` FROM `item` WHERE ( 1=1 AND item_id='6' ) LIMIT 1   [ RunTime:0.0001s ]
SQL: SELECT `vote_time`,`pay_amount`,`id`,`pay_time`,`ratio` FROM `paylist` WHERE ( 1=1 AND contract_id='2018-145' )  [ RunTime:0.0004s ]
SQL: SELECT `item_supervisor`,`item_name`,`su_company` FROM `item` WHERE ( 1=1 AND item_id='6' ) LIMIT 1   [ RunTime:0.0001s ]
SQL: SELECT `vote_time`,`pay_amount`,`id`,`pay_time`,`ratio` FROM `paylist` WHERE ( 1=1 AND contract_id='2018-148' )  [ RunTime:0.0004s ]
SQL: SELECT `item_supervisor`,`item_name`,`su_company` FROM `item` WHERE ( 1=1 AND item_id='6' ) LIMIT 1   [ RunTime:0.0001s ]
SQL: SELECT `vote_time`,`pay_amount`,`id`,`pay_time`,`ratio` FROM `paylist` WHERE ( 1=1 AND contract_id='2018-149' )  [ RunTime:0.0004s ]
SQL: SELECT `item_supervisor`,`item_name`,`su_company` FROM `item` WHERE ( 1=1 AND item_id='6' ) LIMIT 1   [ RunTime:0.0001s ]
SQL: SELECT `vote_time`,`pay_amount`,`id`,`pay_time`,`ratio` FROM `paylist` WHERE ( 1=1 AND contract_id='2018-157' )  [ RunTime:0.0004s ]
SQL: SELECT `item_supervisor`,`item_name`,`su_company` FROM `item` WHERE ( 1=1 AND item_id='6' ) LIMIT 1   [ RunTime:0.0001s ]
SQL: SELECT `vote_time`,`pay_amount`,`id`,`pay_time`,`ratio` FROM `paylist` WHERE ( 1=1 AND contract_id='2018-158' )  [ RunTime:0.0004s ]
SQL: SELECT `item_supervisor`,`item_name`,`su_company` FROM `item` WHERE ( 1=1 AND item_id='6' ) LIMIT 1   [ RunTime:0.0001s ]
SQL: SELECT `vote_time`,`pay_amount`,`id`,`pay_time`,`ratio` FROM `paylist` WHERE ( 1=1 AND contract_id='2018-160' )  [ RunTime:0.0004s ]
SQL: SELECT `item_supervisor`,`item_name`,`su_company` FROM `item` WHERE ( 1=1 AND item_id='6' ) LIMIT 1   [ RunTime:0.0001s ]
SQL: SELECT `vote_time`,`pay_amount`,`id`,`pay_time`,`ratio` FROM `paylist` WHERE ( 1=1 AND contract_id='2018-165' )  [ RunTime:0.0004s ]
SQL: SELECT `item_supervisor`,`item_name`,`su_company` FROM `item` WHERE ( 1=1 AND item_id='6' ) LIMIT 1   [ RunTime:0.0001s ]
SQL: SELECT `vote_time`,`pay_amount`,`id`,`pay_time`,`ratio` FROM `paylist` WHERE ( 1=1 AND contract_id='2019-14' )  [ RunTime:0.0004s ]
SQL: SELECT `item_supervisor`,`item_name`,`su_company` FROM `item` WHERE ( 1=1 AND item_id='6' ) LIMIT 1   [ RunTime:0.0001s ]
SQL: SELECT `vote_time`,`pay_amount`,`id`,`pay_time`,`ratio` FROM `paylist` WHERE ( 1=1 AND contract_id='2019-18' )  [ RunTime:0.0004s ]
SQL: SELECT `item_supervisor`,`item_name`,`su_company` FROM `item` WHERE ( 1=1 AND item_id='6' ) LIMIT 1   [ RunTime:0.0001s ]
SQL: SELECT `vote_time`,`pay_amount`,`id`,`pay_time`,`ratio` FROM `paylist` WHERE ( 1=1 AND contract_id='2019-19' )  [ RunTime:0.0004s ]
SQL: SELECT `item_supervisor`,`item_name`,`su_company` FROM `item` WHERE ( 1=1 AND item_id='6' ) LIMIT 1   [ RunTime:0.0001s ]
SQL: SELECT `vote_time`,`pay_amount`,`id`,`pay_time`,`ratio` FROM `paylist` WHERE ( 1=1 AND contract_id='2019-20' )  [ RunTime:0.0004s ]
SQL: SELECT `item_supervisor`,`item_name`,`su_company` FROM `item` WHERE ( 1=1 AND item_id='6' ) LIMIT 1   [ RunTime:0.0001s ]
SQL: SELECT `vote_time`,`pay_amount`,`id`,`pay_time`,`ratio` FROM `paylist` WHERE ( 1=1 AND contract_id='2019-28' )  [ RunTime:0.0004s ]
SQL: SELECT `item_supervisor`,`item_name`,`su_company` FROM `item` WHERE ( 1=1 AND item_id='6' ) LIMIT 1   [ RunTime:0.0001s ]
SQL: SELECT `vote_time`,`pay_amount`,`id`,`pay_time`,`ratio` FROM `paylist` WHERE ( 1=1 AND contract_id='2019-39' )  [ RunTime:0.0004s ]
SQL: SELECT `item_supervisor`,`item_name`,`su_company` FROM `item` WHERE ( 1=1 AND item_id='6' ) LIMIT 1   [ RunTime:0.0001s ]
SQL: SELECT `vote_time`,`pay_amount`,`id`,`pay_time`,`ratio` FROM `paylist` WHERE ( 1=1 AND contract_id='2019-47' )  [ RunTime:0.0004s ]
SQL: SELECT `item_supervisor`,`item_name`,`su_company` FROM `item` WHERE ( 1=1 AND item_id='6' ) LIMIT 1   [ RunTime:0.0001s ]
SQL: SELECT `vote_time`,`pay_amount`,`id`,`pay_time`,`ratio` FROM `paylist` WHERE ( 1=1 AND contract_id='2019-76' )  [ RunTime:0.0004s ]
SQL: SELECT `item_supervisor`,`item_name`,`su_company` FROM `item` WHERE ( 1=1 AND item_id='6' ) LIMIT 1   [ RunTime:0.0001s ]
SQL: SELECT `vote_time`,`pay_amount`,`id`,`pay_time`,`ratio` FROM `paylist` WHERE ( 1=1 AND contract_id='2019-85' )  [ RunTime:0.0004s ]
SQL: SELECT `item_supervisor`,`item_name`,`su_company` FROM `item` WHERE ( 1=1 AND item_id='6' ) LIMIT 1   [ RunTime:0.0001s ]
SQL: SELECT `vote_time`,`pay_amount`,`id`,`pay_time`,`ratio` FROM `paylist` WHERE ( 1=1 AND contract_id='2019-88' )  [ RunTime:0.0004s ]
SQL: SELECT `item_supervisor`,`item_name`,`su_company` FROM `item` WHERE ( 1=1 AND item_id='6' ) LIMIT 1   [ RunTime:0.0001s ]
SQL: SELECT `vote_time`,`pay_amount`,`id`,`pay_time`,`ratio` FROM `paylist` WHERE ( 1=1 AND contract_id='2019-120' )  [ RunTime:0.0004s ]
SQL: SELECT `item_supervisor`,`item_name`,`su_company` FROM `item` WHERE ( 1=1 AND item_id='6' ) LIMIT 1   [ RunTime:0.0001s ]
SQL: SELECT `vote_time`,`pay_amount`,`id`,`pay_time`,`ratio` FROM `paylist` WHERE ( 1=1 AND contract_id='2019-125' )  [ RunTime:0.0004s ]
SQL: SELECT `item_supervisor`,`item_name`,`su_company` FROM `item` WHERE ( 1=1 AND item_id='6' ) LIMIT 1   [ RunTime:0.0001s ]
SQL: SELECT `vote_time`,`pay_amount`,`id`,`pay_time`,`ratio` FROM `paylist` WHERE ( 1=1 AND contract_id='2019-127' )  [ RunTime:0.0004s ]
SQL: SELECT `item_supervisor`,`item_name`,`su_company` FROM `item` WHERE ( 1=1 AND item_id='6' ) LIMIT 1   [ RunTime:0.0001s ]
SQL: SELECT `vote_time`,`pay_amount`,`id`,`pay_time`,`ratio` FROM `paylist` WHERE ( 1=1 AND contract_id='2020-16' )  [ RunTime:0.0004s ]
SQL: SELECT `item_supervisor`,`item_name`,`su_company` FROM `item` WHERE ( 1=1 AND item_id='6' ) LIMIT 1   [ RunTime:0.0001s ]
SQL: SELECT `vote_time`,`pay_amount`,`id`,`pay_time`,`ratio` FROM `paylist` WHERE ( 1=1 AND contract_id='2020-47' )  [ RunTime:0.0004s ]
SQL: SELECT `item_supervisor`,`item_name`,`su_company` FROM `item` WHERE ( 1=1 AND item_id='6' ) LIMIT 1   [ RunTime:0.0001s ]
SQL: SHOW COLUMNS FROM `item` [ RunTime:0.0005s ]
SQL: SELECT `item_id`,`item_name` FROM `item` WHERE `item_state` = 0  [ RunTime:0.0001s ]
SQL: SELECT `item_id`,`item_supervisor`,`item_name`,`su_company` FROM `item` WHERE `item_id` = '6' LIMIT 1   [ RunTime:0.0001s ]
INFO: [ view_parse ] --START--
INFO: [ template_filter ] --START--
INFO: Run Behavior\ContentReplaceBehavior [ RunTime:0.000185s ]
INFO: [ template_filter ] --END-- [ RunTime:0.000236s ]
NOTIC: [8] Undefined variable: count_year /www/wwwroot/dhuyb.cn/audit/Application/Runtime/Cache/Home/953824c20aef53ae2750e20ed86d0cd1.php 第 105 行.
NOTIC: [8] Undefined variable: count_year /www/wwwroot/dhuyb.cn/audit/Application/Runtime/Cache/Home/953824c20aef53ae2750e20ed86d0cd1.php 第 105 行.
NOTIC: [8] Undefined variable: count_year /www/wwwroot/dhuyb.cn/audit/Application/Runtime/Cache/Home/953824c20aef53ae2750e20ed86d0cd1.php 第 105 行.
NOTIC: [8] Undefined variable: count_year /www/wwwroot/dhuyb.cn/audit/Application/Runtime/Cache/Home/953824c20aef53ae2750e20ed86d0cd1.php 第 105 行.
NOTIC: [8] Undefined variable: count_year /www/wwwroot/dhuyb.cn/audit/Application/Runtime/Cache/Home/953824c20aef53ae2750e20ed86d0cd1.php 第 105 行.
NOTIC: [8] Undefined variable: count_year /www/wwwroot/dhuyb.cn/audit/Application/Runtime/Cache/Home/953824c20aef53ae2750e20ed86d0cd1.php 第 105 行.
NOTIC: [2] number_format() expects parameter 1 to be double, string given /www/wwwroot/dhuyb.cn/audit/Application/Runtime/Cache/Home/953824c20aef53ae2750e20ed86d0cd1.php 第 154 行.
NOTIC: [2] number_format() expects parameter 1 to be double, string given /www/wwwroot/dhuyb.cn/audit/Application/Runtime/Cache/Home/953824c20aef53ae2750e20ed86d0cd1.php 第 251 行.
NOTIC: [2] number_format() expects parameter 1 to be double, string given /www/wwwroot/dhuyb.cn/audit/Application/Runtime/Cache/Home/953824c20aef53ae2750e20ed86d0cd1.php 第 251 行.
NOTIC: [2] number_format() expects parameter 1 to be double, string given /www/wwwroot/dhuyb.cn/audit/Application/Runtime/Cache/Home/953824c20aef53ae2750e20ed86d0cd1.php 第 274 行.
NOTIC: [2] number_format() expects parameter 1 to be double, string given /www/wwwroot/dhuyb.cn/audit/Application/Runtime/Cache/Home/953824c20aef53ae2750e20ed86d0cd1.php 第 251 行.
NOTIC: [2] number_format() expects parameter 1 to be double, string given /www/wwwroot/dhuyb.cn/audit/Application/Runtime/Cache/Home/953824c20aef53ae2750e20ed86d0cd1.php 第 251 行.
NOTIC: [2] number_format() expects parameter 1 to be double, string given /www/wwwroot/dhuyb.cn/audit/Application/Runtime/Cache/Home/953824c20aef53ae2750e20ed86d0cd1.php 第 251 行.
NOTIC: [2] number_format() expects parameter 1 to be double, string given /www/wwwroot/dhuyb.cn/audit/Application/Runtime/Cache/Home/953824c20aef53ae2750e20ed86d0cd1.php 第 251 行.
NOTIC: [2] number_format() expects parameter 1 to be double, string given /www/wwwroot/dhuyb.cn/audit/Application/Runtime/Cache/Home/953824c20aef53ae2750e20ed86d0cd1.php 第 251 行.
NOTIC: [2] number_format() expects parameter 1 to be double, string given /www/wwwroot/dhuyb.cn/audit/Application/Runtime/Cache/Home/953824c20aef53ae2750e20ed86d0cd1.php 第 251 行.
NOTIC: [2] number_format() expects parameter 1 to be double, string given /www/wwwroot/dhuyb.cn/audit/Application/Runtime/Cache/Home/953824c20aef53ae2750e20ed86d0cd1.php 第 251 行.
NOTIC: [2] number_format() expects parameter 1 to be double, string given /www/wwwroot/dhuyb.cn/audit/Application/Runtime/Cache/Home/953824c20aef53ae2750e20ed86d0cd1.php 第 251 行.
NOTIC: [2] number_format() expects parameter 1 to be double, string given /www/wwwroot/dhuyb.cn/audit/Application/Runtime/Cache/Home/953824c20aef53ae2750e20ed86d0cd1.php 第 251 行.
NOTIC: [2] number_format() expects parameter 1 to be double, string given /www/wwwroot/dhuyb.cn/audit/Application/Runtime/Cache/Home/953824c20aef53ae2750e20ed86d0cd1.php 第 251 行.
NOTIC: [2] number_format() expects parameter 1 to be double, string given /www/wwwroot/dhuyb.cn/audit/Application/Runtime/Cache/Home/953824c20aef53ae2750e20ed86d0cd1.php 第 251 行.
NOTIC: [2] number_format() expects parameter 1 to be double, string given /www/wwwroot/dhuyb.cn/audit/Application/Runtime/Cache/Home/953824c20aef53ae2750e20ed86d0cd1.php 第 251 行.
NOTIC: [2] number_format() expects parameter 1 to be double, string given /www/wwwroot/dhuyb.cn/audit/Application/Runtime/Cache/Home/953824c20aef53ae2750e20ed86d0cd1.php 第 251 行.
NOTIC: [2] number_format() expects parameter 1 to be double, string given /www/wwwroot/dhuyb.cn/audit/Application/Runtime/Cache/Home/953824c20aef53ae2750e20ed86d0cd1.php 第 251 行.
NOTIC: [2] number_format() expects parameter 1 to be double, string given /www/wwwroot/dhuyb.cn/audit/Application/Runtime/Cache/Home/953824c20aef53ae2750e20ed86d0cd1.php 第 251 行.
NOTIC: [2] number_format() expects parameter 1 to be double, string given /www/wwwroot/dhuyb.cn/audit/Application/Runtime/Cache/Home/953824c20aef53ae2750e20ed86d0cd1.php 第 251 行.
NOTIC: [2] number_format() expects parameter 1 to be double, string given /www/wwwroot/dhuyb.cn/audit/Application/Runtime/Cache/Home/953824c20aef53ae2750e20ed86d0cd1.php 第 251 行.
NOTIC: [2] number_format() expects parameter 1 to be double, string given /www/wwwroot/dhuyb.cn/audit/Application/Runtime/Cache/Home/953824c20aef53ae2750e20ed86d0cd1.php 第 251 行.
NOTIC: [2] number_format() expects parameter 1 to be double, string given /www/wwwroot/dhuyb.cn/audit/Application/Runtime/Cache/Home/953824c20aef53ae2750e20ed86d0cd1.php 第 154 行.
NOTIC: [2] number_format() expects parameter 1 to be double, string given /www/wwwroot/dhuyb.cn/audit/Application/Runtime/Cache/Home/953824c20aef53ae2750e20ed86d0cd1.php 第 154 行.
NOTIC: [2] number_format() expects parameter 1 to be double, string given /www/wwwroot/dhuyb.cn/audit/Application/Runtime/Cache/Home/953824c20aef53ae2750e20ed86d0cd1.php 第 251 行.
NOTIC: [2] number_format() expects parameter 1 to be double, string given /www/wwwroot/dhuyb.cn/audit/Application/Runtime/Cache/Home/953824c20aef53ae2750e20ed86d0cd1.php 第 251 行.
NOTIC: [2] number_format() expects parameter 1 to be double, string given /www/wwwroot/dhuyb.cn/audit/Application/Runtime/Cache/Home/953824c20aef53ae2750e20ed86d0cd1.php 第 251 行.
NOTIC: [2] number_format() expects parameter 1 to be double, string given /www/wwwroot/dhuyb.cn/audit/Application/Runtime/Cache/Home/953824c20aef53ae2750e20ed86d0cd1.php 第 251 行.
NOTIC: [2] number_format() expects parameter 1 to be double, string given /www/wwwroot/dhuyb.cn/audit/Application/Runtime/Cache/Home/953824c20aef53ae2750e20ed86d0cd1.php 第 251 行.
NOTIC: [2] number_format() expects parameter 1 to be double, string given /www/wwwroot/dhuyb.cn/audit/Application/Runtime/Cache/Home/953824c20aef53ae2750e20ed86d0cd1.php 第 264 行.
NOTIC: [2] number_format() expects parameter 1 to be double, string given /www/wwwroot/dhuyb.cn/audit/Application/Runtime/Cache/Home/953824c20aef53ae2750e20ed86d0cd1.php 第 251 行.
NOTIC: [2] number_format() expects parameter 1 to be double, string given /www/wwwroot/dhuyb.cn/audit/Application/Runtime/Cache/Home/953824c20aef53ae2750e20ed86d0cd1.php 第 251 行.
NOTIC: [2] number_format() expects parameter 1 to be double, string given /www/wwwroot/dhuyb.cn/audit/Application/Runtime/Cache/Home/953824c20aef53ae2750e20ed86d0cd1.php 第 251 行.
NOTIC: [2] number_format() expects parameter 1 to be double, string given /www/wwwroot/dhuyb.cn/audit/Application/Runtime/Cache/Home/953824c20aef53ae2750e20ed86d0cd1.php 第 251 行.
INFO: Run Behavior\ParseTemplateBehavior [ RunTime:0.022545s ]
INFO: [ view_parse ] --END-- [ RunTime:0.022577s ]
INFO: [ view_filter ] --START--
INFO: Run Behavior\WriteHtmlCacheBehavior [ RunTime:0.000261s ]
INFO: [ view_filter ] --END-- [ RunTime:0.000295s ]
INFO: [ app_end ] --START--
INFO: Run Behavior\ShowPageTraceBehavior [ RunTime:0.000430s ]
INFO: [ app_end ] --END-- [ RunTime:0.000466s ]

[ 2020-07-13T17:58:21+08:00 ] 42.236.10.93 /audit/index.php/Home/Index/index
INFO: [ app_init ] --START--
INFO: Run Behavior\BuildLiteBehavior [ RunTime:0.000011s ]
INFO: [ app_init ] --END-- [ RunTime:0.000379s ]
INFO: [ app_begin ] --START--
INFO: Run Behavior\ReadHtmlCacheBehavior [ RunTime:0.000425s ]
INFO: [ app_begin ] --END-- [ RunTime:0.000459s ]

[ 2020-07-13T17:58:22+08:00 ] 42.236.10.93 /audit/index.php/Home/Login/login.html
INFO: [ app_init ] --START--
INFO: Run Behavior\BuildLiteBehavior [ RunTime:0.000012s ]
INFO: [ app_init ] --END-- [ RunTime:0.000328s ]
INFO: [ app_begin ] --START--
INFO: Run Behavior\ReadHtmlCacheBehavior [ RunTime:0.000419s ]
INFO: [ app_begin ] --END-- [ RunTime:0.000462s ]
INFO: [ view_parse ] --START--
INFO: [ template_filter ] --START--
INFO: Run Behavior\ContentReplaceBehavior [ RunTime:0.000045s ]
INFO: [ template_filter ] --END-- [ RunTime:0.000087s ]
INFO: Run Behavior\ParseTemplateBehavior [ RunTime:0.004635s ]
INFO: [ view_parse ] --END-- [ RunTime:0.004684s ]
INFO: [ view_filter ] --START--
INFO: Run Behavior\WriteHtmlCacheBehavior [ RunTime:0.000211s ]
INFO: [ view_filter ] --END-- [ RunTime:0.000244s ]
INFO: [ app_end ] --START--
INFO: Run Behavior\ShowPageTraceBehavior [ RunTime:0.000460s ]
INFO: [ app_end ] --END-- [ RunTime:0.000497s ]

[ 2020-07-13T17:58:25+08:00 ] 42.236.10.93 /audit/index.php/Home/Login/verify
INFO: [ app_init ] --START--
INFO: Run Behavior\BuildLiteBehavior [ RunTime:0.000009s ]
INFO: [ app_init ] --END-- [ RunTime:0.000317s ]
INFO: [ app_begin ] --START--
INFO: Run Behavior\ReadHtmlCacheBehavior [ RunTime:0.000420s ]
INFO: [ app_begin ] --END-- [ RunTime:0.000456s ]
INFO: [ app_end ] --START--
INFO: Run Behavior\ShowPageTraceBehavior [ RunTime:0.000446s ]
INFO: [ app_end ] --END-- [ RunTime:0.000486s ]

[ 2020-07-13T18:19:36+08:00 ] 180.163.220.68 /audit/index.php/Home/Index/list_show
INFO: [ app_init ] --START--
INFO: Run Behavior\BuildLiteBehavior [ RunTime:0.000012s ]
INFO: [ app_init ] --END-- [ RunTime:0.000341s ]
INFO: [ app_begin ] --START--
INFO: Run Behavior\ReadHtmlCacheBehavior [ RunTime:0.000433s ]
INFO: [ app_begin ] --END-- [ RunTime:0.000470s ]

[ 2020-07-13T18:19:41+08:00 ] 180.163.220.68 /audit/index.php/Home/Index/list_show
INFO: [ app_init ] --START--
INFO: Run Behavior\BuildLiteBehavior [ RunTime:0.000013s ]
INFO: [ app_init ] --END-- [ RunTime:0.000335s ]
INFO: [ app_begin ] --START--
INFO: Run Behavior\ReadHtmlCacheBehavior [ RunTime:0.000446s ]
INFO: [ app_begin ] --END-- [ RunTime:0.000483s ]

[ 2020-07-13T18:19:45+08:00 ] 180.163.220.68 /audit/index.php/Home/Login/login.html
INFO: [ app_init ] --START--
INFO: Run Behavior\BuildLiteBehavior [ RunTime:0.000012s ]
INFO: [ app_init ] --END-- [ RunTime:0.000312s ]
INFO: [ app_begin ] --START--
INFO: Run Behavior\ReadHtmlCacheBehavior [ RunTime:0.000407s ]
INFO: [ app_begin ] --END-- [ RunTime:0.000444s ]
INFO: [ view_parse ] --START--
INFO: [ template_filter ] --START--
INFO: Run Behavior\ContentReplaceBehavior [ RunTime:0.000045s ]
INFO: [ template_filter ] --END-- [ RunTime:0.000081s ]
INFO: Run Behavior\ParseTemplateBehavior [ RunTime:0.004485s ]
INFO: [ view_parse ] --END-- [ RunTime:0.004523s ]
INFO: [ view_filter ] --START--
INFO: Run Behavior\WriteHtmlCacheBehavior [ RunTime:0.000204s ]
INFO: [ view_filter ] --END-- [ RunTime:0.000231s ]
INFO: [ app_end ] --START--
INFO: Run Behavior\ShowPageTraceBehavior [ RunTime:0.000407s ]
INFO: [ app_end ] --END-- [ RunTime:0.000438s ]

[ 2020-07-13T18:19:49+08:00 ] 180.163.220.68 /audit/index.php/Home/Login/verify
INFO: [ app_init ] --START--
INFO: Run Behavior\BuildLiteBehavior [ RunTime:0.000010s ]
INFO: [ app_init ] --END-- [ RunTime:0.000306s ]
INFO: [ app_begin ] --START--
INFO: Run Behavior\ReadHtmlCacheBehavior [ RunTime:0.000392s ]
INFO: [ app_begin ] --END-- [ RunTime:0.000427s ]
INFO: [ app_end ] --START--
INFO: Run Behavior\ShowPageTraceBehavior [ RunTime:0.000441s ]
INFO: [ app_end ] --END-- [ RunTime:0.000481s ]

