[ 2020-11-06T08:49:15+08:00 ] 112.64.195.7 /audit/index.php/Home/Login/login.html
INFO: [ app_init ] --START--
INFO: Run Behavior\BuildLiteBehavior [ RunTime:0.000014s ]
INFO: [ app_init ] --END-- [ RunTime:0.000456s ]
INFO: [ app_begin ] --START--
INFO: Run Behavior\ReadHtmlCacheBehavior [ RunTime:0.000545s ]
INFO: [ app_begin ] --END-- [ RunTime:0.000584s ]
INFO: [ view_parse ] --START--
INFO: [ template_filter ] --START--
INFO: Run Behavior\ContentReplaceBehavior [ RunTime:0.000059s ]
INFO: [ template_filter ] --END-- [ RunTime:0.000108s ]
INFO: Run Behavior\ParseTemplateBehavior [ RunTime:0.004913s ]
INFO: [ view_parse ] --END-- [ RunTime:0.004950s ]
INFO: [ view_filter ] --START--
INFO: Run Behavior\WriteHtmlCacheBehavior [ RunTime:0.000200s ]
INFO: [ view_filter ] --END-- [ RunTime:0.000225s ]
INFO: [ app_end ] --START--
INFO: Run Behavior\ShowPageTraceBehavior [ RunTime:0.000453s ]
INFO: [ app_end ] --END-- [ RunTime:0.000483s ]

[ 2020-11-06T08:49:15+08:00 ] 112.64.195.7 /audit/index.php/Home/Login/verify
INFO: [ app_init ] --START--
INFO: Run Behavior\BuildLiteBehavior [ RunTime:0.000009s ]
INFO: [ app_init ] --END-- [ RunTime:0.000313s ]
INFO: [ app_begin ] --START--
INFO: Run Behavior\ReadHtmlCacheBehavior [ RunTime:0.000413s ]
INFO: [ app_begin ] --END-- [ RunTime:0.000448s ]
INFO: [ app_end ] --START--
INFO: Run Behavior\ShowPageTraceBehavior [ RunTime:0.000434s ]
INFO: [ app_end ] --END-- [ RunTime:0.000475s ]

[ 2020-11-06T08:49:26+08:00 ] 112.64.195.7 /audit/index.php/Home/Login/login_val
INFO: [ app_init ] --START--
INFO: Run Behavior\BuildLiteBehavior [ RunTime:0.000010s ]
INFO: [ app_init ] --END-- [ RunTime:0.000337s ]
INFO: [ app_begin ] --START--
INFO: Run Behavior\ReadHtmlCacheBehavior [ RunTime:0.000455s ]
INFO: [ app_begin ] --END-- [ RunTime:0.000492s ]
SQL: SHOW COLUMNS FROM `admin` [ RunTime:0.0006s ]
SQL: SELECT * FROM `admin` WHERE `user_name` = 'admin' AND `password` = 'ae6c87fe' LIMIT 1   [ RunTime:0.0001s ]

[ 2020-11-06T08:49:26+08:00 ] 112.64.195.7 /audit/index.php/Home/Index/index
INFO: [ app_init ] --START--
INFO: Run Behavior\BuildLiteBehavior [ RunTime:0.000009s ]
INFO: [ app_init ] --END-- [ RunTime:0.000291s ]
INFO: [ app_begin ] --START--
INFO: Run Behavior\ReadHtmlCacheBehavior [ RunTime:0.000451s ]
INFO: [ app_begin ] --END-- [ RunTime:0.000487s ]
SQL: SHOW COLUMNS FROM `contract` [ RunTime:0.0006s ]
SQL: SELECT * FROM `contract` WHERE `belong_year` = '2020'  [ RunTime:0.0004s ]
SQL: SHOW COLUMNS FROM `item` [ RunTime:0.0004s ]
SQL: SELECT `item_supervisor`,`item_name`,`su_company` FROM `item` WHERE ( 1=1 AND item_id='12' ) LIMIT 1   [ RunTime:0.0001s ]
SQL: SELECT `item_supervisor`,`item_name`,`su_company` FROM `item` WHERE ( 1=1 AND item_id='35' ) LIMIT 1   [ RunTime:0.0001s ]
SQL: SELECT `item_supervisor`,`item_name`,`su_company` FROM `item` WHERE ( 1=1 AND item_id='37' ) LIMIT 1   [ RunTime:0.0001s ]
SQL: SELECT `item_supervisor`,`item_name`,`su_company` FROM `item` WHERE ( 1=1 AND item_id='34' ) LIMIT 1   [ RunTime:0.0001s ]
SQL: SELECT `item_supervisor`,`item_name`,`su_company` FROM `item` WHERE ( 1=1 AND item_id='37' ) LIMIT 1   [ RunTime:0.0001s ]
SQL: SELECT `item_supervisor`,`item_name`,`su_company` FROM `item` WHERE ( 1=1 AND item_id='7' ) LIMIT 1   [ RunTime:0.0001s ]
SQL: SELECT `item_supervisor`,`item_name`,`su_company` FROM `item` WHERE ( 1=1 AND item_id='7' ) LIMIT 1   [ RunTime:0.0000s ]
SQL: SELECT `item_supervisor`,`item_name`,`su_company` FROM `item` WHERE ( 1=1 AND item_id='39' ) LIMIT 1   [ RunTime:0.0001s ]
SQL: SELECT `item_supervisor`,`item_name`,`su_company` FROM `item` WHERE ( 1=1 AND item_id='37' ) LIMIT 1   [ RunTime:0.0001s ]
SQL: SELECT `item_supervisor`,`item_name`,`su_company` FROM `item` WHERE ( 1=1 AND item_id='35' ) LIMIT 1   [ RunTime:0.0001s ]
SQL: SELECT `item_supervisor`,`item_name`,`su_company` FROM `item` WHERE ( 1=1 AND item_id='36' ) LIMIT 1   [ RunTime:0.0001s ]
SQL: SELECT `item_supervisor`,`item_name`,`su_company` FROM `item` WHERE ( 1=1 AND item_id='23' ) LIMIT 1   [ RunTime:0.0001s ]
SQL: SELECT `item_supervisor`,`item_name`,`su_company` FROM `item` WHERE ( 1=1 AND item_id='35' ) LIMIT 1   [ RunTime:0.0001s ]
SQL: SELECT `item_supervisor`,`item_name`,`su_company` FROM `item` WHERE ( 1=1 AND item_id='35' ) LIMIT 1   [ RunTime:0.0001s ]
SQL: SELECT `item_supervisor`,`item_name`,`su_company` FROM `item` WHERE ( 1=1 AND item_id='37' ) LIMIT 1   [ RunTime:0.0001s ]
SQL: SELECT `item_supervisor`,`item_name`,`su_company` FROM `item` WHERE ( 1=1 AND item_id='6' ) LIMIT 1   [ RunTime:0.0001s ]
SQL: SELECT `item_supervisor`,`item_name`,`su_company` FROM `item` WHERE ( 1=1 AND item_id='35' ) LIMIT 1   [ RunTime:0.0001s ]
SQL: SELECT `item_supervisor`,`item_name`,`su_company` FROM `item` WHERE ( 1=1 AND item_id='36' ) LIMIT 1   [ RunTime:0.0001s ]
SQL: SELECT `item_supervisor`,`item_name`,`su_company` FROM `item` WHERE ( 1=1 AND item_id='39' ) LIMIT 1   [ RunTime:0.0001s ]
SQL: SELECT `item_supervisor`,`item_name`,`su_company` FROM `item` WHERE ( 1=1 AND item_id='23' ) LIMIT 1   [ RunTime:0.0001s ]
SQL: SELECT `item_supervisor`,`item_name`,`su_company` FROM `item` WHERE ( 1=1 AND item_id='36' ) LIMIT 1   [ RunTime:0.0001s ]
SQL: SELECT `item_supervisor`,`item_name`,`su_company` FROM `item` WHERE ( 1=1 AND item_id='35' ) LIMIT 1   [ RunTime:0.0001s ]
SQL: SELECT `item_supervisor`,`item_name`,`su_company` FROM `item` WHERE ( 1=1 AND item_id='38' ) LIMIT 1   [ RunTime:0.0001s ]
SQL: SELECT `item_supervisor`,`item_name`,`su_company` FROM `item` WHERE ( 1=1 AND item_id='38' ) LIMIT 1   [ RunTime:0.0001s ]
SQL: SELECT `item_supervisor`,`item_name`,`su_company` FROM `item` WHERE ( 1=1 AND item_id='38' ) LIMIT 1   [ RunTime:0.0001s ]
SQL: SELECT `item_supervisor`,`item_name`,`su_company` FROM `item` WHERE ( 1=1 AND item_id='37' ) LIMIT 1   [ RunTime:0.0001s ]
SQL: SELECT `item_supervisor`,`item_name`,`su_company` FROM `item` WHERE ( 1=1 AND item_id='37' ) LIMIT 1   [ RunTime:0.0001s ]
SQL: SELECT `item_supervisor`,`item_name`,`su_company` FROM `item` WHERE ( 1=1 AND item_id='35' ) LIMIT 1   [ RunTime:0.0001s ]
SQL: SELECT `item_supervisor`,`item_name`,`su_company` FROM `item` WHERE ( 1=1 AND item_id='39' ) LIMIT 1   [ RunTime:0.0001s ]
SQL: SELECT `item_supervisor`,`item_name`,`su_company` FROM `item` WHERE ( 1=1 AND item_id='39' ) LIMIT 1   [ RunTime:0.0001s ]
SQL: SELECT `item_supervisor`,`item_name`,`su_company` FROM `item` WHERE ( 1=1 AND item_id='39' ) LIMIT 1   [ RunTime:0.0001s ]
SQL: SELECT `item_supervisor`,`item_name`,`su_company` FROM `item` WHERE ( 1=1 AND item_id='39' ) LIMIT 1   [ RunTime:0.0001s ]
SQL: SELECT `item_supervisor`,`item_name`,`su_company` FROM `item` WHERE ( 1=1 AND item_id='39' ) LIMIT 1   [ RunTime:0.0001s ]
SQL: SELECT `item_supervisor`,`item_name`,`su_company` FROM `item` WHERE ( 1=1 AND item_id='39' ) LIMIT 1   [ RunTime:0.0001s ]
SQL: SELECT `item_supervisor`,`item_name`,`su_company` FROM `item` WHERE ( 1=1 AND item_id='23' ) LIMIT 1   [ RunTime:0.0001s ]
SQL: SELECT `item_supervisor`,`item_name`,`su_company` FROM `item` WHERE ( 1=1 AND item_id='37' ) LIMIT 1   [ RunTime:0.0001s ]
SQL: SELECT `item_supervisor`,`item_name`,`su_company` FROM `item` WHERE ( 1=1 AND item_id='39' ) LIMIT 1   [ RunTime:0.0001s ]
SQL: SELECT `item_supervisor`,`item_name`,`su_company` FROM `item` WHERE ( 1=1 AND item_id='40' ) LIMIT 1   [ RunTime:0.0001s ]
SQL: SELECT `item_supervisor`,`item_name`,`su_company` FROM `item` WHERE ( 1=1 AND item_id='41' ) LIMIT 1   [ RunTime:0.0001s ]
SQL: SELECT `item_supervisor`,`item_name`,`su_company` FROM `item` WHERE ( 1=1 AND item_id='30' ) LIMIT 1   [ RunTime:0.0001s ]
SQL: SELECT `item_supervisor`,`item_name`,`su_company` FROM `item` WHERE ( 1=1 AND item_id='35' ) LIMIT 1   [ RunTime:0.0001s ]
SQL: SELECT `item_supervisor`,`item_name`,`su_company` FROM `item` WHERE ( 1=1 AND item_id='38' ) LIMIT 1   [ RunTime:0.0001s ]
SQL: SELECT `item_supervisor`,`item_name`,`su_company` FROM `item` WHERE ( 1=1 AND item_id='38' ) LIMIT 1   [ RunTime:0.0001s ]
SQL: SELECT `item_supervisor`,`item_name`,`su_company` FROM `item` WHERE ( 1=1 AND item_id='41' ) LIMIT 1   [ RunTime:0.0001s ]
SQL: SELECT `item_supervisor`,`item_name`,`su_company` FROM `item` WHERE ( 1=1 AND item_id='42' ) LIMIT 1   [ RunTime:0.0001s ]
SQL: SELECT `item_supervisor`,`item_name`,`su_company` FROM `item` WHERE ( 1=1 AND item_id='35' ) LIMIT 1   [ RunTime:0.0001s ]
SQL: SELECT `item_supervisor`,`item_name`,`su_company` FROM `item` WHERE ( 1=1 AND item_id='6' ) LIMIT 1   [ RunTime:0.0001s ]
SQL: SELECT `item_supervisor`,`item_name`,`su_company` FROM `item` WHERE ( 1=1 AND item_id='37' ) LIMIT 1   [ RunTime:0.0001s ]
SQL: SELECT `item_supervisor`,`item_name`,`su_company` FROM `item` WHERE ( 1=1 AND item_id='39' ) LIMIT 1   [ RunTime:0.0001s ]
SQL: SELECT `item_supervisor`,`item_name`,`su_company` FROM `item` WHERE ( 1=1 AND item_id='40' ) LIMIT 1   [ RunTime:0.0001s ]
SQL: SELECT `item_supervisor`,`item_name`,`su_company` FROM `item` WHERE ( 1=1 AND item_id='34' ) LIMIT 1   [ RunTime:0.0001s ]
SQL: SELECT `item_supervisor`,`item_name`,`su_company` FROM `item` WHERE ( 1=1 AND item_id='23' ) LIMIT 1   [ RunTime:0.0001s ]
SQL: SELECT `item_supervisor`,`item_name`,`su_company` FROM `item` WHERE ( 1=1 AND item_id='40' ) LIMIT 1   [ RunTime:0.0001s ]
SQL: SELECT `item_supervisor`,`item_name`,`su_company` FROM `item` WHERE ( 1=1 AND item_id='37' ) LIMIT 1   [ RunTime:0.0001s ]
SQL: SELECT `item_supervisor`,`item_name`,`su_company` FROM `item` WHERE ( 1=1 AND item_id='37' ) LIMIT 1   [ RunTime:0.0001s ]
SQL: SELECT `item_supervisor`,`item_name`,`su_company` FROM `item` WHERE ( 1=1 AND item_id='41' ) LIMIT 1   [ RunTime:0.0001s ]
SQL: SELECT `item_supervisor`,`item_name`,`su_company` FROM `item` WHERE ( 1=1 AND item_id='41' ) LIMIT 1   [ RunTime:0.0001s ]
SQL: SELECT `item_supervisor`,`item_name`,`su_company` FROM `item` WHERE ( 1=1 AND item_id='41' ) LIMIT 1   [ RunTime:0.0001s ]
SQL: SELECT `item_supervisor`,`item_name`,`su_company` FROM `item` WHERE ( 1=1 AND item_id='41' ) LIMIT 1   [ RunTime:0.0001s ]
SQL: SELECT `item_supervisor`,`item_name`,`su_company` FROM `item` WHERE ( 1=1 AND item_id='41' ) LIMIT 1   [ RunTime:0.0001s ]
SQL: SELECT `item_supervisor`,`item_name`,`su_company` FROM `item` WHERE ( 1=1 AND item_id='38' ) LIMIT 1   [ RunTime:0.0001s ]
SQL: SELECT `item_supervisor`,`item_name`,`su_company` FROM `item` WHERE ( 1=1 AND item_id='38' ) LIMIT 1   [ RunTime:0.0001s ]
SQL: SELECT `item_supervisor`,`item_name`,`su_company` FROM `item` WHERE ( 1=1 AND item_id='41' ) LIMIT 1   [ RunTime:0.0001s ]
SQL: SELECT `item_supervisor`,`item_name`,`su_company` FROM `item` WHERE ( 1=1 AND item_id='40' ) LIMIT 1   [ RunTime:0.0000s ]
SQL: SELECT `item_supervisor`,`item_name`,`su_company` FROM `item` WHERE ( 1=1 AND item_id='41' ) LIMIT 1   [ RunTime:0.0001s ]
SQL: SELECT `item_supervisor`,`item_name`,`su_company` FROM `item` WHERE ( 1=1 AND item_id='41' ) LIMIT 1   [ RunTime:0.0001s ]
SQL: SELECT `item_supervisor`,`item_name`,`su_company` FROM `item` WHERE ( 1=1 AND item_id='42' ) LIMIT 1   [ RunTime:0.0001s ]
SQL: SELECT `item_supervisor`,`item_name`,`su_company` FROM `item` WHERE ( 1=1 AND item_id='41' ) LIMIT 1   [ RunTime:0.0001s ]
SQL: SELECT `item_supervisor`,`item_name`,`su_company` FROM `item` WHERE ( 1=1 AND item_id='40' ) LIMIT 1   [ RunTime:0.0001s ]
SQL: SELECT `item_supervisor`,`item_name`,`su_company` FROM `item` WHERE ( 1=1 AND item_id='23' ) LIMIT 1   [ RunTime:0.0001s ]
SQL: SELECT `item_supervisor`,`item_name`,`su_company` FROM `item` WHERE ( 1=1 AND item_id='41' ) LIMIT 1   [ RunTime:0.0001s ]
SQL: SELECT `item_supervisor`,`item_name`,`su_company` FROM `item` WHERE ( 1=1 AND item_id='23' ) LIMIT 1   [ RunTime:0.0001s ]
SQL: SELECT `item_supervisor`,`item_name`,`su_company` FROM `item` WHERE ( 1=1 AND item_id='35' ) LIMIT 1   [ RunTime:0.0001s ]
SQL: SELECT `item_supervisor`,`item_name`,`su_company` FROM `item` WHERE ( 1=1 AND item_id='38' ) LIMIT 1   [ RunTime:0.0001s ]
SQL: SELECT `item_supervisor`,`item_name`,`su_company` FROM `item` WHERE ( 1=1 AND item_id='37' ) LIMIT 1   [ RunTime:0.0001s ]
SQL: SELECT `item_supervisor`,`item_name`,`su_company` FROM `item` WHERE ( 1=1 AND item_id='32' ) LIMIT 1   [ RunTime:0.0001s ]
SQL: SELECT `item_supervisor`,`item_name`,`su_company` FROM `item` WHERE ( 1=1 AND item_id='38' ) LIMIT 1   [ RunTime:0.0001s ]
SQL: SELECT `item_supervisor`,`item_name`,`su_company` FROM `item` WHERE ( 1=1 AND item_id='41' ) LIMIT 1   [ RunTime:0.0001s ]
SQL: SELECT `item_supervisor`,`item_name`,`su_company` FROM `item` WHERE ( 1=1 AND item_id='6' ) LIMIT 1   [ RunTime:0.0001s ]
SQL: SELECT `item_supervisor`,`item_name`,`su_company` FROM `item` WHERE ( 1=1 AND item_id='35' ) LIMIT 1   [ RunTime:0.0001s ]
SQL: SELECT `item_supervisor`,`item_name`,`su_company` FROM `item` WHERE ( 1=1 AND item_id='6' ) LIMIT 1   [ RunTime:0.0001s ]
SQL: SELECT `item_supervisor`,`item_name`,`su_company` FROM `item` WHERE ( 1=1 AND item_id='41' ) LIMIT 1   [ RunTime:0.0001s ]
SQL: SELECT `item_supervisor`,`item_name`,`su_company` FROM `item` WHERE ( 1=1 AND item_id='38' ) LIMIT 1   [ RunTime:0.0001s ]
SQL: SELECT `item_supervisor`,`item_name`,`su_company` FROM `item` WHERE ( 1=1 AND item_id='38' ) LIMIT 1   [ RunTime:0.0001s ]
SQL: SELECT `item_supervisor`,`item_name`,`su_company` FROM `item` WHERE ( 1=1 AND item_id='41' ) LIMIT 1   [ RunTime:0.0001s ]
SQL: SELECT `item_supervisor`,`item_name`,`su_company` FROM `item` WHERE ( 1=1 AND item_id='38' ) LIMIT 1   [ RunTime:0.0001s ]
SQL: SELECT `item_supervisor`,`item_name`,`su_company` FROM `item` WHERE ( 1=1 AND item_id='23' ) LIMIT 1   [ RunTime:0.0001s ]
SQL: SELECT `item_supervisor`,`item_name`,`su_company` FROM `item` WHERE ( 1=1 AND item_id='23' ) LIMIT 1   [ RunTime:0.0001s ]
SQL: SHOW COLUMNS FROM `item` [ RunTime:0.0005s ]
SQL: SELECT `item_id`,`item_name` FROM `item` WHERE `item_state` = 0  [ RunTime:0.0001s ]
INFO: [ view_parse ] --START--
INFO: [ template_filter ] --START--
INFO: Run Behavior\ContentReplaceBehavior [ RunTime:0.000094s ]
INFO: [ template_filter ] --END-- [ RunTime:0.000132s ]
NOTIC: [2] number_format() expects parameter 1 to be double, string given /www/wwwroot/dhuyb.cn/audit/Application/Runtime/Cache/Home/2a94b8bda04ff446dcedd42276fc99ee.php 第 149 行.
NOTIC: [2] number_format() expects parameter 1 to be double, string given /www/wwwroot/dhuyb.cn/audit/Application/Runtime/Cache/Home/2a94b8bda04ff446dcedd42276fc99ee.php 第 149 行.
NOTIC: [2] number_format() expects parameter 1 to be double, string given /www/wwwroot/dhuyb.cn/audit/Application/Runtime/Cache/Home/2a94b8bda04ff446dcedd42276fc99ee.php 第 149 行.
NOTIC: [2] number_format() expects parameter 1 to be double, string given /www/wwwroot/dhuyb.cn/audit/Application/Runtime/Cache/Home/2a94b8bda04ff446dcedd42276fc99ee.php 第 149 行.
NOTIC: [8] A non well formed numeric value encountered /www/wwwroot/dhuyb.cn/audit/Application/Runtime/Cache/Home/2a94b8bda04ff446dcedd42276fc99ee.php 第 149 行.
NOTIC: [2] number_format() expects parameter 1 to be double, string given /www/wwwroot/dhuyb.cn/audit/Application/Runtime/Cache/Home/2a94b8bda04ff446dcedd42276fc99ee.php 第 149 行.
NOTIC: [2] number_format() expects parameter 1 to be double, string given /www/wwwroot/dhuyb.cn/audit/Application/Runtime/Cache/Home/2a94b8bda04ff446dcedd42276fc99ee.php 第 149 行.
INFO: Run Behavior\ParseTemplateBehavior [ RunTime:0.010252s ]
INFO: [ view_parse ] --END-- [ RunTime:0.010284s ]
INFO: [ view_filter ] --START--
INFO: Run Behavior\WriteHtmlCacheBehavior [ RunTime:0.000221s ]
INFO: [ view_filter ] --END-- [ RunTime:0.000248s ]
INFO: [ app_end ] --START--
INFO: Run Behavior\ShowPageTraceBehavior [ RunTime:0.000860s ]
INFO: [ app_end ] --END-- [ RunTime:0.000907s ]

[ 2020-11-06T08:49:31+08:00 ] 112.64.195.7 /audit/index.php/Home/Index/list_show?item_id=6
INFO: [ app_init ] --START--
INFO: Run Behavior\BuildLiteBehavior [ RunTime:0.000012s ]
INFO: [ app_init ] --END-- [ RunTime:0.000380s ]
INFO: [ app_begin ] --START--
INFO: Run Behavior\ReadHtmlCacheBehavior [ RunTime:0.000408s ]
INFO: [ app_begin ] --END-- [ RunTime:0.000443s ]
SQL: SHOW COLUMNS FROM `contract` [ RunTime:0.0007s ]
SQL: SELECT * FROM `contract` WHERE `item_id` = '6' ORDER BY belong_year asc,id  [ RunTime:0.0011s ]
SQL: SHOW COLUMNS FROM `paylist` [ RunTime:0.0003s ]
SQL: SELECT `vote_time`,`pay_amount`,`id`,`pay_time`,`ratio` FROM `paylist` WHERE ( 1=1 AND contract_id='2017-4' )  [ RunTime:0.0001s ]
SQL: SHOW COLUMNS FROM `item` [ RunTime:0.0003s ]
SQL: SELECT `item_supervisor`,`item_name`,`su_company` FROM `item` WHERE ( 1=1 AND item_id='6' ) LIMIT 1   [ RunTime:0.0001s ]
SQL: SELECT `vote_time`,`pay_amount`,`id`,`pay_time`,`ratio` FROM `paylist` WHERE ( 1=1 AND contract_id='2017-13' )  [ RunTime:0.0001s ]
SQL: SELECT `item_supervisor`,`item_name`,`su_company` FROM `item` WHERE ( 1=1 AND item_id='6' ) LIMIT 1   [ RunTime:0.0001s ]
SQL: SELECT `vote_time`,`pay_amount`,`id`,`pay_time`,`ratio` FROM `paylist` WHERE ( 1=1 AND contract_id='2017-40' )  [ RunTime:0.0001s ]
SQL: SELECT `item_supervisor`,`item_name`,`su_company` FROM `item` WHERE ( 1=1 AND item_id='6' ) LIMIT 1   [ RunTime:0.0001s ]
SQL: SELECT `vote_time`,`pay_amount`,`id`,`pay_time`,`ratio` FROM `paylist` WHERE ( 1=1 AND contract_id='2017-41' )  [ RunTime:0.0001s ]
SQL: SELECT `item_supervisor`,`item_name`,`su_company` FROM `item` WHERE ( 1=1 AND item_id='6' ) LIMIT 1   [ RunTime:0.0001s ]
SQL: SELECT `vote_time`,`pay_amount`,`id`,`pay_time`,`ratio` FROM `paylist` WHERE ( 1=1 AND contract_id='2017-42' )  [ RunTime:0.0001s ]
SQL: SELECT `item_supervisor`,`item_name`,`su_company` FROM `item` WHERE ( 1=1 AND item_id='6' ) LIMIT 1   [ RunTime:0.0001s ]
SQL: SELECT `vote_time`,`pay_amount`,`id`,`pay_time`,`ratio` FROM `paylist` WHERE ( 1=1 AND contract_id='2017-43' )  [ RunTime:0.0001s ]
SQL: SELECT `item_supervisor`,`item_name`,`su_company` FROM `item` WHERE ( 1=1 AND item_id='6' ) LIMIT 1   [ RunTime:0.0001s ]
SQL: SELECT `vote_time`,`pay_amount`,`id`,`pay_time`,`ratio` FROM `paylist` WHERE ( 1=1 AND contract_id='2017-57' )  [ RunTime:0.0001s ]
SQL: SELECT `item_supervisor`,`item_name`,`su_company` FROM `item` WHERE ( 1=1 AND item_id='6' ) LIMIT 1   [ RunTime:0.0001s ]
SQL: SELECT `vote_time`,`pay_amount`,`id`,`pay_time`,`ratio` FROM `paylist` WHERE ( 1=1 AND contract_id='2017-59' )  [ RunTime:0.0001s ]
SQL: SELECT `item_supervisor`,`item_name`,`su_company` FROM `item` WHERE ( 1=1 AND item_id='6' ) LIMIT 1   [ RunTime:0.0001s ]
SQL: SELECT `vote_time`,`pay_amount`,`id`,`pay_time`,`ratio` FROM `paylist` WHERE ( 1=1 AND contract_id='2017-84' )  [ RunTime:0.0001s ]
SQL: SELECT `item_supervisor`,`item_name`,`su_company` FROM `item` WHERE ( 1=1 AND item_id='6' ) LIMIT 1   [ RunTime:0.0001s ]
SQL: SELECT `vote_time`,`pay_amount`,`id`,`pay_time`,`ratio` FROM `paylist` WHERE ( 1=1 AND contract_id='2018-19' )  [ RunTime:0.0001s ]
SQL: SELECT `item_supervisor`,`item_name`,`su_company` FROM `item` WHERE ( 1=1 AND item_id='6' ) LIMIT 1   [ RunTime:0.0001s ]
SQL: SELECT `vote_time`,`pay_amount`,`id`,`pay_time`,`ratio` FROM `paylist` WHERE ( 1=1 AND contract_id='2018-20' )  [ RunTime:0.0001s ]
SQL: SELECT `item_supervisor`,`item_name`,`su_company` FROM `item` WHERE ( 1=1 AND item_id='6' ) LIMIT 1   [ RunTime:0.0001s ]
SQL: SELECT `vote_time`,`pay_amount`,`id`,`pay_time`,`ratio` FROM `paylist` WHERE ( 1=1 AND contract_id='2018-24' )  [ RunTime:0.0001s ]
SQL: SELECT `item_supervisor`,`item_name`,`su_company` FROM `item` WHERE ( 1=1 AND item_id='6' ) LIMIT 1   [ RunTime:0.0001s ]
SQL: SELECT `vote_time`,`pay_amount`,`id`,`pay_time`,`ratio` FROM `paylist` WHERE ( 1=1 AND contract_id='2018-30' )  [ RunTime:0.0001s ]
SQL: SELECT `item_supervisor`,`item_name`,`su_company` FROM `item` WHERE ( 1=1 AND item_id='6' ) LIMIT 1   [ RunTime:0.0001s ]
SQL: SELECT `vote_time`,`pay_amount`,`id`,`pay_time`,`ratio` FROM `paylist` WHERE ( 1=1 AND contract_id='2018-87' )  [ RunTime:0.0001s ]
SQL: SELECT `item_supervisor`,`item_name`,`su_company` FROM `item` WHERE ( 1=1 AND item_id='6' ) LIMIT 1   [ RunTime:0.0001s ]
SQL: SELECT `vote_time`,`pay_amount`,`id`,`pay_time`,`ratio` FROM `paylist` WHERE ( 1=1 AND contract_id='2018-111' )  [ RunTime:0.0001s ]
SQL: SELECT `item_supervisor`,`item_name`,`su_company` FROM `item` WHERE ( 1=1 AND item_id='6' ) LIMIT 1   [ RunTime:0.0001s ]
SQL: SELECT `vote_time`,`pay_amount`,`id`,`pay_time`,`ratio` FROM `paylist` WHERE ( 1=1 AND contract_id='2018-112' )  [ RunTime:0.0001s ]
SQL: SELECT `item_supervisor`,`item_name`,`su_company` FROM `item` WHERE ( 1=1 AND item_id='6' ) LIMIT 1   [ RunTime:0.0001s ]
SQL: SELECT `vote_time`,`pay_amount`,`id`,`pay_time`,`ratio` FROM `paylist` WHERE ( 1=1 AND contract_id='2018-139' )  [ RunTime:0.0001s ]
SQL: SELECT `item_supervisor`,`item_name`,`su_company` FROM `item` WHERE ( 1=1 AND item_id='6' ) LIMIT 1   [ RunTime:0.0001s ]
SQL: SELECT `vote_time`,`pay_amount`,`id`,`pay_time`,`ratio` FROM `paylist` WHERE ( 1=1 AND contract_id='2018-142' )  [ RunTime:0.0001s ]
SQL: SELECT `item_supervisor`,`item_name`,`su_company` FROM `item` WHERE ( 1=1 AND item_id='6' ) LIMIT 1   [ RunTime:0.0001s ]
SQL: SELECT `vote_time`,`pay_amount`,`id`,`pay_time`,`ratio` FROM `paylist` WHERE ( 1=1 AND contract_id='2018-145' )  [ RunTime:0.0001s ]
SQL: SELECT `item_supervisor`,`item_name`,`su_company` FROM `item` WHERE ( 1=1 AND item_id='6' ) LIMIT 1   [ RunTime:0.0001s ]
SQL: SELECT `vote_time`,`pay_amount`,`id`,`pay_time`,`ratio` FROM `paylist` WHERE ( 1=1 AND contract_id='2018-148' )  [ RunTime:0.0001s ]
SQL: SELECT `item_supervisor`,`item_name`,`su_company` FROM `item` WHERE ( 1=1 AND item_id='6' ) LIMIT 1   [ RunTime:0.0001s ]
SQL: SELECT `vote_time`,`pay_amount`,`id`,`pay_time`,`ratio` FROM `paylist` WHERE ( 1=1 AND contract_id='2018-149' )  [ RunTime:0.0001s ]
SQL: SELECT `item_supervisor`,`item_name`,`su_company` FROM `item` WHERE ( 1=1 AND item_id='6' ) LIMIT 1   [ RunTime:0.0001s ]
SQL: SELECT `vote_time`,`pay_amount`,`id`,`pay_time`,`ratio` FROM `paylist` WHERE ( 1=1 AND contract_id='2018-157' )  [ RunTime:0.0001s ]
SQL: SELECT `item_supervisor`,`item_name`,`su_company` FROM `item` WHERE ( 1=1 AND item_id='6' ) LIMIT 1   [ RunTime:0.0001s ]
SQL: SELECT `vote_time`,`pay_amount`,`id`,`pay_time`,`ratio` FROM `paylist` WHERE ( 1=1 AND contract_id='2018-158' )  [ RunTime:0.0001s ]
SQL: SELECT `item_supervisor`,`item_name`,`su_company` FROM `item` WHERE ( 1=1 AND item_id='6' ) LIMIT 1   [ RunTime:0.0001s ]
SQL: SELECT `vote_time`,`pay_amount`,`id`,`pay_time`,`ratio` FROM `paylist` WHERE ( 1=1 AND contract_id='2018-160' )  [ RunTime:0.0001s ]
SQL: SELECT `item_supervisor`,`item_name`,`su_company` FROM `item` WHERE ( 1=1 AND item_id='6' ) LIMIT 1   [ RunTime:0.0001s ]
SQL: SELECT `vote_time`,`pay_amount`,`id`,`pay_time`,`ratio` FROM `paylist` WHERE ( 1=1 AND contract_id='2018-165' )  [ RunTime:0.0001s ]
SQL: SELECT `item_supervisor`,`item_name`,`su_company` FROM `item` WHERE ( 1=1 AND item_id='6' ) LIMIT 1   [ RunTime:0.0001s ]
SQL: SELECT `vote_time`,`pay_amount`,`id`,`pay_time`,`ratio` FROM `paylist` WHERE ( 1=1 AND contract_id='2019-14' )  [ RunTime:0.0001s ]
SQL: SELECT `item_supervisor`,`item_name`,`su_company` FROM `item` WHERE ( 1=1 AND item_id='6' ) LIMIT 1   [ RunTime:0.0001s ]
SQL: SELECT `vote_time`,`pay_amount`,`id`,`pay_time`,`ratio` FROM `paylist` WHERE ( 1=1 AND contract_id='2019-18' )  [ RunTime:0.0001s ]
SQL: SELECT `item_supervisor`,`item_name`,`su_company` FROM `item` WHERE ( 1=1 AND item_id='6' ) LIMIT 1   [ RunTime:0.0001s ]
SQL: SELECT `vote_time`,`pay_amount`,`id`,`pay_time`,`ratio` FROM `paylist` WHERE ( 1=1 AND contract_id='2019-19' )  [ RunTime:0.0001s ]
SQL: SELECT `item_supervisor`,`item_name`,`su_company` FROM `item` WHERE ( 1=1 AND item_id='6' ) LIMIT 1   [ RunTime:0.0001s ]
SQL: SELECT `vote_time`,`pay_amount`,`id`,`pay_time`,`ratio` FROM `paylist` WHERE ( 1=1 AND contract_id='2019-20' )  [ RunTime:0.0001s ]
SQL: SELECT `item_supervisor`,`item_name`,`su_company` FROM `item` WHERE ( 1=1 AND item_id='6' ) LIMIT 1   [ RunTime:0.0001s ]
SQL: SELECT `vote_time`,`pay_amount`,`id`,`pay_time`,`ratio` FROM `paylist` WHERE ( 1=1 AND contract_id='2019-28' )  [ RunTime:0.0001s ]
SQL: SELECT `item_supervisor`,`item_name`,`su_company` FROM `item` WHERE ( 1=1 AND item_id='6' ) LIMIT 1   [ RunTime:0.0001s ]
SQL: SELECT `vote_time`,`pay_amount`,`id`,`pay_time`,`ratio` FROM `paylist` WHERE ( 1=1 AND contract_id='2019-39' )  [ RunTime:0.0001s ]
SQL: SELECT `item_supervisor`,`item_name`,`su_company` FROM `item` WHERE ( 1=1 AND item_id='6' ) LIMIT 1   [ RunTime:0.0001s ]
SQL: SELECT `vote_time`,`pay_amount`,`id`,`pay_time`,`ratio` FROM `paylist` WHERE ( 1=1 AND contract_id='2019-47' )  [ RunTime:0.0001s ]
SQL: SELECT `item_supervisor`,`item_name`,`su_company` FROM `item` WHERE ( 1=1 AND item_id='6' ) LIMIT 1   [ RunTime:0.0001s ]
SQL: SELECT `vote_time`,`pay_amount`,`id`,`pay_time`,`ratio` FROM `paylist` WHERE ( 1=1 AND contract_id='2019-76' )  [ RunTime:0.0001s ]
SQL: SELECT `item_supervisor`,`item_name`,`su_company` FROM `item` WHERE ( 1=1 AND item_id='6' ) LIMIT 1   [ RunTime:0.0001s ]
SQL: SELECT `vote_time`,`pay_amount`,`id`,`pay_time`,`ratio` FROM `paylist` WHERE ( 1=1 AND contract_id='2019-85' )  [ RunTime:0.0001s ]
SQL: SELECT `item_supervisor`,`item_name`,`su_company` FROM `item` WHERE ( 1=1 AND item_id='6' ) LIMIT 1   [ RunTime:0.0001s ]
SQL: SELECT `vote_time`,`pay_amount`,`id`,`pay_time`,`ratio` FROM `paylist` WHERE ( 1=1 AND contract_id='2019-88' )  [ RunTime:0.0001s ]
SQL: SELECT `item_supervisor`,`item_name`,`su_company` FROM `item` WHERE ( 1=1 AND item_id='6' ) LIMIT 1   [ RunTime:0.0001s ]
SQL: SELECT `vote_time`,`pay_amount`,`id`,`pay_time`,`ratio` FROM `paylist` WHERE ( 1=1 AND contract_id='2019-120' )  [ RunTime:0.0001s ]
SQL: SELECT `item_supervisor`,`item_name`,`su_company` FROM `item` WHERE ( 1=1 AND item_id='6' ) LIMIT 1   [ RunTime:0.0001s ]
SQL: SELECT `vote_time`,`pay_amount`,`id`,`pay_time`,`ratio` FROM `paylist` WHERE ( 1=1 AND contract_id='2019-125' )  [ RunTime:0.0001s ]
SQL: SELECT `item_supervisor`,`item_name`,`su_company` FROM `item` WHERE ( 1=1 AND item_id='6' ) LIMIT 1   [ RunTime:0.0001s ]
SQL: SELECT `vote_time`,`pay_amount`,`id`,`pay_time`,`ratio` FROM `paylist` WHERE ( 1=1 AND contract_id='2019-127' )  [ RunTime:0.0001s ]
SQL: SELECT `item_supervisor`,`item_name`,`su_company` FROM `item` WHERE ( 1=1 AND item_id='6' ) LIMIT 1   [ RunTime:0.0001s ]
SQL: SELECT `vote_time`,`pay_amount`,`id`,`pay_time`,`ratio` FROM `paylist` WHERE ( 1=1 AND contract_id='2020-16' )  [ RunTime:0.0001s ]
SQL: SELECT `item_supervisor`,`item_name`,`su_company` FROM `item` WHERE ( 1=1 AND item_id='6' ) LIMIT 1   [ RunTime:0.0001s ]
SQL: SELECT `vote_time`,`pay_amount`,`id`,`pay_time`,`ratio` FROM `paylist` WHERE ( 1=1 AND contract_id='2020-47' )  [ RunTime:0.0001s ]
SQL: SELECT `item_supervisor`,`item_name`,`su_company` FROM `item` WHERE ( 1=1 AND item_id='6' ) LIMIT 1   [ RunTime:0.0001s ]
SQL: SELECT `vote_time`,`pay_amount`,`id`,`pay_time`,`ratio` FROM `paylist` WHERE ( 1=1 AND contract_id='2020-79' )  [ RunTime:0.0001s ]
SQL: SELECT `item_supervisor`,`item_name`,`su_company` FROM `item` WHERE ( 1=1 AND item_id='6' ) LIMIT 1   [ RunTime:0.0001s ]
SQL: SELECT `vote_time`,`pay_amount`,`id`,`pay_time`,`ratio` FROM `paylist` WHERE ( 1=1 AND contract_id='2020-81' )  [ RunTime:0.0001s ]
SQL: SELECT `item_supervisor`,`item_name`,`su_company` FROM `item` WHERE ( 1=1 AND item_id='6' ) LIMIT 1   [ RunTime:0.0000s ]
SQL: SHOW COLUMNS FROM `item` [ RunTime:0.0006s ]
SQL: SELECT `item_id`,`item_name` FROM `item` WHERE `item_state` = 0  [ RunTime:0.0001s ]
SQL: SELECT `item_id`,`item_supervisor`,`item_name`,`su_company` FROM `item` WHERE `item_id` = '6' LIMIT 1   [ RunTime:0.0001s ]
INFO: [ view_parse ] --START--
INFO: [ template_filter ] --START--
INFO: Run Behavior\ContentReplaceBehavior [ RunTime:0.000170s ]
INFO: [ template_filter ] --END-- [ RunTime:0.000227s ]
NOTIC: [8] Undefined variable: count_year /www/wwwroot/dhuyb.cn/audit/Application/Runtime/Cache/Home/953824c20aef53ae2750e20ed86d0cd1.php 第 105 行.
NOTIC: [8] Undefined variable: count_year /www/wwwroot/dhuyb.cn/audit/Application/Runtime/Cache/Home/953824c20aef53ae2750e20ed86d0cd1.php 第 105 行.
NOTIC: [8] Undefined variable: count_year /www/wwwroot/dhuyb.cn/audit/Application/Runtime/Cache/Home/953824c20aef53ae2750e20ed86d0cd1.php 第 105 行.
NOTIC: [8] Undefined variable: count_year /www/wwwroot/dhuyb.cn/audit/Application/Runtime/Cache/Home/953824c20aef53ae2750e20ed86d0cd1.php 第 105 行.
NOTIC: [8] Undefined variable: count_year /www/wwwroot/dhuyb.cn/audit/Application/Runtime/Cache/Home/953824c20aef53ae2750e20ed86d0cd1.php 第 105 行.
NOTIC: [8] Undefined variable: count_year /www/wwwroot/dhuyb.cn/audit/Application/Runtime/Cache/Home/953824c20aef53ae2750e20ed86d0cd1.php 第 105 行.
NOTIC: [2] number_format() expects parameter 1 to be double, string given /www/wwwroot/dhuyb.cn/audit/Application/Runtime/Cache/Home/953824c20aef53ae2750e20ed86d0cd1.php 第 156 行.
NOTIC: [2] number_format() expects parameter 1 to be double, string given /www/wwwroot/dhuyb.cn/audit/Application/Runtime/Cache/Home/953824c20aef53ae2750e20ed86d0cd1.php 第 253 行.
NOTIC: [2] number_format() expects parameter 1 to be double, string given /www/wwwroot/dhuyb.cn/audit/Application/Runtime/Cache/Home/953824c20aef53ae2750e20ed86d0cd1.php 第 253 行.
NOTIC: [2] number_format() expects parameter 1 to be double, string given /www/wwwroot/dhuyb.cn/audit/Application/Runtime/Cache/Home/953824c20aef53ae2750e20ed86d0cd1.php 第 253 行.
NOTIC: [2] number_format() expects parameter 1 to be double, string given /www/wwwroot/dhuyb.cn/audit/Application/Runtime/Cache/Home/953824c20aef53ae2750e20ed86d0cd1.php 第 253 行.
NOTIC: [2] number_format() expects parameter 1 to be double, string given /www/wwwroot/dhuyb.cn/audit/Application/Runtime/Cache/Home/953824c20aef53ae2750e20ed86d0cd1.php 第 253 行.
NOTIC: [2] number_format() expects parameter 1 to be double, string given /www/wwwroot/dhuyb.cn/audit/Application/Runtime/Cache/Home/953824c20aef53ae2750e20ed86d0cd1.php 第 253 行.
NOTIC: [2] number_format() expects parameter 1 to be double, string given /www/wwwroot/dhuyb.cn/audit/Application/Runtime/Cache/Home/953824c20aef53ae2750e20ed86d0cd1.php 第 253 行.
NOTIC: [2] number_format() expects parameter 1 to be double, string given /www/wwwroot/dhuyb.cn/audit/Application/Runtime/Cache/Home/953824c20aef53ae2750e20ed86d0cd1.php 第 253 行.
NOTIC: [2] number_format() expects parameter 1 to be double, string given /www/wwwroot/dhuyb.cn/audit/Application/Runtime/Cache/Home/953824c20aef53ae2750e20ed86d0cd1.php 第 253 行.
NOTIC: [2] number_format() expects parameter 1 to be double, string given /www/wwwroot/dhuyb.cn/audit/Application/Runtime/Cache/Home/953824c20aef53ae2750e20ed86d0cd1.php 第 253 行.
NOTIC: [2] number_format() expects parameter 1 to be double, string given /www/wwwroot/dhuyb.cn/audit/Application/Runtime/Cache/Home/953824c20aef53ae2750e20ed86d0cd1.php 第 253 行.
NOTIC: [2] number_format() expects parameter 1 to be double, string given /www/wwwroot/dhuyb.cn/audit/Application/Runtime/Cache/Home/953824c20aef53ae2750e20ed86d0cd1.php 第 253 行.
NOTIC: [2] number_format() expects parameter 1 to be double, string given /www/wwwroot/dhuyb.cn/audit/Application/Runtime/Cache/Home/953824c20aef53ae2750e20ed86d0cd1.php 第 253 行.
NOTIC: [2] number_format() expects parameter 1 to be double, string given /www/wwwroot/dhuyb.cn/audit/Application/Runtime/Cache/Home/953824c20aef53ae2750e20ed86d0cd1.php 第 253 行.
NOTIC: [2] number_format() expects parameter 1 to be double, string given /www/wwwroot/dhuyb.cn/audit/Application/Runtime/Cache/Home/953824c20aef53ae2750e20ed86d0cd1.php 第 253 行.
NOTIC: [2] number_format() expects parameter 1 to be double, string given /www/wwwroot/dhuyb.cn/audit/Application/Runtime/Cache/Home/953824c20aef53ae2750e20ed86d0cd1.php 第 253 行.
NOTIC: [2] number_format() expects parameter 1 to be double, string given /www/wwwroot/dhuyb.cn/audit/Application/Runtime/Cache/Home/953824c20aef53ae2750e20ed86d0cd1.php 第 253 行.
NOTIC: [2] number_format() expects parameter 1 to be double, string given /www/wwwroot/dhuyb.cn/audit/Application/Runtime/Cache/Home/953824c20aef53ae2750e20ed86d0cd1.php 第 253 行.
NOTIC: [2] number_format() expects parameter 1 to be double, string given /www/wwwroot/dhuyb.cn/audit/Application/Runtime/Cache/Home/953824c20aef53ae2750e20ed86d0cd1.php 第 253 行.
NOTIC: [2] number_format() expects parameter 1 to be double, string given /www/wwwroot/dhuyb.cn/audit/Application/Runtime/Cache/Home/953824c20aef53ae2750e20ed86d0cd1.php 第 156 行.
NOTIC: [2] number_format() expects parameter 1 to be double, string given /www/wwwroot/dhuyb.cn/audit/Application/Runtime/Cache/Home/953824c20aef53ae2750e20ed86d0cd1.php 第 156 行.
NOTIC: [2] number_format() expects parameter 1 to be double, string given /www/wwwroot/dhuyb.cn/audit/Application/Runtime/Cache/Home/953824c20aef53ae2750e20ed86d0cd1.php 第 253 行.
NOTIC: [2] number_format() expects parameter 1 to be double, string given /www/wwwroot/dhuyb.cn/audit/Application/Runtime/Cache/Home/953824c20aef53ae2750e20ed86d0cd1.php 第 253 行.
NOTIC: [2] number_format() expects parameter 1 to be double, string given /www/wwwroot/dhuyb.cn/audit/Application/Runtime/Cache/Home/953824c20aef53ae2750e20ed86d0cd1.php 第 253 行.
NOTIC: [2] number_format() expects parameter 1 to be double, string given /www/wwwroot/dhuyb.cn/audit/Application/Runtime/Cache/Home/953824c20aef53ae2750e20ed86d0cd1.php 第 253 行.
NOTIC: [2] number_format() expects parameter 1 to be double, string given /www/wwwroot/dhuyb.cn/audit/Application/Runtime/Cache/Home/953824c20aef53ae2750e20ed86d0cd1.php 第 253 行.
NOTIC: [2] number_format() expects parameter 1 to be double, string given /www/wwwroot/dhuyb.cn/audit/Application/Runtime/Cache/Home/953824c20aef53ae2750e20ed86d0cd1.php 第 266 行.
NOTIC: [2] number_format() expects parameter 1 to be double, string given /www/wwwroot/dhuyb.cn/audit/Application/Runtime/Cache/Home/953824c20aef53ae2750e20ed86d0cd1.php 第 253 行.
NOTIC: [2] number_format() expects parameter 1 to be double, string given /www/wwwroot/dhuyb.cn/audit/Application/Runtime/Cache/Home/953824c20aef53ae2750e20ed86d0cd1.php 第 253 行.
NOTIC: [2] number_format() expects parameter 1 to be double, string given /www/wwwroot/dhuyb.cn/audit/Application/Runtime/Cache/Home/953824c20aef53ae2750e20ed86d0cd1.php 第 253 行.
INFO: Run Behavior\ParseTemplateBehavior [ RunTime:0.021404s ]
INFO: [ view_parse ] --END-- [ RunTime:0.021435s ]
INFO: [ view_filter ] --START--
INFO: Run Behavior\WriteHtmlCacheBehavior [ RunTime:0.000279s ]
INFO: [ view_filter ] --END-- [ RunTime:0.000306s ]
INFO: [ app_end ] --START--
INFO: Run Behavior\ShowPageTraceBehavior [ RunTime:0.000457s ]
INFO: [ app_end ] --END-- [ RunTime:0.000491s ]

